<?xml version="1.0" encoding="UTF-8"?>
  <testsuites tests="379" disabled="378" errors="1" failures="0" time="946.941701792">
      <testsuite name="End-to-End-Creating-Disk-From-Snapshot-On-Target-Datastore" package="/Users/nayakb/vsphere-csi-driver/tests/e2e/restore_on_target_ds" tests="379" disabled="0" skipped="378" errors="1" failures="0" time="946.941701792" timestamp="2025-09-30T13:37:24">
          <properties>
              <property name="SuiteSucceeded" value="false"></property>
              <property name="SuiteHasProgrammaticFocus" value="false"></property>
              <property name="SpecialSuiteFailureReason" value=""></property>
              <property name="SuiteLabels" value="[]"></property>
              <property name="RandomSeed" value="1759219644"></property>
              <property name="RandomizeAllSpecs" value="false"></property>
              <property name="LabelFilter" value=""></property>
              <property name="FocusStrings" value="Attach VM to restored PVC which already attached to original PVC,Attach VM to restored PVC which already attached to original PVC"></property>
              <property name="SkipStrings" value="--ginkgo.progress,--ginkgo.progress"></property>
              <property name="FocusFiles" value=""></property>
              <property name="SkipFiles" value=""></property>
              <property name="FailOnPending" value="false"></property>
              <property name="FailOnEmpty" value="false"></property>
              <property name="FailFast" value="false"></property>
              <property name="FlakeAttempts" value="0"></property>
              <property name="DryRun" value="false"></property>
              <property name="ParallelTotal" value="1"></property>
              <property name="OutputInterceptorMode" value=""></property>
          </properties>
          <testcase name="[It] [sig-node] Container Lifecycle Hook when create a pod with lifecycle hook should execute poststart exec hook properly [NodeConformance] [Conformance] [sig-node, NodeConformance, Conformance]" classname="End-to-End-Creating-Disk-From-Snapshot-On-Target-Datastore" status="skipped" time="0">
              <skipped message="skipped"></skipped>
          </testcase>
          <testcase name="[It] [sig-node] Container Lifecycle Hook when create a pod with lifecycle hook should execute prestop exec hook properly [NodeConformance] [Conformance] [sig-node, NodeConformance, Conformance]" classname="End-to-End-Creating-Disk-From-Snapshot-On-Target-Datastore" status="skipped" time="0">
              <skipped message="skipped"></skipped>
          </testcase>
          <testcase name="[It] [sig-node] Container Lifecycle Hook when create a pod with lifecycle hook should execute poststart http hook properly [NodeConformance] [Conformance] [sig-node, NodeConformance, Conformance]" classname="End-to-End-Creating-Disk-From-Snapshot-On-Target-Datastore" status="skipped" time="0">
              <skipped message="skipped"></skipped>
          </testcase>
          <testcase name="[It] [sig-node] Container Lifecycle Hook when create a pod with lifecycle hook should execute poststart https hook properly [MinimumKubeletVersion:1.23] [NodeConformance] [sig-node, NodeConformance]" classname="End-to-End-Creating-Disk-From-Snapshot-On-Target-Datastore" status="skipped" time="0">
              <skipped message="skipped"></skipped>
          </testcase>
          <testcase name="[It] [sig-node] Container Lifecycle Hook when create a pod with lifecycle hook should execute prestop http hook properly [NodeConformance] [Conformance] [sig-node, NodeConformance, Conformance]" classname="End-to-End-Creating-Disk-From-Snapshot-On-Target-Datastore" status="skipped" time="0">
              <skipped message="skipped"></skipped>
          </testcase>
          <testcase name="[It] [sig-node] Container Lifecycle Hook when create a pod with lifecycle hook should execute prestop https hook properly [MinimumKubeletVersion:1.23] [NodeConformance] [sig-node, NodeConformance]" classname="End-to-End-Creating-Disk-From-Snapshot-On-Target-Datastore" status="skipped" time="0">
              <skipped message="skipped"></skipped>
          </testcase>
          <testcase name="[It] [sig-node] Variable Expansion should allow composing env vars into new env vars [NodeConformance] [Conformance] [sig-node, NodeConformance, Conformance]" classname="End-to-End-Creating-Disk-From-Snapshot-On-Target-Datastore" status="skipped" time="0">
              <skipped message="skipped"></skipped>
          </testcase>
          <testcase name="[It] [sig-node] Variable Expansion should allow substituting values in a container&#39;s command [NodeConformance] [Conformance] [sig-node, NodeConformance, Conformance]" classname="End-to-End-Creating-Disk-From-Snapshot-On-Target-Datastore" status="skipped" time="0">
              <skipped message="skipped"></skipped>
          </testcase>
          <testcase name="[It] [sig-node] Variable Expansion should allow substituting values in a container&#39;s args [NodeConformance] [Conformance] [sig-node, NodeConformance, Conformance]" classname="End-to-End-Creating-Disk-From-Snapshot-On-Target-Datastore" status="skipped" time="0">
              <skipped message="skipped"></skipped>
          </testcase>
          <testcase name="[It] [sig-node] Variable Expansion should allow substituting values in a volume subpath [Conformance] [sig-node, Conformance]" classname="End-to-End-Creating-Disk-From-Snapshot-On-Target-Datastore" status="skipped" time="0">
              <skipped message="skipped"></skipped>
          </testcase>
          <testcase name="[It] [sig-node] Variable Expansion should fail substituting values in a volume subpath with backticks [Conformance] [sig-node, Conformance]" classname="End-to-End-Creating-Disk-From-Snapshot-On-Target-Datastore" status="skipped" time="0">
              <skipped message="skipped"></skipped>
          </testcase>
          <testcase name="[It] [sig-node] Variable Expansion should fail substituting values in a volume subpath with absolute path [Conformance] [sig-node, Conformance]" classname="End-to-End-Creating-Disk-From-Snapshot-On-Target-Datastore" status="skipped" time="0">
              <skipped message="skipped"></skipped>
          </testcase>
          <testcase name="[It] [sig-node] Variable Expansion should verify that a failing subpath expansion can be modified during the lifecycle of a container [Slow] [Conformance] [sig-node, Slow, Conformance]" classname="End-to-End-Creating-Disk-From-Snapshot-On-Target-Datastore" status="skipped" time="0">
              <skipped message="skipped"></skipped>
          </testcase>
          <testcase name="[It] [sig-node] Variable Expansion should succeed in writing subpaths in container [Conformance] [sig-node, Conformance]" classname="End-to-End-Creating-Disk-From-Snapshot-On-Target-Datastore" status="skipped" time="0">
              <skipped message="skipped"></skipped>
          </testcase>
          <testcase name="[It] [sig-node] Variable Expansion allow almost all printable ASCII characters as environment variable names [sig-node]" classname="End-to-End-Creating-Disk-From-Snapshot-On-Target-Datastore" status="skipped" time="0">
              <skipped message="skipped"></skipped>
          </testcase>
          <testcase name="[It] [sig-node] RuntimeClass should reject a Pod requesting a non-existent RuntimeClass [NodeConformance] [Conformance] [sig-node, NodeConformance, Conformance]" classname="End-to-End-Creating-Disk-From-Snapshot-On-Target-Datastore" status="skipped" time="0">
              <skipped message="skipped"></skipped>
          </testcase>
          <testcase name="[It] [sig-node] RuntimeClass should reject a Pod requesting a RuntimeClass with an unconfigured handler [Feature:RuntimeHandler] [sig-node, Feature:RuntimeHandler]" classname="End-to-End-Creating-Disk-From-Snapshot-On-Target-Datastore" status="skipped" time="0">
              <skipped message="skipped"></skipped>
          </testcase>
          <testcase name="[It] [sig-node] RuntimeClass should run a Pod requesting a RuntimeClass with a configured handler [Feature:RuntimeHandler] [sig-node, Feature:RuntimeHandler]" classname="End-to-End-Creating-Disk-From-Snapshot-On-Target-Datastore" status="skipped" time="0">
              <skipped message="skipped"></skipped>
          </testcase>
          <testcase name="[It] [sig-node] RuntimeClass should schedule a Pod requesting a RuntimeClass without PodOverhead [NodeConformance] [Conformance] [sig-node, NodeConformance, Conformance]" classname="End-to-End-Creating-Disk-From-Snapshot-On-Target-Datastore" status="skipped" time="0">
              <skipped message="skipped"></skipped>
          </testcase>
          <testcase name="[It] [sig-node] RuntimeClass should schedule a Pod requesting a RuntimeClass and initialize its Overhead [NodeConformance] [Conformance] [sig-node, NodeConformance, Conformance]" classname="End-to-End-Creating-Disk-From-Snapshot-On-Target-Datastore" status="skipped" time="0">
              <skipped message="skipped"></skipped>
          </testcase>
          <testcase name="[It] [sig-node] RuntimeClass should reject a Pod requesting a deleted RuntimeClass [NodeConformance] [Conformance] [sig-node, NodeConformance, Conformance]" classname="End-to-End-Creating-Disk-From-Snapshot-On-Target-Datastore" status="skipped" time="0">
              <skipped message="skipped"></skipped>
          </testcase>
          <testcase name="[It] [sig-node] RuntimeClass should support RuntimeClasses API operations [Conformance] [sig-node, Conformance]" classname="End-to-End-Creating-Disk-From-Snapshot-On-Target-Datastore" status="skipped" time="0">
              <skipped message="skipped"></skipped>
          </testcase>
          <testcase name="[It] [sig-node] Downward API [Serial] [Disruptive] [Feature:DownwardAPIHugePages] Downward API tests for hugepages should provide container&#39;s limits.hugepages-&lt;pagesize&gt; and requests.hugepages-&lt;pagesize&gt; as env vars [sig-node, Serial, Disruptive, Feature:DownwardAPIHugePages]" classname="End-to-End-Creating-Disk-From-Snapshot-On-Target-Datastore" status="skipped" time="0">
              <skipped message="skipped"></skipped>
          </testcase>
          <testcase name="[It] [sig-node] Downward API [Serial] [Disruptive] [Feature:DownwardAPIHugePages] Downward API tests for hugepages should provide default limits.hugepages-&lt;pagesize&gt; from node allocatable [sig-node, Serial, Disruptive, Feature:DownwardAPIHugePages]" classname="End-to-End-Creating-Disk-From-Snapshot-On-Target-Datastore" status="skipped" time="0">
              <skipped message="skipped"></skipped>
          </testcase>
          <testcase name="[It] [sig-node] PodOSRejection [NodeConformance] Kubelet [LinuxOnly] should reject pod when the node OS doesn&#39;t match pod&#39;s OS [sig-node, NodeConformance]" classname="End-to-End-Creating-Disk-From-Snapshot-On-Target-Datastore" status="skipped" time="0">
              <skipped message="skipped"></skipped>
          </testcase>
          <testcase name="[It] [sig-node] [Feature:SidecarContainers] [FeatureGate:SidecarContainers] Probing restartable init container with readiness probe should not be ready before initial delay and never restart [sig-node, Feature:SidecarContainers, FeatureGate:SidecarContainers]" classname="End-to-End-Creating-Disk-From-Snapshot-On-Target-Datastore" status="skipped" time="0">
              <skipped message="skipped"></skipped>
          </testcase>
          <testcase name="[It] [sig-node] [Feature:SidecarContainers] [FeatureGate:SidecarContainers] Probing restartable init container with readiness probe that fails should never be ready and never restart [sig-node, Feature:SidecarContainers, FeatureGate:SidecarContainers]" classname="End-to-End-Creating-Disk-From-Snapshot-On-Target-Datastore" status="skipped" time="0">
              <skipped message="skipped"></skipped>
          </testcase>
          <testcase name="[It] [sig-node] [Feature:SidecarContainers] [FeatureGate:SidecarContainers] Probing restartable init container should be restarted with a exec &#34;cat /tmp/health&#34; liveness probe [sig-node, Feature:SidecarContainers, FeatureGate:SidecarContainers]" classname="End-to-End-Creating-Disk-From-Snapshot-On-Target-Datastore" status="skipped" time="0">
              <skipped message="skipped"></skipped>
          </testcase>
          <testcase name="[It] [sig-node] [Feature:SidecarContainers] [FeatureGate:SidecarContainers] Probing restartable init container should *not* be restarted with a exec &#34;cat /tmp/health&#34; liveness probe [sig-node, Feature:SidecarContainers, FeatureGate:SidecarContainers]" classname="End-to-End-Creating-Disk-From-Snapshot-On-Target-Datastore" status="skipped" time="0">
              <skipped message="skipped"></skipped>
          </testcase>
          <testcase name="[It] [sig-node] [Feature:SidecarContainers] [FeatureGate:SidecarContainers] Probing restartable init container should be restarted with a /healthz http liveness probe [sig-node, Feature:SidecarContainers, FeatureGate:SidecarContainers]" classname="End-to-End-Creating-Disk-From-Snapshot-On-Target-Datastore" status="skipped" time="0">
              <skipped message="skipped"></skipped>
          </testcase>
          <testcase name="[It] [sig-node] [Feature:SidecarContainers] [FeatureGate:SidecarContainers] Probing restartable init container should *not* be restarted with a tcp:8080 liveness probe [sig-node, Feature:SidecarContainers, FeatureGate:SidecarContainers]" classname="End-to-End-Creating-Disk-From-Snapshot-On-Target-Datastore" status="skipped" time="0">
              <skipped message="skipped"></skipped>
          </testcase>
          <testcase name="[It] [sig-node] [Feature:SidecarContainers] [FeatureGate:SidecarContainers] Probing restartable init container should have monotonically increasing restart count [sig-node, Feature:SidecarContainers, FeatureGate:SidecarContainers]" classname="End-to-End-Creating-Disk-From-Snapshot-On-Target-Datastore" status="skipped" time="0">
              <skipped message="skipped"></skipped>
          </testcase>
          <testcase name="[It] [sig-node] [Feature:SidecarContainers] [FeatureGate:SidecarContainers] Probing restartable init container should *not* be restarted with a /healthz http liveness probe [sig-node, Feature:SidecarContainers, FeatureGate:SidecarContainers]" classname="End-to-End-Creating-Disk-From-Snapshot-On-Target-Datastore" status="skipped" time="0">
              <skipped message="skipped"></skipped>
          </testcase>
          <testcase name="[It] [sig-node] [Feature:SidecarContainers] [FeatureGate:SidecarContainers] Probing restartable init container should be restarted with an exec liveness probe with timeout [MinimumKubeletVersion:1.20] [sig-node, Feature:SidecarContainers, FeatureGate:SidecarContainers]" classname="End-to-End-Creating-Disk-From-Snapshot-On-Target-Datastore" status="skipped" time="0">
              <skipped message="skipped"></skipped>
          </testcase>
          <testcase name="[It] [sig-node] [Feature:SidecarContainers] [FeatureGate:SidecarContainers] Probing restartable init container should not be ready with an exec readiness probe timeout [MinimumKubeletVersion:1.20] [sig-node, Feature:SidecarContainers, FeatureGate:SidecarContainers]" classname="End-to-End-Creating-Disk-From-Snapshot-On-Target-Datastore" status="skipped" time="0">
              <skipped message="skipped"></skipped>
          </testcase>
          <testcase name="[It] [sig-node] [Feature:SidecarContainers] [FeatureGate:SidecarContainers] Probing restartable init container should be restarted with a failing exec liveness probe that took longer than the timeout [sig-node, Feature:SidecarContainers, FeatureGate:SidecarContainers]" classname="End-to-End-Creating-Disk-From-Snapshot-On-Target-Datastore" status="skipped" time="0">
              <skipped message="skipped"></skipped>
          </testcase>
          <testcase name="[It] [sig-node] [Feature:SidecarContainers] [FeatureGate:SidecarContainers] Probing restartable init container should be restarted with a local redirect http liveness probe [sig-node, Feature:SidecarContainers, FeatureGate:SidecarContainers]" classname="End-to-End-Creating-Disk-From-Snapshot-On-Target-Datastore" status="skipped" time="0">
              <skipped message="skipped"></skipped>
          </testcase>
          <testcase name="[It] [sig-node] [Feature:SidecarContainers] [FeatureGate:SidecarContainers] Probing restartable init container should *not* be restarted with a non-local redirect http liveness probe [sig-node, Feature:SidecarContainers, FeatureGate:SidecarContainers]" classname="End-to-End-Creating-Disk-From-Snapshot-On-Target-Datastore" status="skipped" time="0">
              <skipped message="skipped"></skipped>
          </testcase>
          <testcase name="[It] [sig-node] [Feature:SidecarContainers] [FeatureGate:SidecarContainers] Probing restartable init container should be restarted startup probe fails [sig-node, Feature:SidecarContainers, FeatureGate:SidecarContainers]" classname="End-to-End-Creating-Disk-From-Snapshot-On-Target-Datastore" status="skipped" time="0">
              <skipped message="skipped"></skipped>
          </testcase>
          <testcase name="[It] [sig-node] [Feature:SidecarContainers] [FeatureGate:SidecarContainers] Probing restartable init container should *not* be restarted by liveness probe because startup probe delays it [sig-node, Feature:SidecarContainers, FeatureGate:SidecarContainers]" classname="End-to-End-Creating-Disk-From-Snapshot-On-Target-Datastore" status="skipped" time="0">
              <skipped message="skipped"></skipped>
          </testcase>
          <testcase name="[It] [sig-node] [Feature:SidecarContainers] [FeatureGate:SidecarContainers] Probing restartable init container should be restarted by liveness probe after startup probe enables it [sig-node, Feature:SidecarContainers, FeatureGate:SidecarContainers]" classname="End-to-End-Creating-Disk-From-Snapshot-On-Target-Datastore" status="skipped" time="0">
              <skipped message="skipped"></skipped>
          </testcase>
          <testcase name="[It] [sig-node] [Feature:SidecarContainers] [FeatureGate:SidecarContainers] Probing restartable init container should be ready immediately after startupProbe succeeds [sig-node, Feature:SidecarContainers, FeatureGate:SidecarContainers]" classname="End-to-End-Creating-Disk-From-Snapshot-On-Target-Datastore" status="skipped" time="0">
              <skipped message="skipped"></skipped>
          </testcase>
          <testcase name="[It] [sig-node] [Feature:SidecarContainers] [FeatureGate:SidecarContainers] Probing restartable init container should override timeoutGracePeriodSeconds when LivenessProbe field is set [sig-node, Feature:SidecarContainers, FeatureGate:SidecarContainers]" classname="End-to-End-Creating-Disk-From-Snapshot-On-Target-Datastore" status="skipped" time="0">
              <skipped message="skipped"></skipped>
          </testcase>
          <testcase name="[It] [sig-node] [Feature:SidecarContainers] [FeatureGate:SidecarContainers] Probing restartable init container should override timeoutGracePeriodSeconds when StartupProbe field is set [sig-node, Feature:SidecarContainers, FeatureGate:SidecarContainers]" classname="End-to-End-Creating-Disk-From-Snapshot-On-Target-Datastore" status="skipped" time="0">
              <skipped message="skipped"></skipped>
          </testcase>
          <testcase name="[It] [sig-node] [Feature:SidecarContainers] [FeatureGate:SidecarContainers] Probing restartable init container should *not* be restarted with a GRPC liveness probe [sig-node, Feature:SidecarContainers, FeatureGate:SidecarContainers]" classname="End-to-End-Creating-Disk-From-Snapshot-On-Target-Datastore" status="skipped" time="0">
              <skipped message="skipped"></skipped>
          </testcase>
          <testcase name="[It] [sig-node] [Feature:SidecarContainers] [FeatureGate:SidecarContainers] Probing restartable init container should be restarted with a GRPC liveness probe [sig-node, Feature:SidecarContainers, FeatureGate:SidecarContainers]" classname="End-to-End-Creating-Disk-From-Snapshot-On-Target-Datastore" status="skipped" time="0">
              <skipped message="skipped"></skipped>
          </testcase>
          <testcase name="[It] [sig-node] [Feature:SidecarContainers] [FeatureGate:SidecarContainers] Probing restartable init container should mark readiness on pods to false while pod is in progress of terminating when a pod has a readiness probe [sig-node, Feature:SidecarContainers, FeatureGate:SidecarContainers]" classname="End-to-End-Creating-Disk-From-Snapshot-On-Target-Datastore" status="skipped" time="0">
              <skipped message="skipped"></skipped>
          </testcase>
          <testcase name="[It] [sig-node] [Feature:SidecarContainers] [FeatureGate:SidecarContainers] Probing restartable init container should mark readiness on pods to false and disable liveness probes while pod is in progress of terminating [sig-node, Feature:SidecarContainers, FeatureGate:SidecarContainers]" classname="End-to-End-Creating-Disk-From-Snapshot-On-Target-Datastore" status="skipped" time="0">
              <skipped message="skipped"></skipped>
          </testcase>
          <testcase name="[It] [sig-storage] Projected downwardAPI should provide podname only [NodeConformance] [Conformance] [sig-storage, NodeConformance, Conformance]" classname="End-to-End-Creating-Disk-From-Snapshot-On-Target-Datastore" status="skipped" time="0">
              <skipped message="skipped"></skipped>
          </testcase>
          <testcase name="[It] [sig-storage] Projected downwardAPI should set DefaultMode on files [LinuxOnly] [NodeConformance] [Conformance] [sig-storage, NodeConformance, Conformance]" classname="End-to-End-Creating-Disk-From-Snapshot-On-Target-Datastore" status="skipped" time="0">
              <skipped message="skipped"></skipped>
          </testcase>
          <testcase name="[It] [sig-storage] Projected downwardAPI should set mode on item file [LinuxOnly] [NodeConformance] [Conformance] [sig-storage, NodeConformance, Conformance]" classname="End-to-End-Creating-Disk-From-Snapshot-On-Target-Datastore" status="skipped" time="0">
              <skipped message="skipped"></skipped>
          </testcase>
          <testcase name="[It] [sig-storage] Projected downwardAPI should provide podname as non-root with fsgroup [LinuxOnly] [sig-storage]" classname="End-to-End-Creating-Disk-From-Snapshot-On-Target-Datastore" status="skipped" time="0">
              <skipped message="skipped"></skipped>
          </testcase>
          <testcase name="[It] [sig-storage] Projected downwardAPI should provide podname as non-root with fsgroup and defaultMode [LinuxOnly] [sig-storage]" classname="End-to-End-Creating-Disk-From-Snapshot-On-Target-Datastore" status="skipped" time="0">
              <skipped message="skipped"></skipped>
          </testcase>
          <testcase name="[It] [sig-storage] Projected downwardAPI should update labels on modification [NodeConformance] [Conformance] [sig-storage, NodeConformance, Conformance]" classname="End-to-End-Creating-Disk-From-Snapshot-On-Target-Datastore" status="skipped" time="0">
              <skipped message="skipped"></skipped>
          </testcase>
          <testcase name="[It] [sig-storage] Projected downwardAPI should update annotations on modification [NodeConformance] [Conformance] [sig-storage, NodeConformance, Conformance]" classname="End-to-End-Creating-Disk-From-Snapshot-On-Target-Datastore" status="skipped" time="0">
              <skipped message="skipped"></skipped>
          </testcase>
          <testcase name="[It] [sig-storage] Projected downwardAPI should provide container&#39;s cpu limit [NodeConformance] [Conformance] [sig-storage, NodeConformance, Conformance]" classname="End-to-End-Creating-Disk-From-Snapshot-On-Target-Datastore" status="skipped" time="0">
              <skipped message="skipped"></skipped>
          </testcase>
          <testcase name="[It] [sig-storage] Projected downwardAPI should provide container&#39;s memory limit [NodeConformance] [Conformance] [sig-storage, NodeConformance, Conformance]" classname="End-to-End-Creating-Disk-From-Snapshot-On-Target-Datastore" status="skipped" time="0">
              <skipped message="skipped"></skipped>
          </testcase>
          <testcase name="[It] [sig-storage] Projected downwardAPI should provide container&#39;s cpu request [NodeConformance] [Conformance] [sig-storage, NodeConformance, Conformance]" classname="End-to-End-Creating-Disk-From-Snapshot-On-Target-Datastore" status="skipped" time="0">
              <skipped message="skipped"></skipped>
          </testcase>
          <testcase name="[It] [sig-storage] Projected downwardAPI should provide container&#39;s memory request [NodeConformance] [Conformance] [sig-storage, NodeConformance, Conformance]" classname="End-to-End-Creating-Disk-From-Snapshot-On-Target-Datastore" status="skipped" time="0">
              <skipped message="skipped"></skipped>
          </testcase>
          <testcase name="[It] [sig-storage] Projected downwardAPI should provide node allocatable (cpu) as default cpu limit if the limit is not set [NodeConformance] [Conformance] [sig-storage, NodeConformance, Conformance]" classname="End-to-End-Creating-Disk-From-Snapshot-On-Target-Datastore" status="skipped" time="0">
              <skipped message="skipped"></skipped>
          </testcase>
          <testcase name="[It] [sig-storage] Projected downwardAPI should provide node allocatable (memory) as default memory limit if the limit is not set [NodeConformance] [Conformance] [sig-storage, NodeConformance, Conformance]" classname="End-to-End-Creating-Disk-From-Snapshot-On-Target-Datastore" status="skipped" time="0">
              <skipped message="skipped"></skipped>
          </testcase>
          <testcase name="[It] [sig-node] Pods should get a host IP [NodeConformance] [Conformance] [sig-node, NodeConformance, Conformance]" classname="End-to-End-Creating-Disk-From-Snapshot-On-Target-Datastore" status="skipped" time="0">
              <skipped message="skipped"></skipped>
          </testcase>
          <testcase name="[It] [sig-node] Pods should be submitted and removed [NodeConformance] [Conformance] [sig-node, NodeConformance, Conformance]" classname="End-to-End-Creating-Disk-From-Snapshot-On-Target-Datastore" status="skipped" time="0">
              <skipped message="skipped"></skipped>
          </testcase>
          <testcase name="[It] [sig-node] Pods should be updated [NodeConformance] [Conformance] [sig-node, NodeConformance, Conformance]" classname="End-to-End-Creating-Disk-From-Snapshot-On-Target-Datastore" status="skipped" time="0">
              <skipped message="skipped"></skipped>
          </testcase>
          <testcase name="[It] [sig-node] Pods should allow activeDeadlineSeconds to be updated [NodeConformance] [Conformance] [sig-node, NodeConformance, Conformance]" classname="End-to-End-Creating-Disk-From-Snapshot-On-Target-Datastore" status="skipped" time="0">
              <skipped message="skipped"></skipped>
          </testcase>
          <testcase name="[It] [sig-node] Pods should contain environment variables for services [NodeConformance] [Conformance] [sig-node, NodeConformance, Conformance]" classname="End-to-End-Creating-Disk-From-Snapshot-On-Target-Datastore" status="skipped" time="0">
              <skipped message="skipped"></skipped>
          </testcase>
          <testcase name="[It] [sig-node] Pods should support remote command execution over websockets [NodeConformance] [Conformance] [sig-node, NodeConformance, Conformance]" classname="End-to-End-Creating-Disk-From-Snapshot-On-Target-Datastore" status="skipped" time="0">
              <skipped message="skipped"></skipped>
          </testcase>
          <testcase name="[It] [sig-node] Pods should support retrieving logs from the container over websockets [NodeConformance] [Conformance] [sig-node, NodeConformance, Conformance]" classname="End-to-End-Creating-Disk-From-Snapshot-On-Target-Datastore" status="skipped" time="0">
              <skipped message="skipped"></skipped>
          </testcase>
          <testcase name="[It] [sig-node] Pods should have their auto-restart back-off timer reset on image update [Slow] [NodeConformance] [sig-node, Slow, NodeConformance]" classname="End-to-End-Creating-Disk-From-Snapshot-On-Target-Datastore" status="skipped" time="0">
              <skipped message="skipped"></skipped>
          </testcase>
          <testcase name="[It] [sig-node] Pods should cap back-off at MaxContainerBackOff [Slow] [NodeConformance] [sig-node, Slow, NodeConformance]" classname="End-to-End-Creating-Disk-From-Snapshot-On-Target-Datastore" status="skipped" time="0">
              <skipped message="skipped"></skipped>
          </testcase>
          <testcase name="[It] [sig-node] Pods should support pod readiness gates [NodeConformance] [sig-node, NodeConformance]" classname="End-to-End-Creating-Disk-From-Snapshot-On-Target-Datastore" status="skipped" time="0">
              <skipped message="skipped"></skipped>
          </testcase>
          <testcase name="[It] [sig-node] Pods should delete a collection of pods [Conformance] [sig-node, Conformance]" classname="End-to-End-Creating-Disk-From-Snapshot-On-Target-Datastore" status="skipped" time="0">
              <skipped message="skipped"></skipped>
          </testcase>
          <testcase name="[It] [sig-node] Pods should run through the lifecycle of Pods and PodStatus [Conformance] [sig-node, Conformance]" classname="End-to-End-Creating-Disk-From-Snapshot-On-Target-Datastore" status="skipped" time="0">
              <skipped message="skipped"></skipped>
          </testcase>
          <testcase name="[It] [sig-node] Pods should patch a pod status [Conformance] [sig-node, Conformance]" classname="End-to-End-Creating-Disk-From-Snapshot-On-Target-Datastore" status="skipped" time="0">
              <skipped message="skipped"></skipped>
          </testcase>
          <testcase name="[It] [sig-node] Lifecycle Sleep Hook when create a pod with lifecycle hook using sleep action valid prestop hook using sleep action [sig-node]" classname="End-to-End-Creating-Disk-From-Snapshot-On-Target-Datastore" status="skipped" time="0">
              <skipped message="skipped"></skipped>
          </testcase>
          <testcase name="[It] [sig-node] Lifecycle Sleep Hook when create a pod with lifecycle hook using sleep action reduce GracePeriodSeconds during runtime [sig-node]" classname="End-to-End-Creating-Disk-From-Snapshot-On-Target-Datastore" status="skipped" time="0">
              <skipped message="skipped"></skipped>
          </testcase>
          <testcase name="[It] [sig-node] Lifecycle Sleep Hook when create a pod with lifecycle hook using sleep action ignore terminated container [sig-node]" classname="End-to-End-Creating-Disk-From-Snapshot-On-Target-Datastore" status="skipped" time="0">
              <skipped message="skipped"></skipped>
          </testcase>
          <testcase name="[It] [sig-node] Pod Level Resources [Serial] [Feature:PodLevelResources] [FeatureGate:PodLevelResources] [Beta] Burstable QoS pod with container resources [sig-node, Serial, Feature:PodLevelResources, FeatureGate:PodLevelResources, Beta]" classname="End-to-End-Creating-Disk-From-Snapshot-On-Target-Datastore" status="skipped" time="0">
              <skipped message="skipped"></skipped>
          </testcase>
          <testcase name="[It] [sig-node] Pod Level Resources [Serial] [Feature:PodLevelResources] [FeatureGate:PodLevelResources] [Beta] Burstable QoS pod, 1 container with resources [sig-node, Serial, Feature:PodLevelResources, FeatureGate:PodLevelResources, Beta]" classname="End-to-End-Creating-Disk-From-Snapshot-On-Target-Datastore" status="skipped" time="0">
              <skipped message="skipped"></skipped>
          </testcase>
          <testcase name="[It] [sig-node] Pod Level Resources [Serial] [Feature:PodLevelResources] [FeatureGate:PodLevelResources] [Beta] Burstable QoS pod, no container resources [sig-node, Serial, Feature:PodLevelResources, FeatureGate:PodLevelResources, Beta]" classname="End-to-End-Creating-Disk-From-Snapshot-On-Target-Datastore" status="skipped" time="0">
              <skipped message="skipped"></skipped>
          </testcase>
          <testcase name="[It] [sig-node] Pod Level Resources [Serial] [Feature:PodLevelResources] [FeatureGate:PodLevelResources] [Beta] Guaranteed QoS pod with container resources [sig-node, Serial, Feature:PodLevelResources, FeatureGate:PodLevelResources, Beta]" classname="End-to-End-Creating-Disk-From-Snapshot-On-Target-Datastore" status="skipped" time="0">
              <skipped message="skipped"></skipped>
          </testcase>
          <testcase name="[It] [sig-node] Pod Level Resources [Serial] [Feature:PodLevelResources] [FeatureGate:PodLevelResources] [Beta] Guaranteed QoS pod with container resources [sig-node, Serial, Feature:PodLevelResources, FeatureGate:PodLevelResources, Beta]" classname="End-to-End-Creating-Disk-From-Snapshot-On-Target-Datastore" status="skipped" time="0">
              <skipped message="skipped"></skipped>
          </testcase>
          <testcase name="[It] [sig-node] Pod Level Resources [Serial] [Feature:PodLevelResources] [FeatureGate:PodLevelResources] [Beta] Guaranteed QoS pod, 1 container with resources [sig-node, Serial, Feature:PodLevelResources, FeatureGate:PodLevelResources, Beta]" classname="End-to-End-Creating-Disk-From-Snapshot-On-Target-Datastore" status="skipped" time="0">
              <skipped message="skipped"></skipped>
          </testcase>
          <testcase name="[It] [sig-node] Pod Level Resources [Serial] [Feature:PodLevelResources] [FeatureGate:PodLevelResources] [Beta] Guaranteed QoS pod, no container resources [sig-node, Serial, Feature:PodLevelResources, FeatureGate:PodLevelResources, Beta]" classname="End-to-End-Creating-Disk-From-Snapshot-On-Target-Datastore" status="skipped" time="0">
              <skipped message="skipped"></skipped>
          </testcase>
          <testcase name="[It] [sig-node] PrivilegedPod [NodeConformance] should enable privileged commands [LinuxOnly] [sig-node, NodeConformance]" classname="End-to-End-Creating-Disk-From-Snapshot-On-Target-Datastore" status="skipped" time="0">
              <skipped message="skipped"></skipped>
          </testcase>
          <testcase name="[It] [sig-node] [Feature:SidecarContainers] [FeatureGate:SidecarContainers] Restartable Init Container Lifecycle Hook when create a pod with lifecycle hook should execute poststart exec hook properly [sig-node, Feature:SidecarContainers, FeatureGate:SidecarContainers]" classname="End-to-End-Creating-Disk-From-Snapshot-On-Target-Datastore" status="skipped" time="0">
              <skipped message="skipped"></skipped>
          </testcase>
          <testcase name="[It] [sig-node] [Feature:SidecarContainers] [FeatureGate:SidecarContainers] Restartable Init Container Lifecycle Hook when create a pod with lifecycle hook should execute prestop exec hook properly [sig-node, Feature:SidecarContainers, FeatureGate:SidecarContainers]" classname="End-to-End-Creating-Disk-From-Snapshot-On-Target-Datastore" status="skipped" time="0">
              <skipped message="skipped"></skipped>
          </testcase>
          <testcase name="[It] [sig-node] [Feature:SidecarContainers] [FeatureGate:SidecarContainers] Restartable Init Container Lifecycle Hook when create a pod with lifecycle hook should execute poststart http hook properly [sig-node, Feature:SidecarContainers, FeatureGate:SidecarContainers]" classname="End-to-End-Creating-Disk-From-Snapshot-On-Target-Datastore" status="skipped" time="0">
              <skipped message="skipped"></skipped>
          </testcase>
          <testcase name="[It] [sig-node] [Feature:SidecarContainers] [FeatureGate:SidecarContainers] Restartable Init Container Lifecycle Hook when create a pod with lifecycle hook should execute poststart https hook properly [MinimumKubeletVersion:1.23] [sig-node, Feature:SidecarContainers, FeatureGate:SidecarContainers]" classname="End-to-End-Creating-Disk-From-Snapshot-On-Target-Datastore" status="skipped" time="0">
              <skipped message="skipped"></skipped>
          </testcase>
          <testcase name="[It] [sig-node] [Feature:SidecarContainers] [FeatureGate:SidecarContainers] Restartable Init Container Lifecycle Hook when create a pod with lifecycle hook should execute prestop http hook properly [sig-node, Feature:SidecarContainers, FeatureGate:SidecarContainers]" classname="End-to-End-Creating-Disk-From-Snapshot-On-Target-Datastore" status="skipped" time="0">
              <skipped message="skipped"></skipped>
          </testcase>
          <testcase name="[It] [sig-node] [Feature:SidecarContainers] [FeatureGate:SidecarContainers] Restartable Init Container Lifecycle Hook when create a pod with lifecycle hook should execute prestop https hook properly [MinimumKubeletVersion:1.23] [sig-node, Feature:SidecarContainers, FeatureGate:SidecarContainers]" classname="End-to-End-Creating-Disk-From-Snapshot-On-Target-Datastore" status="skipped" time="0">
              <skipped message="skipped"></skipped>
          </testcase>
          <testcase name="[It] [rwx-vmsvc-vm] RWX support with VMService Vms Dynamic PVC creation with multiple VMServiceVMs [p0, file, wcp, vmServiceVm, vc901]" classname="End-to-End-Creating-Disk-From-Snapshot-On-Target-Datastore" status="skipped" time="0">
              <skipped message="skipped"></skipped>
          </testcase>
          <testcase name="[It] [rwx-vmsvc-vm] RWX support with VMService Vms Delete PVC with CFC crd still existing [p0, file, wcp, vmServiceVm, vc901]" classname="End-to-End-Creating-Disk-From-Snapshot-On-Target-Datastore" status="skipped" time="0">
              <skipped message="skipped"></skipped>
          </testcase>
          <testcase name="[It] [rwx-vmsvc-vm] RWX support with VMService Vms RWX Volume attachment to powered off VMs [p0, file, wcp, vmServiceVm, vc901]" classname="End-to-End-Creating-Disk-From-Snapshot-On-Target-Datastore" status="skipped" time="0">
              <skipped message="skipped"></skipped>
          </testcase>
          <testcase name="[It] [sig-node] Containers should use the image defaults if command and args are blank [NodeConformance] [Conformance] [sig-node, NodeConformance, Conformance]" classname="End-to-End-Creating-Disk-From-Snapshot-On-Target-Datastore" status="skipped" time="0">
              <skipped message="skipped"></skipped>
          </testcase>
          <testcase name="[It] [sig-node] Containers should be able to override the image&#39;s default arguments (container cmd) [NodeConformance] [Conformance] [sig-node, NodeConformance, Conformance]" classname="End-to-End-Creating-Disk-From-Snapshot-On-Target-Datastore" status="skipped" time="0">
              <skipped message="skipped"></skipped>
          </testcase>
          <testcase name="[It] [sig-node] Containers should be able to override the image&#39;s default command (container entrypoint) [NodeConformance] [Conformance] [sig-node, NodeConformance, Conformance]" classname="End-to-End-Creating-Disk-From-Snapshot-On-Target-Datastore" status="skipped" time="0">
              <skipped message="skipped"></skipped>
          </testcase>
          <testcase name="[It] [sig-node] Containers should be able to override the image&#39;s default command and arguments [NodeConformance] [Conformance] [sig-node, NodeConformance, Conformance]" classname="End-to-End-Creating-Disk-From-Snapshot-On-Target-Datastore" status="skipped" time="0">
              <skipped message="skipped"></skipped>
          </testcase>
          <testcase name="[It] [sig-node] Kubelet when scheduling a busybox command in a pod should print the output to logs [NodeConformance] [Conformance] [sig-node, NodeConformance, Conformance]" classname="End-to-End-Creating-Disk-From-Snapshot-On-Target-Datastore" status="skipped" time="0">
              <skipped message="skipped"></skipped>
          </testcase>
          <testcase name="[It] [sig-node] Kubelet when scheduling a busybox command that always fails in a pod should have an terminated reason [NodeConformance] [Conformance] [sig-node, NodeConformance, Conformance]" classname="End-to-End-Creating-Disk-From-Snapshot-On-Target-Datastore" status="skipped" time="0">
              <skipped message="skipped"></skipped>
          </testcase>
          <testcase name="[It] [sig-node] Kubelet when scheduling a busybox command that always fails in a pod should be possible to delete [NodeConformance] [Conformance] [sig-node, NodeConformance, Conformance]" classname="End-to-End-Creating-Disk-From-Snapshot-On-Target-Datastore" status="skipped" time="0">
              <skipped message="skipped"></skipped>
          </testcase>
          <testcase name="[It] [sig-node] Kubelet when scheduling an agnhost Pod with hostAliases should write entries to /etc/hosts [NodeConformance] [Conformance] [sig-node, NodeConformance, Conformance]" classname="End-to-End-Creating-Disk-From-Snapshot-On-Target-Datastore" status="skipped" time="0">
              <skipped message="skipped"></skipped>
          </testcase>
          <testcase name="[It] [sig-node] Kubelet when scheduling a read only busybox container should not write to root filesystem [LinuxOnly] [NodeConformance] [Conformance] [sig-node, NodeConformance, Conformance]" classname="End-to-End-Creating-Disk-From-Snapshot-On-Target-Datastore" status="skipped" time="0">
              <skipped message="skipped"></skipped>
          </testcase>
          <testcase name="[It] [sig-node] Security Context When creating a pod with HostUsers must create the user namespace if set to false [LinuxOnly] [Feature:UserNamespacesSupport] [FeatureGate:UserNamespacesSupport] [Beta] [sig-node, Feature:UserNamespacesSupport, FeatureGate:UserNamespacesSupport, Beta]" classname="End-to-End-Creating-Disk-From-Snapshot-On-Target-Datastore" status="skipped" time="0">
              <skipped message="skipped"></skipped>
          </testcase>
          <testcase name="[It] [sig-node] Security Context When creating a pod with HostUsers must create the user namespace in the configured hostUID/hostGID range [LinuxOnly] [Feature:UserNamespacesSupport] [FeatureGate:UserNamespacesSupport] [Beta] [sig-node, Feature:UserNamespacesSupport, FeatureGate:UserNamespacesSupport, Beta]" classname="End-to-End-Creating-Disk-From-Snapshot-On-Target-Datastore" status="skipped" time="0">
              <skipped message="skipped"></skipped>
          </testcase>
          <testcase name="[It] [sig-node] Security Context When creating a pod with HostUsers must not create the user namespace if set to true [LinuxOnly] [Feature:UserNamespacesSupport] [FeatureGate:UserNamespacesSupport] [Beta] [sig-node, Feature:UserNamespacesSupport, FeatureGate:UserNamespacesSupport, Beta]" classname="End-to-End-Creating-Disk-From-Snapshot-On-Target-Datastore" status="skipped" time="0">
              <skipped message="skipped"></skipped>
          </testcase>
          <testcase name="[It] [sig-node] Security Context When creating a pod with HostUsers should mount all volumes with proper permissions with hostUsers=false [LinuxOnly] [Feature:UserNamespacesSupport] [FeatureGate:UserNamespacesSupport] [Beta] [sig-node, Feature:UserNamespacesSupport, FeatureGate:UserNamespacesSupport, Beta]" classname="End-to-End-Creating-Disk-From-Snapshot-On-Target-Datastore" status="skipped" time="0">
              <skipped message="skipped"></skipped>
          </testcase>
          <testcase name="[It] [sig-node] Security Context When creating a pod with HostUsers should set FSGroup to user inside the container with hostUsers=false [LinuxOnly] [Feature:UserNamespacesSupport] [FeatureGate:UserNamespacesSupport] [Beta] [sig-node, Feature:UserNamespacesSupport, FeatureGate:UserNamespacesSupport, Beta]" classname="End-to-End-Creating-Disk-From-Snapshot-On-Target-Datastore" status="skipped" time="0">
              <skipped message="skipped"></skipped>
          </testcase>
          <testcase name="[It] [sig-node] Security Context When creating a pod with HostUsers metrics should report count of started and failed user namespaced pods [LinuxOnly] [Feature:UserNamespacesSupport] [FeatureGate:UserNamespacesSupport] [Beta] [sig-node, Feature:UserNamespacesSupport, FeatureGate:UserNamespacesSupport, Beta]" classname="End-to-End-Creating-Disk-From-Snapshot-On-Target-Datastore" status="skipped" time="0">
              <skipped message="skipped"></skipped>
          </testcase>
          <testcase name="[It] [sig-node] Security Context When creating a container with runAsUser should run the container with uid 65534 [LinuxOnly] [NodeConformance] [Conformance] [sig-node, NodeConformance, Conformance]" classname="End-to-End-Creating-Disk-From-Snapshot-On-Target-Datastore" status="skipped" time="0">
              <skipped message="skipped"></skipped>
          </testcase>
          <testcase name="[It] [sig-node] Security Context When creating a container with runAsUser should run the container with uid 0 [LinuxOnly] [NodeConformance] [sig-node, NodeConformance]" classname="End-to-End-Creating-Disk-From-Snapshot-On-Target-Datastore" status="skipped" time="0">
              <skipped message="skipped"></skipped>
          </testcase>
          <testcase name="[It] [sig-node] Security Context When creating a container with runAsNonRoot should run with an explicit non-root user ID [LinuxOnly] [sig-node]" classname="End-to-End-Creating-Disk-From-Snapshot-On-Target-Datastore" status="skipped" time="0">
              <skipped message="skipped"></skipped>
          </testcase>
          <testcase name="[It] [sig-node] Security Context When creating a container with runAsNonRoot should not run with an explicit root user ID [LinuxOnly] [sig-node]" classname="End-to-End-Creating-Disk-From-Snapshot-On-Target-Datastore" status="skipped" time="0">
              <skipped message="skipped"></skipped>
          </testcase>
          <testcase name="[It] [sig-node] Security Context When creating a container with runAsNonRoot should run with an image specified user ID [sig-node]" classname="End-to-End-Creating-Disk-From-Snapshot-On-Target-Datastore" status="skipped" time="0">
              <skipped message="skipped"></skipped>
          </testcase>
          <testcase name="[It] [sig-node] Security Context When creating a container with runAsNonRoot should not run without a specified user ID [sig-node]" classname="End-to-End-Creating-Disk-From-Snapshot-On-Target-Datastore" status="skipped" time="0">
              <skipped message="skipped"></skipped>
          </testcase>
          <testcase name="[It] [sig-node] Security Context When creating a pod with readOnlyRootFilesystem should run the container with readonly rootfs when readOnlyRootFilesystem=true [LinuxOnly] [NodeConformance] [sig-node, NodeConformance]" classname="End-to-End-Creating-Disk-From-Snapshot-On-Target-Datastore" status="skipped" time="0">
              <skipped message="skipped"></skipped>
          </testcase>
          <testcase name="[It] [sig-node] Security Context When creating a pod with readOnlyRootFilesystem should run the container with writable rootfs when readOnlyRootFilesystem=false [NodeConformance] [Conformance] [sig-node, NodeConformance, Conformance]" classname="End-to-End-Creating-Disk-From-Snapshot-On-Target-Datastore" status="skipped" time="0">
              <skipped message="skipped"></skipped>
          </testcase>
          <testcase name="[It] [sig-node] Security Context When creating a pod with privileged should run the container as unprivileged when false [LinuxOnly] [NodeConformance] [Conformance] [sig-node, NodeConformance, Conformance]" classname="End-to-End-Creating-Disk-From-Snapshot-On-Target-Datastore" status="skipped" time="0">
              <skipped message="skipped"></skipped>
          </testcase>
          <testcase name="[It] [sig-node] Security Context When creating a pod with privileged should run the container as privileged when true [LinuxOnly] [Feature:HostAccess] [sig-node, Feature:HostAccess]" classname="End-to-End-Creating-Disk-From-Snapshot-On-Target-Datastore" status="skipped" time="0">
              <skipped message="skipped"></skipped>
          </testcase>
          <testcase name="[It] [sig-node] Security Context when creating containers with AllowPrivilegeEscalation should allow privilege escalation when not explicitly set and uid != 0 [LinuxOnly] [NodeConformance] [sig-node, NodeConformance]" classname="End-to-End-Creating-Disk-From-Snapshot-On-Target-Datastore" status="skipped" time="0">
              <skipped message="skipped"></skipped>
          </testcase>
          <testcase name="[It] [sig-node] Security Context when creating containers with AllowPrivilegeEscalation should not allow privilege escalation when false [LinuxOnly] [NodeConformance] [Conformance] [sig-node, NodeConformance, Conformance]" classname="End-to-End-Creating-Disk-From-Snapshot-On-Target-Datastore" status="skipped" time="0">
              <skipped message="skipped"></skipped>
          </testcase>
          <testcase name="[It] [sig-node] Security Context when creating containers with AllowPrivilegeEscalation should allow privilege escalation when true [LinuxOnly] [NodeConformance] [sig-node, NodeConformance]" classname="End-to-End-Creating-Disk-From-Snapshot-On-Target-Datastore" status="skipped" time="0">
              <skipped message="skipped"></skipped>
          </testcase>
          <testcase name="[It] [sig-node] Security Context SupplementalGroupsPolicy [LinuxOnly] [Feature:SupplementalGroupsPolicy] [FeatureGate:SupplementalGroupsPolicy] [Beta] when SupplementalGroupsPolicy nil in SecurityContext when if the container&#39;s primary UID belongs to some groups in the image when scheduled node does not support SupplementalGroupsPolicy it should add SupplementalGroups to them [LinuxOnly] [sig-node, Feature:SupplementalGroupsPolicy, FeatureGate:SupplementalGroupsPolicy, Beta]" classname="End-to-End-Creating-Disk-From-Snapshot-On-Target-Datastore" status="skipped" time="0">
              <skipped message="skipped"></skipped>
          </testcase>
          <testcase name="[It] [sig-node] Security Context SupplementalGroupsPolicy [LinuxOnly] [Feature:SupplementalGroupsPolicy] [FeatureGate:SupplementalGroupsPolicy] [Beta] when SupplementalGroupsPolicy nil in SecurityContext when if the container&#39;s primary UID belongs to some groups in the image when scheduled node supports SupplementalGroupsPolicy it should add SupplementalGroups to them [LinuxOnly] [sig-node, Feature:SupplementalGroupsPolicy, FeatureGate:SupplementalGroupsPolicy, Beta]" classname="End-to-End-Creating-Disk-From-Snapshot-On-Target-Datastore" status="skipped" time="0">
              <skipped message="skipped"></skipped>
          </testcase>
          <testcase name="[It] [sig-node] Security Context SupplementalGroupsPolicy [LinuxOnly] [Feature:SupplementalGroupsPolicy] [FeatureGate:SupplementalGroupsPolicy] [Beta] when SupplementalGroupsPolicy was set to Merge in PodSpec when the container&#39;s primary UID belongs to some groups in the image when scheduled node does not support SupplementalGroupsPolicy it should add SupplementalGroups to them [LinuxOnly] [sig-node, Feature:SupplementalGroupsPolicy, FeatureGate:SupplementalGroupsPolicy, Beta]" classname="End-to-End-Creating-Disk-From-Snapshot-On-Target-Datastore" status="skipped" time="0">
              <skipped message="skipped"></skipped>
          </testcase>
          <testcase name="[It] [sig-node] Security Context SupplementalGroupsPolicy [LinuxOnly] [Feature:SupplementalGroupsPolicy] [FeatureGate:SupplementalGroupsPolicy] [Beta] when SupplementalGroupsPolicy was set to Merge in PodSpec when the container&#39;s primary UID belongs to some groups in the image when scheduled node supports SupplementalGroupsPolicy it should add SupplementalGroups to them [LinuxOnly] [sig-node, Feature:SupplementalGroupsPolicy, FeatureGate:SupplementalGroupsPolicy, Beta]" classname="End-to-End-Creating-Disk-From-Snapshot-On-Target-Datastore" status="skipped" time="0">
              <skipped message="skipped"></skipped>
          </testcase>
          <testcase name="[It] [sig-node] Security Context SupplementalGroupsPolicy [LinuxOnly] [Feature:SupplementalGroupsPolicy] [FeatureGate:SupplementalGroupsPolicy] [Beta] when SupplementalGroupsPolicy was set to Strict in PodSpec when the container&#39;s primary UID belongs to some groups in the image when scheduled node does not support SupplementalGroupsPolicy it should reject the pod [LinuxOnly] [sig-node, Feature:SupplementalGroupsPolicy, FeatureGate:SupplementalGroupsPolicy, Beta]" classname="End-to-End-Creating-Disk-From-Snapshot-On-Target-Datastore" status="skipped" time="0">
              <skipped message="skipped"></skipped>
          </testcase>
          <testcase name="[It] [sig-node] Security Context SupplementalGroupsPolicy [LinuxOnly] [Feature:SupplementalGroupsPolicy] [FeatureGate:SupplementalGroupsPolicy] [Beta] when SupplementalGroupsPolicy was set to Strict in PodSpec when the container&#39;s primary UID belongs to some groups in the image when scheduled node supports SupplementalGroupsPolicy it should NOT add SupplementalGroups to them [LinuxOnly] [sig-node, Feature:SupplementalGroupsPolicy, FeatureGate:SupplementalGroupsPolicy, Beta]" classname="End-to-End-Creating-Disk-From-Snapshot-On-Target-Datastore" status="skipped" time="0">
              <skipped message="skipped"></skipped>
          </testcase>
          <testcase name="[It] [sig-node] KubeletManagedEtcHosts should test kubelet managed /etc/hosts file [NodeConformance] [Conformance] [sig-node, NodeConformance, Conformance]" classname="End-to-End-Creating-Disk-From-Snapshot-On-Target-Datastore" status="skipped" time="0">
              <skipped message="skipped"></skipped>
          </testcase>
          <testcase name="[It] [sig-storage] Projected combined should project all components that make up the projection API [Projection] [NodeConformance] [Conformance] [sig-storage, NodeConformance, Conformance]" classname="End-to-End-Creating-Disk-From-Snapshot-On-Target-Datastore" status="skipped" time="0">
              <skipped message="skipped"></skipped>
          </testcase>
          <testcase name="[It] [sig-storage] EmptyDir volumes when FSGroup is specified [LinuxOnly] new files should be created with FSGroup ownership when container is root [sig-storage]" classname="End-to-End-Creating-Disk-From-Snapshot-On-Target-Datastore" status="skipped" time="0">
              <skipped message="skipped"></skipped>
          </testcase>
          <testcase name="[It] [sig-storage] EmptyDir volumes when FSGroup is specified [LinuxOnly] new files should be created with FSGroup ownership when container is non-root [sig-storage]" classname="End-to-End-Creating-Disk-From-Snapshot-On-Target-Datastore" status="skipped" time="0">
              <skipped message="skipped"></skipped>
          </testcase>
          <testcase name="[It] [sig-storage] EmptyDir volumes when FSGroup is specified [LinuxOnly] nonexistent volume subPath should have the correct mode and owner using FSGroup [sig-storage]" classname="End-to-End-Creating-Disk-From-Snapshot-On-Target-Datastore" status="skipped" time="0">
              <skipped message="skipped"></skipped>
          </testcase>
          <testcase name="[It] [sig-storage] EmptyDir volumes when FSGroup is specified [LinuxOnly] files with FSGroup ownership should support (root,0644,tmpfs) [sig-storage]" classname="End-to-End-Creating-Disk-From-Snapshot-On-Target-Datastore" status="skipped" time="0">
              <skipped message="skipped"></skipped>
          </testcase>
          <testcase name="[It] [sig-storage] EmptyDir volumes when FSGroup is specified [LinuxOnly] volume on default medium should have the correct mode using FSGroup [sig-storage]" classname="End-to-End-Creating-Disk-From-Snapshot-On-Target-Datastore" status="skipped" time="0">
              <skipped message="skipped"></skipped>
          </testcase>
          <testcase name="[It] [sig-storage] EmptyDir volumes when FSGroup is specified [LinuxOnly] volume on tmpfs should have the correct mode using FSGroup [sig-storage]" classname="End-to-End-Creating-Disk-From-Snapshot-On-Target-Datastore" status="skipped" time="0">
              <skipped message="skipped"></skipped>
          </testcase>
          <testcase name="[It] [sig-storage] EmptyDir volumes volume on tmpfs should have the correct mode [LinuxOnly] [NodeConformance] [Conformance] [sig-storage, NodeConformance, Conformance]" classname="End-to-End-Creating-Disk-From-Snapshot-On-Target-Datastore" status="skipped" time="0">
              <skipped message="skipped"></skipped>
          </testcase>
          <testcase name="[It] [sig-storage] EmptyDir volumes should support (root,0644,tmpfs) [LinuxOnly] [NodeConformance] [Conformance] [sig-storage, NodeConformance, Conformance]" classname="End-to-End-Creating-Disk-From-Snapshot-On-Target-Datastore" status="skipped" time="0">
              <skipped message="skipped"></skipped>
          </testcase>
          <testcase name="[It] [sig-storage] EmptyDir volumes should support (root,0666,tmpfs) [LinuxOnly] [NodeConformance] [Conformance] [sig-storage, NodeConformance, Conformance]" classname="End-to-End-Creating-Disk-From-Snapshot-On-Target-Datastore" status="skipped" time="0">
              <skipped message="skipped"></skipped>
          </testcase>
          <testcase name="[It] [sig-storage] EmptyDir volumes should support (root,0777,tmpfs) [LinuxOnly] [NodeConformance] [Conformance] [sig-storage, NodeConformance, Conformance]" classname="End-to-End-Creating-Disk-From-Snapshot-On-Target-Datastore" status="skipped" time="0">
              <skipped message="skipped"></skipped>
          </testcase>
          <testcase name="[It] [sig-storage] EmptyDir volumes should support (non-root,0644,tmpfs) [LinuxOnly] [NodeConformance] [Conformance] [sig-storage, NodeConformance, Conformance]" classname="End-to-End-Creating-Disk-From-Snapshot-On-Target-Datastore" status="skipped" time="0">
              <skipped message="skipped"></skipped>
          </testcase>
          <testcase name="[It] [sig-storage] EmptyDir volumes should support (non-root,0666,tmpfs) [LinuxOnly] [NodeConformance] [Conformance] [sig-storage, NodeConformance, Conformance]" classname="End-to-End-Creating-Disk-From-Snapshot-On-Target-Datastore" status="skipped" time="0">
              <skipped message="skipped"></skipped>
          </testcase>
          <testcase name="[It] [sig-storage] EmptyDir volumes should support (non-root,0777,tmpfs) [LinuxOnly] [NodeConformance] [Conformance] [sig-storage, NodeConformance, Conformance]" classname="End-to-End-Creating-Disk-From-Snapshot-On-Target-Datastore" status="skipped" time="0">
              <skipped message="skipped"></skipped>
          </testcase>
          <testcase name="[It] [sig-storage] EmptyDir volumes volume on default medium should have the correct mode [LinuxOnly] [NodeConformance] [Conformance] [sig-storage, NodeConformance, Conformance]" classname="End-to-End-Creating-Disk-From-Snapshot-On-Target-Datastore" status="skipped" time="0">
              <skipped message="skipped"></skipped>
          </testcase>
          <testcase name="[It] [sig-storage] EmptyDir volumes should support (root,0644,default) [LinuxOnly] [NodeConformance] [Conformance] [sig-storage, NodeConformance, Conformance]" classname="End-to-End-Creating-Disk-From-Snapshot-On-Target-Datastore" status="skipped" time="0">
              <skipped message="skipped"></skipped>
          </testcase>
          <testcase name="[It] [sig-storage] EmptyDir volumes should support (root,0666,default) [LinuxOnly] [NodeConformance] [Conformance] [sig-storage, NodeConformance, Conformance]" classname="End-to-End-Creating-Disk-From-Snapshot-On-Target-Datastore" status="skipped" time="0">
              <skipped message="skipped"></skipped>
          </testcase>
          <testcase name="[It] [sig-storage] EmptyDir volumes should support (root,0777,default) [LinuxOnly] [NodeConformance] [Conformance] [sig-storage, NodeConformance, Conformance]" classname="End-to-End-Creating-Disk-From-Snapshot-On-Target-Datastore" status="skipped" time="0">
              <skipped message="skipped"></skipped>
          </testcase>
          <testcase name="[It] [sig-storage] EmptyDir volumes should support (non-root,0644,default) [LinuxOnly] [NodeConformance] [Conformance] [sig-storage, NodeConformance, Conformance]" classname="End-to-End-Creating-Disk-From-Snapshot-On-Target-Datastore" status="skipped" time="0">
              <skipped message="skipped"></skipped>
          </testcase>
          <testcase name="[It] [sig-storage] EmptyDir volumes should support (non-root,0666,default) [LinuxOnly] [NodeConformance] [Conformance] [sig-storage, NodeConformance, Conformance]" classname="End-to-End-Creating-Disk-From-Snapshot-On-Target-Datastore" status="skipped" time="0">
              <skipped message="skipped"></skipped>
          </testcase>
          <testcase name="[It] [sig-storage] EmptyDir volumes should support (non-root,0777,default) [LinuxOnly] [NodeConformance] [Conformance] [sig-storage, NodeConformance, Conformance]" classname="End-to-End-Creating-Disk-From-Snapshot-On-Target-Datastore" status="skipped" time="0">
              <skipped message="skipped"></skipped>
          </testcase>
          <testcase name="[It] [sig-storage] EmptyDir volumes pod should support shared volumes between containers [Conformance] [sig-storage, Conformance]" classname="End-to-End-Creating-Disk-From-Snapshot-On-Target-Datastore" status="skipped" time="0">
              <skipped message="skipped"></skipped>
          </testcase>
          <testcase name="[It] [sig-storage] EmptyDir volumes pod should support memory backed volumes of specified size [sig-storage]" classname="End-to-End-Creating-Disk-From-Snapshot-On-Target-Datastore" status="skipped" time="0">
              <skipped message="skipped"></skipped>
          </testcase>
          <testcase name="[It] [sig-node] Downward API [Feature:PodLevelResources] [FeatureGate:PodLevelResources] [Beta] Downward API tests for pod level resources should provide default limits.cpu/memory from pod level resources [sig-node, Feature:PodLevelResources, FeatureGate:PodLevelResources, Beta]" classname="End-to-End-Creating-Disk-From-Snapshot-On-Target-Datastore" status="skipped" time="0">
              <skipped message="skipped"></skipped>
          </testcase>
          <testcase name="[It] [sig-node] Downward API [Feature:PodLevelResources] [FeatureGate:PodLevelResources] [Beta] Downward API tests for pod level resources should provide default limits.cpu/memory from pod level resources or node allocatable [sig-node, Feature:PodLevelResources, FeatureGate:PodLevelResources, Beta]" classname="End-to-End-Creating-Disk-From-Snapshot-On-Target-Datastore" status="skipped" time="0">
              <skipped message="skipped"></skipped>
          </testcase>
          <testcase name="[It] [sig-storage] Downward API [Serial] [Disruptive] [Feature:EphemeralStorage] Downward API tests for local ephemeral storage should provide container&#39;s limits.ephemeral-storage and requests.ephemeral-storage as env vars [sig-storage, Serial, Disruptive, Feature:EphemeralStorage]" classname="End-to-End-Creating-Disk-From-Snapshot-On-Target-Datastore" status="skipped" time="0">
              <skipped message="skipped"></skipped>
          </testcase>
          <testcase name="[It] [sig-storage] Downward API [Serial] [Disruptive] [Feature:EphemeralStorage] Downward API tests for local ephemeral storage should provide default limits.ephemeral-storage from node allocatable [sig-storage, Serial, Disruptive, Feature:EphemeralStorage]" classname="End-to-End-Creating-Disk-From-Snapshot-On-Target-Datastore" status="skipped" time="0">
              <skipped message="skipped"></skipped>
          </testcase>
          <testcase name="[It] [sig-storage] HostPath should give a volume the correct mode [LinuxOnly] [NodeConformance] [sig-storage, NodeConformance]" classname="End-to-End-Creating-Disk-From-Snapshot-On-Target-Datastore" status="skipped" time="0">
              <skipped message="skipped"></skipped>
          </testcase>
          <testcase name="[It] [sig-storage] HostPath should support r/w [NodeConformance] [sig-storage, NodeConformance]" classname="End-to-End-Creating-Disk-From-Snapshot-On-Target-Datastore" status="skipped" time="0">
              <skipped message="skipped"></skipped>
          </testcase>
          <testcase name="[It] [sig-storage] HostPath should support subPath [NodeConformance] [sig-storage, NodeConformance]" classname="End-to-End-Creating-Disk-From-Snapshot-On-Target-Datastore" status="skipped" time="0">
              <skipped message="skipped"></skipped>
          </testcase>
          <testcase name="[It] [sig-node] User Namespaces for Pod Security Standards [LinuxOnly] with UserNamespacesSupport and UserNamespacesPodSecurityStandards enabled should allow pod [Feature:UserNamespacesPodSecurityStandards] [FeatureGate:UserNamespacesSupport] [Beta] [FeatureGate:UserNamespacesPodSecurityStandards] [Alpha] [Feature:OffByDefault] [sig-node, Feature:UserNamespacesPodSecurityStandards, FeatureGate:UserNamespacesSupport, Beta, FeatureGate:UserNamespacesPodSecurityStandards, Alpha, Feature:OffByDefault]" classname="End-to-End-Creating-Disk-From-Snapshot-On-Target-Datastore" status="skipped" time="0">
              <skipped message="skipped"></skipped>
          </testcase>
          <testcase name="[It] [sig-storage] ConfigMap should be consumable from pods in volume [NodeConformance] [Conformance] [sig-storage, NodeConformance, Conformance]" classname="End-to-End-Creating-Disk-From-Snapshot-On-Target-Datastore" status="skipped" time="0">
              <skipped message="skipped"></skipped>
          </testcase>
          <testcase name="[It] [sig-storage] ConfigMap should be consumable from pods in volume with defaultMode set [LinuxOnly] [NodeConformance] [Conformance] [sig-storage, NodeConformance, Conformance]" classname="End-to-End-Creating-Disk-From-Snapshot-On-Target-Datastore" status="skipped" time="0">
              <skipped message="skipped"></skipped>
          </testcase>
          <testcase name="[It] [sig-storage] ConfigMap should be consumable from pods in volume as non-root with defaultMode and fsGroup set [LinuxOnly] [sig-storage]" classname="End-to-End-Creating-Disk-From-Snapshot-On-Target-Datastore" status="skipped" time="0">
              <skipped message="skipped"></skipped>
          </testcase>
          <testcase name="[It] [sig-storage] ConfigMap should be consumable from pods in volume as non-root [NodeConformance] [Conformance] [sig-storage, NodeConformance, Conformance]" classname="End-to-End-Creating-Disk-From-Snapshot-On-Target-Datastore" status="skipped" time="0">
              <skipped message="skipped"></skipped>
          </testcase>
          <testcase name="[It] [sig-storage] ConfigMap should be consumable from pods in volume as non-root with FSGroup [LinuxOnly] [sig-storage]" classname="End-to-End-Creating-Disk-From-Snapshot-On-Target-Datastore" status="skipped" time="0">
              <skipped message="skipped"></skipped>
          </testcase>
          <testcase name="[It] [sig-storage] ConfigMap should be consumable from pods in volume with mappings [NodeConformance] [Conformance] [sig-storage, NodeConformance, Conformance]" classname="End-to-End-Creating-Disk-From-Snapshot-On-Target-Datastore" status="skipped" time="0">
              <skipped message="skipped"></skipped>
          </testcase>
          <testcase name="[It] [sig-storage] ConfigMap should be consumable from pods in volume with mappings and Item mode set [LinuxOnly] [NodeConformance] [Conformance] [sig-storage, NodeConformance, Conformance]" classname="End-to-End-Creating-Disk-From-Snapshot-On-Target-Datastore" status="skipped" time="0">
              <skipped message="skipped"></skipped>
          </testcase>
          <testcase name="[It] [sig-storage] ConfigMap should be consumable from pods in volume with mappings as non-root [NodeConformance] [Conformance] [sig-storage, NodeConformance, Conformance]" classname="End-to-End-Creating-Disk-From-Snapshot-On-Target-Datastore" status="skipped" time="0">
              <skipped message="skipped"></skipped>
          </testcase>
          <testcase name="[It] [sig-storage] ConfigMap should be consumable from pods in volume with mappings as non-root with FSGroup [LinuxOnly] [sig-storage]" classname="End-to-End-Creating-Disk-From-Snapshot-On-Target-Datastore" status="skipped" time="0">
              <skipped message="skipped"></skipped>
          </testcase>
          <testcase name="[It] [sig-storage] ConfigMap updates should be reflected in volume [NodeConformance] [Conformance] [sig-storage, NodeConformance, Conformance]" classname="End-to-End-Creating-Disk-From-Snapshot-On-Target-Datastore" status="skipped" time="0">
              <skipped message="skipped"></skipped>
          </testcase>
          <testcase name="[It] [sig-storage] ConfigMap binary data should be reflected in volume [NodeConformance] [Conformance] [sig-storage, NodeConformance, Conformance]" classname="End-to-End-Creating-Disk-From-Snapshot-On-Target-Datastore" status="skipped" time="0">
              <skipped message="skipped"></skipped>
          </testcase>
          <testcase name="[It] [sig-storage] ConfigMap optional updates should be reflected in volume [NodeConformance] [Conformance] [sig-storage, NodeConformance, Conformance]" classname="End-to-End-Creating-Disk-From-Snapshot-On-Target-Datastore" status="skipped" time="0">
              <skipped message="skipped"></skipped>
          </testcase>
          <testcase name="[It] [sig-storage] ConfigMap should be consumable in multiple volumes in the same pod [NodeConformance] [Conformance] [sig-storage, NodeConformance, Conformance]" classname="End-to-End-Creating-Disk-From-Snapshot-On-Target-Datastore" status="skipped" time="0">
              <skipped message="skipped"></skipped>
          </testcase>
          <testcase name="[It] [sig-storage] ConfigMap should be immutable if `immutable` field is set [Conformance] [sig-storage, Conformance]" classname="End-to-End-Creating-Disk-From-Snapshot-On-Target-Datastore" status="skipped" time="0">
              <skipped message="skipped"></skipped>
          </testcase>
          <testcase name="[It] [sig-storage] ConfigMap Should fail non-optional pod creation due to configMap object does not exist [Slow] [sig-storage, Slow]" classname="End-to-End-Creating-Disk-From-Snapshot-On-Target-Datastore" status="skipped" time="0">
              <skipped message="skipped"></skipped>
          </testcase>
          <testcase name="[It] [sig-storage] ConfigMap Should fail non-optional pod creation due to the key in the configMap object does not exist [Slow] [sig-storage, Slow]" classname="End-to-End-Creating-Disk-From-Snapshot-On-Target-Datastore" status="skipped" time="0">
              <skipped message="skipped"></skipped>
          </testcase>
          <testcase name="[It] [restore-on-target-ds-p0] restore-on-target-ds-p0 Online &amp; offline volume expansion of restored volume [p0, vc901]" classname="End-to-End-Creating-Disk-From-Snapshot-On-Target-Datastore" status="skipped" time="0">
              <skipped message="skipped"></skipped>
          </testcase>
          <testcase name="[It] [restore-on-target-ds-p0] restore-on-target-ds-p0 Restore with different size [p0, vc901]" classname="End-to-End-Creating-Disk-From-Snapshot-On-Target-Datastore" status="skipped" time="0">
              <skipped message="skipped"></skipped>
          </testcase>
          <testcase name="[It] [restore-on-target-ds-p0] restore-on-target-ds-p0 Create a snapshot of the restored PVC [p0, vc901]" classname="End-to-End-Creating-Disk-From-Snapshot-On-Target-Datastore" status="skipped" time="0">
              <skipped message="skipped"></skipped>
          </testcase>
          <testcase name="[It] [restore-on-target-ds-p0] restore-on-target-ds-p0 Restore with a different policy on Deployment pods [p0, vc901]" classname="End-to-End-Creating-Disk-From-Snapshot-On-Target-Datastore" status="skipped" time="0">
              <skipped message="skipped"></skipped>
          </testcase>
          <testcase name="[It] [restore-on-target-ds-p0] restore-on-target-ds-p0 Restore with a different policy on statefulset  [p0, vc901]" classname="End-to-End-Creating-Disk-From-Snapshot-On-Target-Datastore" status="skipped" time="0">
              <skipped message="skipped"></skipped>
          </testcase>
          <testcase name="[It] [restore-on-target-ds-p0] restore-on-target-ds-p0 WFFC - Create a PVC from a snapshot on a different datastore [p0, vc901]" classname="End-to-End-Creating-Disk-From-Snapshot-On-Target-Datastore" status="skipped" time="0">
              <skipped message="skipped"></skipped>
          </testcase>
          <testcase name="[It] [sig-node] InitContainer [NodeConformance] should invoke init containers on a RestartNever pod [Conformance] [sig-node, NodeConformance, Conformance]" classname="End-to-End-Creating-Disk-From-Snapshot-On-Target-Datastore" status="skipped" time="0">
              <skipped message="skipped"></skipped>
          </testcase>
          <testcase name="[It] [sig-node] InitContainer [NodeConformance] should invoke init containers on a RestartAlways pod [Conformance] [sig-node, NodeConformance, Conformance]" classname="End-to-End-Creating-Disk-From-Snapshot-On-Target-Datastore" status="skipped" time="0">
              <skipped message="skipped"></skipped>
          </testcase>
          <testcase name="[It] [sig-node] InitContainer [NodeConformance] should not start app containers if init containers fail on a RestartAlways pod [Conformance] [sig-node, NodeConformance, Conformance]" classname="End-to-End-Creating-Disk-From-Snapshot-On-Target-Datastore" status="skipped" time="0">
              <skipped message="skipped"></skipped>
          </testcase>
          <testcase name="[It] [sig-node] InitContainer [NodeConformance] should not start app containers and fail the pod if init containers fail on a RestartNever pod [Conformance] [sig-node, NodeConformance, Conformance]" classname="End-to-End-Creating-Disk-From-Snapshot-On-Target-Datastore" status="skipped" time="0">
              <skipped message="skipped"></skipped>
          </testcase>
          <testcase name="[It] [sig-node] Sysctls [LinuxOnly] [NodeConformance] should support sysctls [MinimumKubeletVersion:1.21] [Environment:NotInUserNS] [Conformance] [sig-node, NodeConformance, Environment:NotInUserNS, Conformance]" classname="End-to-End-Creating-Disk-From-Snapshot-On-Target-Datastore" status="skipped" time="0">
              <skipped message="skipped"></skipped>
          </testcase>
          <testcase name="[It] [sig-node] Sysctls [LinuxOnly] [NodeConformance] should reject invalid sysctls [MinimumKubeletVersion:1.21] [Conformance] [sig-node, NodeConformance, Conformance]" classname="End-to-End-Creating-Disk-From-Snapshot-On-Target-Datastore" status="skipped" time="0">
              <skipped message="skipped"></skipped>
          </testcase>
          <testcase name="[It] [sig-node] Sysctls [LinuxOnly] [NodeConformance] should not launch unsafe, but not explicitly enabled sysctls on the node [MinimumKubeletVersion:1.21] [sig-node, NodeConformance]" classname="End-to-End-Creating-Disk-From-Snapshot-On-Target-Datastore" status="skipped" time="0">
              <skipped message="skipped"></skipped>
          </testcase>
          <testcase name="[It] [sig-node] Sysctls [LinuxOnly] [NodeConformance] should support sysctls with slashes as separator [MinimumKubeletVersion:1.23] [Environment:NotInUserNS] [sig-node, NodeConformance, Environment:NotInUserNS]" classname="End-to-End-Creating-Disk-From-Snapshot-On-Target-Datastore" status="skipped" time="0">
              <skipped message="skipped"></skipped>
          </testcase>
          <testcase name="[It] [sig-node] ImageCredentialProvider [Feature:KubeletCredentialProviders] should be able to create pod with image credentials fetched from external credential provider  [sig-node, Feature:KubeletCredentialProviders]" classname="End-to-End-Creating-Disk-From-Snapshot-On-Target-Datastore" status="skipped" time="0">
              <skipped message="skipped"></skipped>
          </testcase>
          <testcase name="[It] [sig-node] Probing container with readiness probe should not be ready before initial delay and never restart [NodeConformance] [Conformance] [sig-node, NodeConformance, Conformance]" classname="End-to-End-Creating-Disk-From-Snapshot-On-Target-Datastore" status="skipped" time="0">
              <skipped message="skipped"></skipped>
          </testcase>
          <testcase name="[It] [sig-node] Probing container with readiness probe that fails should never be ready and never restart [NodeConformance] [Conformance] [sig-node, NodeConformance, Conformance]" classname="End-to-End-Creating-Disk-From-Snapshot-On-Target-Datastore" status="skipped" time="0">
              <skipped message="skipped"></skipped>
          </testcase>
          <testcase name="[It] [sig-node] Probing container should be restarted with a exec &#34;cat /tmp/health&#34; liveness probe [NodeConformance] [Conformance] [sig-node, NodeConformance, Conformance]" classname="End-to-End-Creating-Disk-From-Snapshot-On-Target-Datastore" status="skipped" time="0">
              <skipped message="skipped"></skipped>
          </testcase>
          <testcase name="[It] [sig-node] Probing container should *not* be restarted with a exec &#34;cat /tmp/health&#34; liveness probe [NodeConformance] [Conformance] [sig-node, NodeConformance, Conformance]" classname="End-to-End-Creating-Disk-From-Snapshot-On-Target-Datastore" status="skipped" time="0">
              <skipped message="skipped"></skipped>
          </testcase>
          <testcase name="[It] [sig-node] Probing container should be restarted with a /healthz http liveness probe [NodeConformance] [Conformance] [sig-node, NodeConformance, Conformance]" classname="End-to-End-Creating-Disk-From-Snapshot-On-Target-Datastore" status="skipped" time="0">
              <skipped message="skipped"></skipped>
          </testcase>
          <testcase name="[It] [sig-node] Probing container should *not* be restarted with a tcp:8080 liveness probe [NodeConformance] [Conformance] [sig-node, NodeConformance, Conformance]" classname="End-to-End-Creating-Disk-From-Snapshot-On-Target-Datastore" status="skipped" time="0">
              <skipped message="skipped"></skipped>
          </testcase>
          <testcase name="[It] [sig-node] Probing container should have monotonically increasing restart count [NodeConformance] [Conformance] [sig-node, NodeConformance, Conformance]" classname="End-to-End-Creating-Disk-From-Snapshot-On-Target-Datastore" status="skipped" time="0">
              <skipped message="skipped"></skipped>
          </testcase>
          <testcase name="[It] [sig-node] Probing container should *not* be restarted with a /healthz http liveness probe [NodeConformance] [Conformance] [sig-node, NodeConformance, Conformance]" classname="End-to-End-Creating-Disk-From-Snapshot-On-Target-Datastore" status="skipped" time="0">
              <skipped message="skipped"></skipped>
          </testcase>
          <testcase name="[It] [sig-node] Probing container should be restarted with an exec liveness probe with timeout [MinimumKubeletVersion:1.20] [NodeConformance] [sig-node, NodeConformance]" classname="End-to-End-Creating-Disk-From-Snapshot-On-Target-Datastore" status="skipped" time="0">
              <skipped message="skipped"></skipped>
          </testcase>
          <testcase name="[It] [sig-node] Probing container should not be ready with an exec readiness probe timeout [MinimumKubeletVersion:1.20] [NodeConformance] [sig-node, NodeConformance]" classname="End-to-End-Creating-Disk-From-Snapshot-On-Target-Datastore" status="skipped" time="0">
              <skipped message="skipped"></skipped>
          </testcase>
          <testcase name="[It] [sig-node] Probing container should be restarted with a failing exec liveness probe that took longer than the timeout [sig-node]" classname="End-to-End-Creating-Disk-From-Snapshot-On-Target-Datastore" status="skipped" time="0">
              <skipped message="skipped"></skipped>
          </testcase>
          <testcase name="[It] [sig-node] Probing container should be restarted with a local redirect http liveness probe [sig-node]" classname="End-to-End-Creating-Disk-From-Snapshot-On-Target-Datastore" status="skipped" time="0">
              <skipped message="skipped"></skipped>
          </testcase>
          <testcase name="[It] [sig-node] Probing container should *not* be restarted with a non-local redirect http liveness probe [sig-node]" classname="End-to-End-Creating-Disk-From-Snapshot-On-Target-Datastore" status="skipped" time="0">
              <skipped message="skipped"></skipped>
          </testcase>
          <testcase name="[It] [sig-node] Probing container should be restarted startup probe fails [sig-node]" classname="End-to-End-Creating-Disk-From-Snapshot-On-Target-Datastore" status="skipped" time="0">
              <skipped message="skipped"></skipped>
          </testcase>
          <testcase name="[It] [sig-node] Probing container should *not* be restarted by liveness probe because startup probe delays it [sig-node]" classname="End-to-End-Creating-Disk-From-Snapshot-On-Target-Datastore" status="skipped" time="0">
              <skipped message="skipped"></skipped>
          </testcase>
          <testcase name="[It] [sig-node] Probing container should be restarted by liveness probe after startup probe enables it [sig-node]" classname="End-to-End-Creating-Disk-From-Snapshot-On-Target-Datastore" status="skipped" time="0">
              <skipped message="skipped"></skipped>
          </testcase>
          <testcase name="[It] [sig-node] Probing container should be ready immediately after startupProbe succeeds [sig-node]" classname="End-to-End-Creating-Disk-From-Snapshot-On-Target-Datastore" status="skipped" time="0">
              <skipped message="skipped"></skipped>
          </testcase>
          <testcase name="[It] [sig-node] Probing container should override timeoutGracePeriodSeconds when LivenessProbe field is set [NodeConformance] [sig-node, NodeConformance]" classname="End-to-End-Creating-Disk-From-Snapshot-On-Target-Datastore" status="skipped" time="0">
              <skipped message="skipped"></skipped>
          </testcase>
          <testcase name="[It] [sig-node] Probing container should override timeoutGracePeriodSeconds when StartupProbe field is set [NodeConformance] [sig-node, NodeConformance]" classname="End-to-End-Creating-Disk-From-Snapshot-On-Target-Datastore" status="skipped" time="0">
              <skipped message="skipped"></skipped>
          </testcase>
          <testcase name="[It] [sig-node] Probing container should *not* be restarted with a GRPC liveness probe [NodeConformance] [Conformance] [sig-node, NodeConformance, Conformance]" classname="End-to-End-Creating-Disk-From-Snapshot-On-Target-Datastore" status="skipped" time="0">
              <skipped message="skipped"></skipped>
          </testcase>
          <testcase name="[It] [sig-node] Probing container should be restarted with a GRPC liveness probe [NodeConformance] [Conformance] [sig-node, NodeConformance, Conformance]" classname="End-to-End-Creating-Disk-From-Snapshot-On-Target-Datastore" status="skipped" time="0">
              <skipped message="skipped"></skipped>
          </testcase>
          <testcase name="[It] [sig-node] Probing container should mark readiness on pods to false while pod is in progress of terminating when a pod has a readiness probe [sig-node]" classname="End-to-End-Creating-Disk-From-Snapshot-On-Target-Datastore" status="skipped" time="0">
              <skipped message="skipped"></skipped>
          </testcase>
          <testcase name="[It] [sig-node] Probing container should mark readiness on pods to false and disable liveness probes while pod is in progress of terminating [sig-node]" classname="End-to-End-Creating-Disk-From-Snapshot-On-Target-Datastore" status="skipped" time="0">
              <skipped message="skipped"></skipped>
          </testcase>
          <testcase name="[It] [sig-node] ConfigMap should be consumable via environment variable [NodeConformance] [Conformance] [sig-node, NodeConformance, Conformance]" classname="End-to-End-Creating-Disk-From-Snapshot-On-Target-Datastore" status="skipped" time="0">
              <skipped message="skipped"></skipped>
          </testcase>
          <testcase name="[It] [sig-node] ConfigMap should be consumable via the environment [NodeConformance] [Conformance] [sig-node, NodeConformance, Conformance]" classname="End-to-End-Creating-Disk-From-Snapshot-On-Target-Datastore" status="skipped" time="0">
              <skipped message="skipped"></skipped>
          </testcase>
          <testcase name="[It] [sig-node] ConfigMap should fail to create ConfigMap with empty key [Conformance] [sig-node, Conformance]" classname="End-to-End-Creating-Disk-From-Snapshot-On-Target-Datastore" status="skipped" time="0">
              <skipped message="skipped"></skipped>
          </testcase>
          <testcase name="[It] [sig-node] ConfigMap should update ConfigMap successfully [sig-node]" classname="End-to-End-Creating-Disk-From-Snapshot-On-Target-Datastore" status="skipped" time="0">
              <skipped message="skipped"></skipped>
          </testcase>
          <testcase name="[It] [sig-node] ConfigMap should run through a ConfigMap lifecycle [Conformance] [sig-node, Conformance]" classname="End-to-End-Creating-Disk-From-Snapshot-On-Target-Datastore" status="skipped" time="0">
              <skipped message="skipped"></skipped>
          </testcase>
          <testcase name="[It] [sig-node] ConfigMap should be consumable as environment variable names with various prefixes [Conformance] [sig-node, Conformance]" classname="End-to-End-Creating-Disk-From-Snapshot-On-Target-Datastore" status="skipped" time="0">
              <skipped message="skipped"></skipped>
          </testcase>
          <testcase name="[It] [sig-node] Pod InPlace Resize Container [FeatureGate:InPlacePodVerticalScaling] [Beta] BestEffort QoS pod - empty resize [sig-node, FeatureGate:InPlacePodVerticalScaling, Beta]" classname="End-to-End-Creating-Disk-From-Snapshot-On-Target-Datastore" status="skipped" time="0">
              <skipped message="skipped"></skipped>
          </testcase>
          <testcase name="[It] [sig-node] Pod InPlace Resize Container [FeatureGate:InPlacePodVerticalScaling] [Beta] Burstable QoS pod with memory requests + limits - decrease memory limit [sig-node, FeatureGate:InPlacePodVerticalScaling, Beta]" classname="End-to-End-Creating-Disk-From-Snapshot-On-Target-Datastore" status="skipped" time="0">
              <skipped message="skipped"></skipped>
          </testcase>
          <testcase name="[It] [sig-node] Pod InPlace Resize Container [FeatureGate:InPlacePodVerticalScaling] [Beta] Burstable QoS pod, mixed containers - add limits [sig-node, FeatureGate:InPlacePodVerticalScaling, Beta]" classname="End-to-End-Creating-Disk-From-Snapshot-On-Target-Datastore" status="skipped" time="0">
              <skipped message="skipped"></skipped>
          </testcase>
          <testcase name="[It] [sig-node] Pod InPlace Resize Container [FeatureGate:InPlacePodVerticalScaling] [Beta] Burstable QoS pod, mixed containers - add requests [sig-node, FeatureGate:InPlacePodVerticalScaling, Beta]" classname="End-to-End-Creating-Disk-From-Snapshot-On-Target-Datastore" status="skipped" time="0">
              <skipped message="skipped"></skipped>
          </testcase>
          <testcase name="[It] [sig-node] Pod InPlace Resize Container [FeatureGate:InPlacePodVerticalScaling] [Beta] Burstable QoS pod, mixed containers - scale up cpu and memory [sig-node, FeatureGate:InPlacePodVerticalScaling, Beta]" classname="End-to-End-Creating-Disk-From-Snapshot-On-Target-Datastore" status="skipped" time="0">
              <skipped message="skipped"></skipped>
          </testcase>
          <testcase name="[It] [sig-node] Pod InPlace Resize Container [FeatureGate:InPlacePodVerticalScaling] [Beta] Burstable QoS pod, one container - decrease CPU (NotRequired) &amp; memory (RestartContainer) [sig-node, FeatureGate:InPlacePodVerticalScaling, Beta]" classname="End-to-End-Creating-Disk-From-Snapshot-On-Target-Datastore" status="skipped" time="0">
              <skipped message="skipped"></skipped>
          </testcase>
          <testcase name="[It] [sig-node] Pod InPlace Resize Container [FeatureGate:InPlacePodVerticalScaling] [Beta] Burstable QoS pod, one container - decrease memory request (RestartContainer memory resize policy) [sig-node, FeatureGate:InPlacePodVerticalScaling, Beta]" classname="End-to-End-Creating-Disk-From-Snapshot-On-Target-Datastore" status="skipped" time="0">
              <skipped message="skipped"></skipped>
          </testcase>
          <testcase name="[It] [sig-node] Pod InPlace Resize Container [FeatureGate:InPlacePodVerticalScaling] [Beta] Burstable QoS pod, one container - increase memory request (NoRestart memory resize policy) [sig-node, FeatureGate:InPlacePodVerticalScaling, Beta]" classname="End-to-End-Creating-Disk-From-Snapshot-On-Target-Datastore" status="skipped" time="0">
              <skipped message="skipped"></skipped>
          </testcase>
          <testcase name="[It] [sig-node] Pod InPlace Resize Container [FeatureGate:InPlacePodVerticalScaling] [Beta] Burstable QoS pod, one container with cpu &amp; memory requests + limits - decrease CPU limits only [sig-node, FeatureGate:InPlacePodVerticalScaling, Beta]" classname="End-to-End-Creating-Disk-From-Snapshot-On-Target-Datastore" status="skipped" time="0">
              <skipped message="skipped"></skipped>
          </testcase>
          <testcase name="[It] [sig-node] Pod InPlace Resize Container [FeatureGate:InPlacePodVerticalScaling] [Beta] Burstable QoS pod, one container with cpu &amp; memory requests + limits - decrease CPU requests and increase CPU limits [sig-node, FeatureGate:InPlacePodVerticalScaling, Beta]" classname="End-to-End-Creating-Disk-From-Snapshot-On-Target-Datastore" status="skipped" time="0">
              <skipped message="skipped"></skipped>
          </testcase>
          <testcase name="[It] [sig-node] Pod InPlace Resize Container [FeatureGate:InPlacePodVerticalScaling] [Beta] Burstable QoS pod, one container with cpu &amp; memory requests + limits - decrease CPU requests and increase memory limits [sig-node, FeatureGate:InPlacePodVerticalScaling, Beta]" classname="End-to-End-Creating-Disk-From-Snapshot-On-Target-Datastore" status="skipped" time="0">
              <skipped message="skipped"></skipped>
          </testcase>
          <testcase name="[It] [sig-node] Pod InPlace Resize Container [FeatureGate:InPlacePodVerticalScaling] [Beta] Burstable QoS pod, one container with cpu &amp; memory requests + limits - decrease CPU requests and limits [sig-node, FeatureGate:InPlacePodVerticalScaling, Beta]" classname="End-to-End-Creating-Disk-From-Snapshot-On-Target-Datastore" status="skipped" time="0">
              <skipped message="skipped"></skipped>
          </testcase>
          <testcase name="[It] [sig-node] Pod InPlace Resize Container [FeatureGate:InPlacePodVerticalScaling] [Beta] Burstable QoS pod, one container with cpu &amp; memory requests + limits - decrease CPU requests only [sig-node, FeatureGate:InPlacePodVerticalScaling, Beta]" classname="End-to-End-Creating-Disk-From-Snapshot-On-Target-Datastore" status="skipped" time="0">
              <skipped message="skipped"></skipped>
          </testcase>
          <testcase name="[It] [sig-node] Pod InPlace Resize Container [FeatureGate:InPlacePodVerticalScaling] [Beta] Burstable QoS pod, one container with cpu &amp; memory requests + limits - decrease memory requests and increase CPU limits [sig-node, FeatureGate:InPlacePodVerticalScaling, Beta]" classname="End-to-End-Creating-Disk-From-Snapshot-On-Target-Datastore" status="skipped" time="0">
              <skipped message="skipped"></skipped>
          </testcase>
          <testcase name="[It] [sig-node] Pod InPlace Resize Container [FeatureGate:InPlacePodVerticalScaling] [Beta] Burstable QoS pod, one container with cpu &amp; memory requests + limits - decrease memory requests and increase memory limits [sig-node, FeatureGate:InPlacePodVerticalScaling, Beta]" classname="End-to-End-Creating-Disk-From-Snapshot-On-Target-Datastore" status="skipped" time="0">
              <skipped message="skipped"></skipped>
          </testcase>
          <testcase name="[It] [sig-node] Pod InPlace Resize Container [FeatureGate:InPlacePodVerticalScaling] [Beta] Burstable QoS pod, one container with cpu &amp; memory requests + limits - decrease memory requests only [sig-node, FeatureGate:InPlacePodVerticalScaling, Beta]" classname="End-to-End-Creating-Disk-From-Snapshot-On-Target-Datastore" status="skipped" time="0">
              <skipped message="skipped"></skipped>
          </testcase>
          <testcase name="[It] [sig-node] Pod InPlace Resize Container [FeatureGate:InPlacePodVerticalScaling] [Beta] Burstable QoS pod, one container with cpu &amp; memory requests + limits - increase CPU limits only [sig-node, FeatureGate:InPlacePodVerticalScaling, Beta]" classname="End-to-End-Creating-Disk-From-Snapshot-On-Target-Datastore" status="skipped" time="0">
              <skipped message="skipped"></skipped>
          </testcase>
          <testcase name="[It] [sig-node] Pod InPlace Resize Container [FeatureGate:InPlacePodVerticalScaling] [Beta] Burstable QoS pod, one container with cpu &amp; memory requests + limits - increase CPU requests and decrease CPU limits [sig-node, FeatureGate:InPlacePodVerticalScaling, Beta]" classname="End-to-End-Creating-Disk-From-Snapshot-On-Target-Datastore" status="skipped" time="0">
              <skipped message="skipped"></skipped>
          </testcase>
          <testcase name="[It] [sig-node] Pod InPlace Resize Container [FeatureGate:InPlacePodVerticalScaling] [Beta] Burstable QoS pod, one container with cpu &amp; memory requests + limits - increase CPU requests and limits [sig-node, FeatureGate:InPlacePodVerticalScaling, Beta]" classname="End-to-End-Creating-Disk-From-Snapshot-On-Target-Datastore" status="skipped" time="0">
              <skipped message="skipped"></skipped>
          </testcase>
          <testcase name="[It] [sig-node] Pod InPlace Resize Container [FeatureGate:InPlacePodVerticalScaling] [Beta] Burstable QoS pod, one container with cpu &amp; memory requests + limits - increase CPU requests only [sig-node, FeatureGate:InPlacePodVerticalScaling, Beta]" classname="End-to-End-Creating-Disk-From-Snapshot-On-Target-Datastore" status="skipped" time="0">
              <skipped message="skipped"></skipped>
          </testcase>
          <testcase name="[It] [sig-node] Pod InPlace Resize Container [FeatureGate:InPlacePodVerticalScaling] [Beta] Burstable QoS pod, one container with cpu &amp; memory requests + limits - increase memory limits only [sig-node, FeatureGate:InPlacePodVerticalScaling, Beta]" classname="End-to-End-Creating-Disk-From-Snapshot-On-Target-Datastore" status="skipped" time="0">
              <skipped message="skipped"></skipped>
          </testcase>
          <testcase name="[It] [sig-node] Pod InPlace Resize Container [FeatureGate:InPlacePodVerticalScaling] [Beta] Burstable QoS pod, one container with cpu &amp; memory requests + limits - increase memory requests and decrease CPU limits [sig-node, FeatureGate:InPlacePodVerticalScaling, Beta]" classname="End-to-End-Creating-Disk-From-Snapshot-On-Target-Datastore" status="skipped" time="0">
              <skipped message="skipped"></skipped>
          </testcase>
          <testcase name="[It] [sig-node] Pod InPlace Resize Container [FeatureGate:InPlacePodVerticalScaling] [Beta] Burstable QoS pod, one container with cpu &amp; memory requests + limits - increase memory requests and limits [sig-node, FeatureGate:InPlacePodVerticalScaling, Beta]" classname="End-to-End-Creating-Disk-From-Snapshot-On-Target-Datastore" status="skipped" time="0">
              <skipped message="skipped"></skipped>
          </testcase>
          <testcase name="[It] [sig-node] Pod InPlace Resize Container [FeatureGate:InPlacePodVerticalScaling] [Beta] Burstable QoS pod, one container with cpu &amp; memory requests + limits - increase memory requests only [sig-node, FeatureGate:InPlacePodVerticalScaling, Beta]" classname="End-to-End-Creating-Disk-From-Snapshot-On-Target-Datastore" status="skipped" time="0">
              <skipped message="skipped"></skipped>
          </testcase>
          <testcase name="[It] [sig-node] Pod InPlace Resize Container [FeatureGate:InPlacePodVerticalScaling] [Beta] Burstable QoS pod, one container with cpu &amp; memory requests - decrease memory request [sig-node, FeatureGate:InPlacePodVerticalScaling, Beta]" classname="End-to-End-Creating-Disk-From-Snapshot-On-Target-Datastore" status="skipped" time="0">
              <skipped message="skipped"></skipped>
          </testcase>
          <testcase name="[It] [sig-node] Pod InPlace Resize Container [FeatureGate:InPlacePodVerticalScaling] [Beta] Burstable QoS pod, one container with cpu &amp; memory requests - increase cpu request [sig-node, FeatureGate:InPlacePodVerticalScaling, Beta]" classname="End-to-End-Creating-Disk-From-Snapshot-On-Target-Datastore" status="skipped" time="0">
              <skipped message="skipped"></skipped>
          </testcase>
          <testcase name="[It] [sig-node] Pod InPlace Resize Container [FeatureGate:InPlacePodVerticalScaling] [Beta] Burstable QoS pod, one container with cpu requests and limits - resize with equivalents [sig-node, FeatureGate:InPlacePodVerticalScaling, Beta]" classname="End-to-End-Creating-Disk-From-Snapshot-On-Target-Datastore" status="skipped" time="0">
              <skipped message="skipped"></skipped>
          </testcase>
          <testcase name="[It] [sig-node] Pod InPlace Resize Container [FeatureGate:InPlacePodVerticalScaling] [Beta] Burstable QoS pod, one container, one restartable init container - decrease init container CPU only [sig-node, FeatureGate:InPlacePodVerticalScaling, Beta]" classname="End-to-End-Creating-Disk-From-Snapshot-On-Target-Datastore" status="skipped" time="0">
              <skipped message="skipped"></skipped>
          </testcase>
          <testcase name="[It] [sig-node] Pod InPlace Resize Container [FeatureGate:InPlacePodVerticalScaling] [Beta] Burstable QoS pod, one container, one restartable init container - decrease init container memory requests only [sig-node, FeatureGate:InPlacePodVerticalScaling, Beta]" classname="End-to-End-Creating-Disk-From-Snapshot-On-Target-Datastore" status="skipped" time="0">
              <skipped message="skipped"></skipped>
          </testcase>
          <testcase name="[It] [sig-node] Pod InPlace Resize Container [FeatureGate:InPlacePodVerticalScaling] [Beta] Burstable QoS pod, one container, one restartable init container - increase init container CPU &amp; memory [sig-node, FeatureGate:InPlacePodVerticalScaling, Beta]" classname="End-to-End-Creating-Disk-From-Snapshot-On-Target-Datastore" status="skipped" time="0">
              <skipped message="skipped"></skipped>
          </testcase>
          <testcase name="[It] [sig-node] Pod InPlace Resize Container [FeatureGate:InPlacePodVerticalScaling] [Beta] Burstable QoS pod, one container, one restartable init container - increase init container CPU only [sig-node, FeatureGate:InPlacePodVerticalScaling, Beta]" classname="End-to-End-Creating-Disk-From-Snapshot-On-Target-Datastore" status="skipped" time="0">
              <skipped message="skipped"></skipped>
          </testcase>
          <testcase name="[It] [sig-node] Pod InPlace Resize Container [FeatureGate:InPlacePodVerticalScaling] [Beta] Burstable QoS pod, one container, one restartable init container - increase init container memory only [sig-node, FeatureGate:InPlacePodVerticalScaling, Beta]" classname="End-to-End-Creating-Disk-From-Snapshot-On-Target-Datastore" status="skipped" time="0">
              <skipped message="skipped"></skipped>
          </testcase>
          <testcase name="[It] [sig-node] Pod InPlace Resize Container [FeatureGate:InPlacePodVerticalScaling] [Beta] Burstable QoS pod, three containers - decrease c1 resources, increase c2 resources, no change for c3 (net increase for pod) [sig-node, FeatureGate:InPlacePodVerticalScaling, Beta]" classname="End-to-End-Creating-Disk-From-Snapshot-On-Target-Datastore" status="skipped" time="0">
              <skipped message="skipped"></skipped>
          </testcase>
          <testcase name="[It] [sig-node] Pod InPlace Resize Container [FeatureGate:InPlacePodVerticalScaling] [Beta] Burstable QoS pod, three containers - increase c1 resources, no change for c2, decrease c3 resources (no net change for pod) [sig-node, FeatureGate:InPlacePodVerticalScaling, Beta]" classname="End-to-End-Creating-Disk-From-Snapshot-On-Target-Datastore" status="skipped" time="0">
              <skipped message="skipped"></skipped>
          </testcase>
          <testcase name="[It] [sig-node] Pod InPlace Resize Container [FeatureGate:InPlacePodVerticalScaling] [Beta] Burstable QoS pod, three containers - no change for c1, increase c2 resources, decrease c3 (net decrease for pod) [sig-node, FeatureGate:InPlacePodVerticalScaling, Beta]" classname="End-to-End-Creating-Disk-From-Snapshot-On-Target-Datastore" status="skipped" time="0">
              <skipped message="skipped"></skipped>
          </testcase>
          <testcase name="[It] [sig-node] Pod InPlace Resize Container [FeatureGate:InPlacePodVerticalScaling] [Beta] Guaranteed QoS pod, one container - decrease CPU only [sig-node, FeatureGate:InPlacePodVerticalScaling, Beta]" classname="End-to-End-Creating-Disk-From-Snapshot-On-Target-Datastore" status="skipped" time="0">
              <skipped message="skipped"></skipped>
          </testcase>
          <testcase name="[It] [sig-node] Pod InPlace Resize Container [FeatureGate:InPlacePodVerticalScaling] [Beta] Guaranteed QoS pod, one container - increase CPU &amp; memory [sig-node, FeatureGate:InPlacePodVerticalScaling, Beta]" classname="End-to-End-Creating-Disk-From-Snapshot-On-Target-Datastore" status="skipped" time="0">
              <skipped message="skipped"></skipped>
          </testcase>
          <testcase name="[It] [sig-node] Pod InPlace Resize Container [FeatureGate:InPlacePodVerticalScaling] [Beta] Guaranteed QoS pod, one container - increase CPU &amp; memory with an extended resource [sig-node, FeatureGate:InPlacePodVerticalScaling, Beta]" classname="End-to-End-Creating-Disk-From-Snapshot-On-Target-Datastore" status="skipped" time="0">
              <skipped message="skipped"></skipped>
          </testcase>
          <testcase name="[It] [sig-node] Pod InPlace Resize Container [FeatureGate:InPlacePodVerticalScaling] [Beta] Guaranteed QoS pod, one container - increase CPU (NotRequired) &amp; memory (RestartContainer) [sig-node, FeatureGate:InPlacePodVerticalScaling, Beta]" classname="End-to-End-Creating-Disk-From-Snapshot-On-Target-Datastore" status="skipped" time="0">
              <skipped message="skipped"></skipped>
          </testcase>
          <testcase name="[It] [sig-node] Pod InPlace Resize Container [FeatureGate:InPlacePodVerticalScaling] [Beta] Guaranteed QoS pod, one container, one restartable init container - decrease init container CPU [sig-node, FeatureGate:InPlacePodVerticalScaling, Beta]" classname="End-to-End-Creating-Disk-From-Snapshot-On-Target-Datastore" status="skipped" time="0">
              <skipped message="skipped"></skipped>
          </testcase>
          <testcase name="[It] [sig-node] Pod InPlace Resize Container [FeatureGate:InPlacePodVerticalScaling] [Beta] Guaranteed QoS pod, one restartable init container - decrease CPU &amp; increase memory [sig-node, FeatureGate:InPlacePodVerticalScaling, Beta]" classname="End-to-End-Creating-Disk-From-Snapshot-On-Target-Datastore" status="skipped" time="0">
              <skipped message="skipped"></skipped>
          </testcase>
          <testcase name="[It] [sig-node] Pod InPlace Resize Container [FeatureGate:InPlacePodVerticalScaling] [Beta] Guaranteed QoS pod, one restartable init container - increase CPU &amp; memory [sig-node, FeatureGate:InPlacePodVerticalScaling, Beta]" classname="End-to-End-Creating-Disk-From-Snapshot-On-Target-Datastore" status="skipped" time="0">
              <skipped message="skipped"></skipped>
          </testcase>
          <testcase name="[It] [sig-node] Pod InPlace Resize Container [FeatureGate:InPlacePodVerticalScaling] [Beta] Guaranteed QoS pod, three containers (c1, c2, c3) - increase: CPU (c1,c3), memory (c2, c3) ; decrease: CPU (c2) [sig-node, FeatureGate:InPlacePodVerticalScaling, Beta]" classname="End-to-End-Creating-Disk-From-Snapshot-On-Target-Datastore" status="skipped" time="0">
              <skipped message="skipped"></skipped>
          </testcase>
          <testcase name="[It] [sig-node] Pod InPlace Resize Container [FeatureGate:InPlacePodVerticalScaling] [Beta] BestEffort pod - try requesting memory, expect error [sig-node, FeatureGate:InPlacePodVerticalScaling, Beta]" classname="End-to-End-Creating-Disk-From-Snapshot-On-Target-Datastore" status="skipped" time="0">
              <skipped message="skipped"></skipped>
          </testcase>
          <testcase name="[It] [sig-node] Pod InPlace Resize Container [FeatureGate:InPlacePodVerticalScaling] [Beta] Burstable QoS pod, one container with CPU requests + limits, cpu requests - remove memory requests [sig-node, FeatureGate:InPlacePodVerticalScaling, Beta]" classname="End-to-End-Creating-Disk-From-Snapshot-On-Target-Datastore" status="skipped" time="0">
              <skipped message="skipped"></skipped>
          </testcase>
          <testcase name="[It] [sig-node] Pod InPlace Resize Container [FeatureGate:InPlacePodVerticalScaling] [Beta] Burstable QoS pod, one container with cpu &amp; memory requests + limits - remove CPU limits [sig-node, FeatureGate:InPlacePodVerticalScaling, Beta]" classname="End-to-End-Creating-Disk-From-Snapshot-On-Target-Datastore" status="skipped" time="0">
              <skipped message="skipped"></skipped>
          </testcase>
          <testcase name="[It] [sig-node] Pod InPlace Resize Container [FeatureGate:InPlacePodVerticalScaling] [Beta] Burstable QoS pod, one container with cpu &amp; memory requests + limits - remove memory limits [sig-node, FeatureGate:InPlacePodVerticalScaling, Beta]" classname="End-to-End-Creating-Disk-From-Snapshot-On-Target-Datastore" status="skipped" time="0">
              <skipped message="skipped"></skipped>
          </testcase>
          <testcase name="[It] [sig-node] Pod InPlace Resize Container [FeatureGate:InPlacePodVerticalScaling] [Beta] Burstable QoS pod, one container with memory requests + limits, cpu requests - remove CPU requests [sig-node, FeatureGate:InPlacePodVerticalScaling, Beta]" classname="End-to-End-Creating-Disk-From-Snapshot-On-Target-Datastore" status="skipped" time="0">
              <skipped message="skipped"></skipped>
          </testcase>
          <testcase name="[It] [sig-node] Pod InPlace Resize Container [FeatureGate:InPlacePodVerticalScaling] [Beta] Burstable QoS pod, two containers with cpu &amp; memory requests + limits - reorder containers [sig-node, FeatureGate:InPlacePodVerticalScaling, Beta]" classname="End-to-End-Creating-Disk-From-Snapshot-On-Target-Datastore" status="skipped" time="0">
              <skipped message="skipped"></skipped>
          </testcase>
          <testcase name="[It] [sig-node] Pod InPlace Resize Container [FeatureGate:InPlacePodVerticalScaling] [Beta] decrease memory limit below usage [sig-node, FeatureGate:InPlacePodVerticalScaling, Beta]" classname="End-to-End-Creating-Disk-From-Snapshot-On-Target-Datastore" status="skipped" time="0">
              <skipped message="skipped"></skipped>
          </testcase>
          <testcase name="[It] [sig-node] Ephemeral Containers [NodeConformance] will start an ephemeral container in an existing pod [Conformance] [sig-node, NodeConformance, Conformance]" classname="End-to-End-Creating-Disk-From-Snapshot-On-Target-Datastore" status="skipped" time="0">
              <skipped message="skipped"></skipped>
          </testcase>
          <testcase name="[It] [sig-node] Ephemeral Containers [NodeConformance] should update the ephemeral containers in an existing pod [Conformance] [sig-node, NodeConformance, Conformance]" classname="End-to-End-Creating-Disk-From-Snapshot-On-Target-Datastore" status="skipped" time="0">
              <skipped message="skipped"></skipped>
          </testcase>
          <testcase name="[It] [sig-node] [Feature:ContainerStopSignals] [FeatureGate:ContainerStopSignals] [Alpha] [Feature:OffByDefault] when create a pod with a StopSignal lifecycle StopSignal defined with pod.OS [sig-node, Feature:ContainerStopSignals, FeatureGate:ContainerStopSignals, Alpha, Feature:OffByDefault]" classname="End-to-End-Creating-Disk-From-Snapshot-On-Target-Datastore" status="skipped" time="0">
              <skipped message="skipped"></skipped>
          </testcase>
          <testcase name="[It] [sig-storage] Projected secret should be consumable from pods in volume [NodeConformance] [Conformance] [sig-storage, NodeConformance, Conformance]" classname="End-to-End-Creating-Disk-From-Snapshot-On-Target-Datastore" status="skipped" time="0">
              <skipped message="skipped"></skipped>
          </testcase>
          <testcase name="[It] [sig-storage] Projected secret should be consumable from pods in volume with defaultMode set [LinuxOnly] [NodeConformance] [Conformance] [sig-storage, NodeConformance, Conformance]" classname="End-to-End-Creating-Disk-From-Snapshot-On-Target-Datastore" status="skipped" time="0">
              <skipped message="skipped"></skipped>
          </testcase>
          <testcase name="[It] [sig-storage] Projected secret should be consumable from pods in volume as non-root with defaultMode and fsGroup set [LinuxOnly] [NodeConformance] [Conformance] [sig-storage, NodeConformance, Conformance]" classname="End-to-End-Creating-Disk-From-Snapshot-On-Target-Datastore" status="skipped" time="0">
              <skipped message="skipped"></skipped>
          </testcase>
          <testcase name="[It] [sig-storage] Projected secret should be consumable from pods in volume with mappings [NodeConformance] [Conformance] [sig-storage, NodeConformance, Conformance]" classname="End-to-End-Creating-Disk-From-Snapshot-On-Target-Datastore" status="skipped" time="0">
              <skipped message="skipped"></skipped>
          </testcase>
          <testcase name="[It] [sig-storage] Projected secret should be consumable from pods in volume with mappings and Item Mode set [LinuxOnly] [NodeConformance] [Conformance] [sig-storage, NodeConformance, Conformance]" classname="End-to-End-Creating-Disk-From-Snapshot-On-Target-Datastore" status="skipped" time="0">
              <skipped message="skipped"></skipped>
          </testcase>
          <testcase name="[It] [sig-storage] Projected secret should be able to mount in a volume regardless of a different secret existing with same name in different namespace [NodeConformance] [sig-storage, NodeConformance]" classname="End-to-End-Creating-Disk-From-Snapshot-On-Target-Datastore" status="skipped" time="0">
              <skipped message="skipped"></skipped>
          </testcase>
          <testcase name="[It] [sig-storage] Projected secret should be consumable in multiple volumes in a pod [NodeConformance] [Conformance] [sig-storage, NodeConformance, Conformance]" classname="End-to-End-Creating-Disk-From-Snapshot-On-Target-Datastore" status="skipped" time="0">
              <skipped message="skipped"></skipped>
          </testcase>
          <testcase name="[It] [sig-storage] Projected secret optional updates should be reflected in volume [NodeConformance] [Conformance] [sig-storage, NodeConformance, Conformance]" classname="End-to-End-Creating-Disk-From-Snapshot-On-Target-Datastore" status="skipped" time="0">
              <skipped message="skipped"></skipped>
          </testcase>
          <testcase name="[It] [sig-storage] Projected secret Should fail non-optional pod creation due to secret object does not exist [Slow] [sig-storage, Slow]" classname="End-to-End-Creating-Disk-From-Snapshot-On-Target-Datastore" status="skipped" time="0">
              <skipped message="skipped"></skipped>
          </testcase>
          <testcase name="[It] [sig-storage] Projected secret Should fail non-optional pod creation due to the key in the secret object does not exist [Slow] [sig-storage, Slow]" classname="End-to-End-Creating-Disk-From-Snapshot-On-Target-Datastore" status="skipped" time="0">
              <skipped message="skipped"></skipped>
          </testcase>
          <testcase name="[It] [sig-node] FileKeyRef [FeatureGate:EnvFiles] [Alpha] [Feature:OffByDefault] should be consumable via FileKeyRef [sig-node, FeatureGate:EnvFiles, Alpha, Feature:OffByDefault]" classname="End-to-End-Creating-Disk-From-Snapshot-On-Target-Datastore" status="skipped" time="0">
              <skipped message="skipped"></skipped>
          </testcase>
          <testcase name="[It] [sig-node] FileKeyRef [FeatureGate:EnvFiles] [Alpha] [Feature:OffByDefault] should be consumable by multiple containers [sig-node, FeatureGate:EnvFiles, Alpha, Feature:OffByDefault]" classname="End-to-End-Creating-Disk-From-Snapshot-On-Target-Datastore" status="skipped" time="0">
              <skipped message="skipped"></skipped>
          </testcase>
          <testcase name="[It] [sig-node] FileKeyRef [FeatureGate:EnvFiles] [Alpha] [Feature:OffByDefault] should handle optional keys [sig-node, FeatureGate:EnvFiles, Alpha, Feature:OffByDefault]" classname="End-to-End-Creating-Disk-From-Snapshot-On-Target-Datastore" status="skipped" time="0">
              <skipped message="skipped"></skipped>
          </testcase>
          <testcase name="[It] [sig-node] FileKeyRef [FeatureGate:EnvFiles] [Alpha] [Feature:OffByDefault] should be consumable in postStart lifecycle hooks [sig-node, FeatureGate:EnvFiles, Alpha, Feature:OffByDefault]" classname="End-to-End-Creating-Disk-From-Snapshot-On-Target-Datastore" status="skipped" time="0">
              <skipped message="skipped"></skipped>
          </testcase>
          <testcase name="[It] [sig-node] FileKeyRef [FeatureGate:EnvFiles] [Alpha] [Feature:OffByDefault] should be consumable in preStop lifecycle hooks [sig-node, FeatureGate:EnvFiles, Alpha, Feature:OffByDefault]" classname="End-to-End-Creating-Disk-From-Snapshot-On-Target-Datastore" status="skipped" time="0">
              <skipped message="skipped"></skipped>
          </testcase>
          <testcase name="[It] [sig-node] FileKeyRef [FeatureGate:EnvFiles] [Alpha] [Feature:OffByDefault] should fail when volumeName does not exist [sig-node, FeatureGate:EnvFiles, Alpha, Feature:OffByDefault]" classname="End-to-End-Creating-Disk-From-Snapshot-On-Target-Datastore" status="skipped" time="0">
              <skipped message="skipped"></skipped>
          </testcase>
          <testcase name="[It] [sig-node] FileKeyRef [FeatureGate:EnvFiles] [Alpha] [Feature:OffByDefault] should fail when volume is not emptyDir [sig-node, FeatureGate:EnvFiles, Alpha, Feature:OffByDefault]" classname="End-to-End-Creating-Disk-From-Snapshot-On-Target-Datastore" status="skipped" time="0">
              <skipped message="skipped"></skipped>
          </testcase>
          <testcase name="[It] [sig-node] FileKeyRef [FeatureGate:EnvFiles] [Alpha] [Feature:OffByDefault] should fail when file or key does not exist [sig-node, FeatureGate:EnvFiles, Alpha, Feature:OffByDefault]" classname="End-to-End-Creating-Disk-From-Snapshot-On-Target-Datastore" status="skipped" time="0">
              <skipped message="skipped"></skipped>
          </testcase>
          <testcase name="[It] [sig-node] FileKeyRef [FeatureGate:EnvFiles] [Alpha] [Feature:OffByDefault] should handle optional missing file or key [sig-node, FeatureGate:EnvFiles, Alpha, Feature:OffByDefault]" classname="End-to-End-Creating-Disk-From-Snapshot-On-Target-Datastore" status="skipped" time="0">
              <skipped message="skipped"></skipped>
          </testcase>
          <testcase name="[It] [sig-node] FileKeyRef [FeatureGate:EnvFiles] [Alpha] [Feature:OffByDefault] should allow initContainer to consume fileKeyRef [sig-node, FeatureGate:EnvFiles, Alpha, Feature:OffByDefault]" classname="End-to-End-Creating-Disk-From-Snapshot-On-Target-Datastore" status="skipped" time="0">
              <skipped message="skipped"></skipped>
          </testcase>
          <testcase name="[It] [sig-node] FileKeyRef [FeatureGate:EnvFiles] [Alpha] [Feature:OffByDefault] should fail when initContainer consumes fileKeyRef from non-emptyDir volume [sig-node, FeatureGate:EnvFiles, Alpha, Feature:OffByDefault]" classname="End-to-End-Creating-Disk-From-Snapshot-On-Target-Datastore" status="skipped" time="0">
              <skipped message="skipped"></skipped>
          </testcase>
          <testcase name="[It] [sig-node] FileKeyRef [FeatureGate:EnvFiles] [Alpha] [Feature:OffByDefault] should allow ephemeralContainer to consume fileKeyRef [sig-node, FeatureGate:EnvFiles, Alpha, Feature:OffByDefault]" classname="End-to-End-Creating-Disk-From-Snapshot-On-Target-Datastore" status="skipped" time="0">
              <skipped message="skipped"></skipped>
          </testcase>
          <testcase name="[It] [sig-node] Lease lease API should be available [Conformance] [sig-node, Conformance]" classname="End-to-End-Creating-Disk-From-Snapshot-On-Target-Datastore" status="skipped" time="0">
              <skipped message="skipped"></skipped>
          </testcase>
          <testcase name="[It] [sig-node] NodeLease NodeLease the kubelet should create and update a lease in the kube-node-lease namespace [sig-node]" classname="End-to-End-Creating-Disk-From-Snapshot-On-Target-Datastore" status="skipped" time="0">
              <skipped message="skipped"></skipped>
          </testcase>
          <testcase name="[It] [sig-node] NodeLease NodeLease should have OwnerReferences set [sig-node]" classname="End-to-End-Creating-Disk-From-Snapshot-On-Target-Datastore" status="skipped" time="0">
              <skipped message="skipped"></skipped>
          </testcase>
          <testcase name="[It] [sig-node] NodeLease NodeLease the kubelet should report node status infrequently [sig-node]" classname="End-to-End-Creating-Disk-From-Snapshot-On-Target-Datastore" status="skipped" time="0">
              <skipped message="skipped"></skipped>
          </testcase>
          <testcase name="[It] [sig-storage] Secrets should be consumable from pods in volume [NodeConformance] [Conformance] [sig-storage, NodeConformance, Conformance]" classname="End-to-End-Creating-Disk-From-Snapshot-On-Target-Datastore" status="skipped" time="0">
              <skipped message="skipped"></skipped>
          </testcase>
          <testcase name="[It] [sig-storage] Secrets should be consumable from pods in volume with defaultMode set [LinuxOnly] [NodeConformance] [Conformance] [sig-storage, NodeConformance, Conformance]" classname="End-to-End-Creating-Disk-From-Snapshot-On-Target-Datastore" status="skipped" time="0">
              <skipped message="skipped"></skipped>
          </testcase>
          <testcase name="[It] [sig-storage] Secrets should be consumable from pods in volume as non-root with defaultMode and fsGroup set [LinuxOnly] [NodeConformance] [Conformance] [sig-storage, NodeConformance, Conformance]" classname="End-to-End-Creating-Disk-From-Snapshot-On-Target-Datastore" status="skipped" time="0">
              <skipped message="skipped"></skipped>
          </testcase>
          <testcase name="[It] [sig-storage] Secrets should be consumable from pods in volume with mappings [NodeConformance] [Conformance] [sig-storage, NodeConformance, Conformance]" classname="End-to-End-Creating-Disk-From-Snapshot-On-Target-Datastore" status="skipped" time="0">
              <skipped message="skipped"></skipped>
          </testcase>
          <testcase name="[It] [sig-storage] Secrets should be consumable from pods in volume with mappings and Item Mode set [LinuxOnly] [NodeConformance] [Conformance] [sig-storage, NodeConformance, Conformance]" classname="End-to-End-Creating-Disk-From-Snapshot-On-Target-Datastore" status="skipped" time="0">
              <skipped message="skipped"></skipped>
          </testcase>
          <testcase name="[It] [sig-storage] Secrets should be able to mount in a volume regardless of a different secret existing with same name in different namespace [NodeConformance] [Conformance] [sig-storage, NodeConformance, Conformance]" classname="End-to-End-Creating-Disk-From-Snapshot-On-Target-Datastore" status="skipped" time="0">
              <skipped message="skipped"></skipped>
          </testcase>
          <testcase name="[It] [sig-storage] Secrets should be consumable in multiple volumes in a pod [NodeConformance] [Conformance] [sig-storage, NodeConformance, Conformance]" classname="End-to-End-Creating-Disk-From-Snapshot-On-Target-Datastore" status="skipped" time="0">
              <skipped message="skipped"></skipped>
          </testcase>
          <testcase name="[It] [sig-storage] Secrets optional updates should be reflected in volume [NodeConformance] [Conformance] [sig-storage, NodeConformance, Conformance]" classname="End-to-End-Creating-Disk-From-Snapshot-On-Target-Datastore" status="skipped" time="0">
              <skipped message="skipped"></skipped>
          </testcase>
          <testcase name="[It] [sig-storage] Secrets should be immutable if `immutable` field is set [Conformance] [sig-storage, Conformance]" classname="End-to-End-Creating-Disk-From-Snapshot-On-Target-Datastore" status="skipped" time="0">
              <skipped message="skipped"></skipped>
          </testcase>
          <testcase name="[It] [sig-storage] Secrets Should fail non-optional pod creation due to secret object does not exist [Slow] [sig-storage, Slow]" classname="End-to-End-Creating-Disk-From-Snapshot-On-Target-Datastore" status="skipped" time="0">
              <skipped message="skipped"></skipped>
          </testcase>
          <testcase name="[It] [sig-storage] Secrets Should fail non-optional pod creation due to the key in the secret object does not exist [Slow] [sig-storage, Slow]" classname="End-to-End-Creating-Disk-From-Snapshot-On-Target-Datastore" status="skipped" time="0">
              <skipped message="skipped"></skipped>
          </testcase>
          <testcase name="[It] [sig-node] Kubelet with pods in a privileged namespace when scheduling an agnhost Pod with hostAliases and hostNetwork should write entries to /etc/hosts when hostNetwork is enabled [NodeConformance] [sig-node, NodeConformance]" classname="End-to-End-Creating-Disk-From-Snapshot-On-Target-Datastore" status="skipped" time="0">
              <skipped message="skipped"></skipped>
          </testcase>
          <testcase name="[It] [sig-storage] Downward API volume should provide podname only [NodeConformance] [Conformance] [sig-storage, NodeConformance, Conformance]" classname="End-to-End-Creating-Disk-From-Snapshot-On-Target-Datastore" status="skipped" time="0">
              <skipped message="skipped"></skipped>
          </testcase>
          <testcase name="[It] [sig-storage] Downward API volume should set DefaultMode on files [LinuxOnly] [NodeConformance] [Conformance] [sig-storage, NodeConformance, Conformance]" classname="End-to-End-Creating-Disk-From-Snapshot-On-Target-Datastore" status="skipped" time="0">
              <skipped message="skipped"></skipped>
          </testcase>
          <testcase name="[It] [sig-storage] Downward API volume should set mode on item file [LinuxOnly] [NodeConformance] [Conformance] [sig-storage, NodeConformance, Conformance]" classname="End-to-End-Creating-Disk-From-Snapshot-On-Target-Datastore" status="skipped" time="0">
              <skipped message="skipped"></skipped>
          </testcase>
          <testcase name="[It] [sig-storage] Downward API volume should provide podname as non-root with fsgroup [LinuxOnly] [sig-storage]" classname="End-to-End-Creating-Disk-From-Snapshot-On-Target-Datastore" status="skipped" time="0">
              <skipped message="skipped"></skipped>
          </testcase>
          <testcase name="[It] [sig-storage] Downward API volume should provide podname as non-root with fsgroup and defaultMode [LinuxOnly] [sig-storage]" classname="End-to-End-Creating-Disk-From-Snapshot-On-Target-Datastore" status="skipped" time="0">
              <skipped message="skipped"></skipped>
          </testcase>
          <testcase name="[It] [sig-storage] Downward API volume should update labels on modification [NodeConformance] [Conformance] [sig-storage, NodeConformance, Conformance]" classname="End-to-End-Creating-Disk-From-Snapshot-On-Target-Datastore" status="skipped" time="0">
              <skipped message="skipped"></skipped>
          </testcase>
          <testcase name="[It] [sig-storage] Downward API volume should update annotations on modification [NodeConformance] [Conformance] [sig-storage, NodeConformance, Conformance]" classname="End-to-End-Creating-Disk-From-Snapshot-On-Target-Datastore" status="skipped" time="0">
              <skipped message="skipped"></skipped>
          </testcase>
          <testcase name="[It] [sig-storage] Downward API volume should provide container&#39;s cpu limit [NodeConformance] [Conformance] [sig-storage, NodeConformance, Conformance]" classname="End-to-End-Creating-Disk-From-Snapshot-On-Target-Datastore" status="skipped" time="0">
              <skipped message="skipped"></skipped>
          </testcase>
          <testcase name="[It] [sig-storage] Downward API volume should provide container&#39;s memory limit [NodeConformance] [Conformance] [sig-storage, NodeConformance, Conformance]" classname="End-to-End-Creating-Disk-From-Snapshot-On-Target-Datastore" status="skipped" time="0">
              <skipped message="skipped"></skipped>
          </testcase>
          <testcase name="[It] [sig-storage] Downward API volume should provide container&#39;s cpu request [NodeConformance] [Conformance] [sig-storage, NodeConformance, Conformance]" classname="End-to-End-Creating-Disk-From-Snapshot-On-Target-Datastore" status="skipped" time="0">
              <skipped message="skipped"></skipped>
          </testcase>
          <testcase name="[It] [sig-storage] Downward API volume should provide container&#39;s memory request [NodeConformance] [Conformance] [sig-storage, NodeConformance, Conformance]" classname="End-to-End-Creating-Disk-From-Snapshot-On-Target-Datastore" status="skipped" time="0">
              <skipped message="skipped"></skipped>
          </testcase>
          <testcase name="[It] [sig-storage] Downward API volume should provide node allocatable (cpu) as default cpu limit if the limit is not set [NodeConformance] [Conformance] [sig-storage, NodeConformance, Conformance]" classname="End-to-End-Creating-Disk-From-Snapshot-On-Target-Datastore" status="skipped" time="0">
              <skipped message="skipped"></skipped>
          </testcase>
          <testcase name="[It] [sig-storage] Downward API volume should provide node allocatable (memory) as default memory limit if the limit is not set [NodeConformance] [Conformance] [sig-storage, NodeConformance, Conformance]" classname="End-to-End-Creating-Disk-From-Snapshot-On-Target-Datastore" status="skipped" time="0">
              <skipped message="skipped"></skipped>
          </testcase>
          <testcase name="[It] [sig-node] Downward API should provide pod name, namespace and IP address as env vars [NodeConformance] [Conformance] [sig-node, NodeConformance, Conformance]" classname="End-to-End-Creating-Disk-From-Snapshot-On-Target-Datastore" status="skipped" time="0">
              <skipped message="skipped"></skipped>
          </testcase>
          <testcase name="[It] [sig-node] Downward API should provide host IP as an env var [NodeConformance] [Conformance] [sig-node, NodeConformance, Conformance]" classname="End-to-End-Creating-Disk-From-Snapshot-On-Target-Datastore" status="skipped" time="0">
              <skipped message="skipped"></skipped>
          </testcase>
          <testcase name="[It] [sig-node] Downward API should provide hostIPs as an env var [NodeConformance] [Conformance] [sig-node, NodeConformance, Conformance]" classname="End-to-End-Creating-Disk-From-Snapshot-On-Target-Datastore" status="skipped" time="0">
              <skipped message="skipped"></skipped>
          </testcase>
          <testcase name="[It] [sig-node] Downward API should provide host IP and pod IP as an env var if pod uses host network [LinuxOnly] [sig-node]" classname="End-to-End-Creating-Disk-From-Snapshot-On-Target-Datastore" status="skipped" time="0">
              <skipped message="skipped"></skipped>
          </testcase>
          <testcase name="[It] [sig-node] Downward API should provide container&#39;s limits.cpu/memory and requests.cpu/memory as env vars [NodeConformance] [Conformance] [sig-node, NodeConformance, Conformance]" classname="End-to-End-Creating-Disk-From-Snapshot-On-Target-Datastore" status="skipped" time="0">
              <skipped message="skipped"></skipped>
          </testcase>
          <testcase name="[It] [sig-node] Downward API should provide default limits.cpu/memory from node allocatable [NodeConformance] [Conformance] [sig-node, NodeConformance, Conformance]" classname="End-to-End-Creating-Disk-From-Snapshot-On-Target-Datastore" status="skipped" time="0">
              <skipped message="skipped"></skipped>
          </testcase>
          <testcase name="[It] [sig-node] Downward API should provide pod UID as env vars [NodeConformance] [Conformance] [sig-node, NodeConformance, Conformance]" classname="End-to-End-Creating-Disk-From-Snapshot-On-Target-Datastore" status="skipped" time="0">
              <skipped message="skipped"></skipped>
          </testcase>
          <testcase name="[It] [restore-on-target-ds-vms-p0] restore-on-target-ds-vms-p0 Attach VM to restored PVC which already attached to original PVC [p0, vc901]" classname="End-to-End-Creating-Disk-From-Snapshot-On-Target-Datastore" status="panicked" time="946.934027375">
              <error message="runtime error: invalid memory address or nil pointer dereference" type="panicked">[PANICKED] Test Panicked&#xA;In [It] at: /Users/nayakb/vsphere-csi-driver/vendor/k8s.io/apimachinery/pkg/util/runtime/runtime.go:114 @ 09/30/25 13:43:07.307&#xA;&#xA;runtime error: invalid memory address or nil pointer dereference&#xA;&#xA;Full Stack Trace&#xA;  k8s.io/apimachinery/pkg/util/runtime.handleCrash({0x1047ca458, 0x14001cc1950}, {0x103fd9a20, 0x106854f10}, {0x0, 0x0, 0x0})&#xA;  &#x9;/Users/nayakb/vsphere-csi-driver/vendor/k8s.io/apimachinery/pkg/util/runtime/runtime.go:114 +0x1b4&#xA;  k8s.io/apimachinery/pkg/util/runtime.HandleCrashWithContext({0x1047ca500, 0x14000646f50}, {0x0, 0x0, 0x0})&#xA;  &#x9;/Users/nayakb/vsphere-csi-driver/vendor/k8s.io/apimachinery/pkg/util/runtime/runtime.go:78 +0x70&#xA;  panic({0x103fd9a20?, 0x106854f10?})&#xA;  &#x9;/Users/nayakb/go/pkg/mod/golang.org/toolchain@v0.0.1-go1.24.2.darwin-arm64/src/runtime/panic.go:792 +0xf0&#xA;  sigs.k8s.io/vsphere-csi-driver/v3/tests/e2e/vcutil.QueryCNSVolumeSnapshotWithResult(0x14000774660, {0x14001335770, 0x24}, {0x14000b05885, 0x24})&#xA;  &#x9;/Users/nayakb/vsphere-csi-driver/tests/e2e/vcutil/vc_util.go:357 +0x338&#xA;  sigs.k8s.io/vsphere-csi-driver/v3/tests/e2e/vcutil.VerifySnapshotIsCreatedInCNS(0x14000774660, {0x14001335770, 0x24}, {0x14000b05885, 0x24})&#xA;  &#x9;/Users/nayakb/vsphere-csi-driver/tests/e2e/vcutil/vc_util.go:397 +0x158&#xA;  sigs.k8s.io/vsphere-csi-driver/v3/tests/e2e/csisnapshot.WaitForCNSSnapshotToBeCreated.func1({0x1047ca500, 0x14000646f50})&#xA;  &#x9;/Users/nayakb/vsphere-csi-driver/tests/e2e/csisnapshot/util.go:75 +0x74&#xA;  k8s.io/apimachinery/pkg/util/wait.loopConditionUntilContext.func1({0x1047ca500, 0x14000646f50}, 0x14001d8f510)&#xA;  &#x9;/Users/nayakb/vsphere-csi-driver/vendor/k8s.io/apimachinery/pkg/util/wait/loop.go:53 +0xcc&#xA;  k8s.io/apimachinery/pkg/util/wait.loopConditionUntilContext({0x1047ca500, 0x14000646f50}, {0x1047b4f20, 0x140007d7440}, 0x1, 0x0, 0x14001d8f510)&#xA;  &#x9;/Users/nayakb/vsphere-csi-driver/vendor/k8s.io/apimachinery/pkg/util/wait/loop.go:54 +0x130&#xA;  k8s.io/apimachinery/pkg/util/wait.PollUntilContextTimeout({0x1047ca538, 0x106901dc8}, 0x77359400, 0x1176592e000, 0x1, 0x14001d8f510)&#xA;  &#x9;/Users/nayakb/vsphere-csi-driver/vendor/k8s.io/apimachinery/pkg/util/wait/poll.go:48 +0x100&#xA;  sigs.k8s.io/vsphere-csi-driver/v3/tests/e2e/csisnapshot.WaitForCNSSnapshotToBeCreated(0x14000774660, {0x14001335770, 0x24}, {0x14000b05885, 0x24})&#xA;  &#x9;/Users/nayakb/vsphere-csi-driver/tests/e2e/csisnapshot/util.go:73 +0x17c&#xA;  sigs.k8s.io/vsphere-csi-driver/v3/tests/e2e/csisnapshot.CreateDynamicVolumeSnapshot({0x1047ca490, 0x14000194aa0}, 0x14000774660, {0x14001268540, 0x8}, 0x14001300960, 0x14000885180, 0x14000ba83c0, {0x14001335770, 0x24}, ...)&#xA;  &#x9;/Users/nayakb/vsphere-csi-driver/tests/e2e/csisnapshot/util.go:231 +0x8ac&#xA;  sigs.k8s.io/vsphere-csi-driver/v3/tests/e2e/csisnapshot.CreateVolumeSnapshot({0x1047ca490, 0x14000194aa0}, 0x14000774660, {0x14001268540, 0x8}, 0x14000ba83c0, {0x140000ba560, 0x1, 0x1}, {0x10363bc38, ...})&#xA;  &#x9;/Users/nayakb/vsphere-csi-driver/tests/e2e/csisnapshot/util.go:416 +0x22c&#xA;  sigs.k8s.io/vsphere-csi-driver/v3/tests/e2e/restore_on_target_ds.init.func2.3()&#xA;  &#x9;/Users/nayakb/vsphere-csi-driver/tests/e2e/restore_on_target_ds/restore_on_target_ds_vms_tests.go:182 +0x614&#xA;&#xA;There were additional failures detected after the initial failure. These are visible in the timeline&#xA;</error>
              <system-err>&gt; Enter [BeforeEach] [restore-on-target-ds-vms-p0] restore-on-target-ds-vms-p0 - set up framework | framework.go:200 @ 09/30/25 13:37:24.106&#xA;STEP: Creating a kubernetes client - /Users/nayakb/vsphere-csi-driver/vendor/k8s.io/kubernetes/test/e2e/framework/framework.go:220 @ 09/30/25 13:37:24.106&#xA;I0930 13:37:24.106580 67684 util.go:454] &gt;&gt;&gt; kubeConfig: /Users/nayakb/vsphere-csi-driver/supervisor-cluster-kube-config-file&#xA;&lt; Exit [BeforeEach] [restore-on-target-ds-vms-p0] restore-on-target-ds-vms-p0 - set up framework | framework.go:200 @ 09/30/25 13:37:24.11 (4ms)&#xA;&gt; Enter [BeforeEach] [restore-on-target-ds-vms-p0] restore-on-target-ds-vms-p0 - /Users/nayakb/vsphere-csi-driver/tests/e2e/restore_on_target_ds/restore_on_target_ds_vms_tests.go:71 @ 09/30/25 13:37:24.11&#xA;I0930 13:37:26.454073 67684 util.go:6215] Running command: curl -k -X POST https://10.192.73.138/rest/com/vmware/cis/session -u &#39;Administrator@vsphere.local:FVZOIhzt6_kR0x_k&#39;&#xA;I0930 13:37:29.476433 67684 ssh.go:363] ssh root@10.192.73.138:22: command:   curl -k -X POST https://10.192.73.138/rest/com/vmware/cis/session -u &#39;Administrator@vsphere.local:FVZOIhzt6_kR0x_k&#39;&#xA;I0930 13:37:29.476812 67684 ssh.go:364] ssh root@10.192.73.138:22: stdout:    &#34;{\&#34;value\&#34;:\&#34;f1240905bb4e401c7ab2a8ebb3139ab2\&#34;}&#34;&#xA;I0930 13:37:29.476888 67684 ssh.go:365] ssh root@10.192.73.138:22: stderr:    &#34;  % Total    % Received % Xferd  Average Speed   Time    Time     Time  Current\n                                 Dload  Upload   Total   Spent    Left  Speed\n\r  0     0    0     0    0     0      0      0 --:--:-- --:--:-- --:--:--     0\r100    44    0    44    0     0    759      0 --:--:-- --:--:-- --:--:--   771\n&#34;&#xA;I0930 13:37:29.476915 67684 ssh.go:366] ssh root@10.192.73.138:22: exit code: 0&#xA;I0930 13:37:29.477003 67684 util.go:6228] sessionID is: f1240905bb4e401c7ab2a8ebb3139ab2&#xA;I0930 13:37:31.196116 67684 vc_util.go:597] storage policy id: fcccd46d-c8a9-48a9-8c0d-5c34536fdfc5 for storage policy name is: vsan-thin&#xA;I0930 13:37:33.107684 67684 restore_on_target_ds_vms_tests.go:102] dsmoId: datastore-33&#xA;I0930 13:37:33.107860 67684 vmservice_utils.go:290] Invoking GET on url: https://10.192.73.138/api/content/subscribed-library&#xA;I0930 13:37:34.462290 67684 util.go:1541] API Response status 200&#xA;I0930 13:37:34.462414 67684 vmservice_utils.go:258] Content lib IDs:&#xA;[e8f48107-e967-440f-846f-2c70d01869e7 72112bf5-5355-4987-ae7d-e2cf1a8f95fb]&#xA;I0930 13:37:34.462468 67684 vmservice_utils.go:290] Invoking GET on url: https://10.192.73.138/api/content/subscribed-library/e8f48107-e967-440f-846f-2c70d01869e7&#xA;I0930 13:37:35.381030 67684 util.go:1541] API Response status 200&#xA;I0930 13:37:35.381306 67684 vmservice_utils.go:279] Content lib with id e8f48107-e967-440f-846f-2c70d01869e7: {e8f48107-e967-440f-846f-2c70d01869e7 Kubernetes Service Content Library datastore-111 https://wp-content.vmware.com/v2/latest/lib.json}&#xA;I0930 13:37:35.381334 67684 vmservice_utils.go:290] Invoking GET on url: https://10.192.73.138/api/content/subscribed-library/72112bf5-5355-4987-ae7d-e2cf1a8f95fb&#xA;I0930 13:37:36.302344 67684 util.go:1541] API Response status 200&#xA;I0930 13:37:36.302508 67684 vmservice_utils.go:279] Content lib with id 72112bf5-5355-4987-ae7d-e2cf1a8f95fb: {72112bf5-5355-4987-ae7d-e2cf1a8f95fb csi-vmsvc-8678 datastore-33 https://wp-content-pstg.broadcom.com/vmsvc/lib.json}&#xA;I0930 13:37:36.304208 67684 util.go:7843] Invoking GET on url: https://10.192.73.138:443/api/vcenter/namespace-management/supervisors/summaries&#xA;I0930 13:37:37.375957 67684 util.go:1541] API Response status 200&#xA;I0930 13:37:37.377706 67684 util.go:7832] Supervisor summary: map[items:[map[info:map[config_status:RUNNING kubernetes_status:READY name:supervisor stats:map[cpu_capacity:620760 cpu_used:10374 memory_capacity:631986 memory_used:57896 storage_capacity:151422 storage_used:54188]] supervisor:2f6bd7e7-b709-4c71-8356-4115abdb9d69]]]&#xA;I0930 13:37:37.377912 67684 util.go:7787] Invoking POST on url: https://10.192.73.138:443/api/vcenter/namespaces/instances/v2&#xA;I0930 13:37:38.649651 67684 util.go:1541] API Response status 204&#xA;&lt; Exit [BeforeEach] [restore-on-target-ds-vms-p0] restore-on-target-ds-vms-p0 - /Users/nayakb/vsphere-csi-driver/tests/e2e/restore_on_target_ds/restore_on_target_ds_vms_tests.go:71 @ 09/30/25 13:38:38.65 (1m14.54s)&#xA;&gt; Enter [It] Attach VM to restored PVC which already attached to original PVC - /Users/nayakb/vsphere-csi-driver/tests/e2e/restore_on_target_ds/restore_on_target_ds_vms_tests.go:158 @ 09/30/25 13:38:38.65&#xA;I0930 13:38:38.650378 67684 restore_on_target_ds_vms_tests.go:163] Starting test: Attach VM to restored PVC which already attached to original PVC&#xA;STEP: Create PVC - /Users/nayakb/vsphere-csi-driver/tests/e2e/k8testutil/util.go:7927 @ 09/30/25 13:38:38.65&#xA;STEP: Creating PVC using the Storage Class vsan-thin with disk size  and labels: map[] accessMode:  - /Users/nayakb/vsphere-csi-driver/tests/e2e/k8testutil/util.go:984 @ 09/30/25 13:38:38.65&#xA;I0930 13:38:39.125430 67684 util.go:988] PVC created: pvc-7gw6b in namespace: csi-1613&#xA;I0930 13:38:39.125469 67684 pv.go:790] Waiting up to timeout=5m0s for PersistentVolumeClaims [pvc-7gw6b] to have phase Bound&#xA;I0930 13:38:39.354350 67684 pv.go:806] PersistentVolumeClaim pvc-7gw6b found but phase is Pending instead of Bound.&#xA;I0930 13:38:41.587954 67684 pv.go:801] PersistentVolumeClaim pvc-7gw6b found and phase=Bound (2.46246s)&#xA;STEP: Create vm service vm - /Users/nayakb/vsphere-csi-driver/tests/e2e/restore_on_target_ds/restore_on_target_ds_vms_tests.go:168 @ 09/30/25 13:38:42.054&#xA;I0930 13:38:42.055040 67684 vmservice_utils.go:1291] Waiting for virtual machine image list to be available in namespace &#39;csi-1613&#39; for image &#39;ubuntu-2004-cloud-init-21.4-kube-v1.20.10&#39;&#xA;I0930 13:39:14.515009 67684 vmservice_utils.go:343] Found vmi vmi-906e064069661b971 for image name ubuntu-2004-cloud-init-21.4-kube-v1.20.10&#xA;I0930 13:39:15.528287 67684 vmservice_utils.go:511] Found VM csi-test-vm-4291 in namespace csi-1613&#xA;I0930 13:39:15.528442 67684 vmservice_utils.go:561] Creating loadbalancer VM: csi-test-vm-4291-svc-4189 for vm: csi-test-vm-4291&#xA;I0930 13:42:56.269548 67684 vmservice_utils.go:533] Found IP &#39;166.168.16.9&#39; for VM &#39;csi-test-vm-4291&#39;&#xA;I0930 13:42:56.971523 67684 vmservice_utils.go:654] Given PVCs &#39;[pvc-7gw6b]&#39; are attached to VM csi-test-vm-4291&#xA;STEP: Wait for VM to come up and get an IP - /Users/nayakb/vsphere-csi-driver/tests/e2e/restore_on_target_ds/restore_on_target_ds_vms_tests.go:173 @ 09/30/25 13:42:57.215&#xA;I0930 13:42:57.456423 67684 vmservice_utils.go:533] Found IP &#39;166.168.16.9&#39; for VM &#39;csi-test-vm-4291&#39;&#xA;STEP: Wait and verify PVCs are attached to the VM - /Users/nayakb/vsphere-csi-driver/tests/e2e/restore_on_target_ds/restore_on_target_ds_vms_tests.go:177 @ 09/30/25 13:42:57.456&#xA;I0930 13:42:57.923598 67684 vmservice_utils.go:654] Given PVCs &#39;[pvc-7gw6b]&#39; are attached to VM csi-test-vm-4291&#xA;STEP: Get or create volume snapshot class - /Users/nayakb/vsphere-csi-driver/tests/e2e/csisnapshot/util.go:404 @ 09/30/25 13:42:57.924&#xA;I0930 13:42:58.159831 67684 util.go:320] volumesnapshotclass &amp;{{ } {volumesnapshotclass-delete    856e3a6e-e0b3-4be2-aa00-769a206b22e6 1793 1 2025-09-23 15:45:19 +0530 IST &lt;nil&gt; &lt;nil&gt; map[] map[kubectl.kubernetes.io/last-applied-configuration:{&#34;apiVersion&#34;:&#34;snapshot.storage.k8s.io/v1&#34;,&#34;deletionPolicy&#34;:&#34;Delete&#34;,&#34;driver&#34;:&#34;csi.vsphere.vmware.com&#34;,&#34;kind&#34;:&#34;VolumeSnapshotClass&#34;,&#34;metadata&#34;:{&#34;annotations&#34;:{&#34;snapshot.storage.kubernetes.io/is-default-class&#34;:&#34;true&#34;},&#34;name&#34;:&#34;volumesnapshotclass-delete&#34;}}&#xA; snapshot.storage.kubernetes.io/is-default-class:true] [] [] [{kubectl-client-side-apply Update snapshot.storage.k8s.io/v1 2025-09-23 15:45:19 +0530 IST FieldsV1 {&#34;f:deletionPolicy&#34;:{},&#34;f:driver&#34;:{},&#34;f:metadata&#34;:{&#34;f:annotations&#34;:{&#34;.&#34;:{},&#34;f:kubectl.kubernetes.io/last-applied-configuration&#34;:{},&#34;f:snapshot.storage.kubernetes.io/is-default-class&#34;:{}}}} }]} csi.vsphere.vmware.com map[] Delete}, err:&lt;nil&gt;&#xA;I0930 13:42:58.160000 67684 util.go:326] Found volumesnapshotclass volumesnapshotclass-delete&#xA;STEP: Create a volume snapshot - /Users/nayakb/vsphere-csi-driver/tests/e2e/csisnapshot/util.go:410 @ 09/30/25 13:42:58.16&#xA;I0930 13:42:58.589482 67684 util.go:197] Volume snapshot name is : snapshot-5v64w&#xA;STEP: Verify volume snapshot is created - /Users/nayakb/vsphere-csi-driver/tests/e2e/csisnapshot/util.go:199 @ 09/30/25 13:42:58.589&#xA;STEP: Verify volume snapshot content is created - /Users/nayakb/vsphere-csi-driver/tests/e2e/csisnapshot/util.go:210 @ 09/30/25 13:43:06.834&#xA;I0930 13:43:07.305493 67684 util.go:57] volumesnapshotcontent details: &amp;{{ } {snapcontent-4fed1aaf-ff6f-4c9f-aa19-bbde4e724234    e5cdc518-3976-408a-a95e-fddcdb912a79 7480477 1 2025-09-30 13:42:58 +0530 IST &lt;nil&gt; &lt;nil&gt; map[] map[] [] [snapshot.storage.kubernetes.io/volumesnapshotcontent-bound-protection] [{snapshot-controller Update snapshot.storage.k8s.io/v1 2025-09-30 13:42:58 +0530 IST FieldsV1 {&#34;f:metadata&#34;:{&#34;f:finalizers&#34;:{&#34;.&#34;:{},&#34;v:\&#34;snapshot.storage.kubernetes.io/volumesnapshotcontent-bound-protection\&#34;&#34;:{}}},&#34;f:spec&#34;:{&#34;.&#34;:{},&#34;f:deletionPolicy&#34;:{},&#34;f:driver&#34;:{},&#34;f:source&#34;:{&#34;.&#34;:{},&#34;f:volumeHandle&#34;:{}},&#34;f:sourceVolumeMode&#34;:{},&#34;f:volumeSnapshotClassName&#34;:{},&#34;f:volumeSnapshotRef&#34;:{}}} } {csi-snapshotter Update snapshot.storage.k8s.io/v1 2025-09-30 13:43:05 +0530 IST FieldsV1 {&#34;f:status&#34;:{&#34;.&#34;:{},&#34;f:creationTime&#34;:{},&#34;f:readyToUse&#34;:{},&#34;f:restoreSize&#34;:{},&#34;f:snapshotHandle&#34;:{}}} status}]} {{VolumeSnapshot csi-1613 snapshot-5v64w 4fed1aaf-ff6f-4c9f-aa19-bbde4e724234 snapshot.storage.k8s.io/v1 7480290 } Delete csi.vsphere.vmware.com 0x14000273d40 {0x14000273d20 &lt;nil&gt;} 0x14000273d30} 0x14001cc16b0}&#xA;I0930 13:43:07.305717 67684 util.go:62] snapcontent-4fed1aaf-ff6f-4c9f-aa19-bbde4e724234 volume snapshotContent is in ready state&#xA;I0930 13:43:07.305757 67684 util.go:223] Get volume snapshot ID from snapshot handle&#xA;STEP: Query CNS and check the volume snapshot entry - /Users/nayakb/vsphere-csi-driver/tests/e2e/csisnapshot/util.go:230 @ 09/30/25 13:43:07.305&#xA;STEP: Invoking queryCNSVolumeSnapshotWithResult with VolumeID: 3507ee2e-c882-453c-9688-9d700e6bb97b and SnapshotID: d2ab02c3-eb08-4876-bf40-29b29605b2af - /Users/nayakb/vsphere-csi-driver/tests/e2e/vcutil/vc_util.go:393 @ 09/30/25 13:43:07.306&#xA;E0930 13:43:07.306798   67684 panic.go:262] &#34;Observed a panic&#34; panic=&#34;runtime error: invalid memory address or nil pointer dereference&#34; panicGoValue=&#34;\&#34;invalid memory address or nil pointer dereference\&#34;&#34; stacktrace=&lt;&#xA;&#x9;goroutine 175 [running]:&#xA;&#x9;k8s.io/apimachinery/pkg/util/runtime.logPanic({0x1047ca458, 0x14001cc1950}, {0x103fd9a20, 0x106854f10})&#xA;&#x9;&#x9;/Users/nayakb/vsphere-csi-driver/vendor/k8s.io/apimachinery/pkg/util/runtime/runtime.go:132 +0xe4&#xA;&#x9;k8s.io/apimachinery/pkg/util/runtime.handleCrash({0x1047ca458, 0x14001cc1950}, {0x103fd9a20, 0x106854f10}, {0x0, 0x0, 0x0})&#xA;&#x9;&#x9;/Users/nayakb/vsphere-csi-driver/vendor/k8s.io/apimachinery/pkg/util/runtime/runtime.go:107 +0x104&#xA;&#x9;k8s.io/apimachinery/pkg/util/runtime.HandleCrashWithContext({0x1047ca500, 0x14000646f50}, {0x0, 0x0, 0x0})&#xA;&#x9;&#x9;/Users/nayakb/vsphere-csi-driver/vendor/k8s.io/apimachinery/pkg/util/runtime/runtime.go:78 +0x70&#xA;&#x9;panic({0x103fd9a20?, 0x106854f10?})&#xA;&#x9;&#x9;/Users/nayakb/go/pkg/mod/golang.org/toolchain@v0.0.1-go1.24.2.darwin-arm64/src/runtime/panic.go:792 +0xf0&#xA;&#x9;sigs.k8s.io/vsphere-csi-driver/v3/tests/e2e/vcutil.QueryCNSVolumeSnapshotWithResult(0x14000774660, {0x14001335770, 0x24}, {0x14000b05885, 0x24})&#xA;&#x9;&#x9;/Users/nayakb/vsphere-csi-driver/tests/e2e/vcutil/vc_util.go:357 +0x338&#xA;&#x9;sigs.k8s.io/vsphere-csi-driver/v3/tests/e2e/vcutil.VerifySnapshotIsCreatedInCNS(0x14000774660, {0x14001335770, 0x24}, {0x14000b05885, 0x24})&#xA;&#x9;&#x9;/Users/nayakb/vsphere-csi-driver/tests/e2e/vcutil/vc_util.go:397 +0x158&#xA;&#x9;sigs.k8s.io/vsphere-csi-driver/v3/tests/e2e/csisnapshot.WaitForCNSSnapshotToBeCreated.func1({0x1047ca500, 0x14000646f50})&#xA;&#x9;&#x9;/Users/nayakb/vsphere-csi-driver/tests/e2e/csisnapshot/util.go:75 +0x74&#xA;&#x9;k8s.io/apimachinery/pkg/util/wait.loopConditionUntilContext.func1({0x1047ca500, 0x14000646f50}, 0x14001d8f510)&#xA;&#x9;&#x9;/Users/nayakb/vsphere-csi-driver/vendor/k8s.io/apimachinery/pkg/util/wait/loop.go:53 +0xcc&#xA;&#x9;k8s.io/apimachinery/pkg/util/wait.loopConditionUntilContext({0x1047ca500, 0x14000646f50}, {0x1047b4f20, 0x140007d7440}, 0x1, 0x0, 0x14001d8f510)&#xA;&#x9;&#x9;/Users/nayakb/vsphere-csi-driver/vendor/k8s.io/apimachinery/pkg/util/wait/loop.go:54 +0x130&#xA;&#x9;k8s.io/apimachinery/pkg/util/wait.PollUntilContextTimeout({0x1047ca538, 0x106901dc8}, 0x77359400, 0x1176592e000, 0x1, 0x14001d8f510)&#xA;&#x9;&#x9;/Users/nayakb/vsphere-csi-driver/vendor/k8s.io/apimachinery/pkg/util/wait/poll.go:48 +0x100&#xA;&#x9;sigs.k8s.io/vsphere-csi-driver/v3/tests/e2e/csisnapshot.WaitForCNSSnapshotToBeCreated(0x14000774660, {0x14001335770, 0x24}, {0x14000b05885, 0x24})&#xA;&#x9;&#x9;/Users/nayakb/vsphere-csi-driver/tests/e2e/csisnapshot/util.go:73 +0x17c&#xA;&#x9;sigs.k8s.io/vsphere-csi-driver/v3/tests/e2e/csisnapshot.CreateDynamicVolumeSnapshot({0x1047ca490, 0x14000194aa0}, 0x14000774660, {0x14001268540, 0x8}, 0x14001300960, 0x14000885180, 0x14000ba83c0, {0x14001335770, 0x24}, ...)&#xA;&#x9;&#x9;/Users/nayakb/vsphere-csi-driver/tests/e2e/csisnapshot/util.go:231 +0x8ac&#xA;&#x9;sigs.k8s.io/vsphere-csi-driver/v3/tests/e2e/csisnapshot.CreateVolumeSnapshot({0x1047ca490, 0x14000194aa0}, 0x14000774660, {0x14001268540, 0x8}, 0x14000ba83c0, {0x140000ba560, 0x1, 0x1}, {0x10363bc38, ...})&#xA;&#x9;&#x9;/Users/nayakb/vsphere-csi-driver/tests/e2e/csisnapshot/util.go:416 +0x22c&#xA;&#x9;sigs.k8s.io/vsphere-csi-driver/v3/tests/e2e/restore_on_target_ds.init.func2.3()&#xA;&#x9;&#x9;/Users/nayakb/vsphere-csi-driver/tests/e2e/restore_on_target_ds/restore_on_target_ds_vms_tests.go:182 +0x614&#xA;&#x9;github.com/onsi/ginkgo/v2/internal.extractBodyFunction.func3({0x1047cf988, 0x14000b36cc0})&#xA;&#x9;&#x9;/Users/nayakb/vsphere-csi-driver/vendor/github.com/onsi/ginkgo/v2/internal/node.go:475 +0x30&#xA;&#x9;github.com/onsi/ginkgo/v2/internal.(*Suite).runNode.func3()&#xA;&#x9;&#x9;/Users/nayakb/vsphere-csi-driver/vendor/github.com/onsi/ginkgo/v2/internal/suite.go:894 +0x17c&#xA;&#x9;created by github.com/onsi/ginkgo/v2/internal.(*Suite).runNode in goroutine 118&#xA;&#x9;&#x9;/Users/nayakb/vsphere-csi-driver/vendor/github.com/onsi/ginkgo/v2/internal/suite.go:881 +0xd94&#xA; &gt;&#xA;[PANICKED] Test Panicked&#xA;In [It] at: /Users/nayakb/vsphere-csi-driver/vendor/k8s.io/apimachinery/pkg/util/runtime/runtime.go:114 @ 09/30/25 13:43:07.307&#xA;&#xA;runtime error: invalid memory address or nil pointer dereference&#xA;&#xA;Full Stack Trace&#xA;  k8s.io/apimachinery/pkg/util/runtime.handleCrash({0x1047ca458, 0x14001cc1950}, {0x103fd9a20, 0x106854f10}, {0x0, 0x0, 0x0})&#xA;  &#x9;/Users/nayakb/vsphere-csi-driver/vendor/k8s.io/apimachinery/pkg/util/runtime/runtime.go:114 +0x1b4&#xA;  k8s.io/apimachinery/pkg/util/runtime.HandleCrashWithContext({0x1047ca500, 0x14000646f50}, {0x0, 0x0, 0x0})&#xA;  &#x9;/Users/nayakb/vsphere-csi-driver/vendor/k8s.io/apimachinery/pkg/util/runtime/runtime.go:78 +0x70&#xA;  panic({0x103fd9a20?, 0x106854f10?})&#xA;  &#x9;/Users/nayakb/go/pkg/mod/golang.org/toolchain@v0.0.1-go1.24.2.darwin-arm64/src/runtime/panic.go:792 +0xf0&#xA;  sigs.k8s.io/vsphere-csi-driver/v3/tests/e2e/vcutil.QueryCNSVolumeSnapshotWithResult(0x14000774660, {0x14001335770, 0x24}, {0x14000b05885, 0x24})&#xA;  &#x9;/Users/nayakb/vsphere-csi-driver/tests/e2e/vcutil/vc_util.go:357 +0x338&#xA;  sigs.k8s.io/vsphere-csi-driver/v3/tests/e2e/vcutil.VerifySnapshotIsCreatedInCNS(0x14000774660, {0x14001335770, 0x24}, {0x14000b05885, 0x24})&#xA;  &#x9;/Users/nayakb/vsphere-csi-driver/tests/e2e/vcutil/vc_util.go:397 +0x158&#xA;  sigs.k8s.io/vsphere-csi-driver/v3/tests/e2e/csisnapshot.WaitForCNSSnapshotToBeCreated.func1({0x1047ca500, 0x14000646f50})&#xA;  &#x9;/Users/nayakb/vsphere-csi-driver/tests/e2e/csisnapshot/util.go:75 +0x74&#xA;  k8s.io/apimachinery/pkg/util/wait.loopConditionUntilContext.func1({0x1047ca500, 0x14000646f50}, 0x14001d8f510)&#xA;  &#x9;/Users/nayakb/vsphere-csi-driver/vendor/k8s.io/apimachinery/pkg/util/wait/loop.go:53 +0xcc&#xA;  k8s.io/apimachinery/pkg/util/wait.loopConditionUntilContext({0x1047ca500, 0x14000646f50}, {0x1047b4f20, 0x140007d7440}, 0x1, 0x0, 0x14001d8f510)&#xA;  &#x9;/Users/nayakb/vsphere-csi-driver/vendor/k8s.io/apimachinery/pkg/util/wait/loop.go:54 +0x130&#xA;  k8s.io/apimachinery/pkg/util/wait.PollUntilContextTimeout({0x1047ca538, 0x106901dc8}, 0x77359400, 0x1176592e000, 0x1, 0x14001d8f510)&#xA;  &#x9;/Users/nayakb/vsphere-csi-driver/vendor/k8s.io/apimachinery/pkg/util/wait/poll.go:48 +0x100&#xA;  sigs.k8s.io/vsphere-csi-driver/v3/tests/e2e/csisnapshot.WaitForCNSSnapshotToBeCreated(0x14000774660, {0x14001335770, 0x24}, {0x14000b05885, 0x24})&#xA;  &#x9;/Users/nayakb/vsphere-csi-driver/tests/e2e/csisnapshot/util.go:73 +0x17c&#xA;  sigs.k8s.io/vsphere-csi-driver/v3/tests/e2e/csisnapshot.CreateDynamicVolumeSnapshot({0x1047ca490, 0x14000194aa0}, 0x14000774660, {0x14001268540, 0x8}, 0x14001300960, 0x14000885180, 0x14000ba83c0, {0x14001335770, 0x24}, ...)&#xA;  &#x9;/Users/nayakb/vsphere-csi-driver/tests/e2e/csisnapshot/util.go:231 +0x8ac&#xA;  sigs.k8s.io/vsphere-csi-driver/v3/tests/e2e/csisnapshot.CreateVolumeSnapshot({0x1047ca490, 0x14000194aa0}, 0x14000774660, {0x14001268540, 0x8}, 0x14000ba83c0, {0x140000ba560, 0x1, 0x1}, {0x10363bc38, ...})&#xA;  &#x9;/Users/nayakb/vsphere-csi-driver/tests/e2e/csisnapshot/util.go:416 +0x22c&#xA;  sigs.k8s.io/vsphere-csi-driver/v3/tests/e2e/restore_on_target_ds.init.func2.3()&#xA;  &#x9;/Users/nayakb/vsphere-csi-driver/tests/e2e/restore_on_target_ds/restore_on_target_ds_vms_tests.go:182 +0x614&#xA;&lt; Exit [It] Attach VM to restored PVC which already attached to original PVC - /Users/nayakb/vsphere-csi-driver/tests/e2e/restore_on_target_ds/restore_on_target_ds_vms_tests.go:158 @ 09/30/25 13:43:07.307 (4m28.659s)&#xA;&gt; Enter [AfterEach] [restore-on-target-ds-vms-p0] restore-on-target-ds-vms-p0 - /Users/nayakb/vsphere-csi-driver/tests/e2e/restore_on_target_ds/restore_on_target_ds_vms_tests.go:139 @ 09/30/25 13:43:07.307&#xA;I0930 13:43:07.307616 67684 restore_on_target_ds_vms_tests.go:142] Collecting supervisor PVC events before performing PV/PVC cleanup&#xA;STEP: Found 43 events in svc ns csi-1613. - /Users/nayakb/vsphere-csi-driver/tests/e2e/k8testutil/util.go:6674 @ 09/30/25 13:43:07.769&#xA;I0930 13:43:07.769493 67684 util.go:6680] At 2025-09-30 13:37:41 +0530 IST - event for cl-6ddd5341d34788d3b: {vmware-system-imageregistry/vmware-system-imageregistry-controller-manager/contentlibrary-controller } UpdateStatusSuccess: UpdateStatus success&#xA;I0930 13:43:07.769547 67684 util.go:6680] At 2025-09-30 13:37:43 +0530 IST - event for cl-6ddd5341d34788d3b: {vmware-system-imageregistry/vmware-system-imageregistry-controller-manager/contentlibrary-controller } CreateItemsSuccess: CreateItems success&#xA;I0930 13:43:07.769568 67684 util.go:6680] At 2025-09-30 13:37:44 +0530 IST - event for clitem-c5f07dddc6c325439: {vmware-system-imageregistry/vmware-system-imageregistry-controller-manager } UpdateStatusSuccess: UpdateStatus success&#xA;I0930 13:43:07.769597 67684 util.go:6680] At 2025-09-30 13:37:45 +0530 IST - event for clitem-1a05a30a92046e657: {vmware-system-imageregistry/vmware-system-imageregistry-controller-manager } UpdateStatusSuccess: UpdateStatus success&#xA;I0930 13:43:07.769619 67684 util.go:6680] At 2025-09-30 13:37:45 +0530 IST - event for clitem-8f9cd0b4fb85ced8e: {vmware-system-imageregistry/vmware-system-imageregistry-controller-manager } UpdateStatusSuccess: UpdateStatus success&#xA;I0930 13:43:07.769639 67684 util.go:6680] At 2025-09-30 13:37:45 +0530 IST - event for clitem-e9c170938cf34b721: {vmware-system-imageregistry/vmware-system-imageregistry-controller-manager } UpdateStatusSuccess: UpdateStatus success&#xA;I0930 13:43:07.769661 67684 util.go:6680] At 2025-09-30 13:37:45 +0530 IST - event for vmi-021803e1e74d98e91: {vmware-system-vmop/vmware-system-vmop-controller-manager-89fd58b47-26kkl/contentlibraryitem-controller } UpdateSuccess: Update success&#xA;I0930 13:43:07.769684 67684 util.go:6680] At 2025-09-30 13:37:46 +0530 IST - event for clitem-70b232afd7d90a37e: {vmware-system-imageregistry/vmware-system-imageregistry-controller-manager } UpdateStatusSuccess: UpdateStatus success&#xA;I0930 13:43:07.770057 67684 util.go:6680] At 2025-09-30 13:37:46 +0530 IST - event for clitem-b47bcc87a02ffacd4: {vmware-system-imageregistry/vmware-system-imageregistry-controller-manager } UpdateStatusSuccess: UpdateStatus success&#xA;I0930 13:43:07.770090 67684 util.go:6680] At 2025-09-30 13:37:46 +0530 IST - event for clitem-b7d135c30e28717f5: {vmware-system-imageregistry/vmware-system-imageregistry-controller-manager } UpdateStatusSuccess: UpdateStatus success&#xA;I0930 13:43:07.770109 67684 util.go:6680] At 2025-09-30 13:37:46 +0530 IST - event for clitem-bbdc5a8477c349751: {vmware-system-imageregistry/vmware-system-imageregistry-controller-manager } UpdateStatusSuccess: UpdateStatus success&#xA;I0930 13:43:07.770123 67684 util.go:6680] At 2025-09-30 13:37:46 +0530 IST - event for clitem-bffefb69f8cef1df3: {vmware-system-imageregistry/vmware-system-imageregistry-controller-manager } UpdateStatusSuccess: UpdateStatus success&#xA;I0930 13:43:07.770131 67684 util.go:6680] At 2025-09-30 13:37:46 +0530 IST - event for clitem-db6889ad36febd9f1: {vmware-system-imageregistry/vmware-system-imageregistry-controller-manager } UpdateStatusSuccess: UpdateStatus success&#xA;I0930 13:43:07.770139 67684 util.go:6680] At 2025-09-30 13:37:47 +0530 IST - event for clitem-021803e1e74d98e91: {vmware-system-imageregistry/vmware-system-imageregistry-controller-manager } UpdateStatusSuccess: UpdateStatus success&#xA;I0930 13:43:07.770146 67684 util.go:6680] At 2025-09-30 13:37:47 +0530 IST - event for clitem-282b43d4f1f6b89c1: {vmware-system-imageregistry/vmware-system-imageregistry-controller-manager } UpdateStatusSuccess: UpdateStatus success&#xA;I0930 13:43:07.770152 67684 util.go:6680] At 2025-09-30 13:37:47 +0530 IST - event for clitem-906e064069661b971: {vmware-system-imageregistry/vmware-system-imageregistry-controller-manager } UpdateStatusSuccess: UpdateStatus success&#xA;I0930 13:43:07.770158 67684 util.go:6680] At 2025-09-30 13:37:47 +0530 IST - event for clitem-b169727fa03df467b: {vmware-system-imageregistry/vmware-system-imageregistry-controller-manager } UpdateStatusSuccess: UpdateStatus success&#xA;I0930 13:43:07.770165 67684 util.go:6680] At 2025-09-30 13:37:49 +0530 IST - event for vmi-c5f07dddc6c325439: {vmware-system-vmop/vmware-system-vmop-controller-manager-89fd58b47-26kkl/contentlibraryitem-controller } UpdateSuccess: Update success&#xA;I0930 13:43:07.770171 67684 util.go:6680] At 2025-09-30 13:37:56 +0530 IST - event for vmi-e9c170938cf34b721: {vmware-system-vmop/vmware-system-vmop-controller-manager-89fd58b47-26kkl/contentlibraryitem-controller } UpdateSuccess: Update success&#xA;I0930 13:43:07.770178 67684 util.go:6680] At 2025-09-30 13:38:08 +0530 IST - event for vmi-8f9cd0b4fb85ced8e: {vmware-system-vmop/vmware-system-vmop-controller-manager-89fd58b47-26kkl/contentlibraryitem-controller } UpdateSuccess: Update success&#xA;I0930 13:43:07.770184 67684 util.go:6680] At 2025-09-30 13:38:15 +0530 IST - event for vmi-1a05a30a92046e657: {vmware-system-vmop/vmware-system-vmop-controller-manager-89fd58b47-26kkl/contentlibraryitem-controller } UpdateSuccess: Update success&#xA;I0930 13:43:07.770191 67684 util.go:6680] At 2025-09-30 13:38:22 +0530 IST - event for vmi-b7d135c30e28717f5: {vmware-system-vmop/vmware-system-vmop-controller-manager-89fd58b47-26kkl/contentlibraryitem-controller } UpdateSuccess: Update success&#xA;I0930 13:43:07.770197 67684 util.go:6680] At 2025-09-30 13:38:29 +0530 IST - event for vmi-b47bcc87a02ffacd4: {vmware-system-vmop/vmware-system-vmop-controller-manager-89fd58b47-26kkl/contentlibraryitem-controller } UpdateSuccess: Update success&#xA;I0930 13:43:07.770204 67684 util.go:6680] At 2025-09-30 13:38:35 +0530 IST - event for vmi-db6889ad36febd9f1: {vmware-system-vmop/vmware-system-vmop-controller-manager-89fd58b47-26kkl/contentlibraryitem-controller } UpdateSuccess: Update success&#xA;I0930 13:43:07.770212 67684 util.go:6680] At 2025-09-30 13:38:38 +0530 IST - event for pvc-7gw6b: {csi.vsphere.vmware.com_423c8fa2e527d5a5b917dc418171c3aa_f9302315-709e-47dd-a85d-3725fbcc40b5 } Provisioning: External provisioner is provisioning volume for claim &#34;csi-1613/pvc-7gw6b&#34;&#xA;I0930 13:43:07.770222 67684 util.go:6680] At 2025-09-30 13:38:38 +0530 IST - event for pvc-7gw6b: {persistentvolume-controller } ExternalProvisioning: Waiting for a volume to be created either by the external provisioner &#39;csi.vsphere.vmware.com&#39; or manually by the system administrator. If volume creation is delayed, please verify that the provisioner is running and correctly registered.&#xA;I0930 13:43:07.770235 67684 util.go:6680] At 2025-09-30 13:38:40 +0530 IST - event for pvc-7gw6b: {csi.vsphere.vmware.com_423c8fa2e527d5a5b917dc418171c3aa_f9302315-709e-47dd-a85d-3725fbcc40b5 } ProvisioningSucceeded: Successfully provisioned volume pvc-bf114a3e-8274-40b8-99ba-7017e03ab22f&#xA;I0930 13:43:07.770243 67684 util.go:6680] At 2025-09-30 13:38:42 +0530 IST - event for vmi-bbdc5a8477c349751: {vmware-system-vmop/vmware-system-vmop-controller-manager-89fd58b47-26kkl/contentlibraryitem-controller } UpdateSuccess: Update success&#xA;I0930 13:43:07.770251 67684 util.go:6680] At 2025-09-30 13:38:49 +0530 IST - event for vmi-bffefb69f8cef1df3: {vmware-system-vmop/vmware-system-vmop-controller-manager-89fd58b47-26kkl/contentlibraryitem-controller } UpdateSuccess: Update success&#xA;I0930 13:43:07.770257 67684 util.go:6680] At 2025-09-30 13:38:56 +0530 IST - event for vmi-70b232afd7d90a37e: {vmware-system-vmop/vmware-system-vmop-controller-manager-89fd58b47-26kkl/contentlibraryitem-controller } UpdateSuccess: Update success&#xA;I0930 13:43:07.770263 67684 util.go:6680] At 2025-09-30 13:39:03 +0530 IST - event for vmi-b169727fa03df467b: {vmware-system-vmop/vmware-system-vmop-controller-manager-89fd58b47-26kkl/contentlibraryitem-controller } UpdateSuccess: Update success&#xA;I0930 13:43:07.770270 67684 util.go:6680] At 2025-09-30 13:39:09 +0530 IST - event for vmi-906e064069661b971: {vmware-system-vmop/vmware-system-vmop-controller-manager-89fd58b47-26kkl/contentlibraryitem-controller } UpdateSuccess: Update success&#xA;I0930 13:43:07.770276 67684 util.go:6680] At 2025-09-30 13:39:15 +0530 IST - event for csi-test-vm-4291-svc-4189: {vmware-system-vmop/vmware-system-vmop-controller-manager-89fd58b47-26kkl/virtualmachineservice-controller } CreateK8sServiceSuccess: CreateK8sService success&#xA;I0930 13:43:07.770283 67684 util.go:6680] At 2025-09-30 13:39:15 +0530 IST - event for csi-test-vm-4291-svc-4189: {HAProxyGateway } Reconcile: Success&#xA;I0930 13:43:07.770290 67684 util.go:6680] At 2025-09-30 13:39:16 +0530 IST - event for vmi-282b43d4f1f6b89c1: {vmware-system-vmop/vmware-system-vmop-controller-manager-89fd58b47-26kkl/contentlibraryitem-controller } UpdateSuccess: Update success&#xA;I0930 13:43:07.770297 67684 util.go:6680] At 2025-09-30 13:42:04 +0530 IST - event for csi-test-vm-4291: {vmware-system-vmop/vmware-system-vmop-controller-manager-89fd58b47-26kkl/virtualmachine-controller } CreateSuccess: Create success&#xA;I0930 13:43:07.770304 67684 util.go:6680] At 2025-09-30 13:42:04 +0530 IST - event for csi-test-vm-4291: {vmware-system-vmop/vmware-system-vmop-controller-manager-89fd58b47-26kkl/virtualmachine-controller } UpdateSuccess: Update success&#xA;I0930 13:43:07.770311 67684 util.go:6680] At 2025-09-30 13:42:05 +0530 IST - event for csi-test-vm-4291: {vmware-system-vmop/vmware-system-vmop-controller-manager-89fd58b47-26kkl/virtualmachine-controller } UpdateFailure: failed to reconcile config: updating state failed with status update pending for persistent volume: pvc-7gw6b on VM&#xA;I0930 13:43:07.770332 67684 util.go:6680] At 2025-09-30 13:42:06 +0530 IST - event for csi-test-vm-4291: {vmware-system-vmop/vmware-system-vmop-controller-manager-89fd58b47-26kkl/virtualmachine-controller } UpdateFailure: failed to reconcile config: updating state failed with persistent volume: pvc-7gw6b not attached to VM&#xA;I0930 13:43:07.770340 67684 util.go:6680] At 2025-09-30 13:42:06 +0530 IST - event for csi-test-vm-4291-pvc-7gw6b: {cns.vmware.com } NodeVMAttachSucceeded: ReconcileCnsNodeVMAttachment: Successfully updated entry in CNS for instance with name &#34;csi-test-vm-4291-pvc-7gw6b&#34; and namespace &#34;csi-1613&#34;.&#xA;I0930 13:43:07.770347 67684 util.go:6680] At 2025-09-30 13:42:57 +0530 IST - event for snapshot-5v64w: {snapshot-controller } CreatingSnapshot: Waiting for a snapshot csi-1613/snapshot-5v64w to be created by the CSI driver.&#xA;I0930 13:43:07.770549 67684 util.go:6680] At 2025-09-30 13:43:05 +0530 IST - event for snapshot-5v64w: {snapshot-controller } SnapshotReady: Snapshot csi-1613/snapshot-5v64w is ready to use.&#xA;I0930 13:43:07.770563 67684 util.go:6680] At 2025-09-30 13:43:05 +0530 IST - event for snapshot-5v64w: {snapshot-controller } SnapshotCreated: Snapshot csi-1613/snapshot-5v64w was successfully created by the CSI driver.&#xA;I0930 13:43:08.000527 67684 restore_on_target_ds_vms_tests.go:148] &#34;UpdateStatus success&#34;&#xA;I0930 13:43:08.000586 67684 restore_on_target_ds_vms_tests.go:148] &#34;CreateItems success&#34;&#xA;I0930 13:43:08.000595 67684 restore_on_target_ds_vms_tests.go:148] &#34;UpdateStatus success&#34;&#xA;I0930 13:43:08.000603 67684 restore_on_target_ds_vms_tests.go:148] &#34;UpdateStatus success&#34;&#xA;I0930 13:43:08.000610 67684 restore_on_target_ds_vms_tests.go:148] &#34;UpdateStatus success&#34;&#xA;I0930 13:43:08.000616 67684 restore_on_target_ds_vms_tests.go:148] &#34;UpdateStatus success&#34;&#xA;I0930 13:43:08.000623 67684 restore_on_target_ds_vms_tests.go:148] &#34;UpdateStatus success&#34;&#xA;I0930 13:43:08.000630 67684 restore_on_target_ds_vms_tests.go:148] &#34;UpdateStatus success&#34;&#xA;I0930 13:43:08.000637 67684 restore_on_target_ds_vms_tests.go:148] &#34;UpdateStatus success&#34;&#xA;I0930 13:43:08.000644 67684 restore_on_target_ds_vms_tests.go:148] &#34;UpdateStatus success&#34;&#xA;I0930 13:43:08.000650 67684 restore_on_target_ds_vms_tests.go:148] &#34;UpdateStatus success&#34;&#xA;I0930 13:43:08.000656 67684 restore_on_target_ds_vms_tests.go:148] &#34;UpdateStatus success&#34;&#xA;I0930 13:43:08.000664 67684 restore_on_target_ds_vms_tests.go:148] &#34;UpdateStatus success&#34;&#xA;I0930 13:43:08.000671 67684 restore_on_target_ds_vms_tests.go:148] &#34;UpdateStatus success&#34;&#xA;I0930 13:43:08.000677 67684 restore_on_target_ds_vms_tests.go:148] &#34;UpdateStatus success&#34;&#xA;I0930 13:43:08.000683 67684 restore_on_target_ds_vms_tests.go:148] &#34;UpdateStatus success&#34;&#xA;I0930 13:43:08.000694 67684 restore_on_target_ds_vms_tests.go:148] &#34;ReconcileCnsNodeVMAttachment: Successfully updated entry in CNS for instance with name \&#34;csi-test-vm-4291-pvc-7gw6b\&#34; and namespace \&#34;csi-1613\&#34;.&#34;&#xA;I0930 13:43:08.000701 67684 restore_on_target_ds_vms_tests.go:148] &#34;CreateK8sService success&#34;&#xA;I0930 13:43:08.000707 67684 restore_on_target_ds_vms_tests.go:148] &#34;Success&#34;&#xA;I0930 13:43:08.000716 67684 restore_on_target_ds_vms_tests.go:148] &#34;Create success&#34;&#xA;I0930 13:43:08.000722 67684 restore_on_target_ds_vms_tests.go:148] &#34;Update success&#34;&#xA;I0930 13:43:08.000730 67684 restore_on_target_ds_vms_tests.go:148] &#34;failed to reconcile config: updating state failed with status update pending for persistent volume: pvc-7gw6b on VM&#34;&#xA;I0930 13:43:08.000737 67684 restore_on_target_ds_vms_tests.go:148] &#34;failed to reconcile config: updating state failed with persistent volume: pvc-7gw6b not attached to VM&#34;&#xA;I0930 13:43:08.000747 67684 restore_on_target_ds_vms_tests.go:148] &#34;Waiting for a volume to be created either by the external provisioner &#39;csi.vsphere.vmware.com&#39; or manually by the system administrator. If volume creation is delayed, please verify that the provisioner is running and correctly registered.&#34;&#xA;I0930 13:43:08.000760 67684 restore_on_target_ds_vms_tests.go:148] &#34;External provisioner is provisioning volume for claim \&#34;csi-1613/pvc-7gw6b\&#34;&#34;&#xA;I0930 13:43:08.000768 67684 restore_on_target_ds_vms_tests.go:148] &#34;Successfully provisioned volume pvc-bf114a3e-8274-40b8-99ba-7017e03ab22f&#34;&#xA;I0930 13:43:08.000776 67684 restore_on_target_ds_vms_tests.go:148] &#34;Waiting for a snapshot csi-1613/snapshot-5v64w to be created by the CSI driver.&#34;&#xA;I0930 13:43:08.000784 67684 restore_on_target_ds_vms_tests.go:148] &#34;Snapshot csi-1613/snapshot-5v64w was successfully created by the CSI driver.&#34;&#xA;I0930 13:43:08.000791 67684 restore_on_target_ds_vms_tests.go:148] &#34;Snapshot csi-1613/snapshot-5v64w is ready to use.&#34;&#xA;I0930 13:43:08.000797 67684 restore_on_target_ds_vms_tests.go:148] &#34;Update success&#34;&#xA;I0930 13:43:08.000804 67684 restore_on_target_ds_vms_tests.go:148] &#34;Update success&#34;&#xA;I0930 13:43:08.000810 67684 restore_on_target_ds_vms_tests.go:148] &#34;Update success&#34;&#xA;I0930 13:43:08.000817 67684 restore_on_target_ds_vms_tests.go:148] &#34;Update success&#34;&#xA;I0930 13:43:08.000823 67684 restore_on_target_ds_vms_tests.go:148] &#34;Update success&#34;&#xA;I0930 13:43:08.000829 67684 restore_on_target_ds_vms_tests.go:148] &#34;Update success&#34;&#xA;I0930 13:43:08.000836 67684 restore_on_target_ds_vms_tests.go:148] &#34;Update success&#34;&#xA;I0930 13:43:08.000842 67684 restore_on_target_ds_vms_tests.go:148] &#34;Update success&#34;&#xA;I0930 13:43:08.000848 67684 restore_on_target_ds_vms_tests.go:148] &#34;Update success&#34;&#xA;I0930 13:43:08.000855 67684 restore_on_target_ds_vms_tests.go:148] &#34;Update success&#34;&#xA;I0930 13:43:08.000861 67684 restore_on_target_ds_vms_tests.go:148] &#34;Update success&#34;&#xA;I0930 13:43:08.000867 67684 restore_on_target_ds_vms_tests.go:148] &#34;Update success&#34;&#xA;I0930 13:43:08.000873 67684 restore_on_target_ds_vms_tests.go:148] &#34;Update success&#34;&#xA;I0930 13:43:08.000879 67684 restore_on_target_ds_vms_tests.go:148] &#34;Update success&#34;&#xA;I0930 13:43:08.000895 67684 util.go:7873] Invoking DELETE on url: https://10.192.73.138:443/api/vcenter/namespaces/instances/csi-1613&#xA;I0930 13:43:08.963473 67684 util.go:1541] API Response status 204&#xA;I0930 13:43:08.963644 67684 util.go:7864] Successfully Deleted namepsace csi-1613 in SVC.&#xA;I0930 13:43:08.963674 67684 util.go:3886] Waiting up to 10m0s for namespace csi-1613 to get deleted&#xA;I0930 13:43:09.198162 67684 util.go:3890] Namespace csi-1613 found and status={Terminating []} (234.431042ms)&#xA;I0930 13:43:11.430321 67684 util.go:3890] Namespace csi-1613 found and status={Terminating []} (2.466607292s)&#xA;I0930 13:43:13.678856 67684 util.go:3890] Namespace csi-1613 found and status={Terminating []} (4.715146625s)&#xA;I0930 13:43:15.928349 67684 util.go:3890] Namespace csi-1613 found and status={Terminating []} (6.964696s)&#xA;I0930 13:43:18.166387 67684 util.go:3890] Namespace csi-1613 found and status={Terminating []} (9.202724334s)&#xA;I0930 13:43:21.065719 67684 util.go:3890] Namespace csi-1613 found and status={Terminating []} (12.102075292s)&#xA;I0930 13:43:23.303145 67684 util.go:3890] Namespace csi-1613 found and status={Terminating [{NamespaceDeletionDiscoveryFailure False 2025-09-30 13:43:21 +0530 IST ResourcesDiscovered All resources successfully discovered} {NamespaceDeletionGroupVersionParsingFailure False 2025-09-30 13:43:21 +0530 IST ParsedGroupVersions All legacy kube types successfully parsed} {NamespaceDeletionContentFailure True 2025-09-30 13:43:21 +0530 IST ContentDeletionFailed Failed to delete all resource types, 1 remaining: admission webhook &#34;validation.csi.vsphere.vmware.com&#34; denied the request: Deleting volume with snapshots is not allowed} {NamespaceContentRemaining True 2025-09-30 13:43:21 +0530 IST SomeResourcesRemain Some resources are remaining: cnsnodevmattachments.cns.vmware.com has 1 resource instances, volumesnapshots.snapshot.storage.k8s.io has 1 resource instances, zones.topology.tanzu.vmware.com has 1 resource instances} {NamespaceFinalizersRemaining True 2025-09-30 13:43:21 +0530 IST SomeFinalizersRemain Some content in the namespace has finalizers remaining: cns.vmware.com in 1 resource instances, snapshot.storage.kubernetes.io/volumesnapshot-bound-protection in 1 resource instances, tanzu-topology.vmware.com/zone in 1 resource instances}]} (14.339435875s)&#xA;I0930 13:43:25.535001 67684 util.go:3890] Namespace csi-1613 found and status={Terminating [{NamespaceDeletionDiscoveryFailure False 2025-09-30 13:43:21 +0530 IST ResourcesDiscovered All resources successfully discovered} {NamespaceDeletionGroupVersionParsingFailure False 2025-09-30 13:43:21 +0530 IST ParsedGroupVersions All legacy kube types successfully parsed} {NamespaceDeletionContentFailure True 2025-09-30 13:43:21 +0530 IST ContentDeletionFailed Failed to delete all resource types, 1 remaining: admission webhook &#34;validation.csi.vsphere.vmware.com&#34; denied the request: Deleting volume with snapshots is not allowed} {NamespaceContentRemaining True 2025-09-30 13:43:21 +0530 IST SomeResourcesRemain Some resources are remaining: cnsnodevmattachments.cns.vmware.com has 1 resource instances, volumesnapshots.snapshot.storage.k8s.io has 1 resource instances, zones.topology.tanzu.vmware.com has 1 resource instances} {NamespaceFinalizersRemaining True 2025-09-30 13:43:21 +0530 IST SomeFinalizersRemain Some content in the namespace has finalizers remaining: cns.vmware.com in 1 resource instances, snapshot.storage.kubernetes.io/volumesnapshot-bound-protection in 1 resource instances, tanzu-topology.vmware.com/zone in 1 resource instances}]} (16.571277375s)&#xA;I0930 13:43:27.763468 67684 util.go:3890] Namespace csi-1613 found and status={Terminating [{NamespaceDeletionDiscoveryFailure False 2025-09-30 13:43:21 +0530 IST ResourcesDiscovered All resources successfully discovered} {NamespaceDeletionGroupVersionParsingFailure False 2025-09-30 13:43:21 +0530 IST ParsedGroupVersions All legacy kube types successfully parsed} {NamespaceDeletionContentFailure False 2025-09-30 13:43:25 +0530 IST ContentDeleted All content successfully deleted, may be waiting on finalization} {NamespaceContentRemaining True 2025-09-30 13:43:21 +0530 IST SomeResourcesRemain Some resources are remaining: cnsnodevmattachments.cns.vmware.com has 1 resource instances, persistentvolumeclaims. has 1 resource instances, zones.topology.tanzu.vmware.com has 1 resource instances} {NamespaceFinalizersRemaining True 2025-09-30 13:43:21 +0530 IST SomeFinalizersRemain Some content in the namespace has finalizers remaining: cns.vmware.com in 1 resource instances, cns.vmware.com/pvc-protection in 1 resource instances, kubernetes.io/pvc-protection in 1 resource instances, tanzu-topology.vmware.com/zone in 1 resource instances}]} (18.799794667s)&#xA;I0930 13:43:29.994002 67684 util.go:3890] Namespace csi-1613 found and status={Terminating [{NamespaceDeletionDiscoveryFailure False 2025-09-30 13:43:21 +0530 IST ResourcesDiscovered All resources successfully discovered} {NamespaceDeletionGroupVersionParsingFailure False 2025-09-30 13:43:21 +0530 IST ParsedGroupVersions All legacy kube types successfully parsed} {NamespaceDeletionContentFailure False 2025-09-30 13:43:25 +0530 IST ContentDeleted All content successfully deleted, may be waiting on finalization} {NamespaceContentRemaining True 2025-09-30 13:43:21 +0530 IST SomeResourcesRemain Some resources are remaining: cnsnodevmattachments.cns.vmware.com has 1 resource instances, persistentvolumeclaims. has 1 resource instances, zones.topology.tanzu.vmware.com has 1 resource instances} {NamespaceFinalizersRemaining True 2025-09-30 13:43:21 +0530 IST SomeFinalizersRemain Some content in the namespace has finalizers remaining: cns.vmware.com in 1 resource instances, cns.vmware.com/pvc-protection in 1 resource instances, kubernetes.io/pvc-protection in 1 resource instances, tanzu-topology.vmware.com/zone in 1 resource instances}]} (21.030348375s)&#xA;I0930 13:43:32.227454 67684 util.go:3890] Namespace csi-1613 found and status={Terminating [{NamespaceDeletionDiscoveryFailure False 2025-09-30 13:43:21 +0530 IST ResourcesDiscovered All resources successfully discovered} {NamespaceDeletionGroupVersionParsingFailure False 2025-09-30 13:43:21 +0530 IST ParsedGroupVersions All legacy kube types successfully parsed} {NamespaceDeletionContentFailure False 2025-09-30 13:43:25 +0530 IST ContentDeleted All content successfully deleted, may be waiting on finalization} {NamespaceContentRemaining True 2025-09-30 13:43:21 +0530 IST SomeResourcesRemain Some resources are remaining: cnsnodevmattachments.cns.vmware.com has 1 resource instances, persistentvolumeclaims. has 1 resource instances, zones.topology.tanzu.vmware.com has 1 resource instances} {NamespaceFinalizersRemaining True 2025-09-30 13:43:21 +0530 IST SomeFinalizersRemain Some content in the namespace has finalizers remaining: cns.vmware.com in 1 resource instances, cns.vmware.com/pvc-protection in 1 resource instances, kubernetes.io/pvc-protection in 1 resource instances, tanzu-topology.vmware.com/zone in 1 resource instances}]} (23.263820584s)&#xA;I0930 13:43:34.514159 67684 util.go:3890] Namespace csi-1613 found and status={Terminating [{NamespaceDeletionDiscoveryFailure False 2025-09-30 13:43:21 +0530 IST ResourcesDiscovered All resources successfully discovered} {NamespaceDeletionGroupVersionParsingFailure False 2025-09-30 13:43:21 +0530 IST ParsedGroupVersions All legacy kube types successfully parsed} {NamespaceDeletionContentFailure False 2025-09-30 13:43:25 +0530 IST ContentDeleted All content successfully deleted, may be waiting on finalization} {NamespaceContentRemaining True 2025-09-30 13:43:21 +0530 IST SomeResourcesRemain Some resources are remaining: cnsnodevmattachments.cns.vmware.com has 1 resource instances, persistentvolumeclaims. has 1 resource instances, zones.topology.tanzu.vmware.com has 1 resource instances} {NamespaceFinalizersRemaining True 2025-09-30 13:43:21 +0530 IST SomeFinalizersRemain Some content in the namespace has finalizers remaining: cns.vmware.com in 1 resource instances, cns.vmware.com/pvc-protection in 1 resource instances, kubernetes.io/pvc-protection in 1 resource instances, tanzu-topology.vmware.com/zone in 1 resource instances}]} (25.550562584s)&#xA;I0930 13:43:36.770360 67684 util.go:3890] Namespace csi-1613 found and status={Terminating [{NamespaceDeletionDiscoveryFailure False 2025-09-30 13:43:21 +0530 IST ResourcesDiscovered All resources successfully discovered} {NamespaceDeletionGroupVersionParsingFailure False 2025-09-30 13:43:21 +0530 IST ParsedGroupVersions All legacy kube types successfully parsed} {NamespaceDeletionContentFailure False 2025-09-30 13:43:25 +0530 IST ContentDeleted All content successfully deleted, may be waiting on finalization} {NamespaceContentRemaining True 2025-09-30 13:43:21 +0530 IST SomeResourcesRemain Some resources are remaining: cnsnodevmattachments.cns.vmware.com has 1 resource instances, persistentvolumeclaims. has 1 resource instances, zones.topology.tanzu.vmware.com has 1 resource instances} {NamespaceFinalizersRemaining True 2025-09-30 13:43:21 +0530 IST SomeFinalizersRemain Some content in the namespace has finalizers remaining: cns.vmware.com in 1 resource instances, cns.vmware.com/pvc-protection in 1 resource instances, tanzu-topology.vmware.com/zone in 1 resource instances}]} (27.806785167s)&#xA;I0930 13:43:39.000321 67684 util.go:3890] Namespace csi-1613 found and status={Terminating [{NamespaceDeletionDiscoveryFailure False 2025-09-30 13:43:21 +0530 IST ResourcesDiscovered All resources successfully discovered} {NamespaceDeletionGroupVersionParsingFailure False 2025-09-30 13:43:21 +0530 IST ParsedGroupVersions All legacy kube types successfully parsed} {NamespaceDeletionContentFailure False 2025-09-30 13:43:25 +0530 IST ContentDeleted All content successfully deleted, may be waiting on finalization} {NamespaceContentRemaining True 2025-09-30 13:43:21 +0530 IST SomeResourcesRemain Some resources are remaining: cnsnodevmattachments.cns.vmware.com has 1 resource instances, persistentvolumeclaims. has 1 resource instances, zones.topology.tanzu.vmware.com has 1 resource instances} {NamespaceFinalizersRemaining True 2025-09-30 13:43:21 +0530 IST SomeFinalizersRemain Some content in the namespace has finalizers remaining: cns.vmware.com in 1 resource instances, cns.vmware.com/pvc-protection in 1 resource instances, tanzu-topology.vmware.com/zone in 1 resource instances}]} (30.036458334s)&#xA;I0930 13:43:41.247509 67684 util.go:3890] Namespace csi-1613 found and status={Terminating [{NamespaceDeletionDiscoveryFailure False 2025-09-30 13:43:21 +0530 IST ResourcesDiscovered All resources successfully discovered} {NamespaceDeletionGroupVersionParsingFailure False 2025-09-30 13:43:21 +0530 IST ParsedGroupVersions All legacy kube types successfully parsed} {NamespaceDeletionContentFailure False 2025-09-30 13:43:25 +0530 IST ContentDeleted All content successfully deleted, may be waiting on finalization} {NamespaceContentRemaining True 2025-09-30 13:43:21 +0530 IST SomeResourcesRemain Some resources are remaining: cnsnodevmattachments.cns.vmware.com has 1 resource instances, persistentvolumeclaims. has 1 resource instances, zones.topology.tanzu.vmware.com has 1 resource instances} {NamespaceFinalizersRemaining True 2025-09-30 13:43:21 +0530 IST SomeFinalizersRemain Some content in the namespace has finalizers remaining: cns.vmware.com in 1 resource instances, cns.vmware.com/pvc-protection in 1 resource instances, tanzu-topology.vmware.com/zone in 1 resource instances}]} (32.283952334s)&#xA;I0930 13:43:43.494546 67684 util.go:3890] Namespace csi-1613 found and status={Terminating [{NamespaceDeletionDiscoveryFailure False 2025-09-30 13:43:21 +0530 IST ResourcesDiscovered All resources successfully discovered} {NamespaceDeletionGroupVersionParsingFailure False 2025-09-30 13:43:21 +0530 IST ParsedGroupVersions All legacy kube types successfully parsed} {NamespaceDeletionContentFailure False 2025-09-30 13:43:25 +0530 IST ContentDeleted All content successfully deleted, may be waiting on finalization} {NamespaceContentRemaining True 2025-09-30 13:43:21 +0530 IST SomeResourcesRemain Some resources are remaining: cnsnodevmattachments.cns.vmware.com has 1 resource instances, persistentvolumeclaims. has 1 resource instances, zones.topology.tanzu.vmware.com has 1 resource instances} {NamespaceFinalizersRemaining True 2025-09-30 13:43:21 +0530 IST SomeFinalizersRemain Some content in the namespace has finalizers remaining: cns.vmware.com in 1 resource instances, cns.vmware.com/pvc-protection in 1 resource instances, tanzu-topology.vmware.com/zone in 1 resource instances}]} (34.531012042s)&#xA;I0930 13:43:45.729444 67684 util.go:3890] Namespace csi-1613 found and status={Terminating [{NamespaceDeletionDiscoveryFailure False 2025-09-30 13:43:21 +0530 IST ResourcesDiscovered All resources successfully discovered} {NamespaceDeletionGroupVersionParsingFailure False 2025-09-30 13:43:21 +0530 IST ParsedGroupVersions All legacy kube types successfully parsed} {NamespaceDeletionContentFailure False 2025-09-30 13:43:25 +0530 IST ContentDeleted All content successfully deleted, may be waiting on finalization} {NamespaceContentRemaining True 2025-09-30 13:43:21 +0530 IST SomeResourcesRemain Some resources are remaining: cnsnodevmattachments.cns.vmware.com has 1 resource instances, persistentvolumeclaims. has 1 resource instances, zones.topology.tanzu.vmware.com has 1 resource instances} {NamespaceFinalizersRemaining True 2025-09-30 13:43:21 +0530 IST SomeFinalizersRemain Some content in the namespace has finalizers remaining: cns.vmware.com in 1 resource instances, cns.vmware.com/pvc-protection in 1 resource instances, tanzu-topology.vmware.com/zone in 1 resource instances}]} (36.765929417s)&#xA;I0930 13:43:47.960842 67684 util.go:3890] Namespace csi-1613 found and status={Terminating [{NamespaceDeletionDiscoveryFailure False 2025-09-30 13:43:21 +0530 IST ResourcesDiscovered All resources successfully discovered} {NamespaceDeletionGroupVersionParsingFailure False 2025-09-30 13:43:21 +0530 IST ParsedGroupVersions All legacy kube types successfully parsed} {NamespaceDeletionContentFailure False 2025-09-30 13:43:25 +0530 IST ContentDeleted All content successfully deleted, may be waiting on finalization} {NamespaceContentRemaining True 2025-09-30 13:43:21 +0530 IST SomeResourcesRemain Some resources are remaining: cnsnodevmattachments.cns.vmware.com has 1 resource instances, persistentvolumeclaims. has 1 resource instances, zones.topology.tanzu.vmware.com has 1 resource instances} {NamespaceFinalizersRemaining True 2025-09-30 13:43:21 +0530 IST SomeFinalizersRemain Some content in the namespace has finalizers remaining: cns.vmware.com in 1 resource instances, cns.vmware.com/pvc-protection in 1 resource instances, tanzu-topology.vmware.com/zone in 1 resource instances}]} (38.997353292s)&#xA;I0930 13:43:50.190513 67684 util.go:3890] Namespace csi-1613 found and status={Terminating [{NamespaceDeletionDiscoveryFailure False 2025-09-30 13:43:21 +0530 IST ResourcesDiscovered All resources successfully discovered} {NamespaceDeletionGroupVersionParsingFailure False 2025-09-30 13:43:21 +0530 IST ParsedGroupVersions All legacy kube types successfully parsed} {NamespaceDeletionContentFailure False 2025-09-30 13:43:25 +0530 IST ContentDeleted All content successfully deleted, may be waiting on finalization} {NamespaceContentRemaining True 2025-09-30 13:43:21 +0530 IST SomeResourcesRemain Some resources are remaining: cnsnodevmattachments.cns.vmware.com has 1 resource instances, persistentvolumeclaims. has 1 resource instances, zones.topology.tanzu.vmware.com has 1 resource instances} {NamespaceFinalizersRemaining True 2025-09-30 13:43:21 +0530 IST SomeFinalizersRemain Some content in the namespace has finalizers remaining: cns.vmware.com in 1 resource instances, cns.vmware.com/pvc-protection in 1 resource instances, tanzu-topology.vmware.com/zone in 1 resource instances}]} (41.227062125s)&#xA;I0930 13:43:52.418872 67684 util.go:3890] Namespace csi-1613 found and status={Terminating [{NamespaceDeletionDiscoveryFailure False 2025-09-30 13:43:21 +0530 IST ResourcesDiscovered All resources successfully discovered} {NamespaceDeletionGroupVersionParsingFailure False 2025-09-30 13:43:21 +0530 IST ParsedGroupVersions All legacy kube types successfully parsed} {NamespaceDeletionContentFailure False 2025-09-30 13:43:25 +0530 IST ContentDeleted All content successfully deleted, may be waiting on finalization} {NamespaceContentRemaining True 2025-09-30 13:43:21 +0530 IST SomeResourcesRemain Some resources are remaining: cnsnodevmattachments.cns.vmware.com has 1 resource instances, persistentvolumeclaims. has 1 resource instances, zones.topology.tanzu.vmware.com has 1 resource instances} {NamespaceFinalizersRemaining True 2025-09-30 13:43:21 +0530 IST SomeFinalizersRemain Some content in the namespace has finalizers remaining: cns.vmware.com in 1 resource instances, cns.vmware.com/pvc-protection in 1 resource instances, tanzu-topology.vmware.com/zone in 1 resource instances}]} (43.455424542s)&#xA;I0930 13:43:54.648190 67684 util.go:3890] Namespace csi-1613 found and status={Terminating [{NamespaceDeletionDiscoveryFailure False 2025-09-30 13:43:21 +0530 IST ResourcesDiscovered All resources successfully discovered} {NamespaceDeletionGroupVersionParsingFailure False 2025-09-30 13:43:21 +0530 IST ParsedGroupVersions All legacy kube types successfully parsed} {NamespaceDeletionContentFailure False 2025-09-30 13:43:25 +0530 IST ContentDeleted All content successfully deleted, may be waiting on finalization} {NamespaceContentRemaining True 2025-09-30 13:43:21 +0530 IST SomeResourcesRemain Some resources are remaining: cnsnodevmattachments.cns.vmware.com has 1 resource instances, persistentvolumeclaims. has 1 resource instances, zones.topology.tanzu.vmware.com has 1 resource instances} {NamespaceFinalizersRemaining True 2025-09-30 13:43:21 +0530 IST SomeFinalizersRemain Some content in the namespace has finalizers remaining: cns.vmware.com in 1 resource instances, cns.vmware.com/pvc-protection in 1 resource instances, tanzu-topology.vmware.com/zone in 1 resource instances}]} (45.684754667s)&#xA;I0930 13:43:56.891224 67684 util.go:3890] Namespace csi-1613 found and status={Terminating [{NamespaceDeletionDiscoveryFailure False 2025-09-30 13:43:21 +0530 IST ResourcesDiscovered All resources successfully discovered} {NamespaceDeletionGroupVersionParsingFailure False 2025-09-30 13:43:21 +0530 IST ParsedGroupVersions All legacy kube types successfully parsed} {NamespaceDeletionContentFailure False 2025-09-30 13:43:25 +0530 IST ContentDeleted All content successfully deleted, may be waiting on finalization} {NamespaceContentRemaining True 2025-09-30 13:43:21 +0530 IST SomeResourcesRemain Some resources are remaining: cnsnodevmattachments.cns.vmware.com has 1 resource instances, persistentvolumeclaims. has 1 resource instances, zones.topology.tanzu.vmware.com has 1 resource instances} {NamespaceFinalizersRemaining True 2025-09-30 13:43:21 +0530 IST SomeFinalizersRemain Some content in the namespace has finalizers remaining: cns.vmware.com in 1 resource instances, cns.vmware.com/pvc-protection in 1 resource instances, tanzu-topology.vmware.com/zone in 1 resource instances}]} (47.927809292s)&#xA;I0930 13:43:59.156499 67684 util.go:3890] Namespace csi-1613 found and status={Terminating [{NamespaceDeletionDiscoveryFailure False 2025-09-30 13:43:21 +0530 IST ResourcesDiscovered All resources successfully discovered} {NamespaceDeletionGroupVersionParsingFailure False 2025-09-30 13:43:21 +0530 IST ParsedGroupVersions All legacy kube types successfully parsed} {NamespaceDeletionContentFailure False 2025-09-30 13:43:25 +0530 IST ContentDeleted All content successfully deleted, may be waiting on finalization} {NamespaceContentRemaining True 2025-09-30 13:43:21 +0530 IST SomeResourcesRemain Some resources are remaining: cnsnodevmattachments.cns.vmware.com has 1 resource instances, persistentvolumeclaims. has 1 resource instances, zones.topology.tanzu.vmware.com has 1 resource instances} {NamespaceFinalizersRemaining True 2025-09-30 13:43:21 +0530 IST SomeFinalizersRemain Some content in the namespace has finalizers remaining: cns.vmware.com in 1 resource instances, cns.vmware.com/pvc-protection in 1 resource instances, tanzu-topology.vmware.com/zone in 1 resource instances}]} (50.193132959s)&#xA;I0930 13:44:01.384943 67684 util.go:3890] Namespace csi-1613 found and status={Terminating [{NamespaceDeletionDiscoveryFailure False 2025-09-30 13:43:21 +0530 IST ResourcesDiscovered All resources successfully discovered} {NamespaceDeletionGroupVersionParsingFailure False 2025-09-30 13:43:21 +0530 IST ParsedGroupVersions All legacy kube types successfully parsed} {NamespaceDeletionContentFailure False 2025-09-30 13:43:25 +0530 IST ContentDeleted All content successfully deleted, may be waiting on finalization} {NamespaceContentRemaining True 2025-09-30 13:43:21 +0530 IST SomeResourcesRemain Some resources are remaining: cnsnodevmattachments.cns.vmware.com has 1 resource instances, persistentvolumeclaims. has 1 resource instances, zones.topology.tanzu.vmware.com has 1 resource instances} {NamespaceFinalizersRemaining True 2025-09-30 13:43:21 +0530 IST SomeFinalizersRemain Some content in the namespace has finalizers remaining: cns.vmware.com in 1 resource instances, cns.vmware.com/pvc-protection in 1 resource instances, tanzu-topology.vmware.com/zone in 1 resource instances}]} (52.421552167s)&#xA;I0930 13:44:03.645015 67684 util.go:3890] Namespace csi-1613 found and status={Terminating [{NamespaceDeletionDiscoveryFailure False 2025-09-30 13:43:21 +0530 IST ResourcesDiscovered All resources successfully discovered} {NamespaceDeletionGroupVersionParsingFailure False 2025-09-30 13:43:21 +0530 IST ParsedGroupVersions All legacy kube types successfully parsed} {NamespaceDeletionContentFailure False 2025-09-30 13:43:25 +0530 IST ContentDeleted All content successfully deleted, may be waiting on finalization} {NamespaceContentRemaining True 2025-09-30 13:43:21 +0530 IST SomeResourcesRemain Some resources are remaining: cnsnodevmattachments.cns.vmware.com has 1 resource instances, persistentvolumeclaims. has 1 resource instances, zones.topology.tanzu.vmware.com has 1 resource instances} {NamespaceFinalizersRemaining True 2025-09-30 13:43:21 +0530 IST SomeFinalizersRemain Some content in the namespace has finalizers remaining: cns.vmware.com in 1 resource instances, cns.vmware.com/pvc-protection in 1 resource instances, tanzu-topology.vmware.com/zone in 1 resource instances}]} (54.68168975s)&#xA;I0930 13:44:05.887455 67684 util.go:3890] Namespace csi-1613 found and status={Terminating [{NamespaceDeletionDiscoveryFailure False 2025-09-30 13:43:21 +0530 IST ResourcesDiscovered All resources successfully discovered} {NamespaceDeletionGroupVersionParsingFailure False 2025-09-30 13:43:21 +0530 IST ParsedGroupVersions All legacy kube types successfully parsed} {NamespaceDeletionContentFailure False 2025-09-30 13:43:25 +0530 IST ContentDeleted All content successfully deleted, may be waiting on finalization} {NamespaceContentRemaining True 2025-09-30 13:43:21 +0530 IST SomeResourcesRemain Some resources are remaining: cnsnodevmattachments.cns.vmware.com has 1 resource instances, persistentvolumeclaims. has 1 resource instances, zones.topology.tanzu.vmware.com has 1 resource instances} {NamespaceFinalizersRemaining True 2025-09-30 13:43:21 +0530 IST SomeFinalizersRemain Some content in the namespace has finalizers remaining: cns.vmware.com in 1 resource instances, cns.vmware.com/pvc-protection in 1 resource instances, tanzu-topology.vmware.com/zone in 1 resource instances}]} (56.92418s)&#xA;I0930 13:44:08.121873 67684 util.go:3890] Namespace csi-1613 found and status={Terminating [{NamespaceDeletionDiscoveryFailure False 2025-09-30 13:43:21 +0530 IST ResourcesDiscovered All resources successfully discovered} {NamespaceDeletionGroupVersionParsingFailure False 2025-09-30 13:43:21 +0530 IST ParsedGroupVersions All legacy kube types successfully parsed} {NamespaceDeletionContentFailure False 2025-09-30 13:43:25 +0530 IST ContentDeleted All content successfully deleted, may be waiting on finalization} {NamespaceContentRemaining True 2025-09-30 13:43:21 +0530 IST SomeResourcesRemain Some resources are remaining: cnsnodevmattachments.cns.vmware.com has 1 resource instances, persistentvolumeclaims. has 1 resource instances, zones.topology.tanzu.vmware.com has 1 resource instances} {NamespaceFinalizersRemaining True 2025-09-30 13:43:21 +0530 IST SomeFinalizersRemain Some content in the namespace has finalizers remaining: cns.vmware.com in 1 resource instances, cns.vmware.com/pvc-protection in 1 resource instances, tanzu-topology.vmware.com/zone in 1 resource instances}]} (59.158540625s)&#xA;I0930 13:44:10.354860 67684 util.go:3890] Namespace csi-1613 found and status={Terminating [{NamespaceDeletionDiscoveryFailure False 2025-09-30 13:43:21 +0530 IST ResourcesDiscovered All resources successfully discovered} {NamespaceDeletionGroupVersionParsingFailure False 2025-09-30 13:43:21 +0530 IST ParsedGroupVersions All legacy kube types successfully parsed} {NamespaceDeletionContentFailure False 2025-09-30 13:43:25 +0530 IST ContentDeleted All content successfully deleted, may be waiting on finalization} {NamespaceContentRemaining True 2025-09-30 13:43:21 +0530 IST SomeResourcesRemain Some resources are remaining: cnsnodevmattachments.cns.vmware.com has 1 resource instances, persistentvolumeclaims. has 1 resource instances, zones.topology.tanzu.vmware.com has 1 resource instances} {NamespaceFinalizersRemaining True 2025-09-30 13:43:21 +0530 IST SomeFinalizersRemain Some content in the namespace has finalizers remaining: cns.vmware.com in 1 resource instances, cns.vmware.com/pvc-protection in 1 resource instances, tanzu-topology.vmware.com/zone in 1 resource instances}]} (1m1.391592834s)&#xA;I0930 13:44:12.603929 67684 util.go:3890] Namespace csi-1613 found and status={Terminating [{NamespaceDeletionDiscoveryFailure False 2025-09-30 13:43:21 +0530 IST ResourcesDiscovered All resources successfully discovered} {NamespaceDeletionGroupVersionParsingFailure False 2025-09-30 13:43:21 +0530 IST ParsedGroupVersions All legacy kube types successfully parsed} {NamespaceDeletionContentFailure False 2025-09-30 13:43:25 +0530 IST ContentDeleted All content successfully deleted, may be waiting on finalization} {NamespaceContentRemaining True 2025-09-30 13:43:21 +0530 IST SomeResourcesRemain Some resources are remaining: cnsnodevmattachments.cns.vmware.com has 1 resource instances, persistentvolumeclaims. has 1 resource instances, zones.topology.tanzu.vmware.com has 1 resource instances} {NamespaceFinalizersRemaining True 2025-09-30 13:43:21 +0530 IST SomeFinalizersRemain Some content in the namespace has finalizers remaining: cns.vmware.com in 1 resource instances, cns.vmware.com/pvc-protection in 1 resource instances, tanzu-topology.vmware.com/zone in 1 resource instances}]} (1m3.640678417s)&#xA;I0930 13:44:15.079301 67684 util.go:3890] Namespace csi-1613 found and status={Terminating [{NamespaceDeletionDiscoveryFailure False 2025-09-30 13:43:21 +0530 IST ResourcesDiscovered All resources successfully discovered} {NamespaceDeletionGroupVersionParsingFailure False 2025-09-30 13:43:21 +0530 IST ParsedGroupVersions All legacy kube types successfully parsed} {NamespaceDeletionContentFailure False 2025-09-30 13:43:25 +0530 IST ContentDeleted All content successfully deleted, may be waiting on finalization} {NamespaceContentRemaining True 2025-09-30 13:43:21 +0530 IST SomeResourcesRemain Some resources are remaining: cnsnodevmattachments.cns.vmware.com has 1 resource instances, persistentvolumeclaims. has 1 resource instances, zones.topology.tanzu.vmware.com has 1 resource instances} {NamespaceFinalizersRemaining True 2025-09-30 13:43:21 +0530 IST SomeFinalizersRemain Some content in the namespace has finalizers remaining: cns.vmware.com in 1 resource instances, cns.vmware.com/pvc-protection in 1 resource instances, tanzu-topology.vmware.com/zone in 1 resource instances}]} (1m6.116110334s)&#xA;I0930 13:44:17.308284 67684 util.go:3890] Namespace csi-1613 found and status={Terminating [{NamespaceDeletionDiscoveryFailure False 2025-09-30 13:43:21 +0530 IST ResourcesDiscovered All resources successfully discovered} {NamespaceDeletionGroupVersionParsingFailure False 2025-09-30 13:43:21 +0530 IST ParsedGroupVersions All legacy kube types successfully parsed} {NamespaceDeletionContentFailure False 2025-09-30 13:43:25 +0530 IST ContentDeleted All content successfully deleted, may be waiting on finalization} {NamespaceContentRemaining True 2025-09-30 13:43:21 +0530 IST SomeResourcesRemain Some resources are remaining: cnsnodevmattachments.cns.vmware.com has 1 resource instances, persistentvolumeclaims. has 1 resource instances, zones.topology.tanzu.vmware.com has 1 resource instances} {NamespaceFinalizersRemaining True 2025-09-30 13:43:21 +0530 IST SomeFinalizersRemain Some content in the namespace has finalizers remaining: cns.vmware.com in 1 resource instances, cns.vmware.com/pvc-protection in 1 resource instances, tanzu-topology.vmware.com/zone in 1 resource instances}]} (1m8.34511375s)&#xA;I0930 13:44:19.568551 67684 util.go:3890] Namespace csi-1613 found and status={Terminating [{NamespaceDeletionDiscoveryFailure False 2025-09-30 13:43:21 +0530 IST ResourcesDiscovered All resources successfully discovered} {NamespaceDeletionGroupVersionParsingFailure False 2025-09-30 13:43:21 +0530 IST ParsedGroupVersions All legacy kube types successfully parsed} {NamespaceDeletionContentFailure False 2025-09-30 13:43:25 +0530 IST ContentDeleted All content successfully deleted, may be waiting on finalization} {NamespaceContentRemaining True 2025-09-30 13:43:21 +0530 IST SomeResourcesRemain Some resources are remaining: cnsnodevmattachments.cns.vmware.com has 1 resource instances, persistentvolumeclaims. has 1 resource instances, zones.topology.tanzu.vmware.com has 1 resource instances} {NamespaceFinalizersRemaining True 2025-09-30 13:43:21 +0530 IST SomeFinalizersRemain Some content in the namespace has finalizers remaining: cns.vmware.com in 1 resource instances, cns.vmware.com/pvc-protection in 1 resource instances, tanzu-topology.vmware.com/zone in 1 resource instances}]} (1m10.605396084s)&#xA;I0930 13:44:21.840228 67684 util.go:3890] Namespace csi-1613 found and status={Terminating [{NamespaceDeletionDiscoveryFailure False 2025-09-30 13:43:21 +0530 IST ResourcesDiscovered All resources successfully discovered} {NamespaceDeletionGroupVersionParsingFailure False 2025-09-30 13:43:21 +0530 IST ParsedGroupVersions All legacy kube types successfully parsed} {NamespaceDeletionContentFailure False 2025-09-30 13:43:25 +0530 IST ContentDeleted All content successfully deleted, may be waiting on finalization} {NamespaceContentRemaining True 2025-09-30 13:43:21 +0530 IST SomeResourcesRemain Some resources are remaining: cnsnodevmattachments.cns.vmware.com has 1 resource instances, persistentvolumeclaims. has 1 resource instances, zones.topology.tanzu.vmware.com has 1 resource instances} {NamespaceFinalizersRemaining True 2025-09-30 13:43:21 +0530 IST SomeFinalizersRemain Some content in the namespace has finalizers remaining: cns.vmware.com in 1 resource instances, cns.vmware.com/pvc-protection in 1 resource instances, tanzu-topology.vmware.com/zone in 1 resource instances}]} (1m12.8769815s)&#xA;I0930 13:44:24.089186 67684 util.go:3890] Namespace csi-1613 found and status={Terminating [{NamespaceDeletionDiscoveryFailure False 2025-09-30 13:43:21 +0530 IST ResourcesDiscovered All resources successfully discovered} {NamespaceDeletionGroupVersionParsingFailure False 2025-09-30 13:43:21 +0530 IST ParsedGroupVersions All legacy kube types successfully parsed} {NamespaceDeletionContentFailure False 2025-09-30 13:43:25 +0530 IST ContentDeleted All content successfully deleted, may be waiting on finalization} {NamespaceContentRemaining True 2025-09-30 13:43:21 +0530 IST SomeResourcesRemain Some resources are remaining: cnsnodevmattachments.cns.vmware.com has 1 resource instances, persistentvolumeclaims. has 1 resource instances, zones.topology.tanzu.vmware.com has 1 resource instances} {NamespaceFinalizersRemaining True 2025-09-30 13:43:21 +0530 IST SomeFinalizersRemain Some content in the namespace has finalizers remaining: cns.vmware.com in 1 resource instances, cns.vmware.com/pvc-protection in 1 resource instances, tanzu-topology.vmware.com/zone in 1 resource instances}]} (1m15.1260115s)&#xA;I0930 13:44:26.387090 67684 util.go:3890] Namespace csi-1613 found and status={Terminating [{NamespaceDeletionDiscoveryFailure False 2025-09-30 13:43:21 +0530 IST ResourcesDiscovered All resources successfully discovered} {NamespaceDeletionGroupVersionParsingFailure False 2025-09-30 13:43:21 +0530 IST ParsedGroupVersions All legacy kube types successfully parsed} {NamespaceDeletionContentFailure False 2025-09-30 13:43:25 +0530 IST ContentDeleted All content successfully deleted, may be waiting on finalization} {NamespaceContentRemaining True 2025-09-30 13:43:21 +0530 IST SomeResourcesRemain Some resources are remaining: cnsnodevmattachments.cns.vmware.com has 1 resource instances, persistentvolumeclaims. has 1 resource instances, zones.topology.tanzu.vmware.com has 1 resource instances} {NamespaceFinalizersRemaining True 2025-09-30 13:43:21 +0530 IST SomeFinalizersRemain Some content in the namespace has finalizers remaining: cns.vmware.com in 1 resource instances, cns.vmware.com/pvc-protection in 1 resource instances, tanzu-topology.vmware.com/zone in 1 resource instances}]} (1m17.423794625s)&#xA;I0930 13:44:28.629636 67684 util.go:3890] Namespace csi-1613 found and status={Terminating [{NamespaceDeletionDiscoveryFailure False 2025-09-30 13:43:21 +0530 IST ResourcesDiscovered All resources successfully discovered} {NamespaceDeletionGroupVersionParsingFailure False 2025-09-30 13:43:21 +0530 IST ParsedGroupVersions All legacy kube types successfully parsed} {NamespaceDeletionContentFailure False 2025-09-30 13:43:25 +0530 IST ContentDeleted All content successfully deleted, may be waiting on finalization} {NamespaceContentRemaining True 2025-09-30 13:43:21 +0530 IST SomeResourcesRemain Some resources are remaining: cnsnodevmattachments.cns.vmware.com has 1 resource instances, persistentvolumeclaims. has 1 resource instances, zones.topology.tanzu.vmware.com has 1 resource instances} {NamespaceFinalizersRemaining True 2025-09-30 13:43:21 +0530 IST SomeFinalizersRemain Some content in the namespace has finalizers remaining: cns.vmware.com in 1 resource instances, cns.vmware.com/pvc-protection in 1 resource instances, tanzu-topology.vmware.com/zone in 1 resource instances}]} (1m19.666510209s)&#xA;I0930 13:44:30.874620 67684 util.go:3890] Namespace csi-1613 found and status={Terminating [{NamespaceDeletionDiscoveryFailure False 2025-09-30 13:43:21 +0530 IST ResourcesDiscovered All resources successfully discovered} {NamespaceDeletionGroupVersionParsingFailure False 2025-09-30 13:43:21 +0530 IST ParsedGroupVersions All legacy kube types successfully parsed} {NamespaceDeletionContentFailure False 2025-09-30 13:43:25 +0530 IST ContentDeleted All content successfully deleted, may be waiting on finalization} {NamespaceContentRemaining True 2025-09-30 13:43:21 +0530 IST SomeResourcesRemain Some resources are remaining: cnsnodevmattachments.cns.vmware.com has 1 resource instances, persistentvolumeclaims. has 1 resource instances, zones.topology.tanzu.vmware.com has 1 resource instances} {NamespaceFinalizersRemaining True 2025-09-30 13:43:21 +0530 IST SomeFinalizersRemain Some content in the namespace has finalizers remaining: cns.vmware.com in 1 resource instances, cns.vmware.com/pvc-protection in 1 resource instances, tanzu-topology.vmware.com/zone in 1 resource instances}]} (1m21.911224s)&#xA;I0930 13:44:33.112143 67684 util.go:3890] Namespace csi-1613 found and status={Terminating [{NamespaceDeletionDiscoveryFailure False 2025-09-30 13:43:21 +0530 IST ResourcesDiscovered All resources successfully discovered} {NamespaceDeletionGroupVersionParsingFailure False 2025-09-30 13:43:21 +0530 IST ParsedGroupVersions All legacy kube types successfully parsed} {NamespaceDeletionContentFailure False 2025-09-30 13:43:25 +0530 IST ContentDeleted All content successfully deleted, may be waiting on finalization} {NamespaceContentRemaining True 2025-09-30 13:43:21 +0530 IST SomeResourcesRemain Some resources are remaining: cnsnodevmattachments.cns.vmware.com has 1 resource instances, persistentvolumeclaims. has 1 resource instances, zones.topology.tanzu.vmware.com has 1 resource instances} {NamespaceFinalizersRemaining True 2025-09-30 13:43:21 +0530 IST SomeFinalizersRemain Some content in the namespace has finalizers remaining: cns.vmware.com in 1 resource instances, cns.vmware.com/pvc-protection in 1 resource instances, tanzu-topology.vmware.com/zone in 1 resource instances}]} (1m24.1487845s)&#xA;I0930 13:44:35.350859 67684 util.go:3890] Namespace csi-1613 found and status={Terminating [{NamespaceDeletionDiscoveryFailure False 2025-09-30 13:43:21 +0530 IST ResourcesDiscovered All resources successfully discovered} {NamespaceDeletionGroupVersionParsingFailure False 2025-09-30 13:43:21 +0530 IST ParsedGroupVersions All legacy kube types successfully parsed} {NamespaceDeletionContentFailure False 2025-09-30 13:43:25 +0530 IST ContentDeleted All content successfully deleted, may be waiting on finalization} {NamespaceContentRemaining True 2025-09-30 13:43:21 +0530 IST SomeResourcesRemain Some resources are remaining: cnsnodevmattachments.cns.vmware.com has 1 resource instances, persistentvolumeclaims. has 1 resource instances, zones.topology.tanzu.vmware.com has 1 resource instances} {NamespaceFinalizersRemaining True 2025-09-30 13:43:21 +0530 IST SomeFinalizersRemain Some content in the namespace has finalizers remaining: cns.vmware.com in 1 resource instances, cns.vmware.com/pvc-protection in 1 resource instances, tanzu-topology.vmware.com/zone in 1 resource instances}]} (1m26.387731542s)&#xA;I0930 13:44:37.584933 67684 util.go:3890] Namespace csi-1613 found and status={Terminating [{NamespaceDeletionDiscoveryFailure False 2025-09-30 13:43:21 +0530 IST ResourcesDiscovered All resources successfully discovered} {NamespaceDeletionGroupVersionParsingFailure False 2025-09-30 13:43:21 +0530 IST ParsedGroupVersions All legacy kube types successfully parsed} {NamespaceDeletionContentFailure False 2025-09-30 13:43:25 +0530 IST ContentDeleted All content successfully deleted, may be waiting on finalization} {NamespaceContentRemaining True 2025-09-30 13:43:21 +0530 IST SomeResourcesRemain Some resources are remaining: cnsnodevmattachments.cns.vmware.com has 1 resource instances, persistentvolumeclaims. has 1 resource instances, zones.topology.tanzu.vmware.com has 1 resource instances} {NamespaceFinalizersRemaining True 2025-09-30 13:43:21 +0530 IST SomeFinalizersRemain Some content in the namespace has finalizers remaining: cns.vmware.com in 1 resource instances, cns.vmware.com/pvc-protection in 1 resource instances, tanzu-topology.vmware.com/zone in 1 resource instances}]} (1m28.621924167s)&#xA;I0930 13:44:39.814936 67684 util.go:3890] Namespace csi-1613 found and status={Terminating [{NamespaceDeletionDiscoveryFailure False 2025-09-30 13:43:21 +0530 IST ResourcesDiscovered All resources successfully discovered} {NamespaceDeletionGroupVersionParsingFailure False 2025-09-30 13:43:21 +0530 IST ParsedGroupVersions All legacy kube types successfully parsed} {NamespaceDeletionContentFailure False 2025-09-30 13:43:25 +0530 IST ContentDeleted All content successfully deleted, may be waiting on finalization} {NamespaceContentRemaining True 2025-09-30 13:43:21 +0530 IST SomeResourcesRemain Some resources are remaining: cnsnodevmattachments.cns.vmware.com has 1 resource instances, persistentvolumeclaims. has 1 resource instances, zones.topology.tanzu.vmware.com has 1 resource instances} {NamespaceFinalizersRemaining True 2025-09-30 13:43:21 +0530 IST SomeFinalizersRemain Some content in the namespace has finalizers remaining: cns.vmware.com in 1 resource instances, cns.vmware.com/pvc-protection in 1 resource instances, tanzu-topology.vmware.com/zone in 1 resource instances}]} (1m30.851840709s)&#xA;I0930 13:44:42.060831 67684 util.go:3890] Namespace csi-1613 found and status={Terminating [{NamespaceDeletionDiscoveryFailure False 2025-09-30 13:43:21 +0530 IST ResourcesDiscovered All resources successfully discovered} {NamespaceDeletionGroupVersionParsingFailure False 2025-09-30 13:43:21 +0530 IST ParsedGroupVersions All legacy kube types successfully parsed} {NamespaceDeletionContentFailure False 2025-09-30 13:43:25 +0530 IST ContentDeleted All content successfully deleted, may be waiting on finalization} {NamespaceContentRemaining True 2025-09-30 13:43:21 +0530 IST SomeResourcesRemain Some resources are remaining: cnsnodevmattachments.cns.vmware.com has 1 resource instances, persistentvolumeclaims. has 1 resource instances, zones.topology.tanzu.vmware.com has 1 resource instances} {NamespaceFinalizersRemaining True 2025-09-30 13:43:21 +0530 IST SomeFinalizersRemain Some content in the namespace has finalizers remaining: cns.vmware.com in 1 resource instances, cns.vmware.com/pvc-protection in 1 resource instances, tanzu-topology.vmware.com/zone in 1 resource instances}]} (1m33.097806084s)&#xA;I0930 13:44:44.302942 67684 util.go:3890] Namespace csi-1613 found and status={Terminating [{NamespaceDeletionDiscoveryFailure False 2025-09-30 13:43:21 +0530 IST ResourcesDiscovered All resources successfully discovered} {NamespaceDeletionGroupVersionParsingFailure False 2025-09-30 13:43:21 +0530 IST ParsedGroupVersions All legacy kube types successfully parsed} {NamespaceDeletionContentFailure False 2025-09-30 13:43:25 +0530 IST ContentDeleted All content successfully deleted, may be waiting on finalization} {NamespaceContentRemaining True 2025-09-30 13:43:21 +0530 IST SomeResourcesRemain Some resources are remaining: cnsnodevmattachments.cns.vmware.com has 1 resource instances, persistentvolumeclaims. has 1 resource instances, zones.topology.tanzu.vmware.com has 1 resource instances} {NamespaceFinalizersRemaining True 2025-09-30 13:43:21 +0530 IST SomeFinalizersRemain Some content in the namespace has finalizers remaining: cns.vmware.com in 1 resource instances, cns.vmware.com/pvc-protection in 1 resource instances, tanzu-topology.vmware.com/zone in 1 resource instances}]} (1m35.339913042s)&#xA;I0930 13:44:46.540920 67684 util.go:3890] Namespace csi-1613 found and status={Terminating [{NamespaceDeletionDiscoveryFailure False 2025-09-30 13:43:21 +0530 IST ResourcesDiscovered All resources successfully discovered} {NamespaceDeletionGroupVersionParsingFailure False 2025-09-30 13:43:21 +0530 IST ParsedGroupVersions All legacy kube types successfully parsed} {NamespaceDeletionContentFailure False 2025-09-30 13:43:25 +0530 IST ContentDeleted All content successfully deleted, may be waiting on finalization} {NamespaceContentRemaining True 2025-09-30 13:43:21 +0530 IST SomeResourcesRemain Some resources are remaining: cnsnodevmattachments.cns.vmware.com has 1 resource instances, persistentvolumeclaims. has 1 resource instances, zones.topology.tanzu.vmware.com has 1 resource instances} {NamespaceFinalizersRemaining True 2025-09-30 13:43:21 +0530 IST SomeFinalizersRemain Some content in the namespace has finalizers remaining: cns.vmware.com in 1 resource instances, cns.vmware.com/pvc-protection in 1 resource instances, tanzu-topology.vmware.com/zone in 1 resource instances}]} (1m37.5779935s)&#xA;I0930 13:44:48.775544 67684 util.go:3890] Namespace csi-1613 found and status={Terminating [{NamespaceDeletionDiscoveryFailure False 2025-09-30 13:43:21 +0530 IST ResourcesDiscovered All resources successfully discovered} {NamespaceDeletionGroupVersionParsingFailure False 2025-09-30 13:43:21 +0530 IST ParsedGroupVersions All legacy kube types successfully parsed} {NamespaceDeletionContentFailure False 2025-09-30 13:43:25 +0530 IST ContentDeleted All content successfully deleted, may be waiting on finalization} {NamespaceContentRemaining True 2025-09-30 13:43:21 +0530 IST SomeResourcesRemain Some resources are remaining: cnsnodevmattachments.cns.vmware.com has 1 resource instances, persistentvolumeclaims. has 1 resource instances, zones.topology.tanzu.vmware.com has 1 resource instances} {NamespaceFinalizersRemaining True 2025-09-30 13:43:21 +0530 IST SomeFinalizersRemain Some content in the namespace has finalizers remaining: cns.vmware.com in 1 resource instances, cns.vmware.com/pvc-protection in 1 resource instances, tanzu-topology.vmware.com/zone in 1 resource instances}]} (1m39.81255s)&#xA;I0930 13:44:51.013316 67684 util.go:3890] Namespace csi-1613 found and status={Terminating [{NamespaceDeletionDiscoveryFailure False 2025-09-30 13:43:21 +0530 IST ResourcesDiscovered All resources successfully discovered} {NamespaceDeletionGroupVersionParsingFailure False 2025-09-30 13:43:21 +0530 IST ParsedGroupVersions All legacy kube types successfully parsed} {NamespaceDeletionContentFailure False 2025-09-30 13:43:25 +0530 IST ContentDeleted All content successfully deleted, may be waiting on finalization} {NamespaceContentRemaining True 2025-09-30 13:43:21 +0530 IST SomeResourcesRemain Some resources are remaining: cnsnodevmattachments.cns.vmware.com has 1 resource instances, persistentvolumeclaims. has 1 resource instances, zones.topology.tanzu.vmware.com has 1 resource instances} {NamespaceFinalizersRemaining True 2025-09-30 13:43:21 +0530 IST SomeFinalizersRemain Some content in the namespace has finalizers remaining: cns.vmware.com in 1 resource instances, cns.vmware.com/pvc-protection in 1 resource instances, tanzu-topology.vmware.com/zone in 1 resource instances}]} (1m42.05035925s)&#xA;I0930 13:44:53.256860 67684 util.go:3890] Namespace csi-1613 found and status={Terminating [{NamespaceDeletionDiscoveryFailure False 2025-09-30 13:43:21 +0530 IST ResourcesDiscovered All resources successfully discovered} {NamespaceDeletionGroupVersionParsingFailure False 2025-09-30 13:43:21 +0530 IST ParsedGroupVersions All legacy kube types successfully parsed} {NamespaceDeletionContentFailure False 2025-09-30 13:43:25 +0530 IST ContentDeleted All content successfully deleted, may be waiting on finalization} {NamespaceContentRemaining True 2025-09-30 13:43:21 +0530 IST SomeResourcesRemain Some resources are remaining: cnsnodevmattachments.cns.vmware.com has 1 resource instances, persistentvolumeclaims. has 1 resource instances, zones.topology.tanzu.vmware.com has 1 resource instances} {NamespaceFinalizersRemaining True 2025-09-30 13:43:21 +0530 IST SomeFinalizersRemain Some content in the namespace has finalizers remaining: cns.vmware.com in 1 resource instances, cns.vmware.com/pvc-protection in 1 resource instances, tanzu-topology.vmware.com/zone in 1 resource instances}]} (1m44.293730584s)&#xA;I0930 13:44:55.492989 67684 util.go:3890] Namespace csi-1613 found and status={Terminating [{NamespaceDeletionDiscoveryFailure False 2025-09-30 13:43:21 +0530 IST ResourcesDiscovered All resources successfully discovered} {NamespaceDeletionGroupVersionParsingFailure False 2025-09-30 13:43:21 +0530 IST ParsedGroupVersions All legacy kube types successfully parsed} {NamespaceDeletionContentFailure False 2025-09-30 13:43:25 +0530 IST ContentDeleted All content successfully deleted, may be waiting on finalization} {NamespaceContentRemaining True 2025-09-30 13:43:21 +0530 IST SomeResourcesRemain Some resources are remaining: cnsnodevmattachments.cns.vmware.com has 1 resource instances, persistentvolumeclaims. has 1 resource instances, zones.topology.tanzu.vmware.com has 1 resource instances} {NamespaceFinalizersRemaining True 2025-09-30 13:43:21 +0530 IST SomeFinalizersRemain Some content in the namespace has finalizers remaining: cns.vmware.com in 1 resource instances, cns.vmware.com/pvc-protection in 1 resource instances, tanzu-topology.vmware.com/zone in 1 resource instances}]} (1m46.529960459s)&#xA;I0930 13:44:57.725383 67684 util.go:3890] Namespace csi-1613 found and status={Terminating [{NamespaceDeletionDiscoveryFailure False 2025-09-30 13:43:21 +0530 IST ResourcesDiscovered All resources successfully discovered} {NamespaceDeletionGroupVersionParsingFailure False 2025-09-30 13:43:21 +0530 IST ParsedGroupVersions All legacy kube types successfully parsed} {NamespaceDeletionContentFailure False 2025-09-30 13:43:25 +0530 IST ContentDeleted All content successfully deleted, may be waiting on finalization} {NamespaceContentRemaining True 2025-09-30 13:43:21 +0530 IST SomeResourcesRemain Some resources are remaining: cnsnodevmattachments.cns.vmware.com has 1 resource instances, persistentvolumeclaims. has 1 resource instances, zones.topology.tanzu.vmware.com has 1 resource instances} {NamespaceFinalizersRemaining True 2025-09-30 13:43:21 +0530 IST SomeFinalizersRemain Some content in the namespace has finalizers remaining: cns.vmware.com in 1 resource instances, cns.vmware.com/pvc-protection in 1 resource instances, tanzu-topology.vmware.com/zone in 1 resource instances}]} (1m48.762509334s)&#xA;I0930 13:44:59.964065 67684 util.go:3890] Namespace csi-1613 found and status={Terminating [{NamespaceDeletionDiscoveryFailure False 2025-09-30 13:43:21 +0530 IST ResourcesDiscovered All resources successfully discovered} {NamespaceDeletionGroupVersionParsingFailure False 2025-09-30 13:43:21 +0530 IST ParsedGroupVersions All legacy kube types successfully parsed} {NamespaceDeletionContentFailure False 2025-09-30 13:43:25 +0530 IST ContentDeleted All content successfully deleted, may be waiting on finalization} {NamespaceContentRemaining True 2025-09-30 13:43:21 +0530 IST SomeResourcesRemain Some resources are remaining: cnsnodevmattachments.cns.vmware.com has 1 resource instances, persistentvolumeclaims. has 1 resource instances, zones.topology.tanzu.vmware.com has 1 resource instances} {NamespaceFinalizersRemaining True 2025-09-30 13:43:21 +0530 IST SomeFinalizersRemain Some content in the namespace has finalizers remaining: cns.vmware.com in 1 resource instances, cns.vmware.com/pvc-protection in 1 resource instances, tanzu-topology.vmware.com/zone in 1 resource instances}]} (1m51.00118175s)&#xA;I0930 13:45:02.221186 67684 util.go:3890] Namespace csi-1613 found and status={Terminating [{NamespaceDeletionDiscoveryFailure False 2025-09-30 13:43:21 +0530 IST ResourcesDiscovered All resources successfully discovered} {NamespaceDeletionGroupVersionParsingFailure False 2025-09-30 13:43:21 +0530 IST ParsedGroupVersions All legacy kube types successfully parsed} {NamespaceDeletionContentFailure False 2025-09-30 13:43:25 +0530 IST ContentDeleted All content successfully deleted, may be waiting on finalization} {NamespaceContentRemaining True 2025-09-30 13:43:21 +0530 IST SomeResourcesRemain Some resources are remaining: cnsnodevmattachments.cns.vmware.com has 1 resource instances, persistentvolumeclaims. has 1 resource instances, zones.topology.tanzu.vmware.com has 1 resource instances} {NamespaceFinalizersRemaining True 2025-09-30 13:43:21 +0530 IST SomeFinalizersRemain Some content in the namespace has finalizers remaining: cns.vmware.com in 1 resource instances, cns.vmware.com/pvc-protection in 1 resource instances, tanzu-topology.vmware.com/zone in 1 resource instances}]} (1m53.258304042s)&#xA;I0930 13:45:04.463192 67684 util.go:3890] Namespace csi-1613 found and status={Terminating [{NamespaceDeletionDiscoveryFailure False 2025-09-30 13:43:21 +0530 IST ResourcesDiscovered All resources successfully discovered} {NamespaceDeletionGroupVersionParsingFailure False 2025-09-30 13:43:21 +0530 IST ParsedGroupVersions All legacy kube types successfully parsed} {NamespaceDeletionContentFailure False 2025-09-30 13:43:25 +0530 IST ContentDeleted All content successfully deleted, may be waiting on finalization} {NamespaceContentRemaining True 2025-09-30 13:43:21 +0530 IST SomeResourcesRemain Some resources are remaining: cnsnodevmattachments.cns.vmware.com has 1 resource instances, persistentvolumeclaims. has 1 resource instances, zones.topology.tanzu.vmware.com has 1 resource instances} {NamespaceFinalizersRemaining True 2025-09-30 13:43:21 +0530 IST SomeFinalizersRemain Some content in the namespace has finalizers remaining: cns.vmware.com in 1 resource instances, cns.vmware.com/pvc-protection in 1 resource instances, tanzu-topology.vmware.com/zone in 1 resource instances}]} (1m55.500346417s)&#xA;I0930 13:45:06.704980 67684 util.go:3890] Namespace csi-1613 found and status={Terminating [{NamespaceDeletionDiscoveryFailure False 2025-09-30 13:43:21 +0530 IST ResourcesDiscovered All resources successfully discovered} {NamespaceDeletionGroupVersionParsingFailure False 2025-09-30 13:43:21 +0530 IST ParsedGroupVersions All legacy kube types successfully parsed} {NamespaceDeletionContentFailure False 2025-09-30 13:43:25 +0530 IST ContentDeleted All content successfully deleted, may be waiting on finalization} {NamespaceContentRemaining True 2025-09-30 13:43:21 +0530 IST SomeResourcesRemain Some resources are remaining: cnsnodevmattachments.cns.vmware.com has 1 resource instances, persistentvolumeclaims. has 1 resource instances, zones.topology.tanzu.vmware.com has 1 resource instances} {NamespaceFinalizersRemaining True 2025-09-30 13:43:21 +0530 IST SomeFinalizersRemain Some content in the namespace has finalizers remaining: cns.vmware.com in 1 resource instances, cns.vmware.com/pvc-protection in 1 resource instances, tanzu-topology.vmware.com/zone in 1 resource instances}]} (1m57.742136834s)&#xA;I0930 13:45:08.941421 67684 util.go:3890] Namespace csi-1613 found and status={Terminating [{NamespaceDeletionDiscoveryFailure False 2025-09-30 13:43:21 +0530 IST ResourcesDiscovered All resources successfully discovered} {NamespaceDeletionGroupVersionParsingFailure False 2025-09-30 13:43:21 +0530 IST ParsedGroupVersions All legacy kube types successfully parsed} {NamespaceDeletionContentFailure False 2025-09-30 13:43:25 +0530 IST ContentDeleted All content successfully deleted, may be waiting on finalization} {NamespaceContentRemaining True 2025-09-30 13:43:21 +0530 IST SomeResourcesRemain Some resources are remaining: cnsnodevmattachments.cns.vmware.com has 1 resource instances, persistentvolumeclaims. has 1 resource instances, zones.topology.tanzu.vmware.com has 1 resource instances} {NamespaceFinalizersRemaining True 2025-09-30 13:43:21 +0530 IST SomeFinalizersRemain Some content in the namespace has finalizers remaining: cns.vmware.com in 1 resource instances, cns.vmware.com/pvc-protection in 1 resource instances, tanzu-topology.vmware.com/zone in 1 resource instances}]} (1m59.978586834s)&#xA;I0930 13:45:11.170359 67684 util.go:3890] Namespace csi-1613 found and status={Terminating [{NamespaceDeletionDiscoveryFailure False 2025-09-30 13:43:21 +0530 IST ResourcesDiscovered All resources successfully discovered} {NamespaceDeletionGroupVersionParsingFailure False 2025-09-30 13:43:21 +0530 IST ParsedGroupVersions All legacy kube types successfully parsed} {NamespaceDeletionContentFailure False 2025-09-30 13:43:25 +0530 IST ContentDeleted All content successfully deleted, may be waiting on finalization} {NamespaceContentRemaining True 2025-09-30 13:43:21 +0530 IST SomeResourcesRemain Some resources are remaining: cnsnodevmattachments.cns.vmware.com has 1 resource instances, persistentvolumeclaims. has 1 resource instances, zones.topology.tanzu.vmware.com has 1 resource instances} {NamespaceFinalizersRemaining True 2025-09-30 13:43:21 +0530 IST SomeFinalizersRemain Some content in the namespace has finalizers remaining: cns.vmware.com in 1 resource instances, cns.vmware.com/pvc-protection in 1 resource instances, tanzu-topology.vmware.com/zone in 1 resource instances}]} (2m2.207596334s)&#xA;I0930 13:45:13.414400 67684 util.go:3890] Namespace csi-1613 found and status={Terminating [{NamespaceDeletionDiscoveryFailure False 2025-09-30 13:43:21 +0530 IST ResourcesDiscovered All resources successfully discovered} {NamespaceDeletionGroupVersionParsingFailure False 2025-09-30 13:43:21 +0530 IST ParsedGroupVersions All legacy kube types successfully parsed} {NamespaceDeletionContentFailure False 2025-09-30 13:43:25 +0530 IST ContentDeleted All content successfully deleted, may be waiting on finalization} {NamespaceContentRemaining True 2025-09-30 13:43:21 +0530 IST SomeResourcesRemain Some resources are remaining: cnsnodevmattachments.cns.vmware.com has 1 resource instances, persistentvolumeclaims. has 1 resource instances, zones.topology.tanzu.vmware.com has 1 resource instances} {NamespaceFinalizersRemaining True 2025-09-30 13:43:21 +0530 IST SomeFinalizersRemain Some content in the namespace has finalizers remaining: cns.vmware.com in 1 resource instances, cns.vmware.com/pvc-protection in 1 resource instances, tanzu-topology.vmware.com/zone in 1 resource instances}]} (2m4.451696459s)&#xA;I0930 13:45:15.651480 67684 util.go:3890] Namespace csi-1613 found and status={Terminating [{NamespaceDeletionDiscoveryFailure False 2025-09-30 13:43:21 +0530 IST ResourcesDiscovered All resources successfully discovered} {NamespaceDeletionGroupVersionParsingFailure False 2025-09-30 13:43:21 +0530 IST ParsedGroupVersions All legacy kube types successfully parsed} {NamespaceDeletionContentFailure False 2025-09-30 13:43:25 +0530 IST ContentDeleted All content successfully deleted, may be waiting on finalization} {NamespaceContentRemaining True 2025-09-30 13:43:21 +0530 IST SomeResourcesRemain Some resources are remaining: cnsnodevmattachments.cns.vmware.com has 1 resource instances, persistentvolumeclaims. has 1 resource instances, zones.topology.tanzu.vmware.com has 1 resource instances} {NamespaceFinalizersRemaining True 2025-09-30 13:43:21 +0530 IST SomeFinalizersRemain Some content in the namespace has finalizers remaining: cns.vmware.com in 1 resource instances, cns.vmware.com/pvc-protection in 1 resource instances, tanzu-topology.vmware.com/zone in 1 resource instances}]} (2m6.688725125s)&#xA;I0930 13:45:17.892612 67684 util.go:3890] Namespace csi-1613 found and status={Terminating [{NamespaceDeletionDiscoveryFailure False 2025-09-30 13:43:21 +0530 IST ResourcesDiscovered All resources successfully discovered} {NamespaceDeletionGroupVersionParsingFailure False 2025-09-30 13:43:21 +0530 IST ParsedGroupVersions All legacy kube types successfully parsed} {NamespaceDeletionContentFailure False 2025-09-30 13:43:25 +0530 IST ContentDeleted All content successfully deleted, may be waiting on finalization} {NamespaceContentRemaining True 2025-09-30 13:43:21 +0530 IST SomeResourcesRemain Some resources are remaining: cnsnodevmattachments.cns.vmware.com has 1 resource instances, persistentvolumeclaims. has 1 resource instances, zones.topology.tanzu.vmware.com has 1 resource instances} {NamespaceFinalizersRemaining True 2025-09-30 13:43:21 +0530 IST SomeFinalizersRemain Some content in the namespace has finalizers remaining: cns.vmware.com in 1 resource instances, cns.vmware.com/pvc-protection in 1 resource instances, tanzu-topology.vmware.com/zone in 1 resource instances}]} (2m8.929950625s)&#xA;I0930 13:45:20.135733 67684 util.go:3890] Namespace csi-1613 found and status={Terminating [{NamespaceDeletionDiscoveryFailure False 2025-09-30 13:43:21 +0530 IST ResourcesDiscovered All resources successfully discovered} {NamespaceDeletionGroupVersionParsingFailure False 2025-09-30 13:43:21 +0530 IST ParsedGroupVersions All legacy kube types successfully parsed} {NamespaceDeletionContentFailure False 2025-09-30 13:43:25 +0530 IST ContentDeleted All content successfully deleted, may be waiting on finalization} {NamespaceContentRemaining True 2025-09-30 13:43:21 +0530 IST SomeResourcesRemain Some resources are remaining: cnsnodevmattachments.cns.vmware.com has 1 resource instances, persistentvolumeclaims. has 1 resource instances, zones.topology.tanzu.vmware.com has 1 resource instances} {NamespaceFinalizersRemaining True 2025-09-30 13:43:21 +0530 IST SomeFinalizersRemain Some content in the namespace has finalizers remaining: cns.vmware.com in 1 resource instances, cns.vmware.com/pvc-protection in 1 resource instances, tanzu-topology.vmware.com/zone in 1 resource instances}]} (2m11.17303175s)&#xA;I0930 13:45:22.366008 67684 util.go:3890] Namespace csi-1613 found and status={Terminating [{NamespaceDeletionDiscoveryFailure False 2025-09-30 13:43:21 +0530 IST ResourcesDiscovered All resources successfully discovered} {NamespaceDeletionGroupVersionParsingFailure False 2025-09-30 13:43:21 +0530 IST ParsedGroupVersions All legacy kube types successfully parsed} {NamespaceDeletionContentFailure False 2025-09-30 13:43:25 +0530 IST ContentDeleted All content successfully deleted, may be waiting on finalization} {NamespaceContentRemaining True 2025-09-30 13:43:21 +0530 IST SomeResourcesRemain Some resources are remaining: cnsnodevmattachments.cns.vmware.com has 1 resource instances, persistentvolumeclaims. has 1 resource instances, zones.topology.tanzu.vmware.com has 1 resource instances} {NamespaceFinalizersRemaining True 2025-09-30 13:43:21 +0530 IST SomeFinalizersRemain Some content in the namespace has finalizers remaining: cns.vmware.com in 1 resource instances, cns.vmware.com/pvc-protection in 1 resource instances, tanzu-topology.vmware.com/zone in 1 resource instances}]} (2m13.403275167s)&#xA;I0930 13:45:24.594898 67684 util.go:3890] Namespace csi-1613 found and status={Terminating [{NamespaceDeletionDiscoveryFailure False 2025-09-30 13:43:21 +0530 IST ResourcesDiscovered All resources successfully discovered} {NamespaceDeletionGroupVersionParsingFailure False 2025-09-30 13:43:21 +0530 IST ParsedGroupVersions All legacy kube types successfully parsed} {NamespaceDeletionContentFailure False 2025-09-30 13:43:25 +0530 IST ContentDeleted All content successfully deleted, may be waiting on finalization} {NamespaceContentRemaining True 2025-09-30 13:43:21 +0530 IST SomeResourcesRemain Some resources are remaining: cnsnodevmattachments.cns.vmware.com has 1 resource instances, persistentvolumeclaims. has 1 resource instances, zones.topology.tanzu.vmware.com has 1 resource instances} {NamespaceFinalizersRemaining True 2025-09-30 13:43:21 +0530 IST SomeFinalizersRemain Some content in the namespace has finalizers remaining: cns.vmware.com in 1 resource instances, cns.vmware.com/pvc-protection in 1 resource instances, tanzu-topology.vmware.com/zone in 1 resource instances}]} (2m15.632201625s)&#xA;I0930 13:45:26.824880 67684 util.go:3890] Namespace csi-1613 found and status={Terminating [{NamespaceDeletionDiscoveryFailure False 2025-09-30 13:43:21 +0530 IST ResourcesDiscovered All resources successfully discovered} {NamespaceDeletionGroupVersionParsingFailure False 2025-09-30 13:43:21 +0530 IST ParsedGroupVersions All legacy kube types successfully parsed} {NamespaceDeletionContentFailure False 2025-09-30 13:43:25 +0530 IST ContentDeleted All content successfully deleted, may be waiting on finalization} {NamespaceContentRemaining True 2025-09-30 13:43:21 +0530 IST SomeResourcesRemain Some resources are remaining: cnsnodevmattachments.cns.vmware.com has 1 resource instances, persistentvolumeclaims. has 1 resource instances, zones.topology.tanzu.vmware.com has 1 resource instances} {NamespaceFinalizersRemaining True 2025-09-30 13:43:21 +0530 IST SomeFinalizersRemain Some content in the namespace has finalizers remaining: cns.vmware.com in 1 resource instances, cns.vmware.com/pvc-protection in 1 resource instances, tanzu-topology.vmware.com/zone in 1 resource instances}]} (2m17.862243042s)&#xA;I0930 13:45:29.071188 67684 util.go:3890] Namespace csi-1613 found and status={Terminating [{NamespaceDeletionDiscoveryFailure False 2025-09-30 13:43:21 +0530 IST ResourcesDiscovered All resources successfully discovered} {NamespaceDeletionGroupVersionParsingFailure False 2025-09-30 13:43:21 +0530 IST ParsedGroupVersions All legacy kube types successfully parsed} {NamespaceDeletionContentFailure False 2025-09-30 13:43:25 +0530 IST ContentDeleted All content successfully deleted, may be waiting on finalization} {NamespaceContentRemaining True 2025-09-30 13:43:21 +0530 IST SomeResourcesRemain Some resources are remaining: cnsnodevmattachments.cns.vmware.com has 1 resource instances, persistentvolumeclaims. has 1 resource instances, zones.topology.tanzu.vmware.com has 1 resource instances} {NamespaceFinalizersRemaining True 2025-09-30 13:43:21 +0530 IST SomeFinalizersRemain Some content in the namespace has finalizers remaining: cns.vmware.com in 1 resource instances, cns.vmware.com/pvc-protection in 1 resource instances, tanzu-topology.vmware.com/zone in 1 resource instances}]} (2m20.108611875s)&#xA;I0930 13:45:31.329925 67684 util.go:3890] Namespace csi-1613 found and status={Terminating [{NamespaceDeletionDiscoveryFailure False 2025-09-30 13:43:21 +0530 IST ResourcesDiscovered All resources successfully discovered} {NamespaceDeletionGroupVersionParsingFailure False 2025-09-30 13:43:21 +0530 IST ParsedGroupVersions All legacy kube types successfully parsed} {NamespaceDeletionContentFailure False 2025-09-30 13:43:25 +0530 IST ContentDeleted All content successfully deleted, may be waiting on finalization} {NamespaceContentRemaining True 2025-09-30 13:43:21 +0530 IST SomeResourcesRemain Some resources are remaining: cnsnodevmattachments.cns.vmware.com has 1 resource instances, persistentvolumeclaims. has 1 resource instances, zones.topology.tanzu.vmware.com has 1 resource instances} {NamespaceFinalizersRemaining True 2025-09-30 13:43:21 +0530 IST SomeFinalizersRemain Some content in the namespace has finalizers remaining: cns.vmware.com in 1 resource instances, cns.vmware.com/pvc-protection in 1 resource instances, tanzu-topology.vmware.com/zone in 1 resource instances}]} (2m22.367316709s)&#xA;I0930 13:45:33.567225 67684 util.go:3890] Namespace csi-1613 found and status={Terminating [{NamespaceDeletionDiscoveryFailure False 2025-09-30 13:43:21 +0530 IST ResourcesDiscovered All resources successfully discovered} {NamespaceDeletionGroupVersionParsingFailure False 2025-09-30 13:43:21 +0530 IST ParsedGroupVersions All legacy kube types successfully parsed} {NamespaceDeletionContentFailure False 2025-09-30 13:43:25 +0530 IST ContentDeleted All content successfully deleted, may be waiting on finalization} {NamespaceContentRemaining True 2025-09-30 13:43:21 +0530 IST SomeResourcesRemain Some resources are remaining: cnsnodevmattachments.cns.vmware.com has 1 resource instances, persistentvolumeclaims. has 1 resource instances, zones.topology.tanzu.vmware.com has 1 resource instances} {NamespaceFinalizersRemaining True 2025-09-30 13:43:21 +0530 IST SomeFinalizersRemain Some content in the namespace has finalizers remaining: cns.vmware.com in 1 resource instances, cns.vmware.com/pvc-protection in 1 resource instances, tanzu-topology.vmware.com/zone in 1 resource instances}]} (2m24.604614375s)&#xA;I0930 13:45:35.815043 67684 util.go:3890] Namespace csi-1613 found and status={Terminating [{NamespaceDeletionDiscoveryFailure False 2025-09-30 13:43:21 +0530 IST ResourcesDiscovered All resources successfully discovered} {NamespaceDeletionGroupVersionParsingFailure False 2025-09-30 13:43:21 +0530 IST ParsedGroupVersions All legacy kube types successfully parsed} {NamespaceDeletionContentFailure False 2025-09-30 13:43:25 +0530 IST ContentDeleted All content successfully deleted, may be waiting on finalization} {NamespaceContentRemaining True 2025-09-30 13:43:21 +0530 IST SomeResourcesRemain Some resources are remaining: cnsnodevmattachments.cns.vmware.com has 1 resource instances, persistentvolumeclaims. has 1 resource instances, zones.topology.tanzu.vmware.com has 1 resource instances} {NamespaceFinalizersRemaining True 2025-09-30 13:43:21 +0530 IST SomeFinalizersRemain Some content in the namespace has finalizers remaining: cns.vmware.com in 1 resource instances, cns.vmware.com/pvc-protection in 1 resource instances, tanzu-topology.vmware.com/zone in 1 resource instances}]} (2m26.852475875s)&#xA;I0930 13:45:38.055896 67684 util.go:3890] Namespace csi-1613 found and status={Terminating [{NamespaceDeletionDiscoveryFailure False 2025-09-30 13:43:21 +0530 IST ResourcesDiscovered All resources successfully discovered} {NamespaceDeletionGroupVersionParsingFailure False 2025-09-30 13:43:21 +0530 IST ParsedGroupVersions All legacy kube types successfully parsed} {NamespaceDeletionContentFailure False 2025-09-30 13:43:25 +0530 IST ContentDeleted All content successfully deleted, may be waiting on finalization} {NamespaceContentRemaining True 2025-09-30 13:43:21 +0530 IST SomeResourcesRemain Some resources are remaining: cnsnodevmattachments.cns.vmware.com has 1 resource instances, persistentvolumeclaims. has 1 resource instances, zones.topology.tanzu.vmware.com has 1 resource instances} {NamespaceFinalizersRemaining True 2025-09-30 13:43:21 +0530 IST SomeFinalizersRemain Some content in the namespace has finalizers remaining: cns.vmware.com in 1 resource instances, cns.vmware.com/pvc-protection in 1 resource instances, tanzu-topology.vmware.com/zone in 1 resource instances}]} (2m29.092716167s)&#xA;I0930 13:45:40.312815 67684 util.go:3890] Namespace csi-1613 found and status={Terminating [{NamespaceDeletionDiscoveryFailure False 2025-09-30 13:43:21 +0530 IST ResourcesDiscovered All resources successfully discovered} {NamespaceDeletionGroupVersionParsingFailure False 2025-09-30 13:43:21 +0530 IST ParsedGroupVersions All legacy kube types successfully parsed} {NamespaceDeletionContentFailure False 2025-09-30 13:43:25 +0530 IST ContentDeleted All content successfully deleted, may be waiting on finalization} {NamespaceContentRemaining True 2025-09-30 13:43:21 +0530 IST SomeResourcesRemain Some resources are remaining: cnsnodevmattachments.cns.vmware.com has 1 resource instances, persistentvolumeclaims. has 1 resource instances, zones.topology.tanzu.vmware.com has 1 resource instances} {NamespaceFinalizersRemaining True 2025-09-30 13:43:21 +0530 IST SomeFinalizersRemain Some content in the namespace has finalizers remaining: cns.vmware.com in 1 resource instances, cns.vmware.com/pvc-protection in 1 resource instances, tanzu-topology.vmware.com/zone in 1 resource instances}]} (2m31.350332417s)&#xA;I0930 13:45:42.546387 67684 util.go:3890] Namespace csi-1613 found and status={Terminating [{NamespaceDeletionDiscoveryFailure False 2025-09-30 13:43:21 +0530 IST ResourcesDiscovered All resources successfully discovered} {NamespaceDeletionGroupVersionParsingFailure False 2025-09-30 13:43:21 +0530 IST ParsedGroupVersions All legacy kube types successfully parsed} {NamespaceDeletionContentFailure False 2025-09-30 13:43:25 +0530 IST ContentDeleted All content successfully deleted, may be waiting on finalization} {NamespaceContentRemaining True 2025-09-30 13:43:21 +0530 IST SomeResourcesRemain Some resources are remaining: cnsnodevmattachments.cns.vmware.com has 1 resource instances, persistentvolumeclaims. has 1 resource instances, zones.topology.tanzu.vmware.com has 1 resource instances} {NamespaceFinalizersRemaining True 2025-09-30 13:43:21 +0530 IST SomeFinalizersRemain Some content in the namespace has finalizers remaining: cns.vmware.com in 1 resource instances, cns.vmware.com/pvc-protection in 1 resource instances, tanzu-topology.vmware.com/zone in 1 resource instances}]} (2m33.583795209s)&#xA;I0930 13:45:44.778251 67684 util.go:3890] Namespace csi-1613 found and status={Terminating [{NamespaceDeletionDiscoveryFailure False 2025-09-30 13:43:21 +0530 IST ResourcesDiscovered All resources successfully discovered} {NamespaceDeletionGroupVersionParsingFailure False 2025-09-30 13:43:21 +0530 IST ParsedGroupVersions All legacy kube types successfully parsed} {NamespaceDeletionContentFailure False 2025-09-30 13:43:25 +0530 IST ContentDeleted All content successfully deleted, may be waiting on finalization} {NamespaceContentRemaining True 2025-09-30 13:43:21 +0530 IST SomeResourcesRemain Some resources are remaining: cnsnodevmattachments.cns.vmware.com has 1 resource instances, persistentvolumeclaims. has 1 resource instances, zones.topology.tanzu.vmware.com has 1 resource instances} {NamespaceFinalizersRemaining True 2025-09-30 13:43:21 +0530 IST SomeFinalizersRemain Some content in the namespace has finalizers remaining: cns.vmware.com in 1 resource instances, cns.vmware.com/pvc-protection in 1 resource instances, tanzu-topology.vmware.com/zone in 1 resource instances}]} (2m35.815581042s)&#xA;I0930 13:45:47.019099 67684 util.go:3890] Namespace csi-1613 found and status={Terminating [{NamespaceDeletionDiscoveryFailure False 2025-09-30 13:43:21 +0530 IST ResourcesDiscovered All resources successfully discovered} {NamespaceDeletionGroupVersionParsingFailure False 2025-09-30 13:43:21 +0530 IST ParsedGroupVersions All legacy kube types successfully parsed} {NamespaceDeletionContentFailure False 2025-09-30 13:43:25 +0530 IST ContentDeleted All content successfully deleted, may be waiting on finalization} {NamespaceContentRemaining True 2025-09-30 13:43:21 +0530 IST SomeResourcesRemain Some resources are remaining: cnsnodevmattachments.cns.vmware.com has 1 resource instances, persistentvolumeclaims. has 1 resource instances, zones.topology.tanzu.vmware.com has 1 resource instances} {NamespaceFinalizersRemaining True 2025-09-30 13:43:21 +0530 IST SomeFinalizersRemain Some content in the namespace has finalizers remaining: cns.vmware.com in 1 resource instances, cns.vmware.com/pvc-protection in 1 resource instances, tanzu-topology.vmware.com/zone in 1 resource instances}]} (2m38.056686s)&#xA;I0930 13:45:49.266544 67684 util.go:3890] Namespace csi-1613 found and status={Terminating [{NamespaceDeletionDiscoveryFailure False 2025-09-30 13:43:21 +0530 IST ResourcesDiscovered All resources successfully discovered} {NamespaceDeletionGroupVersionParsingFailure False 2025-09-30 13:43:21 +0530 IST ParsedGroupVersions All legacy kube types successfully parsed} {NamespaceDeletionContentFailure False 2025-09-30 13:43:25 +0530 IST ContentDeleted All content successfully deleted, may be waiting on finalization} {NamespaceContentRemaining True 2025-09-30 13:43:21 +0530 IST SomeResourcesRemain Some resources are remaining: cnsnodevmattachments.cns.vmware.com has 1 resource instances, persistentvolumeclaims. has 1 resource instances, zones.topology.tanzu.vmware.com has 1 resource instances} {NamespaceFinalizersRemaining True 2025-09-30 13:43:21 +0530 IST SomeFinalizersRemain Some content in the namespace has finalizers remaining: cns.vmware.com in 1 resource instances, cns.vmware.com/pvc-protection in 1 resource instances, tanzu-topology.vmware.com/zone in 1 resource instances}]} (2m40.304092459s)&#xA;I0930 13:45:51.492994 67684 util.go:3890] Namespace csi-1613 found and status={Terminating [{NamespaceDeletionDiscoveryFailure False 2025-09-30 13:43:21 +0530 IST ResourcesDiscovered All resources successfully discovered} {NamespaceDeletionGroupVersionParsingFailure False 2025-09-30 13:43:21 +0530 IST ParsedGroupVersions All legacy kube types successfully parsed} {NamespaceDeletionContentFailure False 2025-09-30 13:43:25 +0530 IST ContentDeleted All content successfully deleted, may be waiting on finalization} {NamespaceContentRemaining True 2025-09-30 13:43:21 +0530 IST SomeResourcesRemain Some resources are remaining: cnsnodevmattachments.cns.vmware.com has 1 resource instances, persistentvolumeclaims. has 1 resource instances, zones.topology.tanzu.vmware.com has 1 resource instances} {NamespaceFinalizersRemaining True 2025-09-30 13:43:21 +0530 IST SomeFinalizersRemain Some content in the namespace has finalizers remaining: cns.vmware.com in 1 resource instances, cns.vmware.com/pvc-protection in 1 resource instances, tanzu-topology.vmware.com/zone in 1 resource instances}]} (2m42.53059575s)&#xA;I0930 13:45:53.747070 67684 util.go:3890] Namespace csi-1613 found and status={Terminating [{NamespaceDeletionDiscoveryFailure False 2025-09-30 13:43:21 +0530 IST ResourcesDiscovered All resources successfully discovered} {NamespaceDeletionGroupVersionParsingFailure False 2025-09-30 13:43:21 +0530 IST ParsedGroupVersions All legacy kube types successfully parsed} {NamespaceDeletionContentFailure False 2025-09-30 13:43:25 +0530 IST ContentDeleted All content successfully deleted, may be waiting on finalization} {NamespaceContentRemaining True 2025-09-30 13:43:21 +0530 IST SomeResourcesRemain Some resources are remaining: cnsnodevmattachments.cns.vmware.com has 1 resource instances, persistentvolumeclaims. has 1 resource instances, zones.topology.tanzu.vmware.com has 1 resource instances} {NamespaceFinalizersRemaining True 2025-09-30 13:43:21 +0530 IST SomeFinalizersRemain Some content in the namespace has finalizers remaining: cns.vmware.com in 1 resource instances, cns.vmware.com/pvc-protection in 1 resource instances, tanzu-topology.vmware.com/zone in 1 resource instances}]} (2m44.78465275s)&#xA;I0930 13:45:56.031140 67684 util.go:3890] Namespace csi-1613 found and status={Terminating [{NamespaceDeletionDiscoveryFailure False 2025-09-30 13:43:21 +0530 IST ResourcesDiscovered All resources successfully discovered} {NamespaceDeletionGroupVersionParsingFailure False 2025-09-30 13:43:21 +0530 IST ParsedGroupVersions All legacy kube types successfully parsed} {NamespaceDeletionContentFailure False 2025-09-30 13:43:25 +0530 IST ContentDeleted All content successfully deleted, may be waiting on finalization} {NamespaceContentRemaining True 2025-09-30 13:43:21 +0530 IST SomeResourcesRemain Some resources are remaining: cnsnodevmattachments.cns.vmware.com has 1 resource instances, persistentvolumeclaims. has 1 resource instances, zones.topology.tanzu.vmware.com has 1 resource instances} {NamespaceFinalizersRemaining True 2025-09-30 13:43:21 +0530 IST SomeFinalizersRemain Some content in the namespace has finalizers remaining: cns.vmware.com in 1 resource instances, cns.vmware.com/pvc-protection in 1 resource instances, tanzu-topology.vmware.com/zone in 1 resource instances}]} (2m47.068774209s)&#xA;I0930 13:45:58.262494 67684 util.go:3890] Namespace csi-1613 found and status={Terminating [{NamespaceDeletionDiscoveryFailure False 2025-09-30 13:43:21 +0530 IST ResourcesDiscovered All resources successfully discovered} {NamespaceDeletionGroupVersionParsingFailure False 2025-09-30 13:43:21 +0530 IST ParsedGroupVersions All legacy kube types successfully parsed} {NamespaceDeletionContentFailure False 2025-09-30 13:43:25 +0530 IST ContentDeleted All content successfully deleted, may be waiting on finalization} {NamespaceContentRemaining True 2025-09-30 13:43:21 +0530 IST SomeResourcesRemain Some resources are remaining: cnsnodevmattachments.cns.vmware.com has 1 resource instances, persistentvolumeclaims. has 1 resource instances, zones.topology.tanzu.vmware.com has 1 resource instances} {NamespaceFinalizersRemaining True 2025-09-30 13:43:21 +0530 IST SomeFinalizersRemain Some content in the namespace has finalizers remaining: cns.vmware.com in 1 resource instances, cns.vmware.com/pvc-protection in 1 resource instances, tanzu-topology.vmware.com/zone in 1 resource instances}]} (2m49.299940167s)&#xA;I0930 13:46:00.512647 67684 util.go:3890] Namespace csi-1613 found and status={Terminating [{NamespaceDeletionDiscoveryFailure False 2025-09-30 13:43:21 +0530 IST ResourcesDiscovered All resources successfully discovered} {NamespaceDeletionGroupVersionParsingFailure False 2025-09-30 13:43:21 +0530 IST ParsedGroupVersions All legacy kube types successfully parsed} {NamespaceDeletionContentFailure False 2025-09-30 13:43:25 +0530 IST ContentDeleted All content successfully deleted, may be waiting on finalization} {NamespaceContentRemaining True 2025-09-30 13:43:21 +0530 IST SomeResourcesRemain Some resources are remaining: cnsnodevmattachments.cns.vmware.com has 1 resource instances, persistentvolumeclaims. has 1 resource instances, zones.topology.tanzu.vmware.com has 1 resource instances} {NamespaceFinalizersRemaining True 2025-09-30 13:43:21 +0530 IST SomeFinalizersRemain Some content in the namespace has finalizers remaining: cns.vmware.com in 1 resource instances, cns.vmware.com/pvc-protection in 1 resource instances, tanzu-topology.vmware.com/zone in 1 resource instances}]} (2m51.550268792s)&#xA;I0930 13:46:02.757938 67684 util.go:3890] Namespace csi-1613 found and status={Terminating [{NamespaceDeletionDiscoveryFailure False 2025-09-30 13:43:21 +0530 IST ResourcesDiscovered All resources successfully discovered} {NamespaceDeletionGroupVersionParsingFailure False 2025-09-30 13:43:21 +0530 IST ParsedGroupVersions All legacy kube types successfully parsed} {NamespaceDeletionContentFailure False 2025-09-30 13:43:25 +0530 IST ContentDeleted All content successfully deleted, may be waiting on finalization} {NamespaceContentRemaining True 2025-09-30 13:43:21 +0530 IST SomeResourcesRemain Some resources are remaining: cnsnodevmattachments.cns.vmware.com has 1 resource instances, persistentvolumeclaims. has 1 resource instances, zones.topology.tanzu.vmware.com has 1 resource instances} {NamespaceFinalizersRemaining True 2025-09-30 13:43:21 +0530 IST SomeFinalizersRemain Some content in the namespace has finalizers remaining: cns.vmware.com in 1 resource instances, cns.vmware.com/pvc-protection in 1 resource instances, tanzu-topology.vmware.com/zone in 1 resource instances}]} (2m53.795588417s)&#xA;I0930 13:46:04.995501 67684 util.go:3890] Namespace csi-1613 found and status={Terminating [{NamespaceDeletionDiscoveryFailure False 2025-09-30 13:43:21 +0530 IST ResourcesDiscovered All resources successfully discovered} {NamespaceDeletionGroupVersionParsingFailure False 2025-09-30 13:43:21 +0530 IST ParsedGroupVersions All legacy kube types successfully parsed} {NamespaceDeletionContentFailure False 2025-09-30 13:43:25 +0530 IST ContentDeleted All content successfully deleted, may be waiting on finalization} {NamespaceContentRemaining True 2025-09-30 13:43:21 +0530 IST SomeResourcesRemain Some resources are remaining: cnsnodevmattachments.cns.vmware.com has 1 resource instances, persistentvolumeclaims. has 1 resource instances, zones.topology.tanzu.vmware.com has 1 resource instances} {NamespaceFinalizersRemaining True 2025-09-30 13:43:21 +0530 IST SomeFinalizersRemain Some content in the namespace has finalizers remaining: cns.vmware.com in 1 resource instances, cns.vmware.com/pvc-protection in 1 resource instances, tanzu-topology.vmware.com/zone in 1 resource instances}]} (2m56.033149167s)&#xA;I0930 13:46:07.244574 67684 util.go:3890] Namespace csi-1613 found and status={Terminating [{NamespaceDeletionDiscoveryFailure False 2025-09-30 13:43:21 +0530 IST ResourcesDiscovered All resources successfully discovered} {NamespaceDeletionGroupVersionParsingFailure False 2025-09-30 13:43:21 +0530 IST ParsedGroupVersions All legacy kube types successfully parsed} {NamespaceDeletionContentFailure False 2025-09-30 13:43:25 +0530 IST ContentDeleted All content successfully deleted, may be waiting on finalization} {NamespaceContentRemaining True 2025-09-30 13:43:21 +0530 IST SomeResourcesRemain Some resources are remaining: cnsnodevmattachments.cns.vmware.com has 1 resource instances, persistentvolumeclaims. has 1 resource instances, zones.topology.tanzu.vmware.com has 1 resource instances} {NamespaceFinalizersRemaining True 2025-09-30 13:43:21 +0530 IST SomeFinalizersRemain Some content in the namespace has finalizers remaining: cns.vmware.com in 1 resource instances, cns.vmware.com/pvc-protection in 1 resource instances, tanzu-topology.vmware.com/zone in 1 resource instances}]} (2m58.282247459s)&#xA;I0930 13:46:09.482283 67684 util.go:3890] Namespace csi-1613 found and status={Terminating [{NamespaceDeletionDiscoveryFailure False 2025-09-30 13:43:21 +0530 IST ResourcesDiscovered All resources successfully discovered} {NamespaceDeletionGroupVersionParsingFailure False 2025-09-30 13:43:21 +0530 IST ParsedGroupVersions All legacy kube types successfully parsed} {NamespaceDeletionContentFailure False 2025-09-30 13:43:25 +0530 IST ContentDeleted All content successfully deleted, may be waiting on finalization} {NamespaceContentRemaining True 2025-09-30 13:43:21 +0530 IST SomeResourcesRemain Some resources are remaining: cnsnodevmattachments.cns.vmware.com has 1 resource instances, persistentvolumeclaims. has 1 resource instances, zones.topology.tanzu.vmware.com has 1 resource instances} {NamespaceFinalizersRemaining True 2025-09-30 13:43:21 +0530 IST SomeFinalizersRemain Some content in the namespace has finalizers remaining: cns.vmware.com in 1 resource instances, cns.vmware.com/pvc-protection in 1 resource instances, tanzu-topology.vmware.com/zone in 1 resource instances}]} (3m0.519985042s)&#xA;I0930 13:46:11.716826 67684 util.go:3890] Namespace csi-1613 found and status={Terminating [{NamespaceDeletionDiscoveryFailure False 2025-09-30 13:43:21 +0530 IST ResourcesDiscovered All resources successfully discovered} {NamespaceDeletionGroupVersionParsingFailure False 2025-09-30 13:43:21 +0530 IST ParsedGroupVersions All legacy kube types successfully parsed} {NamespaceDeletionContentFailure False 2025-09-30 13:43:25 +0530 IST ContentDeleted All content successfully deleted, may be waiting on finalization} {NamespaceContentRemaining True 2025-09-30 13:43:21 +0530 IST SomeResourcesRemain Some resources are remaining: cnsnodevmattachments.cns.vmware.com has 1 resource instances, persistentvolumeclaims. has 1 resource instances, zones.topology.tanzu.vmware.com has 1 resource instances} {NamespaceFinalizersRemaining True 2025-09-30 13:43:21 +0530 IST SomeFinalizersRemain Some content in the namespace has finalizers remaining: cns.vmware.com in 1 resource instances, cns.vmware.com/pvc-protection in 1 resource instances, tanzu-topology.vmware.com/zone in 1 resource instances}]} (3m2.75454775s)&#xA;I0930 13:46:13.946670 67684 util.go:3890] Namespace csi-1613 found and status={Terminating [{NamespaceDeletionDiscoveryFailure False 2025-09-30 13:43:21 +0530 IST ResourcesDiscovered All resources successfully discovered} {NamespaceDeletionGroupVersionParsingFailure False 2025-09-30 13:43:21 +0530 IST ParsedGroupVersions All legacy kube types successfully parsed} {NamespaceDeletionContentFailure False 2025-09-30 13:43:25 +0530 IST ContentDeleted All content successfully deleted, may be waiting on finalization} {NamespaceContentRemaining True 2025-09-30 13:43:21 +0530 IST SomeResourcesRemain Some resources are remaining: cnsnodevmattachments.cns.vmware.com has 1 resource instances, persistentvolumeclaims. has 1 resource instances, zones.topology.tanzu.vmware.com has 1 resource instances} {NamespaceFinalizersRemaining True 2025-09-30 13:43:21 +0530 IST SomeFinalizersRemain Some content in the namespace has finalizers remaining: cns.vmware.com in 1 resource instances, cns.vmware.com/pvc-protection in 1 resource instances, tanzu-topology.vmware.com/zone in 1 resource instances}]} (3m4.984362459s)&#xA;I0930 13:46:16.178427 67684 util.go:3890] Namespace csi-1613 found and status={Terminating [{NamespaceDeletionDiscoveryFailure False 2025-09-30 13:43:21 +0530 IST ResourcesDiscovered All resources successfully discovered} {NamespaceDeletionGroupVersionParsingFailure False 2025-09-30 13:43:21 +0530 IST ParsedGroupVersions All legacy kube types successfully parsed} {NamespaceDeletionContentFailure False 2025-09-30 13:43:25 +0530 IST ContentDeleted All content successfully deleted, may be waiting on finalization} {NamespaceContentRemaining True 2025-09-30 13:43:21 +0530 IST SomeResourcesRemain Some resources are remaining: cnsnodevmattachments.cns.vmware.com has 1 resource instances, persistentvolumeclaims. has 1 resource instances, zones.topology.tanzu.vmware.com has 1 resource instances} {NamespaceFinalizersRemaining True 2025-09-30 13:43:21 +0530 IST SomeFinalizersRemain Some content in the namespace has finalizers remaining: cns.vmware.com in 1 resource instances, cns.vmware.com/pvc-protection in 1 resource instances, tanzu-topology.vmware.com/zone in 1 resource instances}]} (3m7.216180792s)&#xA;I0930 13:46:18.405436 67684 util.go:3890] Namespace csi-1613 found and status={Terminating [{NamespaceDeletionDiscoveryFailure False 2025-09-30 13:43:21 +0530 IST ResourcesDiscovered All resources successfully discovered} {NamespaceDeletionGroupVersionParsingFailure False 2025-09-30 13:43:21 +0530 IST ParsedGroupVersions All legacy kube types successfully parsed} {NamespaceDeletionContentFailure False 2025-09-30 13:43:25 +0530 IST ContentDeleted All content successfully deleted, may be waiting on finalization} {NamespaceContentRemaining True 2025-09-30 13:43:21 +0530 IST SomeResourcesRemain Some resources are remaining: cnsnodevmattachments.cns.vmware.com has 1 resource instances, persistentvolumeclaims. has 1 resource instances, zones.topology.tanzu.vmware.com has 1 resource instances} {NamespaceFinalizersRemaining True 2025-09-30 13:43:21 +0530 IST SomeFinalizersRemain Some content in the namespace has finalizers remaining: cns.vmware.com in 1 resource instances, cns.vmware.com/pvc-protection in 1 resource instances, tanzu-topology.vmware.com/zone in 1 resource instances}]} (3m9.443215375s)&#xA;I0930 13:46:20.645200 67684 util.go:3890] Namespace csi-1613 found and status={Terminating [{NamespaceDeletionDiscoveryFailure False 2025-09-30 13:43:21 +0530 IST ResourcesDiscovered All resources successfully discovered} {NamespaceDeletionGroupVersionParsingFailure False 2025-09-30 13:43:21 +0530 IST ParsedGroupVersions All legacy kube types successfully parsed} {NamespaceDeletionContentFailure False 2025-09-30 13:43:25 +0530 IST ContentDeleted All content successfully deleted, may be waiting on finalization} {NamespaceContentRemaining True 2025-09-30 13:43:21 +0530 IST SomeResourcesRemain Some resources are remaining: cnsnodevmattachments.cns.vmware.com has 1 resource instances, persistentvolumeclaims. has 1 resource instances, zones.topology.tanzu.vmware.com has 1 resource instances} {NamespaceFinalizersRemaining True 2025-09-30 13:43:21 +0530 IST SomeFinalizersRemain Some content in the namespace has finalizers remaining: cns.vmware.com in 1 resource instances, cns.vmware.com/pvc-protection in 1 resource instances, tanzu-topology.vmware.com/zone in 1 resource instances}]} (3m11.682992459s)&#xA;I0930 13:46:22.879458 67684 util.go:3890] Namespace csi-1613 found and status={Terminating [{NamespaceDeletionDiscoveryFailure False 2025-09-30 13:43:21 +0530 IST ResourcesDiscovered All resources successfully discovered} {NamespaceDeletionGroupVersionParsingFailure False 2025-09-30 13:43:21 +0530 IST ParsedGroupVersions All legacy kube types successfully parsed} {NamespaceDeletionContentFailure False 2025-09-30 13:43:25 +0530 IST ContentDeleted All content successfully deleted, may be waiting on finalization} {NamespaceContentRemaining True 2025-09-30 13:43:21 +0530 IST SomeResourcesRemain Some resources are remaining: cnsnodevmattachments.cns.vmware.com has 1 resource instances, persistentvolumeclaims. has 1 resource instances, zones.topology.tanzu.vmware.com has 1 resource instances} {NamespaceFinalizersRemaining True 2025-09-30 13:43:21 +0530 IST SomeFinalizersRemain Some content in the namespace has finalizers remaining: cns.vmware.com in 1 resource instances, cns.vmware.com/pvc-protection in 1 resource instances, tanzu-topology.vmware.com/zone in 1 resource instances}]} (3m13.917281042s)&#xA;I0930 13:46:25.113104 67684 util.go:3890] Namespace csi-1613 found and status={Terminating [{NamespaceDeletionDiscoveryFailure False 2025-09-30 13:43:21 +0530 IST ResourcesDiscovered All resources successfully discovered} {NamespaceDeletionGroupVersionParsingFailure False 2025-09-30 13:43:21 +0530 IST ParsedGroupVersions All legacy kube types successfully parsed} {NamespaceDeletionContentFailure False 2025-09-30 13:43:25 +0530 IST ContentDeleted All content successfully deleted, may be waiting on finalization} {NamespaceContentRemaining True 2025-09-30 13:43:21 +0530 IST SomeResourcesRemain Some resources are remaining: cnsnodevmattachments.cns.vmware.com has 1 resource instances, persistentvolumeclaims. has 1 resource instances, zones.topology.tanzu.vmware.com has 1 resource instances} {NamespaceFinalizersRemaining True 2025-09-30 13:43:21 +0530 IST SomeFinalizersRemain Some content in the namespace has finalizers remaining: cns.vmware.com in 1 resource instances, cns.vmware.com/pvc-protection in 1 resource instances, tanzu-topology.vmware.com/zone in 1 resource instances}]} (3m16.150973459s)&#xA;I0930 13:46:27.342970 67684 util.go:3890] Namespace csi-1613 found and status={Terminating [{NamespaceDeletionDiscoveryFailure False 2025-09-30 13:43:21 +0530 IST ResourcesDiscovered All resources successfully discovered} {NamespaceDeletionGroupVersionParsingFailure False 2025-09-30 13:43:21 +0530 IST ParsedGroupVersions All legacy kube types successfully parsed} {NamespaceDeletionContentFailure False 2025-09-30 13:43:25 +0530 IST ContentDeleted All content successfully deleted, may be waiting on finalization} {NamespaceContentRemaining True 2025-09-30 13:43:21 +0530 IST SomeResourcesRemain Some resources are remaining: cnsnodevmattachments.cns.vmware.com has 1 resource instances, persistentvolumeclaims. has 1 resource instances, zones.topology.tanzu.vmware.com has 1 resource instances} {NamespaceFinalizersRemaining True 2025-09-30 13:43:21 +0530 IST SomeFinalizersRemain Some content in the namespace has finalizers remaining: cns.vmware.com in 1 resource instances, cns.vmware.com/pvc-protection in 1 resource instances, tanzu-topology.vmware.com/zone in 1 resource instances}]} (3m18.380834917s)&#xA;I0930 13:46:29.573715 67684 util.go:3890] Namespace csi-1613 found and status={Terminating [{NamespaceDeletionDiscoveryFailure False 2025-09-30 13:43:21 +0530 IST ResourcesDiscovered All resources successfully discovered} {NamespaceDeletionGroupVersionParsingFailure False 2025-09-30 13:43:21 +0530 IST ParsedGroupVersions All legacy kube types successfully parsed} {NamespaceDeletionContentFailure False 2025-09-30 13:43:25 +0530 IST ContentDeleted All content successfully deleted, may be waiting on finalization} {NamespaceContentRemaining True 2025-09-30 13:43:21 +0530 IST SomeResourcesRemain Some resources are remaining: cnsnodevmattachments.cns.vmware.com has 1 resource instances, persistentvolumeclaims. has 1 resource instances, zones.topology.tanzu.vmware.com has 1 resource instances} {NamespaceFinalizersRemaining True 2025-09-30 13:43:21 +0530 IST SomeFinalizersRemain Some content in the namespace has finalizers remaining: cns.vmware.com in 1 resource instances, cns.vmware.com/pvc-protection in 1 resource instances, tanzu-topology.vmware.com/zone in 1 resource instances}]} (3m20.611588292s)&#xA;I0930 13:46:31.820607 67684 util.go:3890] Namespace csi-1613 found and status={Terminating [{NamespaceDeletionDiscoveryFailure False 2025-09-30 13:43:21 +0530 IST ResourcesDiscovered All resources successfully discovered} {NamespaceDeletionGroupVersionParsingFailure False 2025-09-30 13:43:21 +0530 IST ParsedGroupVersions All legacy kube types successfully parsed} {NamespaceDeletionContentFailure False 2025-09-30 13:43:25 +0530 IST ContentDeleted All content successfully deleted, may be waiting on finalization} {NamespaceContentRemaining True 2025-09-30 13:43:21 +0530 IST SomeResourcesRemain Some resources are remaining: cnsnodevmattachments.cns.vmware.com has 1 resource instances, persistentvolumeclaims. has 1 resource instances, zones.topology.tanzu.vmware.com has 1 resource instances} {NamespaceFinalizersRemaining True 2025-09-30 13:43:21 +0530 IST SomeFinalizersRemain Some content in the namespace has finalizers remaining: cns.vmware.com in 1 resource instances, cns.vmware.com/pvc-protection in 1 resource instances, tanzu-topology.vmware.com/zone in 1 resource instances}]} (3m22.857735667s)&#xA;I0930 13:46:34.067489 67684 util.go:3890] Namespace csi-1613 found and status={Terminating [{NamespaceDeletionDiscoveryFailure False 2025-09-30 13:43:21 +0530 IST ResourcesDiscovered All resources successfully discovered} {NamespaceDeletionGroupVersionParsingFailure False 2025-09-30 13:43:21 +0530 IST ParsedGroupVersions All legacy kube types successfully parsed} {NamespaceDeletionContentFailure False 2025-09-30 13:43:25 +0530 IST ContentDeleted All content successfully deleted, may be waiting on finalization} {NamespaceContentRemaining True 2025-09-30 13:43:21 +0530 IST SomeResourcesRemain Some resources are remaining: cnsnodevmattachments.cns.vmware.com has 1 resource instances, persistentvolumeclaims. has 1 resource instances, zones.topology.tanzu.vmware.com has 1 resource instances} {NamespaceFinalizersRemaining True 2025-09-30 13:43:21 +0530 IST SomeFinalizersRemain Some content in the namespace has finalizers remaining: cns.vmware.com in 1 resource instances, cns.vmware.com/pvc-protection in 1 resource instances, tanzu-topology.vmware.com/zone in 1 resource instances}]} (3m25.105398084s)&#xA;I0930 13:46:36.304429 67684 util.go:3890] Namespace csi-1613 found and status={Terminating [{NamespaceDeletionDiscoveryFailure False 2025-09-30 13:43:21 +0530 IST ResourcesDiscovered All resources successfully discovered} {NamespaceDeletionGroupVersionParsingFailure False 2025-09-30 13:43:21 +0530 IST ParsedGroupVersions All legacy kube types successfully parsed} {NamespaceDeletionContentFailure False 2025-09-30 13:43:25 +0530 IST ContentDeleted All content successfully deleted, may be waiting on finalization} {NamespaceContentRemaining True 2025-09-30 13:43:21 +0530 IST SomeResourcesRemain Some resources are remaining: cnsnodevmattachments.cns.vmware.com has 1 resource instances, persistentvolumeclaims. has 1 resource instances, zones.topology.tanzu.vmware.com has 1 resource instances} {NamespaceFinalizersRemaining True 2025-09-30 13:43:21 +0530 IST SomeFinalizersRemain Some content in the namespace has finalizers remaining: cns.vmware.com in 1 resource instances, cns.vmware.com/pvc-protection in 1 resource instances, tanzu-topology.vmware.com/zone in 1 resource instances}]} (3m27.342356917s)&#xA;I0930 13:46:38.538489 67684 util.go:3890] Namespace csi-1613 found and status={Terminating [{NamespaceDeletionDiscoveryFailure False 2025-09-30 13:43:21 +0530 IST ResourcesDiscovered All resources successfully discovered} {NamespaceDeletionGroupVersionParsingFailure False 2025-09-30 13:43:21 +0530 IST ParsedGroupVersions All legacy kube types successfully parsed} {NamespaceDeletionContentFailure False 2025-09-30 13:43:25 +0530 IST ContentDeleted All content successfully deleted, may be waiting on finalization} {NamespaceContentRemaining True 2025-09-30 13:43:21 +0530 IST SomeResourcesRemain Some resources are remaining: cnsnodevmattachments.cns.vmware.com has 1 resource instances, persistentvolumeclaims. has 1 resource instances, zones.topology.tanzu.vmware.com has 1 resource instances} {NamespaceFinalizersRemaining True 2025-09-30 13:43:21 +0530 IST SomeFinalizersRemain Some content in the namespace has finalizers remaining: cns.vmware.com in 1 resource instances, cns.vmware.com/pvc-protection in 1 resource instances, tanzu-topology.vmware.com/zone in 1 resource instances}]} (3m29.576439s)&#xA;I0930 13:46:40.774385 67684 util.go:3890] Namespace csi-1613 found and status={Terminating [{NamespaceDeletionDiscoveryFailure False 2025-09-30 13:43:21 +0530 IST ResourcesDiscovered All resources successfully discovered} {NamespaceDeletionGroupVersionParsingFailure False 2025-09-30 13:43:21 +0530 IST ParsedGroupVersions All legacy kube types successfully parsed} {NamespaceDeletionContentFailure False 2025-09-30 13:43:25 +0530 IST ContentDeleted All content successfully deleted, may be waiting on finalization} {NamespaceContentRemaining True 2025-09-30 13:43:21 +0530 IST SomeResourcesRemain Some resources are remaining: cnsnodevmattachments.cns.vmware.com has 1 resource instances, persistentvolumeclaims. has 1 resource instances, zones.topology.tanzu.vmware.com has 1 resource instances} {NamespaceFinalizersRemaining True 2025-09-30 13:43:21 +0530 IST SomeFinalizersRemain Some content in the namespace has finalizers remaining: cns.vmware.com in 1 resource instances, cns.vmware.com/pvc-protection in 1 resource instances, tanzu-topology.vmware.com/zone in 1 resource instances}]} (3m31.812367334s)&#xA;I0930 13:46:43.008570 67684 util.go:3890] Namespace csi-1613 found and status={Terminating [{NamespaceDeletionDiscoveryFailure False 2025-09-30 13:43:21 +0530 IST ResourcesDiscovered All resources successfully discovered} {NamespaceDeletionGroupVersionParsingFailure False 2025-09-30 13:43:21 +0530 IST ParsedGroupVersions All legacy kube types successfully parsed} {NamespaceDeletionContentFailure False 2025-09-30 13:43:25 +0530 IST ContentDeleted All content successfully deleted, may be waiting on finalization} {NamespaceContentRemaining True 2025-09-30 13:43:21 +0530 IST SomeResourcesRemain Some resources are remaining: cnsnodevmattachments.cns.vmware.com has 1 resource instances, persistentvolumeclaims. has 1 resource instances, zones.topology.tanzu.vmware.com has 1 resource instances} {NamespaceFinalizersRemaining True 2025-09-30 13:43:21 +0530 IST SomeFinalizersRemain Some content in the namespace has finalizers remaining: cns.vmware.com in 1 resource instances, cns.vmware.com/pvc-protection in 1 resource instances, tanzu-topology.vmware.com/zone in 1 resource instances}]} (3m34.046546292s)&#xA;I0930 13:46:45.242260 67684 util.go:3890] Namespace csi-1613 found and status={Terminating [{NamespaceDeletionDiscoveryFailure False 2025-09-30 13:43:21 +0530 IST ResourcesDiscovered All resources successfully discovered} {NamespaceDeletionGroupVersionParsingFailure False 2025-09-30 13:43:21 +0530 IST ParsedGroupVersions All legacy kube types successfully parsed} {NamespaceDeletionContentFailure False 2025-09-30 13:43:25 +0530 IST ContentDeleted All content successfully deleted, may be waiting on finalization} {NamespaceContentRemaining True 2025-09-30 13:43:21 +0530 IST SomeResourcesRemain Some resources are remaining: cnsnodevmattachments.cns.vmware.com has 1 resource instances, persistentvolumeclaims. has 1 resource instances, zones.topology.tanzu.vmware.com has 1 resource instances} {NamespaceFinalizersRemaining True 2025-09-30 13:43:21 +0530 IST SomeFinalizersRemain Some content in the namespace has finalizers remaining: cns.vmware.com in 1 resource instances, cns.vmware.com/pvc-protection in 1 resource instances, tanzu-topology.vmware.com/zone in 1 resource instances}]} (3m36.280220167s)&#xA;I0930 13:46:47.498084 67684 util.go:3890] Namespace csi-1613 found and status={Terminating [{NamespaceDeletionDiscoveryFailure False 2025-09-30 13:43:21 +0530 IST ResourcesDiscovered All resources successfully discovered} {NamespaceDeletionGroupVersionParsingFailure False 2025-09-30 13:43:21 +0530 IST ParsedGroupVersions All legacy kube types successfully parsed} {NamespaceDeletionContentFailure False 2025-09-30 13:43:25 +0530 IST ContentDeleted All content successfully deleted, may be waiting on finalization} {NamespaceContentRemaining True 2025-09-30 13:43:21 +0530 IST SomeResourcesRemain Some resources are remaining: cnsnodevmattachments.cns.vmware.com has 1 resource instances, persistentvolumeclaims. has 1 resource instances, zones.topology.tanzu.vmware.com has 1 resource instances} {NamespaceFinalizersRemaining True 2025-09-30 13:43:21 +0530 IST SomeFinalizersRemain Some content in the namespace has finalizers remaining: cns.vmware.com in 1 resource instances, cns.vmware.com/pvc-protection in 1 resource instances, tanzu-topology.vmware.com/zone in 1 resource instances}]} (3m38.536101084s)&#xA;I0930 13:46:49.737373 67684 util.go:3890] Namespace csi-1613 found and status={Terminating [{NamespaceDeletionDiscoveryFailure False 2025-09-30 13:43:21 +0530 IST ResourcesDiscovered All resources successfully discovered} {NamespaceDeletionGroupVersionParsingFailure False 2025-09-30 13:43:21 +0530 IST ParsedGroupVersions All legacy kube types successfully parsed} {NamespaceDeletionContentFailure False 2025-09-30 13:43:25 +0530 IST ContentDeleted All content successfully deleted, may be waiting on finalization} {NamespaceContentRemaining True 2025-09-30 13:43:21 +0530 IST SomeResourcesRemain Some resources are remaining: cnsnodevmattachments.cns.vmware.com has 1 resource instances, persistentvolumeclaims. has 1 resource instances, zones.topology.tanzu.vmware.com has 1 resource instances} {NamespaceFinalizersRemaining True 2025-09-30 13:43:21 +0530 IST SomeFinalizersRemain Some content in the namespace has finalizers remaining: cns.vmware.com in 1 resource instances, cns.vmware.com/pvc-protection in 1 resource instances, tanzu-topology.vmware.com/zone in 1 resource instances}]} (3m40.775474584s)&#xA;I0930 13:46:51.983041 67684 util.go:3890] Namespace csi-1613 found and status={Terminating [{NamespaceDeletionDiscoveryFailure False 2025-09-30 13:43:21 +0530 IST ResourcesDiscovered All resources successfully discovered} {NamespaceDeletionGroupVersionParsingFailure False 2025-09-30 13:43:21 +0530 IST ParsedGroupVersions All legacy kube types successfully parsed} {NamespaceDeletionContentFailure False 2025-09-30 13:43:25 +0530 IST ContentDeleted All content successfully deleted, may be waiting on finalization} {NamespaceContentRemaining True 2025-09-30 13:43:21 +0530 IST SomeResourcesRemain Some resources are remaining: cnsnodevmattachments.cns.vmware.com has 1 resource instances, persistentvolumeclaims. has 1 resource instances, zones.topology.tanzu.vmware.com has 1 resource instances} {NamespaceFinalizersRemaining True 2025-09-30 13:43:21 +0530 IST SomeFinalizersRemain Some content in the namespace has finalizers remaining: cns.vmware.com in 1 resource instances, cns.vmware.com/pvc-protection in 1 resource instances, tanzu-topology.vmware.com/zone in 1 resource instances}]} (3m43.020476542s)&#xA;I0930 13:46:54.213147 67684 util.go:3890] Namespace csi-1613 found and status={Terminating [{NamespaceDeletionDiscoveryFailure False 2025-09-30 13:43:21 +0530 IST ResourcesDiscovered All resources successfully discovered} {NamespaceDeletionGroupVersionParsingFailure False 2025-09-30 13:43:21 +0530 IST ParsedGroupVersions All legacy kube types successfully parsed} {NamespaceDeletionContentFailure False 2025-09-30 13:43:25 +0530 IST ContentDeleted All content successfully deleted, may be waiting on finalization} {NamespaceContentRemaining True 2025-09-30 13:43:21 +0530 IST SomeResourcesRemain Some resources are remaining: cnsnodevmattachments.cns.vmware.com has 1 resource instances, persistentvolumeclaims. has 1 resource instances, zones.topology.tanzu.vmware.com has 1 resource instances} {NamespaceFinalizersRemaining True 2025-09-30 13:43:21 +0530 IST SomeFinalizersRemain Some content in the namespace has finalizers remaining: cns.vmware.com in 1 resource instances, cns.vmware.com/pvc-protection in 1 resource instances, tanzu-topology.vmware.com/zone in 1 resource instances}]} (3m45.251305042s)&#xA;I0930 13:46:56.460547 67684 util.go:3890] Namespace csi-1613 found and status={Terminating [{NamespaceDeletionDiscoveryFailure False 2025-09-30 13:43:21 +0530 IST ResourcesDiscovered All resources successfully discovered} {NamespaceDeletionGroupVersionParsingFailure False 2025-09-30 13:43:21 +0530 IST ParsedGroupVersions All legacy kube types successfully parsed} {NamespaceDeletionContentFailure False 2025-09-30 13:43:25 +0530 IST ContentDeleted All content successfully deleted, may be waiting on finalization} {NamespaceContentRemaining True 2025-09-30 13:43:21 +0530 IST SomeResourcesRemain Some resources are remaining: cnsnodevmattachments.cns.vmware.com has 1 resource instances, persistentvolumeclaims. has 1 resource instances, zones.topology.tanzu.vmware.com has 1 resource instances} {NamespaceFinalizersRemaining True 2025-09-30 13:43:21 +0530 IST SomeFinalizersRemain Some content in the namespace has finalizers remaining: cns.vmware.com in 1 resource instances, cns.vmware.com/pvc-protection in 1 resource instances, tanzu-topology.vmware.com/zone in 1 resource instances}]} (3m47.49865975s)&#xA;I0930 13:46:58.770396 67684 util.go:3890] Namespace csi-1613 found and status={Terminating [{NamespaceDeletionDiscoveryFailure False 2025-09-30 13:43:21 +0530 IST ResourcesDiscovered All resources successfully discovered} {NamespaceDeletionGroupVersionParsingFailure False 2025-09-30 13:43:21 +0530 IST ParsedGroupVersions All legacy kube types successfully parsed} {NamespaceDeletionContentFailure False 2025-09-30 13:43:25 +0530 IST ContentDeleted All content successfully deleted, may be waiting on finalization} {NamespaceContentRemaining True 2025-09-30 13:43:21 +0530 IST SomeResourcesRemain Some resources are remaining: cnsnodevmattachments.cns.vmware.com has 1 resource instances, persistentvolumeclaims. has 1 resource instances, zones.topology.tanzu.vmware.com has 1 resource instances} {NamespaceFinalizersRemaining True 2025-09-30 13:43:21 +0530 IST SomeFinalizersRemain Some content in the namespace has finalizers remaining: cns.vmware.com in 1 resource instances, cns.vmware.com/pvc-protection in 1 resource instances, tanzu-topology.vmware.com/zone in 1 resource instances}]} (3m49.808568834s)&#xA;I0930 13:47:01.026196 67684 util.go:3890] Namespace csi-1613 found and status={Terminating [{NamespaceDeletionDiscoveryFailure False 2025-09-30 13:43:21 +0530 IST ResourcesDiscovered All resources successfully discovered} {NamespaceDeletionGroupVersionParsingFailure False 2025-09-30 13:43:21 +0530 IST ParsedGroupVersions All legacy kube types successfully parsed} {NamespaceDeletionContentFailure False 2025-09-30 13:43:25 +0530 IST ContentDeleted All content successfully deleted, may be waiting on finalization} {NamespaceContentRemaining True 2025-09-30 13:43:21 +0530 IST SomeResourcesRemain Some resources are remaining: cnsnodevmattachments.cns.vmware.com has 1 resource instances, persistentvolumeclaims. has 1 resource instances, zones.topology.tanzu.vmware.com has 1 resource instances} {NamespaceFinalizersRemaining True 2025-09-30 13:43:21 +0530 IST SomeFinalizersRemain Some content in the namespace has finalizers remaining: cns.vmware.com in 1 resource instances, cns.vmware.com/pvc-protection in 1 resource instances, tanzu-topology.vmware.com/zone in 1 resource instances}]} (3m52.064340709s)&#xA;I0930 13:47:03.278660 67684 util.go:3890] Namespace csi-1613 found and status={Terminating [{NamespaceDeletionDiscoveryFailure False 2025-09-30 13:43:21 +0530 IST ResourcesDiscovered All resources successfully discovered} {NamespaceDeletionGroupVersionParsingFailure False 2025-09-30 13:43:21 +0530 IST ParsedGroupVersions All legacy kube types successfully parsed} {NamespaceDeletionContentFailure False 2025-09-30 13:43:25 +0530 IST ContentDeleted All content successfully deleted, may be waiting on finalization} {NamespaceContentRemaining True 2025-09-30 13:43:21 +0530 IST SomeResourcesRemain Some resources are remaining: cnsnodevmattachments.cns.vmware.com has 1 resource instances, persistentvolumeclaims. has 1 resource instances, zones.topology.tanzu.vmware.com has 1 resource instances} {NamespaceFinalizersRemaining True 2025-09-30 13:43:21 +0530 IST SomeFinalizersRemain Some content in the namespace has finalizers remaining: cns.vmware.com in 1 resource instances, cns.vmware.com/pvc-protection in 1 resource instances, tanzu-topology.vmware.com/zone in 1 resource instances}]} (3m54.316887209s)&#xA;I0930 13:47:05.524574 67684 util.go:3890] Namespace csi-1613 found and status={Terminating [{NamespaceDeletionDiscoveryFailure False 2025-09-30 13:43:21 +0530 IST ResourcesDiscovered All resources successfully discovered} {NamespaceDeletionGroupVersionParsingFailure False 2025-09-30 13:43:21 +0530 IST ParsedGroupVersions All legacy kube types successfully parsed} {NamespaceDeletionContentFailure False 2025-09-30 13:43:25 +0530 IST ContentDeleted All content successfully deleted, may be waiting on finalization} {NamespaceContentRemaining True 2025-09-30 13:43:21 +0530 IST SomeResourcesRemain Some resources are remaining: cnsnodevmattachments.cns.vmware.com has 1 resource instances, persistentvolumeclaims. has 1 resource instances, zones.topology.tanzu.vmware.com has 1 resource instances} {NamespaceFinalizersRemaining True 2025-09-30 13:43:21 +0530 IST SomeFinalizersRemain Some content in the namespace has finalizers remaining: cns.vmware.com in 1 resource instances, cns.vmware.com/pvc-protection in 1 resource instances, tanzu-topology.vmware.com/zone in 1 resource instances}]} (3m56.561997959s)&#xA;I0930 13:47:07.802023 67684 util.go:3890] Namespace csi-1613 found and status={Terminating [{NamespaceDeletionDiscoveryFailure False 2025-09-30 13:43:21 +0530 IST ResourcesDiscovered All resources successfully discovered} {NamespaceDeletionGroupVersionParsingFailure False 2025-09-30 13:43:21 +0530 IST ParsedGroupVersions All legacy kube types successfully parsed} {NamespaceDeletionContentFailure False 2025-09-30 13:43:25 +0530 IST ContentDeleted All content successfully deleted, may be waiting on finalization} {NamespaceContentRemaining True 2025-09-30 13:43:21 +0530 IST SomeResourcesRemain Some resources are remaining: cnsnodevmattachments.cns.vmware.com has 1 resource instances, persistentvolumeclaims. has 1 resource instances, zones.topology.tanzu.vmware.com has 1 resource instances} {NamespaceFinalizersRemaining True 2025-09-30 13:43:21 +0530 IST SomeFinalizersRemain Some content in the namespace has finalizers remaining: cns.vmware.com in 1 resource instances, cns.vmware.com/pvc-protection in 1 resource instances, tanzu-topology.vmware.com/zone in 1 resource instances}]} (3m58.840254917s)&#xA;I0930 13:47:10.040950 67684 util.go:3890] Namespace csi-1613 found and status={Terminating [{NamespaceDeletionDiscoveryFailure False 2025-09-30 13:43:21 +0530 IST ResourcesDiscovered All resources successfully discovered} {NamespaceDeletionGroupVersionParsingFailure False 2025-09-30 13:43:21 +0530 IST ParsedGroupVersions All legacy kube types successfully parsed} {NamespaceDeletionContentFailure False 2025-09-30 13:43:25 +0530 IST ContentDeleted All content successfully deleted, may be waiting on finalization} {NamespaceContentRemaining True 2025-09-30 13:43:21 +0530 IST SomeResourcesRemain Some resources are remaining: cnsnodevmattachments.cns.vmware.com has 1 resource instances, persistentvolumeclaims. has 1 resource instances, zones.topology.tanzu.vmware.com has 1 resource instances} {NamespaceFinalizersRemaining True 2025-09-30 13:43:21 +0530 IST SomeFinalizersRemain Some content in the namespace has finalizers remaining: cns.vmware.com in 1 resource instances, cns.vmware.com/pvc-protection in 1 resource instances, tanzu-topology.vmware.com/zone in 1 resource instances}]} (4m1.079265709s)&#xA;I0930 13:47:12.275847 67684 util.go:3890] Namespace csi-1613 found and status={Terminating [{NamespaceDeletionDiscoveryFailure False 2025-09-30 13:43:21 +0530 IST ResourcesDiscovered All resources successfully discovered} {NamespaceDeletionGroupVersionParsingFailure False 2025-09-30 13:43:21 +0530 IST ParsedGroupVersions All legacy kube types successfully parsed} {NamespaceDeletionContentFailure False 2025-09-30 13:43:25 +0530 IST ContentDeleted All content successfully deleted, may be waiting on finalization} {NamespaceContentRemaining True 2025-09-30 13:43:21 +0530 IST SomeResourcesRemain Some resources are remaining: cnsnodevmattachments.cns.vmware.com has 1 resource instances, persistentvolumeclaims. has 1 resource instances, zones.topology.tanzu.vmware.com has 1 resource instances} {NamespaceFinalizersRemaining True 2025-09-30 13:43:21 +0530 IST SomeFinalizersRemain Some content in the namespace has finalizers remaining: cns.vmware.com in 1 resource instances, cns.vmware.com/pvc-protection in 1 resource instances, tanzu-topology.vmware.com/zone in 1 resource instances}]} (4m3.3106685s)&#xA;I0930 13:47:14.511541 67684 util.go:3890] Namespace csi-1613 found and status={Terminating [{NamespaceDeletionDiscoveryFailure False 2025-09-30 13:43:21 +0530 IST ResourcesDiscovered All resources successfully discovered} {NamespaceDeletionGroupVersionParsingFailure False 2025-09-30 13:43:21 +0530 IST ParsedGroupVersions All legacy kube types successfully parsed} {NamespaceDeletionContentFailure False 2025-09-30 13:43:25 +0530 IST ContentDeleted All content successfully deleted, may be waiting on finalization} {NamespaceContentRemaining True 2025-09-30 13:43:21 +0530 IST SomeResourcesRemain Some resources are remaining: cnsnodevmattachments.cns.vmware.com has 1 resource instances, persistentvolumeclaims. has 1 resource instances, zones.topology.tanzu.vmware.com has 1 resource instances} {NamespaceFinalizersRemaining True 2025-09-30 13:43:21 +0530 IST SomeFinalizersRemain Some content in the namespace has finalizers remaining: cns.vmware.com in 1 resource instances, cns.vmware.com/pvc-protection in 1 resource instances, tanzu-topology.vmware.com/zone in 1 resource instances}]} (4m5.549790375s)&#xA;I0930 13:47:16.752376 67684 util.go:3890] Namespace csi-1613 found and status={Terminating [{NamespaceDeletionDiscoveryFailure False 2025-09-30 13:43:21 +0530 IST ResourcesDiscovered All resources successfully discovered} {NamespaceDeletionGroupVersionParsingFailure False 2025-09-30 13:43:21 +0530 IST ParsedGroupVersions All legacy kube types successfully parsed} {NamespaceDeletionContentFailure False 2025-09-30 13:43:25 +0530 IST ContentDeleted All content successfully deleted, may be waiting on finalization} {NamespaceContentRemaining True 2025-09-30 13:43:21 +0530 IST SomeResourcesRemain Some resources are remaining: cnsnodevmattachments.cns.vmware.com has 1 resource instances, persistentvolumeclaims. has 1 resource instances, zones.topology.tanzu.vmware.com has 1 resource instances} {NamespaceFinalizersRemaining True 2025-09-30 13:43:21 +0530 IST SomeFinalizersRemain Some content in the namespace has finalizers remaining: cns.vmware.com in 1 resource instances, cns.vmware.com/pvc-protection in 1 resource instances, tanzu-topology.vmware.com/zone in 1 resource instances}]} (4m7.790484209s)&#xA;I0930 13:47:18.980785 67684 util.go:3890] Namespace csi-1613 found and status={Terminating [{NamespaceDeletionDiscoveryFailure False 2025-09-30 13:43:21 +0530 IST ResourcesDiscovered All resources successfully discovered} {NamespaceDeletionGroupVersionParsingFailure False 2025-09-30 13:43:21 +0530 IST ParsedGroupVersions All legacy kube types successfully parsed} {NamespaceDeletionContentFailure False 2025-09-30 13:43:25 +0530 IST ContentDeleted All content successfully deleted, may be waiting on finalization} {NamespaceContentRemaining True 2025-09-30 13:43:21 +0530 IST SomeResourcesRemain Some resources are remaining: cnsnodevmattachments.cns.vmware.com has 1 resource instances, persistentvolumeclaims. has 1 resource instances, zones.topology.tanzu.vmware.com has 1 resource instances} {NamespaceFinalizersRemaining True 2025-09-30 13:43:21 +0530 IST SomeFinalizersRemain Some content in the namespace has finalizers remaining: cns.vmware.com in 1 resource instances, cns.vmware.com/pvc-protection in 1 resource instances, tanzu-topology.vmware.com/zone in 1 resource instances}]} (4m10.019181125s)&#xA;I0930 13:47:21.218228 67684 util.go:3890] Namespace csi-1613 found and status={Terminating [{NamespaceDeletionDiscoveryFailure False 2025-09-30 13:43:21 +0530 IST ResourcesDiscovered All resources successfully discovered} {NamespaceDeletionGroupVersionParsingFailure False 2025-09-30 13:43:21 +0530 IST ParsedGroupVersions All legacy kube types successfully parsed} {NamespaceDeletionContentFailure False 2025-09-30 13:43:25 +0530 IST ContentDeleted All content successfully deleted, may be waiting on finalization} {NamespaceContentRemaining True 2025-09-30 13:43:21 +0530 IST SomeResourcesRemain Some resources are remaining: cnsnodevmattachments.cns.vmware.com has 1 resource instances, persistentvolumeclaims. has 1 resource instances, zones.topology.tanzu.vmware.com has 1 resource instances} {NamespaceFinalizersRemaining True 2025-09-30 13:43:21 +0530 IST SomeFinalizersRemain Some content in the namespace has finalizers remaining: cns.vmware.com in 1 resource instances, cns.vmware.com/pvc-protection in 1 resource instances, tanzu-topology.vmware.com/zone in 1 resource instances}]} (4m12.2564815s)&#xA;I0930 13:47:23.459922 67684 util.go:3890] Namespace csi-1613 found and status={Terminating [{NamespaceDeletionDiscoveryFailure False 2025-09-30 13:43:21 +0530 IST ResourcesDiscovered All resources successfully discovered} {NamespaceDeletionGroupVersionParsingFailure False 2025-09-30 13:43:21 +0530 IST ParsedGroupVersions All legacy kube types successfully parsed} {NamespaceDeletionContentFailure False 2025-09-30 13:43:25 +0530 IST ContentDeleted All content successfully deleted, may be waiting on finalization} {NamespaceContentRemaining True 2025-09-30 13:43:21 +0530 IST SomeResourcesRemain Some resources are remaining: cnsnodevmattachments.cns.vmware.com has 1 resource instances, persistentvolumeclaims. has 1 resource instances, zones.topology.tanzu.vmware.com has 1 resource instances} {NamespaceFinalizersRemaining True 2025-09-30 13:43:21 +0530 IST SomeFinalizersRemain Some content in the namespace has finalizers remaining: cns.vmware.com in 1 resource instances, cns.vmware.com/pvc-protection in 1 resource instances, tanzu-topology.vmware.com/zone in 1 resource instances}]} (4m14.498269417s)&#xA;I0930 13:47:25.697595 67684 util.go:3890] Namespace csi-1613 found and status={Terminating [{NamespaceDeletionDiscoveryFailure False 2025-09-30 13:43:21 +0530 IST ResourcesDiscovered All resources successfully discovered} {NamespaceDeletionGroupVersionParsingFailure False 2025-09-30 13:43:21 +0530 IST ParsedGroupVersions All legacy kube types successfully parsed} {NamespaceDeletionContentFailure False 2025-09-30 13:43:25 +0530 IST ContentDeleted All content successfully deleted, may be waiting on finalization} {NamespaceContentRemaining True 2025-09-30 13:43:21 +0530 IST SomeResourcesRemain Some resources are remaining: cnsnodevmattachments.cns.vmware.com has 1 resource instances, persistentvolumeclaims. has 1 resource instances, zones.topology.tanzu.vmware.com has 1 resource instances} {NamespaceFinalizersRemaining True 2025-09-30 13:43:21 +0530 IST SomeFinalizersRemain Some content in the namespace has finalizers remaining: cns.vmware.com in 1 resource instances, cns.vmware.com/pvc-protection in 1 resource instances, tanzu-topology.vmware.com/zone in 1 resource instances}]} (4m16.734096125s)&#xA;I0930 13:47:27.933155 67684 util.go:3890] Namespace csi-1613 found and status={Terminating [{NamespaceDeletionDiscoveryFailure False 2025-09-30 13:43:21 +0530 IST ResourcesDiscovered All resources successfully discovered} {NamespaceDeletionGroupVersionParsingFailure False 2025-09-30 13:43:21 +0530 IST ParsedGroupVersions All legacy kube types successfully parsed} {NamespaceDeletionContentFailure False 2025-09-30 13:43:25 +0530 IST ContentDeleted All content successfully deleted, may be waiting on finalization} {NamespaceContentRemaining True 2025-09-30 13:43:21 +0530 IST SomeResourcesRemain Some resources are remaining: cnsnodevmattachments.cns.vmware.com has 1 resource instances, persistentvolumeclaims. has 1 resource instances, zones.topology.tanzu.vmware.com has 1 resource instances} {NamespaceFinalizersRemaining True 2025-09-30 13:43:21 +0530 IST SomeFinalizersRemain Some content in the namespace has finalizers remaining: cns.vmware.com in 1 resource instances, cns.vmware.com/pvc-protection in 1 resource instances, tanzu-topology.vmware.com/zone in 1 resource instances}]} (4m18.971543375s)&#xA;I0930 13:47:30.170024 67684 util.go:3890] Namespace csi-1613 found and status={Terminating [{NamespaceDeletionDiscoveryFailure False 2025-09-30 13:43:21 +0530 IST ResourcesDiscovered All resources successfully discovered} {NamespaceDeletionGroupVersionParsingFailure False 2025-09-30 13:43:21 +0530 IST ParsedGroupVersions All legacy kube types successfully parsed} {NamespaceDeletionContentFailure False 2025-09-30 13:43:25 +0530 IST ContentDeleted All content successfully deleted, may be waiting on finalization} {NamespaceContentRemaining True 2025-09-30 13:43:21 +0530 IST SomeResourcesRemain Some resources are remaining: cnsnodevmattachments.cns.vmware.com has 1 resource instances, persistentvolumeclaims. has 1 resource instances, zones.topology.tanzu.vmware.com has 1 resource instances} {NamespaceFinalizersRemaining True 2025-09-30 13:43:21 +0530 IST SomeFinalizersRemain Some content in the namespace has finalizers remaining: cns.vmware.com in 1 resource instances, cns.vmware.com/pvc-protection in 1 resource instances, tanzu-topology.vmware.com/zone in 1 resource instances}]} (4m21.208476542s)&#xA;I0930 13:47:32.399105 67684 util.go:3890] Namespace csi-1613 found and status={Terminating [{NamespaceDeletionDiscoveryFailure False 2025-09-30 13:43:21 +0530 IST ResourcesDiscovered All resources successfully discovered} {NamespaceDeletionGroupVersionParsingFailure False 2025-09-30 13:43:21 +0530 IST ParsedGroupVersions All legacy kube types successfully parsed} {NamespaceDeletionContentFailure False 2025-09-30 13:43:25 +0530 IST ContentDeleted All content successfully deleted, may be waiting on finalization} {NamespaceContentRemaining True 2025-09-30 13:43:21 +0530 IST SomeResourcesRemain Some resources are remaining: cnsnodevmattachments.cns.vmware.com has 1 resource instances, persistentvolumeclaims. has 1 resource instances, zones.topology.tanzu.vmware.com has 1 resource instances} {NamespaceFinalizersRemaining True 2025-09-30 13:43:21 +0530 IST SomeFinalizersRemain Some content in the namespace has finalizers remaining: cns.vmware.com in 1 resource instances, cns.vmware.com/pvc-protection in 1 resource instances, tanzu-topology.vmware.com/zone in 1 resource instances}]} (4m23.437561125s)&#xA;I0930 13:47:34.630843 67684 util.go:3890] Namespace csi-1613 found and status={Terminating [{NamespaceDeletionDiscoveryFailure False 2025-09-30 13:43:21 +0530 IST ResourcesDiscovered All resources successfully discovered} {NamespaceDeletionGroupVersionParsingFailure False 2025-09-30 13:43:21 +0530 IST ParsedGroupVersions All legacy kube types successfully parsed} {NamespaceDeletionContentFailure False 2025-09-30 13:43:25 +0530 IST ContentDeleted All content successfully deleted, may be waiting on finalization} {NamespaceContentRemaining True 2025-09-30 13:43:21 +0530 IST SomeResourcesRemain Some resources are remaining: cnsnodevmattachments.cns.vmware.com has 1 resource instances, persistentvolumeclaims. has 1 resource instances, zones.topology.tanzu.vmware.com has 1 resource instances} {NamespaceFinalizersRemaining True 2025-09-30 13:43:21 +0530 IST SomeFinalizersRemain Some content in the namespace has finalizers remaining: cns.vmware.com in 1 resource instances, cns.vmware.com/pvc-protection in 1 resource instances, tanzu-topology.vmware.com/zone in 1 resource instances}]} (4m25.669299167s)&#xA;I0930 13:47:36.861569 67684 util.go:3890] Namespace csi-1613 found and status={Terminating [{NamespaceDeletionDiscoveryFailure False 2025-09-30 13:43:21 +0530 IST ResourcesDiscovered All resources successfully discovered} {NamespaceDeletionGroupVersionParsingFailure False 2025-09-30 13:43:21 +0530 IST ParsedGroupVersions All legacy kube types successfully parsed} {NamespaceDeletionContentFailure False 2025-09-30 13:43:25 +0530 IST ContentDeleted All content successfully deleted, may be waiting on finalization} {NamespaceContentRemaining True 2025-09-30 13:43:21 +0530 IST SomeResourcesRemain Some resources are remaining: cnsnodevmattachments.cns.vmware.com has 1 resource instances, persistentvolumeclaims. has 1 resource instances, zones.topology.tanzu.vmware.com has 1 resource instances} {NamespaceFinalizersRemaining True 2025-09-30 13:43:21 +0530 IST SomeFinalizersRemain Some content in the namespace has finalizers remaining: cns.vmware.com in 1 resource instances, cns.vmware.com/pvc-protection in 1 resource instances, tanzu-topology.vmware.com/zone in 1 resource instances}]} (4m27.9000835s)&#xA;I0930 13:47:39.097660 67684 util.go:3890] Namespace csi-1613 found and status={Terminating [{NamespaceDeletionDiscoveryFailure False 2025-09-30 13:43:21 +0530 IST ResourcesDiscovered All resources successfully discovered} {NamespaceDeletionGroupVersionParsingFailure False 2025-09-30 13:43:21 +0530 IST ParsedGroupVersions All legacy kube types successfully parsed} {NamespaceDeletionContentFailure False 2025-09-30 13:43:25 +0530 IST ContentDeleted All content successfully deleted, may be waiting on finalization} {NamespaceContentRemaining True 2025-09-30 13:43:21 +0530 IST SomeResourcesRemain Some resources are remaining: cnsnodevmattachments.cns.vmware.com has 1 resource instances, persistentvolumeclaims. has 1 resource instances, zones.topology.tanzu.vmware.com has 1 resource instances} {NamespaceFinalizersRemaining True 2025-09-30 13:43:21 +0530 IST SomeFinalizersRemain Some content in the namespace has finalizers remaining: cns.vmware.com in 1 resource instances, cns.vmware.com/pvc-protection in 1 resource instances, tanzu-topology.vmware.com/zone in 1 resource instances}]} (4m30.136193542s)&#xA;I0930 13:47:41.335075 67684 util.go:3890] Namespace csi-1613 found and status={Terminating [{NamespaceDeletionDiscoveryFailure False 2025-09-30 13:43:21 +0530 IST ResourcesDiscovered All resources successfully discovered} {NamespaceDeletionGroupVersionParsingFailure False 2025-09-30 13:43:21 +0530 IST ParsedGroupVersions All legacy kube types successfully parsed} {NamespaceDeletionContentFailure False 2025-09-30 13:43:25 +0530 IST ContentDeleted All content successfully deleted, may be waiting on finalization} {NamespaceContentRemaining True 2025-09-30 13:43:21 +0530 IST SomeResourcesRemain Some resources are remaining: cnsnodevmattachments.cns.vmware.com has 1 resource instances, persistentvolumeclaims. has 1 resource instances, zones.topology.tanzu.vmware.com has 1 resource instances} {NamespaceFinalizersRemaining True 2025-09-30 13:43:21 +0530 IST SomeFinalizersRemain Some content in the namespace has finalizers remaining: cns.vmware.com in 1 resource instances, cns.vmware.com/pvc-protection in 1 resource instances, tanzu-topology.vmware.com/zone in 1 resource instances}]} (4m32.373625667s)&#xA;I0930 13:47:43.564310 67684 util.go:3890] Namespace csi-1613 found and status={Terminating [{NamespaceDeletionDiscoveryFailure False 2025-09-30 13:43:21 +0530 IST ResourcesDiscovered All resources successfully discovered} {NamespaceDeletionGroupVersionParsingFailure False 2025-09-30 13:43:21 +0530 IST ParsedGroupVersions All legacy kube types successfully parsed} {NamespaceDeletionContentFailure False 2025-09-30 13:43:25 +0530 IST ContentDeleted All content successfully deleted, may be waiting on finalization} {NamespaceContentRemaining True 2025-09-30 13:43:21 +0530 IST SomeResourcesRemain Some resources are remaining: cnsnodevmattachments.cns.vmware.com has 1 resource instances, persistentvolumeclaims. has 1 resource instances, zones.topology.tanzu.vmware.com has 1 resource instances} {NamespaceFinalizersRemaining True 2025-09-30 13:43:21 +0530 IST SomeFinalizersRemain Some content in the namespace has finalizers remaining: cns.vmware.com in 1 resource instances, cns.vmware.com/pvc-protection in 1 resource instances, tanzu-topology.vmware.com/zone in 1 resource instances}]} (4m34.602817875s)&#xA;I0930 13:47:45.804509 67684 util.go:3890] Namespace csi-1613 found and status={Terminating [{NamespaceDeletionDiscoveryFailure False 2025-09-30 13:43:21 +0530 IST ResourcesDiscovered All resources successfully discovered} {NamespaceDeletionGroupVersionParsingFailure False 2025-09-30 13:43:21 +0530 IST ParsedGroupVersions All legacy kube types successfully parsed} {NamespaceDeletionContentFailure False 2025-09-30 13:43:25 +0530 IST ContentDeleted All content successfully deleted, may be waiting on finalization} {NamespaceContentRemaining True 2025-09-30 13:43:21 +0530 IST SomeResourcesRemain Some resources are remaining: cnsnodevmattachments.cns.vmware.com has 1 resource instances, persistentvolumeclaims. has 1 resource instances, zones.topology.tanzu.vmware.com has 1 resource instances} {NamespaceFinalizersRemaining True 2025-09-30 13:43:21 +0530 IST SomeFinalizersRemain Some content in the namespace has finalizers remaining: cns.vmware.com in 1 resource instances, cns.vmware.com/pvc-protection in 1 resource instances, tanzu-topology.vmware.com/zone in 1 resource instances}]} (4m36.843008042s)&#xA;I0930 13:47:48.033799 67684 util.go:3890] Namespace csi-1613 found and status={Terminating [{NamespaceDeletionDiscoveryFailure False 2025-09-30 13:43:21 +0530 IST ResourcesDiscovered All resources successfully discovered} {NamespaceDeletionGroupVersionParsingFailure False 2025-09-30 13:43:21 +0530 IST ParsedGroupVersions All legacy kube types successfully parsed} {NamespaceDeletionContentFailure False 2025-09-30 13:43:25 +0530 IST ContentDeleted All content successfully deleted, may be waiting on finalization} {NamespaceContentRemaining True 2025-09-30 13:43:21 +0530 IST SomeResourcesRemain Some resources are remaining: cnsnodevmattachments.cns.vmware.com has 1 resource instances, persistentvolumeclaims. has 1 resource instances, zones.topology.tanzu.vmware.com has 1 resource instances} {NamespaceFinalizersRemaining True 2025-09-30 13:43:21 +0530 IST SomeFinalizersRemain Some content in the namespace has finalizers remaining: cns.vmware.com in 1 resource instances, cns.vmware.com/pvc-protection in 1 resource instances, tanzu-topology.vmware.com/zone in 1 resource instances}]} (4m39.07236475s)&#xA;I0930 13:47:50.270558 67684 util.go:3890] Namespace csi-1613 found and status={Terminating [{NamespaceDeletionDiscoveryFailure False 2025-09-30 13:43:21 +0530 IST ResourcesDiscovered All resources successfully discovered} {NamespaceDeletionGroupVersionParsingFailure False 2025-09-30 13:43:21 +0530 IST ParsedGroupVersions All legacy kube types successfully parsed} {NamespaceDeletionContentFailure False 2025-09-30 13:43:25 +0530 IST ContentDeleted All content successfully deleted, may be waiting on finalization} {NamespaceContentRemaining True 2025-09-30 13:43:21 +0530 IST SomeResourcesRemain Some resources are remaining: cnsnodevmattachments.cns.vmware.com has 1 resource instances, persistentvolumeclaims. has 1 resource instances, zones.topology.tanzu.vmware.com has 1 resource instances} {NamespaceFinalizersRemaining True 2025-09-30 13:43:21 +0530 IST SomeFinalizersRemain Some content in the namespace has finalizers remaining: cns.vmware.com in 1 resource instances, cns.vmware.com/pvc-protection in 1 resource instances, tanzu-topology.vmware.com/zone in 1 resource instances}]} (4m41.309110167s)&#xA;I0930 13:47:52.514841 67684 util.go:3890] Namespace csi-1613 found and status={Terminating [{NamespaceDeletionDiscoveryFailure False 2025-09-30 13:43:21 +0530 IST ResourcesDiscovered All resources successfully discovered} {NamespaceDeletionGroupVersionParsingFailure False 2025-09-30 13:43:21 +0530 IST ParsedGroupVersions All legacy kube types successfully parsed} {NamespaceDeletionContentFailure False 2025-09-30 13:43:25 +0530 IST ContentDeleted All content successfully deleted, may be waiting on finalization} {NamespaceContentRemaining True 2025-09-30 13:43:21 +0530 IST SomeResourcesRemain Some resources are remaining: cnsnodevmattachments.cns.vmware.com has 1 resource instances, persistentvolumeclaims. has 1 resource instances, zones.topology.tanzu.vmware.com has 1 resource instances} {NamespaceFinalizersRemaining True 2025-09-30 13:43:21 +0530 IST SomeFinalizersRemain Some content in the namespace has finalizers remaining: cns.vmware.com in 1 resource instances, cns.vmware.com/pvc-protection in 1 resource instances, tanzu-topology.vmware.com/zone in 1 resource instances}]} (4m43.55327175s)&#xA;I0930 13:47:54.756209 67684 util.go:3890] Namespace csi-1613 found and status={Terminating [{NamespaceDeletionDiscoveryFailure False 2025-09-30 13:43:21 +0530 IST ResourcesDiscovered All resources successfully discovered} {NamespaceDeletionGroupVersionParsingFailure False 2025-09-30 13:43:21 +0530 IST ParsedGroupVersions All legacy kube types successfully parsed} {NamespaceDeletionContentFailure False 2025-09-30 13:43:25 +0530 IST ContentDeleted All content successfully deleted, may be waiting on finalization} {NamespaceContentRemaining True 2025-09-30 13:43:21 +0530 IST SomeResourcesRemain Some resources are remaining: cnsnodevmattachments.cns.vmware.com has 1 resource instances, persistentvolumeclaims. has 1 resource instances, zones.topology.tanzu.vmware.com has 1 resource instances} {NamespaceFinalizersRemaining True 2025-09-30 13:43:21 +0530 IST SomeFinalizersRemain Some content in the namespace has finalizers remaining: cns.vmware.com in 1 resource instances, cns.vmware.com/pvc-protection in 1 resource instances, tanzu-topology.vmware.com/zone in 1 resource instances}]} (4m45.794835709s)&#xA;I0930 13:47:56.994846 67684 util.go:3890] Namespace csi-1613 found and status={Terminating [{NamespaceDeletionDiscoveryFailure False 2025-09-30 13:43:21 +0530 IST ResourcesDiscovered All resources successfully discovered} {NamespaceDeletionGroupVersionParsingFailure False 2025-09-30 13:43:21 +0530 IST ParsedGroupVersions All legacy kube types successfully parsed} {NamespaceDeletionContentFailure False 2025-09-30 13:43:25 +0530 IST ContentDeleted All content successfully deleted, may be waiting on finalization} {NamespaceContentRemaining True 2025-09-30 13:43:21 +0530 IST SomeResourcesRemain Some resources are remaining: cnsnodevmattachments.cns.vmware.com has 1 resource instances, persistentvolumeclaims. has 1 resource instances, zones.topology.tanzu.vmware.com has 1 resource instances} {NamespaceFinalizersRemaining True 2025-09-30 13:43:21 +0530 IST SomeFinalizersRemain Some content in the namespace has finalizers remaining: cns.vmware.com in 1 resource instances, cns.vmware.com/pvc-protection in 1 resource instances, tanzu-topology.vmware.com/zone in 1 resource instances}]} (4m48.032641584s)&#xA;I0930 13:47:59.230344 67684 util.go:3890] Namespace csi-1613 found and status={Terminating [{NamespaceDeletionDiscoveryFailure False 2025-09-30 13:43:21 +0530 IST ResourcesDiscovered All resources successfully discovered} {NamespaceDeletionGroupVersionParsingFailure False 2025-09-30 13:43:21 +0530 IST ParsedGroupVersions All legacy kube types successfully parsed} {NamespaceDeletionContentFailure False 2025-09-30 13:43:25 +0530 IST ContentDeleted All content successfully deleted, may be waiting on finalization} {NamespaceContentRemaining True 2025-09-30 13:43:21 +0530 IST SomeResourcesRemain Some resources are remaining: cnsnodevmattachments.cns.vmware.com has 1 resource instances, persistentvolumeclaims. has 1 resource instances, zones.topology.tanzu.vmware.com has 1 resource instances} {NamespaceFinalizersRemaining True 2025-09-30 13:43:21 +0530 IST SomeFinalizersRemain Some content in the namespace has finalizers remaining: cns.vmware.com in 1 resource instances, cns.vmware.com/pvc-protection in 1 resource instances, tanzu-topology.vmware.com/zone in 1 resource instances}]} (4m50.269039792s)&#xA;I0930 13:48:01.468460 67684 util.go:3890] Namespace csi-1613 found and status={Terminating [{NamespaceDeletionDiscoveryFailure False 2025-09-30 13:43:21 +0530 IST ResourcesDiscovered All resources successfully discovered} {NamespaceDeletionGroupVersionParsingFailure False 2025-09-30 13:43:21 +0530 IST ParsedGroupVersions All legacy kube types successfully parsed} {NamespaceDeletionContentFailure False 2025-09-30 13:43:25 +0530 IST ContentDeleted All content successfully deleted, may be waiting on finalization} {NamespaceContentRemaining True 2025-09-30 13:43:21 +0530 IST SomeResourcesRemain Some resources are remaining: cnsnodevmattachments.cns.vmware.com has 1 resource instances, persistentvolumeclaims. has 1 resource instances, zones.topology.tanzu.vmware.com has 1 resource instances} {NamespaceFinalizersRemaining True 2025-09-30 13:43:21 +0530 IST SomeFinalizersRemain Some content in the namespace has finalizers remaining: cns.vmware.com in 1 resource instances, cns.vmware.com/pvc-protection in 1 resource instances, tanzu-topology.vmware.com/zone in 1 resource instances}]} (4m52.507020875s)&#xA;I0930 13:48:03.700109 67684 util.go:3890] Namespace csi-1613 found and status={Terminating [{NamespaceDeletionDiscoveryFailure False 2025-09-30 13:43:21 +0530 IST ResourcesDiscovered All resources successfully discovered} {NamespaceDeletionGroupVersionParsingFailure False 2025-09-30 13:43:21 +0530 IST ParsedGroupVersions All legacy kube types successfully parsed} {NamespaceDeletionContentFailure False 2025-09-30 13:43:25 +0530 IST ContentDeleted All content successfully deleted, may be waiting on finalization} {NamespaceContentRemaining True 2025-09-30 13:43:21 +0530 IST SomeResourcesRemain Some resources are remaining: cnsnodevmattachments.cns.vmware.com has 1 resource instances, persistentvolumeclaims. has 1 resource instances, zones.topology.tanzu.vmware.com has 1 resource instances} {NamespaceFinalizersRemaining True 2025-09-30 13:43:21 +0530 IST SomeFinalizersRemain Some content in the namespace has finalizers remaining: cns.vmware.com in 1 resource instances, cns.vmware.com/pvc-protection in 1 resource instances, tanzu-topology.vmware.com/zone in 1 resource instances}]} (4m54.738788084s)&#xA;I0930 13:48:05.930913 67684 util.go:3890] Namespace csi-1613 found and status={Terminating [{NamespaceDeletionDiscoveryFailure False 2025-09-30 13:43:21 +0530 IST ResourcesDiscovered All resources successfully discovered} {NamespaceDeletionGroupVersionParsingFailure False 2025-09-30 13:43:21 +0530 IST ParsedGroupVersions All legacy kube types successfully parsed} {NamespaceDeletionContentFailure False 2025-09-30 13:43:25 +0530 IST ContentDeleted All content successfully deleted, may be waiting on finalization} {NamespaceContentRemaining True 2025-09-30 13:43:21 +0530 IST SomeResourcesRemain Some resources are remaining: cnsnodevmattachments.cns.vmware.com has 1 resource instances, persistentvolumeclaims. has 1 resource instances, zones.topology.tanzu.vmware.com has 1 resource instances} {NamespaceFinalizersRemaining True 2025-09-30 13:43:21 +0530 IST SomeFinalizersRemain Some content in the namespace has finalizers remaining: cns.vmware.com in 1 resource instances, cns.vmware.com/pvc-protection in 1 resource instances, tanzu-topology.vmware.com/zone in 1 resource instances}]} (4m56.969324209s)&#xA;I0930 13:48:08.161565 67684 util.go:3890] Namespace csi-1613 found and status={Terminating [{NamespaceDeletionDiscoveryFailure False 2025-09-30 13:43:21 +0530 IST ResourcesDiscovered All resources successfully discovered} {NamespaceDeletionGroupVersionParsingFailure False 2025-09-30 13:43:21 +0530 IST ParsedGroupVersions All legacy kube types successfully parsed} {NamespaceDeletionContentFailure False 2025-09-30 13:43:25 +0530 IST ContentDeleted All content successfully deleted, may be waiting on finalization} {NamespaceContentRemaining True 2025-09-30 13:43:21 +0530 IST SomeResourcesRemain Some resources are remaining: cnsnodevmattachments.cns.vmware.com has 1 resource instances, persistentvolumeclaims. has 1 resource instances, zones.topology.tanzu.vmware.com has 1 resource instances} {NamespaceFinalizersRemaining True 2025-09-30 13:43:21 +0530 IST SomeFinalizersRemain Some content in the namespace has finalizers remaining: cns.vmware.com in 1 resource instances, cns.vmware.com/pvc-protection in 1 resource instances, tanzu-topology.vmware.com/zone in 1 resource instances}]} (4m59.200259834s)&#xA;I0930 13:48:10.402916 67684 util.go:3890] Namespace csi-1613 found and status={Terminating [{NamespaceDeletionDiscoveryFailure False 2025-09-30 13:43:21 +0530 IST ResourcesDiscovered All resources successfully discovered} {NamespaceDeletionGroupVersionParsingFailure False 2025-09-30 13:43:21 +0530 IST ParsedGroupVersions All legacy kube types successfully parsed} {NamespaceDeletionContentFailure False 2025-09-30 13:43:25 +0530 IST ContentDeleted All content successfully deleted, may be waiting on finalization} {NamespaceContentRemaining True 2025-09-30 13:43:21 +0530 IST SomeResourcesRemain Some resources are remaining: cnsnodevmattachments.cns.vmware.com has 1 resource instances, persistentvolumeclaims. has 1 resource instances, zones.topology.tanzu.vmware.com has 1 resource instances} {NamespaceFinalizersRemaining True 2025-09-30 13:43:21 +0530 IST SomeFinalizersRemain Some content in the namespace has finalizers remaining: cns.vmware.com in 1 resource instances, cns.vmware.com/pvc-protection in 1 resource instances, tanzu-topology.vmware.com/zone in 1 resource instances}]} (5m1.441613292s)&#xA;I0930 13:48:12.631277 67684 util.go:3890] Namespace csi-1613 found and status={Terminating [{NamespaceDeletionDiscoveryFailure False 2025-09-30 13:43:21 +0530 IST ResourcesDiscovered All resources successfully discovered} {NamespaceDeletionGroupVersionParsingFailure False 2025-09-30 13:43:21 +0530 IST ParsedGroupVersions All legacy kube types successfully parsed} {NamespaceDeletionContentFailure False 2025-09-30 13:43:25 +0530 IST ContentDeleted All content successfully deleted, may be waiting on finalization} {NamespaceContentRemaining True 2025-09-30 13:43:21 +0530 IST SomeResourcesRemain Some resources are remaining: cnsnodevmattachments.cns.vmware.com has 1 resource instances, persistentvolumeclaims. has 1 resource instances, zones.topology.tanzu.vmware.com has 1 resource instances} {NamespaceFinalizersRemaining True 2025-09-30 13:43:21 +0530 IST SomeFinalizersRemain Some content in the namespace has finalizers remaining: cns.vmware.com in 1 resource instances, cns.vmware.com/pvc-protection in 1 resource instances, tanzu-topology.vmware.com/zone in 1 resource instances}]} (5m3.670076667s)&#xA;I0930 13:48:14.865058 67684 util.go:3890] Namespace csi-1613 found and status={Terminating [{NamespaceDeletionDiscoveryFailure False 2025-09-30 13:43:21 +0530 IST ResourcesDiscovered All resources successfully discovered} {NamespaceDeletionGroupVersionParsingFailure False 2025-09-30 13:43:21 +0530 IST ParsedGroupVersions All legacy kube types successfully parsed} {NamespaceDeletionContentFailure False 2025-09-30 13:43:25 +0530 IST ContentDeleted All content successfully deleted, may be waiting on finalization} {NamespaceContentRemaining True 2025-09-30 13:43:21 +0530 IST SomeResourcesRemain Some resources are remaining: cnsnodevmattachments.cns.vmware.com has 1 resource instances, persistentvolumeclaims. has 1 resource instances, zones.topology.tanzu.vmware.com has 1 resource instances} {NamespaceFinalizersRemaining True 2025-09-30 13:43:21 +0530 IST SomeFinalizersRemain Some content in the namespace has finalizers remaining: cns.vmware.com in 1 resource instances, cns.vmware.com/pvc-protection in 1 resource instances, tanzu-topology.vmware.com/zone in 1 resource instances}]} (5m5.903410792s)&#xA;I0930 13:48:17.095128 67684 util.go:3890] Namespace csi-1613 found and status={Terminating [{NamespaceDeletionDiscoveryFailure False 2025-09-30 13:43:21 +0530 IST ResourcesDiscovered All resources successfully discovered} {NamespaceDeletionGroupVersionParsingFailure False 2025-09-30 13:43:21 +0530 IST ParsedGroupVersions All legacy kube types successfully parsed} {NamespaceDeletionContentFailure False 2025-09-30 13:43:25 +0530 IST ContentDeleted All content successfully deleted, may be waiting on finalization} {NamespaceContentRemaining True 2025-09-30 13:43:21 +0530 IST SomeResourcesRemain Some resources are remaining: cnsnodevmattachments.cns.vmware.com has 1 resource instances, persistentvolumeclaims. has 1 resource instances, zones.topology.tanzu.vmware.com has 1 resource instances} {NamespaceFinalizersRemaining True 2025-09-30 13:43:21 +0530 IST SomeFinalizersRemain Some content in the namespace has finalizers remaining: cns.vmware.com in 1 resource instances, cns.vmware.com/pvc-protection in 1 resource instances, tanzu-topology.vmware.com/zone in 1 resource instances}]} (5m8.1339845s)&#xA;I0930 13:48:19.348402 67684 util.go:3890] Namespace csi-1613 found and status={Terminating [{NamespaceDeletionDiscoveryFailure False 2025-09-30 13:43:21 +0530 IST ResourcesDiscovered All resources successfully discovered} {NamespaceDeletionGroupVersionParsingFailure False 2025-09-30 13:43:21 +0530 IST ParsedGroupVersions All legacy kube types successfully parsed} {NamespaceDeletionContentFailure False 2025-09-30 13:43:25 +0530 IST ContentDeleted All content successfully deleted, may be waiting on finalization} {NamespaceContentRemaining True 2025-09-30 13:43:21 +0530 IST SomeResourcesRemain Some resources are remaining: cnsnodevmattachments.cns.vmware.com has 1 resource instances, persistentvolumeclaims. has 1 resource instances, zones.topology.tanzu.vmware.com has 1 resource instances} {NamespaceFinalizersRemaining True 2025-09-30 13:43:21 +0530 IST SomeFinalizersRemain Some content in the namespace has finalizers remaining: cns.vmware.com in 1 resource instances, cns.vmware.com/pvc-protection in 1 resource instances, tanzu-topology.vmware.com/zone in 1 resource instances}]} (5m10.387256792s)&#xA;I0930 13:48:21.583249 67684 util.go:3890] Namespace csi-1613 found and status={Terminating [{NamespaceDeletionDiscoveryFailure False 2025-09-30 13:43:21 +0530 IST ResourcesDiscovered All resources successfully discovered} {NamespaceDeletionGroupVersionParsingFailure False 2025-09-30 13:43:21 +0530 IST ParsedGroupVersions All legacy kube types successfully parsed} {NamespaceDeletionContentFailure False 2025-09-30 13:43:25 +0530 IST ContentDeleted All content successfully deleted, may be waiting on finalization} {NamespaceContentRemaining True 2025-09-30 13:43:21 +0530 IST SomeResourcesRemain Some resources are remaining: cnsnodevmattachments.cns.vmware.com has 1 resource instances, persistentvolumeclaims. has 1 resource instances, zones.topology.tanzu.vmware.com has 1 resource instances} {NamespaceFinalizersRemaining True 2025-09-30 13:43:21 +0530 IST SomeFinalizersRemain Some content in the namespace has finalizers remaining: cns.vmware.com in 1 resource instances, cns.vmware.com/pvc-protection in 1 resource instances, tanzu-topology.vmware.com/zone in 1 resource instances}]} (5m12.622047334s)&#xA;I0930 13:48:23.865080 67684 util.go:3890] Namespace csi-1613 found and status={Terminating [{NamespaceDeletionDiscoveryFailure False 2025-09-30 13:43:21 +0530 IST ResourcesDiscovered All resources successfully discovered} {NamespaceDeletionGroupVersionParsingFailure False 2025-09-30 13:43:21 +0530 IST ParsedGroupVersions All legacy kube types successfully parsed} {NamespaceDeletionContentFailure False 2025-09-30 13:43:25 +0530 IST ContentDeleted All content successfully deleted, may be waiting on finalization} {NamespaceContentRemaining True 2025-09-30 13:43:21 +0530 IST SomeResourcesRemain Some resources are remaining: cnsnodevmattachments.cns.vmware.com has 1 resource instances, persistentvolumeclaims. has 1 resource instances, zones.topology.tanzu.vmware.com has 1 resource instances} {NamespaceFinalizersRemaining True 2025-09-30 13:43:21 +0530 IST SomeFinalizersRemain Some content in the namespace has finalizers remaining: cns.vmware.com in 1 resource instances, cns.vmware.com/pvc-protection in 1 resource instances, tanzu-topology.vmware.com/zone in 1 resource instances}]} (5m14.903891125s)&#xA;I0930 13:48:26.111558 67684 util.go:3890] Namespace csi-1613 found and status={Terminating [{NamespaceDeletionDiscoveryFailure False 2025-09-30 13:43:21 +0530 IST ResourcesDiscovered All resources successfully discovered} {NamespaceDeletionGroupVersionParsingFailure False 2025-09-30 13:43:21 +0530 IST ParsedGroupVersions All legacy kube types successfully parsed} {NamespaceDeletionContentFailure False 2025-09-30 13:43:25 +0530 IST ContentDeleted All content successfully deleted, may be waiting on finalization} {NamespaceContentRemaining True 2025-09-30 13:43:21 +0530 IST SomeResourcesRemain Some resources are remaining: cnsnodevmattachments.cns.vmware.com has 1 resource instances, persistentvolumeclaims. has 1 resource instances, zones.topology.tanzu.vmware.com has 1 resource instances} {NamespaceFinalizersRemaining True 2025-09-30 13:43:21 +0530 IST SomeFinalizersRemain Some content in the namespace has finalizers remaining: cns.vmware.com in 1 resource instances, cns.vmware.com/pvc-protection in 1 resource instances, tanzu-topology.vmware.com/zone in 1 resource instances}]} (5m17.150402s)&#xA;I0930 13:48:28.346557 67684 util.go:3890] Namespace csi-1613 found and status={Terminating [{NamespaceDeletionDiscoveryFailure False 2025-09-30 13:43:21 +0530 IST ResourcesDiscovered All resources successfully discovered} {NamespaceDeletionGroupVersionParsingFailure False 2025-09-30 13:43:21 +0530 IST ParsedGroupVersions All legacy kube types successfully parsed} {NamespaceDeletionContentFailure False 2025-09-30 13:43:25 +0530 IST ContentDeleted All content successfully deleted, may be waiting on finalization} {NamespaceContentRemaining True 2025-09-30 13:43:21 +0530 IST SomeResourcesRemain Some resources are remaining: cnsnodevmattachments.cns.vmware.com has 1 resource instances, persistentvolumeclaims. has 1 resource instances, zones.topology.tanzu.vmware.com has 1 resource instances} {NamespaceFinalizersRemaining True 2025-09-30 13:43:21 +0530 IST SomeFinalizersRemain Some content in the namespace has finalizers remaining: cns.vmware.com in 1 resource instances, cns.vmware.com/pvc-protection in 1 resource instances, tanzu-topology.vmware.com/zone in 1 resource instances}]} (5m19.385393375s)&#xA;I0930 13:48:30.609260 67684 util.go:3890] Namespace csi-1613 found and status={Terminating [{NamespaceDeletionDiscoveryFailure False 2025-09-30 13:43:21 +0530 IST ResourcesDiscovered All resources successfully discovered} {NamespaceDeletionGroupVersionParsingFailure False 2025-09-30 13:43:21 +0530 IST ParsedGroupVersions All legacy kube types successfully parsed} {NamespaceDeletionContentFailure False 2025-09-30 13:43:25 +0530 IST ContentDeleted All content successfully deleted, may be waiting on finalization} {NamespaceContentRemaining True 2025-09-30 13:43:21 +0530 IST SomeResourcesRemain Some resources are remaining: cnsnodevmattachments.cns.vmware.com has 1 resource instances, persistentvolumeclaims. has 1 resource instances, zones.topology.tanzu.vmware.com has 1 resource instances} {NamespaceFinalizersRemaining True 2025-09-30 13:43:21 +0530 IST SomeFinalizersRemain Some content in the namespace has finalizers remaining: cns.vmware.com in 1 resource instances, cns.vmware.com/pvc-protection in 1 resource instances, tanzu-topology.vmware.com/zone in 1 resource instances}]} (5m21.648143625s)&#xA;I0930 13:48:32.849510 67684 util.go:3890] Namespace csi-1613 found and status={Terminating [{NamespaceDeletionDiscoveryFailure False 2025-09-30 13:43:21 +0530 IST ResourcesDiscovered All resources successfully discovered} {NamespaceDeletionGroupVersionParsingFailure False 2025-09-30 13:43:21 +0530 IST ParsedGroupVersions All legacy kube types successfully parsed} {NamespaceDeletionContentFailure False 2025-09-30 13:43:25 +0530 IST ContentDeleted All content successfully deleted, may be waiting on finalization} {NamespaceContentRemaining True 2025-09-30 13:43:21 +0530 IST SomeResourcesRemain Some resources are remaining: cnsnodevmattachments.cns.vmware.com has 1 resource instances, persistentvolumeclaims. has 1 resource instances, zones.topology.tanzu.vmware.com has 1 resource instances} {NamespaceFinalizersRemaining True 2025-09-30 13:43:21 +0530 IST SomeFinalizersRemain Some content in the namespace has finalizers remaining: cns.vmware.com in 1 resource instances, cns.vmware.com/pvc-protection in 1 resource instances, tanzu-topology.vmware.com/zone in 1 resource instances}]} (5m23.8884275s)&#xA;I0930 13:48:35.085113 67684 util.go:3890] Namespace csi-1613 found and status={Terminating [{NamespaceDeletionDiscoveryFailure False 2025-09-30 13:43:21 +0530 IST ResourcesDiscovered All resources successfully discovered} {NamespaceDeletionGroupVersionParsingFailure False 2025-09-30 13:43:21 +0530 IST ParsedGroupVersions All legacy kube types successfully parsed} {NamespaceDeletionContentFailure False 2025-09-30 13:43:25 +0530 IST ContentDeleted All content successfully deleted, may be waiting on finalization} {NamespaceContentRemaining True 2025-09-30 13:43:21 +0530 IST SomeResourcesRemain Some resources are remaining: cnsnodevmattachments.cns.vmware.com has 1 resource instances, persistentvolumeclaims. has 1 resource instances, zones.topology.tanzu.vmware.com has 1 resource instances} {NamespaceFinalizersRemaining True 2025-09-30 13:43:21 +0530 IST SomeFinalizersRemain Some content in the namespace has finalizers remaining: cns.vmware.com in 1 resource instances, cns.vmware.com/pvc-protection in 1 resource instances, tanzu-topology.vmware.com/zone in 1 resource instances}]} (5m26.124013834s)&#xA;I0930 13:48:37.320957 67684 util.go:3890] Namespace csi-1613 found and status={Terminating [{NamespaceDeletionDiscoveryFailure False 2025-09-30 13:43:21 +0530 IST ResourcesDiscovered All resources successfully discovered} {NamespaceDeletionGroupVersionParsingFailure False 2025-09-30 13:43:21 +0530 IST ParsedGroupVersions All legacy kube types successfully parsed} {NamespaceDeletionContentFailure False 2025-09-30 13:43:25 +0530 IST ContentDeleted All content successfully deleted, may be waiting on finalization} {NamespaceContentRemaining True 2025-09-30 13:43:21 +0530 IST SomeResourcesRemain Some resources are remaining: cnsnodevmattachments.cns.vmware.com has 1 resource instances, persistentvolumeclaims. has 1 resource instances, zones.topology.tanzu.vmware.com has 1 resource instances} {NamespaceFinalizersRemaining True 2025-09-30 13:43:21 +0530 IST SomeFinalizersRemain Some content in the namespace has finalizers remaining: cns.vmware.com in 1 resource instances, cns.vmware.com/pvc-protection in 1 resource instances, tanzu-topology.vmware.com/zone in 1 resource instances}]} (5m28.359930792s)&#xA;I0930 13:48:39.548899 67684 util.go:3890] Namespace csi-1613 found and status={Terminating [{NamespaceDeletionDiscoveryFailure False 2025-09-30 13:43:21 +0530 IST ResourcesDiscovered All resources successfully discovered} {NamespaceDeletionGroupVersionParsingFailure False 2025-09-30 13:43:21 +0530 IST ParsedGroupVersions All legacy kube types successfully parsed} {NamespaceDeletionContentFailure False 2025-09-30 13:43:25 +0530 IST ContentDeleted All content successfully deleted, may be waiting on finalization} {NamespaceContentRemaining True 2025-09-30 13:43:21 +0530 IST SomeResourcesRemain Some resources are remaining: cnsnodevmattachments.cns.vmware.com has 1 resource instances, persistentvolumeclaims. has 1 resource instances, zones.topology.tanzu.vmware.com has 1 resource instances} {NamespaceFinalizersRemaining True 2025-09-30 13:43:21 +0530 IST SomeFinalizersRemain Some content in the namespace has finalizers remaining: cns.vmware.com in 1 resource instances, cns.vmware.com/pvc-protection in 1 resource instances, tanzu-topology.vmware.com/zone in 1 resource instances}]} (5m30.587856125s)&#xA;I0930 13:48:41.778829 67684 util.go:3890] Namespace csi-1613 found and status={Terminating [{NamespaceDeletionDiscoveryFailure False 2025-09-30 13:43:21 +0530 IST ResourcesDiscovered All resources successfully discovered} {NamespaceDeletionGroupVersionParsingFailure False 2025-09-30 13:43:21 +0530 IST ParsedGroupVersions All legacy kube types successfully parsed} {NamespaceDeletionContentFailure False 2025-09-30 13:43:25 +0530 IST ContentDeleted All content successfully deleted, may be waiting on finalization} {NamespaceContentRemaining True 2025-09-30 13:43:21 +0530 IST SomeResourcesRemain Some resources are remaining: cnsnodevmattachments.cns.vmware.com has 1 resource instances, persistentvolumeclaims. has 1 resource instances, zones.topology.tanzu.vmware.com has 1 resource instances} {NamespaceFinalizersRemaining True 2025-09-30 13:43:21 +0530 IST SomeFinalizersRemain Some content in the namespace has finalizers remaining: cns.vmware.com in 1 resource instances, cns.vmware.com/pvc-protection in 1 resource instances, tanzu-topology.vmware.com/zone in 1 resource instances}]} (5m32.817804167s)&#xA;I0930 13:48:44.011286 67684 util.go:3890] Namespace csi-1613 found and status={Terminating [{NamespaceDeletionDiscoveryFailure False 2025-09-30 13:43:21 +0530 IST ResourcesDiscovered All resources successfully discovered} {NamespaceDeletionGroupVersionParsingFailure False 2025-09-30 13:43:21 +0530 IST ParsedGroupVersions All legacy kube types successfully parsed} {NamespaceDeletionContentFailure False 2025-09-30 13:43:25 +0530 IST ContentDeleted All content successfully deleted, may be waiting on finalization} {NamespaceContentRemaining True 2025-09-30 13:43:21 +0530 IST SomeResourcesRemain Some resources are remaining: cnsnodevmattachments.cns.vmware.com has 1 resource instances, persistentvolumeclaims. has 1 resource instances, zones.topology.tanzu.vmware.com has 1 resource instances} {NamespaceFinalizersRemaining True 2025-09-30 13:43:21 +0530 IST SomeFinalizersRemain Some content in the namespace has finalizers remaining: cns.vmware.com in 1 resource instances, cns.vmware.com/pvc-protection in 1 resource instances, tanzu-topology.vmware.com/zone in 1 resource instances}]} (5m35.050368917s)&#xA;I0930 13:48:46.258309 67684 util.go:3890] Namespace csi-1613 found and status={Terminating [{NamespaceDeletionDiscoveryFailure False 2025-09-30 13:43:21 +0530 IST ResourcesDiscovered All resources successfully discovered} {NamespaceDeletionGroupVersionParsingFailure False 2025-09-30 13:43:21 +0530 IST ParsedGroupVersions All legacy kube types successfully parsed} {NamespaceDeletionContentFailure False 2025-09-30 13:43:25 +0530 IST ContentDeleted All content successfully deleted, may be waiting on finalization} {NamespaceContentRemaining True 2025-09-30 13:43:21 +0530 IST SomeResourcesRemain Some resources are remaining: cnsnodevmattachments.cns.vmware.com has 1 resource instances, persistentvolumeclaims. has 1 resource instances, zones.topology.tanzu.vmware.com has 1 resource instances} {NamespaceFinalizersRemaining True 2025-09-30 13:43:21 +0530 IST SomeFinalizersRemain Some content in the namespace has finalizers remaining: cns.vmware.com in 1 resource instances, cns.vmware.com/pvc-protection in 1 resource instances, tanzu-topology.vmware.com/zone in 1 resource instances}]} (5m37.297345167s)&#xA;I0930 13:48:48.521235 67684 util.go:3890] Namespace csi-1613 found and status={Terminating [{NamespaceDeletionDiscoveryFailure False 2025-09-30 13:43:21 +0530 IST ResourcesDiscovered All resources successfully discovered} {NamespaceDeletionGroupVersionParsingFailure False 2025-09-30 13:43:21 +0530 IST ParsedGroupVersions All legacy kube types successfully parsed} {NamespaceDeletionContentFailure False 2025-09-30 13:43:25 +0530 IST ContentDeleted All content successfully deleted, may be waiting on finalization} {NamespaceContentRemaining True 2025-09-30 13:43:21 +0530 IST SomeResourcesRemain Some resources are remaining: cnsnodevmattachments.cns.vmware.com has 1 resource instances, persistentvolumeclaims. has 1 resource instances, zones.topology.tanzu.vmware.com has 1 resource instances} {NamespaceFinalizersRemaining True 2025-09-30 13:43:21 +0530 IST SomeFinalizersRemain Some content in the namespace has finalizers remaining: cns.vmware.com in 1 resource instances, cns.vmware.com/pvc-protection in 1 resource instances, tanzu-topology.vmware.com/zone in 1 resource instances}]} (5m39.560331209s)&#xA;I0930 13:48:50.756385 67684 util.go:3890] Namespace csi-1613 found and status={Terminating [{NamespaceDeletionDiscoveryFailure False 2025-09-30 13:43:21 +0530 IST ResourcesDiscovered All resources successfully discovered} {NamespaceDeletionGroupVersionParsingFailure False 2025-09-30 13:43:21 +0530 IST ParsedGroupVersions All legacy kube types successfully parsed} {NamespaceDeletionContentFailure False 2025-09-30 13:43:25 +0530 IST ContentDeleted All content successfully deleted, may be waiting on finalization} {NamespaceContentRemaining True 2025-09-30 13:43:21 +0530 IST SomeResourcesRemain Some resources are remaining: cnsnodevmattachments.cns.vmware.com has 1 resource instances, persistentvolumeclaims. has 1 resource instances, zones.topology.tanzu.vmware.com has 1 resource instances} {NamespaceFinalizersRemaining True 2025-09-30 13:43:21 +0530 IST SomeFinalizersRemain Some content in the namespace has finalizers remaining: cns.vmware.com in 1 resource instances, cns.vmware.com/pvc-protection in 1 resource instances, tanzu-topology.vmware.com/zone in 1 resource instances}]} (5m41.795524167s)&#xA;I0930 13:48:52.983231 67684 util.go:3890] Namespace csi-1613 found and status={Terminating [{NamespaceDeletionDiscoveryFailure False 2025-09-30 13:43:21 +0530 IST ResourcesDiscovered All resources successfully discovered} {NamespaceDeletionGroupVersionParsingFailure False 2025-09-30 13:43:21 +0530 IST ParsedGroupVersions All legacy kube types successfully parsed} {NamespaceDeletionContentFailure False 2025-09-30 13:43:25 +0530 IST ContentDeleted All content successfully deleted, may be waiting on finalization} {NamespaceContentRemaining True 2025-09-30 13:43:21 +0530 IST SomeResourcesRemain Some resources are remaining: cnsnodevmattachments.cns.vmware.com has 1 resource instances, persistentvolumeclaims. has 1 resource instances, zones.topology.tanzu.vmware.com has 1 resource instances} {NamespaceFinalizersRemaining True 2025-09-30 13:43:21 +0530 IST SomeFinalizersRemain Some content in the namespace has finalizers remaining: cns.vmware.com in 1 resource instances, cns.vmware.com/pvc-protection in 1 resource instances, tanzu-topology.vmware.com/zone in 1 resource instances}]} (5m44.0223885s)&#xA;I0930 13:48:55.212551 67684 util.go:3890] Namespace csi-1613 found and status={Terminating [{NamespaceDeletionDiscoveryFailure False 2025-09-30 13:43:21 +0530 IST ResourcesDiscovered All resources successfully discovered} {NamespaceDeletionGroupVersionParsingFailure False 2025-09-30 13:43:21 +0530 IST ParsedGroupVersions All legacy kube types successfully parsed} {NamespaceDeletionContentFailure False 2025-09-30 13:43:25 +0530 IST ContentDeleted All content successfully deleted, may be waiting on finalization} {NamespaceContentRemaining True 2025-09-30 13:43:21 +0530 IST SomeResourcesRemain Some resources are remaining: cnsnodevmattachments.cns.vmware.com has 1 resource instances, persistentvolumeclaims. has 1 resource instances, zones.topology.tanzu.vmware.com has 1 resource instances} {NamespaceFinalizersRemaining True 2025-09-30 13:43:21 +0530 IST SomeFinalizersRemain Some content in the namespace has finalizers remaining: cns.vmware.com in 1 resource instances, cns.vmware.com/pvc-protection in 1 resource instances, tanzu-topology.vmware.com/zone in 1 resource instances}]} (5m46.251417667s)&#xA;I0930 13:48:57.461756 67684 util.go:3890] Namespace csi-1613 found and status={Terminating [{NamespaceDeletionDiscoveryFailure False 2025-09-30 13:43:21 +0530 IST ResourcesDiscovered All resources successfully discovered} {NamespaceDeletionGroupVersionParsingFailure False 2025-09-30 13:43:21 +0530 IST ParsedGroupVersions All legacy kube types successfully parsed} {NamespaceDeletionContentFailure False 2025-09-30 13:43:25 +0530 IST ContentDeleted All content successfully deleted, may be waiting on finalization} {NamespaceContentRemaining True 2025-09-30 13:43:21 +0530 IST SomeResourcesRemain Some resources are remaining: cnsnodevmattachments.cns.vmware.com has 1 resource instances, persistentvolumeclaims. has 1 resource instances, zones.topology.tanzu.vmware.com has 1 resource instances} {NamespaceFinalizersRemaining True 2025-09-30 13:43:21 +0530 IST SomeFinalizersRemain Some content in the namespace has finalizers remaining: cns.vmware.com in 1 resource instances, cns.vmware.com/pvc-protection in 1 resource instances, tanzu-topology.vmware.com/zone in 1 resource instances}]} (5m48.500916875s)&#xA;I0930 13:48:59.693280 67684 util.go:3890] Namespace csi-1613 found and status={Terminating [{NamespaceDeletionDiscoveryFailure False 2025-09-30 13:43:21 +0530 IST ResourcesDiscovered All resources successfully discovered} {NamespaceDeletionGroupVersionParsingFailure False 2025-09-30 13:43:21 +0530 IST ParsedGroupVersions All legacy kube types successfully parsed} {NamespaceDeletionContentFailure False 2025-09-30 13:43:25 +0530 IST ContentDeleted All content successfully deleted, may be waiting on finalization} {NamespaceContentRemaining True 2025-09-30 13:43:21 +0530 IST SomeResourcesRemain Some resources are remaining: cnsnodevmattachments.cns.vmware.com has 1 resource instances, persistentvolumeclaims. has 1 resource instances, zones.topology.tanzu.vmware.com has 1 resource instances} {NamespaceFinalizersRemaining True 2025-09-30 13:43:21 +0530 IST SomeFinalizersRemain Some content in the namespace has finalizers remaining: cns.vmware.com in 1 resource instances, cns.vmware.com/pvc-protection in 1 resource instances, tanzu-topology.vmware.com/zone in 1 resource instances}]} (5m50.732490959s)&#xA;I0930 13:49:01.937918 67684 util.go:3890] Namespace csi-1613 found and status={Terminating [{NamespaceDeletionDiscoveryFailure False 2025-09-30 13:43:21 +0530 IST ResourcesDiscovered All resources successfully discovered} {NamespaceDeletionGroupVersionParsingFailure False 2025-09-30 13:43:21 +0530 IST ParsedGroupVersions All legacy kube types successfully parsed} {NamespaceDeletionContentFailure False 2025-09-30 13:43:25 +0530 IST ContentDeleted All content successfully deleted, may be waiting on finalization} {NamespaceContentRemaining True 2025-09-30 13:43:21 +0530 IST SomeResourcesRemain Some resources are remaining: cnsnodevmattachments.cns.vmware.com has 1 resource instances, persistentvolumeclaims. has 1 resource instances, zones.topology.tanzu.vmware.com has 1 resource instances} {NamespaceFinalizersRemaining True 2025-09-30 13:43:21 +0530 IST SomeFinalizersRemain Some content in the namespace has finalizers remaining: cns.vmware.com in 1 resource instances, cns.vmware.com/pvc-protection in 1 resource instances, tanzu-topology.vmware.com/zone in 1 resource instances}]} (5m52.977146084s)&#xA;I0930 13:49:04.175989 67684 util.go:3890] Namespace csi-1613 found and status={Terminating [{NamespaceDeletionDiscoveryFailure False 2025-09-30 13:43:21 +0530 IST ResourcesDiscovered All resources successfully discovered} {NamespaceDeletionGroupVersionParsingFailure False 2025-09-30 13:43:21 +0530 IST ParsedGroupVersions All legacy kube types successfully parsed} {NamespaceDeletionContentFailure False 2025-09-30 13:43:25 +0530 IST ContentDeleted All content successfully deleted, may be waiting on finalization} {NamespaceContentRemaining True 2025-09-30 13:43:21 +0530 IST SomeResourcesRemain Some resources are remaining: cnsnodevmattachments.cns.vmware.com has 1 resource instances, persistentvolumeclaims. has 1 resource instances, zones.topology.tanzu.vmware.com has 1 resource instances} {NamespaceFinalizersRemaining True 2025-09-30 13:43:21 +0530 IST SomeFinalizersRemain Some content in the namespace has finalizers remaining: cns.vmware.com in 1 resource instances, cns.vmware.com/pvc-protection in 1 resource instances, tanzu-topology.vmware.com/zone in 1 resource instances}]} (5m55.215209875s)&#xA;I0930 13:49:06.407158 67684 util.go:3890] Namespace csi-1613 found and status={Terminating [{NamespaceDeletionDiscoveryFailure False 2025-09-30 13:43:21 +0530 IST ResourcesDiscovered All resources successfully discovered} {NamespaceDeletionGroupVersionParsingFailure False 2025-09-30 13:43:21 +0530 IST ParsedGroupVersions All legacy kube types successfully parsed} {NamespaceDeletionContentFailure False 2025-09-30 13:43:25 +0530 IST ContentDeleted All content successfully deleted, may be waiting on finalization} {NamespaceContentRemaining True 2025-09-30 13:43:21 +0530 IST SomeResourcesRemain Some resources are remaining: cnsnodevmattachments.cns.vmware.com has 1 resource instances, persistentvolumeclaims. has 1 resource instances, zones.topology.tanzu.vmware.com has 1 resource instances} {NamespaceFinalizersRemaining True 2025-09-30 13:43:21 +0530 IST SomeFinalizersRemain Some content in the namespace has finalizers remaining: cns.vmware.com in 1 resource instances, cns.vmware.com/pvc-protection in 1 resource instances, tanzu-topology.vmware.com/zone in 1 resource instances}]} (5m57.446335209s)&#xA;I0930 13:49:08.636445 67684 util.go:3890] Namespace csi-1613 found and status={Terminating [{NamespaceDeletionDiscoveryFailure False 2025-09-30 13:43:21 +0530 IST ResourcesDiscovered All resources successfully discovered} {NamespaceDeletionGroupVersionParsingFailure False 2025-09-30 13:43:21 +0530 IST ParsedGroupVersions All legacy kube types successfully parsed} {NamespaceDeletionContentFailure False 2025-09-30 13:43:25 +0530 IST ContentDeleted All content successfully deleted, may be waiting on finalization} {NamespaceContentRemaining True 2025-09-30 13:43:21 +0530 IST SomeResourcesRemain Some resources are remaining: cnsnodevmattachments.cns.vmware.com has 1 resource instances, persistentvolumeclaims. has 1 resource instances, zones.topology.tanzu.vmware.com has 1 resource instances} {NamespaceFinalizersRemaining True 2025-09-30 13:43:21 +0530 IST SomeFinalizersRemain Some content in the namespace has finalizers remaining: cns.vmware.com in 1 resource instances, cns.vmware.com/pvc-protection in 1 resource instances, tanzu-topology.vmware.com/zone in 1 resource instances}]} (5m59.6756515s)&#xA;I0930 13:49:10.868008 67684 util.go:3890] Namespace csi-1613 found and status={Terminating [{NamespaceDeletionDiscoveryFailure False 2025-09-30 13:43:21 +0530 IST ResourcesDiscovered All resources successfully discovered} {NamespaceDeletionGroupVersionParsingFailure False 2025-09-30 13:43:21 +0530 IST ParsedGroupVersions All legacy kube types successfully parsed} {NamespaceDeletionContentFailure False 2025-09-30 13:43:25 +0530 IST ContentDeleted All content successfully deleted, may be waiting on finalization} {NamespaceContentRemaining True 2025-09-30 13:43:21 +0530 IST SomeResourcesRemain Some resources are remaining: cnsnodevmattachments.cns.vmware.com has 1 resource instances, persistentvolumeclaims. has 1 resource instances, zones.topology.tanzu.vmware.com has 1 resource instances} {NamespaceFinalizersRemaining True 2025-09-30 13:43:21 +0530 IST SomeFinalizersRemain Some content in the namespace has finalizers remaining: cns.vmware.com in 1 resource instances, cns.vmware.com/pvc-protection in 1 resource instances, tanzu-topology.vmware.com/zone in 1 resource instances}]} (6m1.907251s)&#xA;I0930 13:49:13.106755 67684 util.go:3890] Namespace csi-1613 found and status={Terminating [{NamespaceDeletionDiscoveryFailure False 2025-09-30 13:43:21 +0530 IST ResourcesDiscovered All resources successfully discovered} {NamespaceDeletionGroupVersionParsingFailure False 2025-09-30 13:43:21 +0530 IST ParsedGroupVersions All legacy kube types successfully parsed} {NamespaceDeletionContentFailure False 2025-09-30 13:43:25 +0530 IST ContentDeleted All content successfully deleted, may be waiting on finalization} {NamespaceContentRemaining True 2025-09-30 13:43:21 +0530 IST SomeResourcesRemain Some resources are remaining: cnsnodevmattachments.cns.vmware.com has 1 resource instances, persistentvolumeclaims. has 1 resource instances, zones.topology.tanzu.vmware.com has 1 resource instances} {NamespaceFinalizersRemaining True 2025-09-30 13:43:21 +0530 IST SomeFinalizersRemain Some content in the namespace has finalizers remaining: cns.vmware.com in 1 resource instances, cns.vmware.com/pvc-protection in 1 resource instances, tanzu-topology.vmware.com/zone in 1 resource instances}]} (6m4.146041167s)&#xA;I0930 13:49:15.344536 67684 util.go:3890] Namespace csi-1613 found and status={Terminating [{NamespaceDeletionDiscoveryFailure False 2025-09-30 13:43:21 +0530 IST ResourcesDiscovered All resources successfully discovered} {NamespaceDeletionGroupVersionParsingFailure False 2025-09-30 13:43:21 +0530 IST ParsedGroupVersions All legacy kube types successfully parsed} {NamespaceDeletionContentFailure False 2025-09-30 13:43:25 +0530 IST ContentDeleted All content successfully deleted, may be waiting on finalization} {NamespaceContentRemaining True 2025-09-30 13:43:21 +0530 IST SomeResourcesRemain Some resources are remaining: cnsnodevmattachments.cns.vmware.com has 1 resource instances, persistentvolumeclaims. has 1 resource instances, zones.topology.tanzu.vmware.com has 1 resource instances} {NamespaceFinalizersRemaining True 2025-09-30 13:43:21 +0530 IST SomeFinalizersRemain Some content in the namespace has finalizers remaining: cns.vmware.com in 1 resource instances, cns.vmware.com/pvc-protection in 1 resource instances, tanzu-topology.vmware.com/zone in 1 resource instances}]} (6m6.381165s)&#xA;I0930 13:49:17.580387 67684 util.go:3890] Namespace csi-1613 found and status={Terminating [{NamespaceDeletionDiscoveryFailure False 2025-09-30 13:43:21 +0530 IST ResourcesDiscovered All resources successfully discovered} {NamespaceDeletionGroupVersionParsingFailure False 2025-09-30 13:43:21 +0530 IST ParsedGroupVersions All legacy kube types successfully parsed} {NamespaceDeletionContentFailure False 2025-09-30 13:43:25 +0530 IST ContentDeleted All content successfully deleted, may be waiting on finalization} {NamespaceContentRemaining True 2025-09-30 13:43:21 +0530 IST SomeResourcesRemain Some resources are remaining: cnsnodevmattachments.cns.vmware.com has 1 resource instances, persistentvolumeclaims. has 1 resource instances, zones.topology.tanzu.vmware.com has 1 resource instances} {NamespaceFinalizersRemaining True 2025-09-30 13:43:21 +0530 IST SomeFinalizersRemain Some content in the namespace has finalizers remaining: cns.vmware.com in 1 resource instances, cns.vmware.com/pvc-protection in 1 resource instances, tanzu-topology.vmware.com/zone in 1 resource instances}]} (6m8.614279084s)&#xA;I0930 13:49:19.821579 67684 util.go:3890] Namespace csi-1613 found and status={Terminating [{NamespaceDeletionDiscoveryFailure False 2025-09-30 13:43:21 +0530 IST ResourcesDiscovered All resources successfully discovered} {NamespaceDeletionGroupVersionParsingFailure False 2025-09-30 13:43:21 +0530 IST ParsedGroupVersions All legacy kube types successfully parsed} {NamespaceDeletionContentFailure False 2025-09-30 13:43:25 +0530 IST ContentDeleted All content successfully deleted, may be waiting on finalization} {NamespaceContentRemaining True 2025-09-30 13:43:21 +0530 IST SomeResourcesRemain Some resources are remaining: cnsnodevmattachments.cns.vmware.com has 1 resource instances, persistentvolumeclaims. has 1 resource instances, zones.topology.tanzu.vmware.com has 1 resource instances} {NamespaceFinalizersRemaining True 2025-09-30 13:43:21 +0530 IST SomeFinalizersRemain Some content in the namespace has finalizers remaining: cns.vmware.com in 1 resource instances, cns.vmware.com/pvc-protection in 1 resource instances, tanzu-topology.vmware.com/zone in 1 resource instances}]} (6m10.853421375s)&#xA;I0930 13:49:22.059890 67684 util.go:3890] Namespace csi-1613 found and status={Terminating [{NamespaceDeletionDiscoveryFailure False 2025-09-30 13:43:21 +0530 IST ResourcesDiscovered All resources successfully discovered} {NamespaceDeletionGroupVersionParsingFailure False 2025-09-30 13:43:21 +0530 IST ParsedGroupVersions All legacy kube types successfully parsed} {NamespaceDeletionContentFailure False 2025-09-30 13:43:25 +0530 IST ContentDeleted All content successfully deleted, may be waiting on finalization} {NamespaceContentRemaining True 2025-09-30 13:43:21 +0530 IST SomeResourcesRemain Some resources are remaining: cnsnodevmattachments.cns.vmware.com has 1 resource instances, persistentvolumeclaims. has 1 resource instances, zones.topology.tanzu.vmware.com has 1 resource instances} {NamespaceFinalizersRemaining True 2025-09-30 13:43:21 +0530 IST SomeFinalizersRemain Some content in the namespace has finalizers remaining: cns.vmware.com in 1 resource instances, cns.vmware.com/pvc-protection in 1 resource instances, tanzu-topology.vmware.com/zone in 1 resource instances}]} (6m13.089728375s)&#xA;I0930 13:49:24.295038 67684 util.go:3890] Namespace csi-1613 found and status={Terminating [{NamespaceDeletionDiscoveryFailure False 2025-09-30 13:43:21 +0530 IST ResourcesDiscovered All resources successfully discovered} {NamespaceDeletionGroupVersionParsingFailure False 2025-09-30 13:43:21 +0530 IST ParsedGroupVersions All legacy kube types successfully parsed} {NamespaceDeletionContentFailure False 2025-09-30 13:43:25 +0530 IST ContentDeleted All content successfully deleted, may be waiting on finalization} {NamespaceContentRemaining True 2025-09-30 13:43:21 +0530 IST SomeResourcesRemain Some resources are remaining: cnsnodevmattachments.cns.vmware.com has 1 resource instances, persistentvolumeclaims. has 1 resource instances, zones.topology.tanzu.vmware.com has 1 resource instances} {NamespaceFinalizersRemaining True 2025-09-30 13:43:21 +0530 IST SomeFinalizersRemain Some content in the namespace has finalizers remaining: cns.vmware.com in 1 resource instances, cns.vmware.com/pvc-protection in 1 resource instances, tanzu-topology.vmware.com/zone in 1 resource instances}]} (6m15.32296075s)&#xA;I0930 13:49:26.532664 67684 util.go:3890] Namespace csi-1613 found and status={Terminating [{NamespaceDeletionDiscoveryFailure False 2025-09-30 13:43:21 +0530 IST ResourcesDiscovered All resources successfully discovered} {NamespaceDeletionGroupVersionParsingFailure False 2025-09-30 13:43:21 +0530 IST ParsedGroupVersions All legacy kube types successfully parsed} {NamespaceDeletionContentFailure False 2025-09-30 13:43:25 +0530 IST ContentDeleted All content successfully deleted, may be waiting on finalization} {NamespaceContentRemaining True 2025-09-30 13:43:21 +0530 IST SomeResourcesRemain Some resources are remaining: cnsnodevmattachments.cns.vmware.com has 1 resource instances, persistentvolumeclaims. has 1 resource instances, zones.topology.tanzu.vmware.com has 1 resource instances} {NamespaceFinalizersRemaining True 2025-09-30 13:43:21 +0530 IST SomeFinalizersRemain Some content in the namespace has finalizers remaining: cns.vmware.com in 1 resource instances, cns.vmware.com/pvc-protection in 1 resource instances, tanzu-topology.vmware.com/zone in 1 resource instances}]} (6m17.55935525s)&#xA;I0930 13:49:28.769738 67684 util.go:3890] Namespace csi-1613 found and status={Terminating [{NamespaceDeletionDiscoveryFailure False 2025-09-30 13:43:21 +0530 IST ResourcesDiscovered All resources successfully discovered} {NamespaceDeletionGroupVersionParsingFailure False 2025-09-30 13:43:21 +0530 IST ParsedGroupVersions All legacy kube types successfully parsed} {NamespaceDeletionContentFailure False 2025-09-30 13:43:25 +0530 IST ContentDeleted All content successfully deleted, may be waiting on finalization} {NamespaceContentRemaining True 2025-09-30 13:43:21 +0530 IST SomeResourcesRemain Some resources are remaining: cnsnodevmattachments.cns.vmware.com has 1 resource instances, persistentvolumeclaims. has 1 resource instances, zones.topology.tanzu.vmware.com has 1 resource instances} {NamespaceFinalizersRemaining True 2025-09-30 13:43:21 +0530 IST SomeFinalizersRemain Some content in the namespace has finalizers remaining: cns.vmware.com in 1 resource instances, cns.vmware.com/pvc-protection in 1 resource instances, tanzu-topology.vmware.com/zone in 1 resource instances}]} (6m19.795145375s)&#xA;I0930 13:49:31.028421 67684 util.go:3890] Namespace csi-1613 found and status={Terminating [{NamespaceDeletionDiscoveryFailure False 2025-09-30 13:43:21 +0530 IST ResourcesDiscovered All resources successfully discovered} {NamespaceDeletionGroupVersionParsingFailure False 2025-09-30 13:43:21 +0530 IST ParsedGroupVersions All legacy kube types successfully parsed} {NamespaceDeletionContentFailure False 2025-09-30 13:43:25 +0530 IST ContentDeleted All content successfully deleted, may be waiting on finalization} {NamespaceContentRemaining True 2025-09-30 13:43:21 +0530 IST SomeResourcesRemain Some resources are remaining: cnsnodevmattachments.cns.vmware.com has 1 resource instances, persistentvolumeclaims. has 1 resource instances, zones.topology.tanzu.vmware.com has 1 resource instances} {NamespaceFinalizersRemaining True 2025-09-30 13:43:21 +0530 IST SomeFinalizersRemain Some content in the namespace has finalizers remaining: cns.vmware.com in 1 resource instances, cns.vmware.com/pvc-protection in 1 resource instances, tanzu-topology.vmware.com/zone in 1 resource instances}]} (6m22.050303042s)&#xA;I0930 13:49:33.264812 67684 util.go:3890] Namespace csi-1613 found and status={Terminating [{NamespaceDeletionDiscoveryFailure False 2025-09-30 13:43:21 +0530 IST ResourcesDiscovered All resources successfully discovered} {NamespaceDeletionGroupVersionParsingFailure False 2025-09-30 13:43:21 +0530 IST ParsedGroupVersions All legacy kube types successfully parsed} {NamespaceDeletionContentFailure False 2025-09-30 13:43:25 +0530 IST ContentDeleted All content successfully deleted, may be waiting on finalization} {NamespaceContentRemaining True 2025-09-30 13:43:21 +0530 IST SomeResourcesRemain Some resources are remaining: cnsnodevmattachments.cns.vmware.com has 1 resource instances, persistentvolumeclaims. has 1 resource instances, zones.topology.tanzu.vmware.com has 1 resource instances} {NamespaceFinalizersRemaining True 2025-09-30 13:43:21 +0530 IST SomeFinalizersRemain Some content in the namespace has finalizers remaining: cns.vmware.com in 1 resource instances, cns.vmware.com/pvc-protection in 1 resource instances, tanzu-topology.vmware.com/zone in 1 resource instances}]} (6m24.288226375s)&#xA;I0930 13:49:35.495344 67684 util.go:3890] Namespace csi-1613 found and status={Terminating [{NamespaceDeletionDiscoveryFailure False 2025-09-30 13:43:21 +0530 IST ResourcesDiscovered All resources successfully discovered} {NamespaceDeletionGroupVersionParsingFailure False 2025-09-30 13:43:21 +0530 IST ParsedGroupVersions All legacy kube types successfully parsed} {NamespaceDeletionContentFailure False 2025-09-30 13:43:25 +0530 IST ContentDeleted All content successfully deleted, may be waiting on finalization} {NamespaceContentRemaining True 2025-09-30 13:43:21 +0530 IST SomeResourcesRemain Some resources are remaining: cnsnodevmattachments.cns.vmware.com has 1 resource instances, persistentvolumeclaims. has 1 resource instances, zones.topology.tanzu.vmware.com has 1 resource instances} {NamespaceFinalizersRemaining True 2025-09-30 13:43:21 +0530 IST SomeFinalizersRemain Some content in the namespace has finalizers remaining: cns.vmware.com in 1 resource instances, cns.vmware.com/pvc-protection in 1 resource instances, tanzu-topology.vmware.com/zone in 1 resource instances}]} (6m26.517708292s)&#xA;I0930 13:49:37.731726 67684 util.go:3890] Namespace csi-1613 found and status={Terminating [{NamespaceDeletionDiscoveryFailure False 2025-09-30 13:43:21 +0530 IST ResourcesDiscovered All resources successfully discovered} {NamespaceDeletionGroupVersionParsingFailure False 2025-09-30 13:43:21 +0530 IST ParsedGroupVersions All legacy kube types successfully parsed} {NamespaceDeletionContentFailure False 2025-09-30 13:43:25 +0530 IST ContentDeleted All content successfully deleted, may be waiting on finalization} {NamespaceContentRemaining True 2025-09-30 13:43:21 +0530 IST SomeResourcesRemain Some resources are remaining: cnsnodevmattachments.cns.vmware.com has 1 resource instances, persistentvolumeclaims. has 1 resource instances, zones.topology.tanzu.vmware.com has 1 resource instances} {NamespaceFinalizersRemaining True 2025-09-30 13:43:21 +0530 IST SomeFinalizersRemain Some content in the namespace has finalizers remaining: cns.vmware.com in 1 resource instances, cns.vmware.com/pvc-protection in 1 resource instances, tanzu-topology.vmware.com/zone in 1 resource instances}]} (6m28.753574959s)&#xA;I0930 13:49:40.000151 67684 util.go:3890] Namespace csi-1613 found and status={Terminating [{NamespaceDeletionDiscoveryFailure False 2025-09-30 13:43:21 +0530 IST ResourcesDiscovered All resources successfully discovered} {NamespaceDeletionGroupVersionParsingFailure False 2025-09-30 13:43:21 +0530 IST ParsedGroupVersions All legacy kube types successfully parsed} {NamespaceDeletionContentFailure False 2025-09-30 13:43:25 +0530 IST ContentDeleted All content successfully deleted, may be waiting on finalization} {NamespaceContentRemaining True 2025-09-30 13:43:21 +0530 IST SomeResourcesRemain Some resources are remaining: cnsnodevmattachments.cns.vmware.com has 1 resource instances, persistentvolumeclaims. has 1 resource instances, zones.topology.tanzu.vmware.com has 1 resource instances} {NamespaceFinalizersRemaining True 2025-09-30 13:43:21 +0530 IST SomeFinalizersRemain Some content in the namespace has finalizers remaining: cns.vmware.com in 1 resource instances, cns.vmware.com/pvc-protection in 1 resource instances, tanzu-topology.vmware.com/zone in 1 resource instances}]} (6m31.021415667s)&#xA;I0930 13:49:42.232305 67684 util.go:3890] Namespace csi-1613 found and status={Terminating [{NamespaceDeletionDiscoveryFailure False 2025-09-30 13:43:21 +0530 IST ResourcesDiscovered All resources successfully discovered} {NamespaceDeletionGroupVersionParsingFailure False 2025-09-30 13:43:21 +0530 IST ParsedGroupVersions All legacy kube types successfully parsed} {NamespaceDeletionContentFailure False 2025-09-30 13:43:25 +0530 IST ContentDeleted All content successfully deleted, may be waiting on finalization} {NamespaceContentRemaining True 2025-09-30 13:43:21 +0530 IST SomeResourcesRemain Some resources are remaining: cnsnodevmattachments.cns.vmware.com has 1 resource instances, persistentvolumeclaims. has 1 resource instances, zones.topology.tanzu.vmware.com has 1 resource instances} {NamespaceFinalizersRemaining True 2025-09-30 13:43:21 +0530 IST SomeFinalizersRemain Some content in the namespace has finalizers remaining: cns.vmware.com in 1 resource instances, cns.vmware.com/pvc-protection in 1 resource instances, tanzu-topology.vmware.com/zone in 1 resource instances}]} (6m33.253062417s)&#xA;I0930 13:49:44.468252 67684 util.go:3890] Namespace csi-1613 found and status={Terminating [{NamespaceDeletionDiscoveryFailure False 2025-09-30 13:43:21 +0530 IST ResourcesDiscovered All resources successfully discovered} {NamespaceDeletionGroupVersionParsingFailure False 2025-09-30 13:43:21 +0530 IST ParsedGroupVersions All legacy kube types successfully parsed} {NamespaceDeletionContentFailure False 2025-09-30 13:43:25 +0530 IST ContentDeleted All content successfully deleted, may be waiting on finalization} {NamespaceContentRemaining True 2025-09-30 13:43:21 +0530 IST SomeResourcesRemain Some resources are remaining: cnsnodevmattachments.cns.vmware.com has 1 resource instances, persistentvolumeclaims. has 1 resource instances, zones.topology.tanzu.vmware.com has 1 resource instances} {NamespaceFinalizersRemaining True 2025-09-30 13:43:21 +0530 IST SomeFinalizersRemain Some content in the namespace has finalizers remaining: cns.vmware.com in 1 resource instances, cns.vmware.com/pvc-protection in 1 resource instances, tanzu-topology.vmware.com/zone in 1 resource instances}]} (6m35.488536917s)&#xA;I0930 13:49:46.706485 67684 util.go:3890] Namespace csi-1613 found and status={Terminating [{NamespaceDeletionDiscoveryFailure False 2025-09-30 13:43:21 +0530 IST ResourcesDiscovered All resources successfully discovered} {NamespaceDeletionGroupVersionParsingFailure False 2025-09-30 13:43:21 +0530 IST ParsedGroupVersions All legacy kube types successfully parsed} {NamespaceDeletionContentFailure False 2025-09-30 13:43:25 +0530 IST ContentDeleted All content successfully deleted, may be waiting on finalization} {NamespaceContentRemaining True 2025-09-30 13:43:21 +0530 IST SomeResourcesRemain Some resources are remaining: cnsnodevmattachments.cns.vmware.com has 1 resource instances, persistentvolumeclaims. has 1 resource instances, zones.topology.tanzu.vmware.com has 1 resource instances} {NamespaceFinalizersRemaining True 2025-09-30 13:43:21 +0530 IST SomeFinalizersRemain Some content in the namespace has finalizers remaining: cns.vmware.com in 1 resource instances, cns.vmware.com/pvc-protection in 1 resource instances, tanzu-topology.vmware.com/zone in 1 resource instances}]} (6m37.726378375s)&#xA;I0930 13:49:48.940505 67684 util.go:3890] Namespace csi-1613 found and status={Terminating [{NamespaceDeletionDiscoveryFailure False 2025-09-30 13:43:21 +0530 IST ResourcesDiscovered All resources successfully discovered} {NamespaceDeletionGroupVersionParsingFailure False 2025-09-30 13:43:21 +0530 IST ParsedGroupVersions All legacy kube types successfully parsed} {NamespaceDeletionContentFailure False 2025-09-30 13:43:25 +0530 IST ContentDeleted All content successfully deleted, may be waiting on finalization} {NamespaceContentRemaining True 2025-09-30 13:43:21 +0530 IST SomeResourcesRemain Some resources are remaining: cnsnodevmattachments.cns.vmware.com has 1 resource instances, persistentvolumeclaims. has 1 resource instances, zones.topology.tanzu.vmware.com has 1 resource instances} {NamespaceFinalizersRemaining True 2025-09-30 13:43:21 +0530 IST SomeFinalizersRemain Some content in the namespace has finalizers remaining: cns.vmware.com in 1 resource instances, cns.vmware.com/pvc-protection in 1 resource instances, tanzu-topology.vmware.com/zone in 1 resource instances}]} (6m39.960063375s)&#xA;I0930 13:49:51.168933 67684 util.go:3890] Namespace csi-1613 found and status={Terminating [{NamespaceDeletionDiscoveryFailure False 2025-09-30 13:43:21 +0530 IST ResourcesDiscovered All resources successfully discovered} {NamespaceDeletionGroupVersionParsingFailure False 2025-09-30 13:43:21 +0530 IST ParsedGroupVersions All legacy kube types successfully parsed} {NamespaceDeletionContentFailure False 2025-09-30 13:43:25 +0530 IST ContentDeleted All content successfully deleted, may be waiting on finalization} {NamespaceContentRemaining True 2025-09-30 13:43:21 +0530 IST SomeResourcesRemain Some resources are remaining: cnsnodevmattachments.cns.vmware.com has 1 resource instances, persistentvolumeclaims. has 1 resource instances, zones.topology.tanzu.vmware.com has 1 resource instances} {NamespaceFinalizersRemaining True 2025-09-30 13:43:21 +0530 IST SomeFinalizersRemain Some content in the namespace has finalizers remaining: cns.vmware.com in 1 resource instances, cns.vmware.com/pvc-protection in 1 resource instances, tanzu-topology.vmware.com/zone in 1 resource instances}]} (6m42.188220709s)&#xA;I0930 13:49:53.402394 67684 util.go:3890] Namespace csi-1613 found and status={Terminating [{NamespaceDeletionDiscoveryFailure False 2025-09-30 13:43:21 +0530 IST ResourcesDiscovered All resources successfully discovered} {NamespaceDeletionGroupVersionParsingFailure False 2025-09-30 13:43:21 +0530 IST ParsedGroupVersions All legacy kube types successfully parsed} {NamespaceDeletionContentFailure False 2025-09-30 13:43:25 +0530 IST ContentDeleted All content successfully deleted, may be waiting on finalization} {NamespaceContentRemaining True 2025-09-30 13:43:21 +0530 IST SomeResourcesRemain Some resources are remaining: cnsnodevmattachments.cns.vmware.com has 1 resource instances, persistentvolumeclaims. has 1 resource instances, zones.topology.tanzu.vmware.com has 1 resource instances} {NamespaceFinalizersRemaining True 2025-09-30 13:43:21 +0530 IST SomeFinalizersRemain Some content in the namespace has finalizers remaining: cns.vmware.com in 1 resource instances, cns.vmware.com/pvc-protection in 1 resource instances, tanzu-topology.vmware.com/zone in 1 resource instances}]} (6m44.421448667s)&#xA;I0930 13:49:55.638015 67684 util.go:3890] Namespace csi-1613 found and status={Terminating [{NamespaceDeletionDiscoveryFailure False 2025-09-30 13:43:21 +0530 IST ResourcesDiscovered All resources successfully discovered} {NamespaceDeletionGroupVersionParsingFailure False 2025-09-30 13:43:21 +0530 IST ParsedGroupVersions All legacy kube types successfully parsed} {NamespaceDeletionContentFailure False 2025-09-30 13:43:25 +0530 IST ContentDeleted All content successfully deleted, may be waiting on finalization} {NamespaceContentRemaining True 2025-09-30 13:43:21 +0530 IST SomeResourcesRemain Some resources are remaining: cnsnodevmattachments.cns.vmware.com has 1 resource instances, persistentvolumeclaims. has 1 resource instances, zones.topology.tanzu.vmware.com has 1 resource instances} {NamespaceFinalizersRemaining True 2025-09-30 13:43:21 +0530 IST SomeFinalizersRemain Some content in the namespace has finalizers remaining: cns.vmware.com in 1 resource instances, cns.vmware.com/pvc-protection in 1 resource instances, tanzu-topology.vmware.com/zone in 1 resource instances}]} (6m46.656757709s)&#xA;I0930 13:49:57.880001 67684 util.go:3890] Namespace csi-1613 found and status={Terminating [{NamespaceDeletionDiscoveryFailure False 2025-09-30 13:43:21 +0530 IST ResourcesDiscovered All resources successfully discovered} {NamespaceDeletionGroupVersionParsingFailure False 2025-09-30 13:43:21 +0530 IST ParsedGroupVersions All legacy kube types successfully parsed} {NamespaceDeletionContentFailure False 2025-09-30 13:43:25 +0530 IST ContentDeleted All content successfully deleted, may be waiting on finalization} {NamespaceContentRemaining True 2025-09-30 13:43:21 +0530 IST SomeResourcesRemain Some resources are remaining: cnsnodevmattachments.cns.vmware.com has 1 resource instances, persistentvolumeclaims. has 1 resource instances, zones.topology.tanzu.vmware.com has 1 resource instances} {NamespaceFinalizersRemaining True 2025-09-30 13:43:21 +0530 IST SomeFinalizersRemain Some content in the namespace has finalizers remaining: cns.vmware.com in 1 resource instances, cns.vmware.com/pvc-protection in 1 resource instances, tanzu-topology.vmware.com/zone in 1 resource instances}]} (6m48.898565334s)&#xA;I0930 13:50:00.113781 67684 util.go:3890] Namespace csi-1613 found and status={Terminating [{NamespaceDeletionDiscoveryFailure False 2025-09-30 13:43:21 +0530 IST ResourcesDiscovered All resources successfully discovered} {NamespaceDeletionGroupVersionParsingFailure False 2025-09-30 13:43:21 +0530 IST ParsedGroupVersions All legacy kube types successfully parsed} {NamespaceDeletionContentFailure False 2025-09-30 13:43:25 +0530 IST ContentDeleted All content successfully deleted, may be waiting on finalization} {NamespaceContentRemaining True 2025-09-30 13:43:21 +0530 IST SomeResourcesRemain Some resources are remaining: cnsnodevmattachments.cns.vmware.com has 1 resource instances, persistentvolumeclaims. has 1 resource instances, zones.topology.tanzu.vmware.com has 1 resource instances} {NamespaceFinalizersRemaining True 2025-09-30 13:43:21 +0530 IST SomeFinalizersRemain Some content in the namespace has finalizers remaining: cns.vmware.com in 1 resource instances, cns.vmware.com/pvc-protection in 1 resource instances, tanzu-topology.vmware.com/zone in 1 resource instances}]} (6m51.132165875s)&#xA;I0930 13:50:02.367282 67684 util.go:3890] Namespace csi-1613 found and status={Terminating [{NamespaceDeletionDiscoveryFailure False 2025-09-30 13:43:21 +0530 IST ResourcesDiscovered All resources successfully discovered} {NamespaceDeletionGroupVersionParsingFailure False 2025-09-30 13:43:21 +0530 IST ParsedGroupVersions All legacy kube types successfully parsed} {NamespaceDeletionContentFailure False 2025-09-30 13:43:25 +0530 IST ContentDeleted All content successfully deleted, may be waiting on finalization} {NamespaceContentRemaining True 2025-09-30 13:43:21 +0530 IST SomeResourcesRemain Some resources are remaining: cnsnodevmattachments.cns.vmware.com has 1 resource instances, persistentvolumeclaims. has 1 resource instances, zones.topology.tanzu.vmware.com has 1 resource instances} {NamespaceFinalizersRemaining True 2025-09-30 13:43:21 +0530 IST SomeFinalizersRemain Some content in the namespace has finalizers remaining: cns.vmware.com in 1 resource instances, cns.vmware.com/pvc-protection in 1 resource instances, tanzu-topology.vmware.com/zone in 1 resource instances}]} (6m53.38556825s)&#xA;I0930 13:50:04.599337 67684 util.go:3890] Namespace csi-1613 found and status={Terminating [{NamespaceDeletionDiscoveryFailure False 2025-09-30 13:43:21 +0530 IST ResourcesDiscovered All resources successfully discovered} {NamespaceDeletionGroupVersionParsingFailure False 2025-09-30 13:43:21 +0530 IST ParsedGroupVersions All legacy kube types successfully parsed} {NamespaceDeletionContentFailure False 2025-09-30 13:43:25 +0530 IST ContentDeleted All content successfully deleted, may be waiting on finalization} {NamespaceContentRemaining True 2025-09-30 13:43:21 +0530 IST SomeResourcesRemain Some resources are remaining: cnsnodevmattachments.cns.vmware.com has 1 resource instances, persistentvolumeclaims. has 1 resource instances, zones.topology.tanzu.vmware.com has 1 resource instances} {NamespaceFinalizersRemaining True 2025-09-30 13:43:21 +0530 IST SomeFinalizersRemain Some content in the namespace has finalizers remaining: cns.vmware.com in 1 resource instances, cns.vmware.com/pvc-protection in 1 resource instances, tanzu-topology.vmware.com/zone in 1 resource instances}]} (6m55.617509s)&#xA;I0930 13:50:06.832242 67684 util.go:3890] Namespace csi-1613 found and status={Terminating [{NamespaceDeletionDiscoveryFailure False 2025-09-30 13:43:21 +0530 IST ResourcesDiscovered All resources successfully discovered} {NamespaceDeletionGroupVersionParsingFailure False 2025-09-30 13:43:21 +0530 IST ParsedGroupVersions All legacy kube types successfully parsed} {NamespaceDeletionContentFailure False 2025-09-30 13:43:25 +0530 IST ContentDeleted All content successfully deleted, may be waiting on finalization} {NamespaceContentRemaining True 2025-09-30 13:43:21 +0530 IST SomeResourcesRemain Some resources are remaining: cnsnodevmattachments.cns.vmware.com has 1 resource instances, persistentvolumeclaims. has 1 resource instances, zones.topology.tanzu.vmware.com has 1 resource instances} {NamespaceFinalizersRemaining True 2025-09-30 13:43:21 +0530 IST SomeFinalizersRemain Some content in the namespace has finalizers remaining: cns.vmware.com in 1 resource instances, cns.vmware.com/pvc-protection in 1 resource instances, tanzu-topology.vmware.com/zone in 1 resource instances}]} (6m57.850302875s)&#xA;I0930 13:50:09.062948 67684 util.go:3890] Namespace csi-1613 found and status={Terminating [{NamespaceDeletionDiscoveryFailure False 2025-09-30 13:43:21 +0530 IST ResourcesDiscovered All resources successfully discovered} {NamespaceDeletionGroupVersionParsingFailure False 2025-09-30 13:43:21 +0530 IST ParsedGroupVersions All legacy kube types successfully parsed} {NamespaceDeletionContentFailure False 2025-09-30 13:43:25 +0530 IST ContentDeleted All content successfully deleted, may be waiting on finalization} {NamespaceContentRemaining True 2025-09-30 13:43:21 +0530 IST SomeResourcesRemain Some resources are remaining: cnsnodevmattachments.cns.vmware.com has 1 resource instances, persistentvolumeclaims. has 1 resource instances, zones.topology.tanzu.vmware.com has 1 resource instances} {NamespaceFinalizersRemaining True 2025-09-30 13:43:21 +0530 IST SomeFinalizersRemain Some content in the namespace has finalizers remaining: cns.vmware.com in 1 resource instances, cns.vmware.com/pvc-protection in 1 resource instances, tanzu-topology.vmware.com/zone in 1 resource instances}]} (7m0.080924042s)&#xA;I0930 13:50:11.306921 67684 util.go:3890] Namespace csi-1613 found and status={Terminating [{NamespaceDeletionDiscoveryFailure False 2025-09-30 13:43:21 +0530 IST ResourcesDiscovered All resources successfully discovered} {NamespaceDeletionGroupVersionParsingFailure False 2025-09-30 13:43:21 +0530 IST ParsedGroupVersions All legacy kube types successfully parsed} {NamespaceDeletionContentFailure False 2025-09-30 13:43:25 +0530 IST ContentDeleted All content successfully deleted, may be waiting on finalization} {NamespaceContentRemaining True 2025-09-30 13:43:21 +0530 IST SomeResourcesRemain Some resources are remaining: cnsnodevmattachments.cns.vmware.com has 1 resource instances, persistentvolumeclaims. has 1 resource instances, zones.topology.tanzu.vmware.com has 1 resource instances} {NamespaceFinalizersRemaining True 2025-09-30 13:43:21 +0530 IST SomeFinalizersRemain Some content in the namespace has finalizers remaining: cns.vmware.com in 1 resource instances, cns.vmware.com/pvc-protection in 1 resource instances, tanzu-topology.vmware.com/zone in 1 resource instances}]} (7m2.324899084s)&#xA;I0930 13:50:13.552949 67684 util.go:3890] Namespace csi-1613 found and status={Terminating [{NamespaceDeletionDiscoveryFailure False 2025-09-30 13:43:21 +0530 IST ResourcesDiscovered All resources successfully discovered} {NamespaceDeletionGroupVersionParsingFailure False 2025-09-30 13:43:21 +0530 IST ParsedGroupVersions All legacy kube types successfully parsed} {NamespaceDeletionContentFailure False 2025-09-30 13:43:25 +0530 IST ContentDeleted All content successfully deleted, may be waiting on finalization} {NamespaceContentRemaining True 2025-09-30 13:43:21 +0530 IST SomeResourcesRemain Some resources are remaining: cnsnodevmattachments.cns.vmware.com has 1 resource instances, persistentvolumeclaims. has 1 resource instances, zones.topology.tanzu.vmware.com has 1 resource instances} {NamespaceFinalizersRemaining True 2025-09-30 13:43:21 +0530 IST SomeFinalizersRemain Some content in the namespace has finalizers remaining: cns.vmware.com in 1 resource instances, cns.vmware.com/pvc-protection in 1 resource instances, tanzu-topology.vmware.com/zone in 1 resource instances}]} (7m4.570776792s)&#xA;I0930 13:50:15.788242 67684 util.go:3890] Namespace csi-1613 found and status={Terminating [{NamespaceDeletionDiscoveryFailure False 2025-09-30 13:43:21 +0530 IST ResourcesDiscovered All resources successfully discovered} {NamespaceDeletionGroupVersionParsingFailure False 2025-09-30 13:43:21 +0530 IST ParsedGroupVersions All legacy kube types successfully parsed} {NamespaceDeletionContentFailure False 2025-09-30 13:43:25 +0530 IST ContentDeleted All content successfully deleted, may be waiting on finalization} {NamespaceContentRemaining True 2025-09-30 13:43:21 +0530 IST SomeResourcesRemain Some resources are remaining: cnsnodevmattachments.cns.vmware.com has 1 resource instances, persistentvolumeclaims. has 1 resource instances, zones.topology.tanzu.vmware.com has 1 resource instances} {NamespaceFinalizersRemaining True 2025-09-30 13:43:21 +0530 IST SomeFinalizersRemain Some content in the namespace has finalizers remaining: cns.vmware.com in 1 resource instances, cns.vmware.com/pvc-protection in 1 resource instances, tanzu-topology.vmware.com/zone in 1 resource instances}]} (7m6.806065s)&#xA;I0930 13:50:18.027644 67684 util.go:3890] Namespace csi-1613 found and status={Terminating [{NamespaceDeletionDiscoveryFailure False 2025-09-30 13:43:21 +0530 IST ResourcesDiscovered All resources successfully discovered} {NamespaceDeletionGroupVersionParsingFailure False 2025-09-30 13:43:21 +0530 IST ParsedGroupVersions All legacy kube types successfully parsed} {NamespaceDeletionContentFailure False 2025-09-30 13:43:25 +0530 IST ContentDeleted All content successfully deleted, may be waiting on finalization} {NamespaceContentRemaining True 2025-09-30 13:43:21 +0530 IST SomeResourcesRemain Some resources are remaining: cnsnodevmattachments.cns.vmware.com has 1 resource instances, persistentvolumeclaims. has 1 resource instances, zones.topology.tanzu.vmware.com has 1 resource instances} {NamespaceFinalizersRemaining True 2025-09-30 13:43:21 +0530 IST SomeFinalizersRemain Some content in the namespace has finalizers remaining: cns.vmware.com in 1 resource instances, cns.vmware.com/pvc-protection in 1 resource instances, tanzu-topology.vmware.com/zone in 1 resource instances}]} (7m9.04535325s)&#xA;I0930 13:50:20.257684 67684 util.go:3890] Namespace csi-1613 found and status={Terminating [{NamespaceDeletionDiscoveryFailure False 2025-09-30 13:43:21 +0530 IST ResourcesDiscovered All resources successfully discovered} {NamespaceDeletionGroupVersionParsingFailure False 2025-09-30 13:43:21 +0530 IST ParsedGroupVersions All legacy kube types successfully parsed} {NamespaceDeletionContentFailure False 2025-09-30 13:43:25 +0530 IST ContentDeleted All content successfully deleted, may be waiting on finalization} {NamespaceContentRemaining True 2025-09-30 13:43:21 +0530 IST SomeResourcesRemain Some resources are remaining: cnsnodevmattachments.cns.vmware.com has 1 resource instances, persistentvolumeclaims. has 1 resource instances, zones.topology.tanzu.vmware.com has 1 resource instances} {NamespaceFinalizersRemaining True 2025-09-30 13:43:21 +0530 IST SomeFinalizersRemain Some content in the namespace has finalizers remaining: cns.vmware.com in 1 resource instances, cns.vmware.com/pvc-protection in 1 resource instances, tanzu-topology.vmware.com/zone in 1 resource instances}]} (7m11.2753995s)&#xA;I0930 13:50:22.490574 67684 util.go:3890] Namespace csi-1613 found and status={Terminating [{NamespaceDeletionDiscoveryFailure False 2025-09-30 13:43:21 +0530 IST ResourcesDiscovered All resources successfully discovered} {NamespaceDeletionGroupVersionParsingFailure False 2025-09-30 13:43:21 +0530 IST ParsedGroupVersions All legacy kube types successfully parsed} {NamespaceDeletionContentFailure False 2025-09-30 13:43:25 +0530 IST ContentDeleted All content successfully deleted, may be waiting on finalization} {NamespaceContentRemaining True 2025-09-30 13:43:21 +0530 IST SomeResourcesRemain Some resources are remaining: cnsnodevmattachments.cns.vmware.com has 1 resource instances, persistentvolumeclaims. has 1 resource instances, zones.topology.tanzu.vmware.com has 1 resource instances} {NamespaceFinalizersRemaining True 2025-09-30 13:43:21 +0530 IST SomeFinalizersRemain Some content in the namespace has finalizers remaining: cns.vmware.com in 1 resource instances, cns.vmware.com/pvc-protection in 1 resource instances, tanzu-topology.vmware.com/zone in 1 resource instances}]} (7m13.508193292s)&#xA;I0930 13:50:24.730980 67684 util.go:3890] Namespace csi-1613 found and status={Terminating [{NamespaceDeletionDiscoveryFailure False 2025-09-30 13:43:21 +0530 IST ResourcesDiscovered All resources successfully discovered} {NamespaceDeletionGroupVersionParsingFailure False 2025-09-30 13:43:21 +0530 IST ParsedGroupVersions All legacy kube types successfully parsed} {NamespaceDeletionContentFailure False 2025-09-30 13:43:25 +0530 IST ContentDeleted All content successfully deleted, may be waiting on finalization} {NamespaceContentRemaining True 2025-09-30 13:43:21 +0530 IST SomeResourcesRemain Some resources are remaining: cnsnodevmattachments.cns.vmware.com has 1 resource instances, persistentvolumeclaims. has 1 resource instances, zones.topology.tanzu.vmware.com has 1 resource instances} {NamespaceFinalizersRemaining True 2025-09-30 13:43:21 +0530 IST SomeFinalizersRemain Some content in the namespace has finalizers remaining: cns.vmware.com in 1 resource instances, cns.vmware.com/pvc-protection in 1 resource instances, tanzu-topology.vmware.com/zone in 1 resource instances}]} (7m15.748705959s)&#xA;I0930 13:50:26.968842 67684 util.go:3890] Namespace csi-1613 found and status={Terminating [{NamespaceDeletionDiscoveryFailure False 2025-09-30 13:43:21 +0530 IST ResourcesDiscovered All resources successfully discovered} {NamespaceDeletionGroupVersionParsingFailure False 2025-09-30 13:43:21 +0530 IST ParsedGroupVersions All legacy kube types successfully parsed} {NamespaceDeletionContentFailure False 2025-09-30 13:43:25 +0530 IST ContentDeleted All content successfully deleted, may be waiting on finalization} {NamespaceContentRemaining True 2025-09-30 13:43:21 +0530 IST SomeResourcesRemain Some resources are remaining: cnsnodevmattachments.cns.vmware.com has 1 resource instances, persistentvolumeclaims. has 1 resource instances, zones.topology.tanzu.vmware.com has 1 resource instances} {NamespaceFinalizersRemaining True 2025-09-30 13:43:21 +0530 IST SomeFinalizersRemain Some content in the namespace has finalizers remaining: cns.vmware.com in 1 resource instances, cns.vmware.com/pvc-protection in 1 resource instances, tanzu-topology.vmware.com/zone in 1 resource instances}]} (7m17.986454917s)&#xA;I0930 13:50:29.204776 67684 util.go:3890] Namespace csi-1613 found and status={Terminating [{NamespaceDeletionDiscoveryFailure False 2025-09-30 13:43:21 +0530 IST ResourcesDiscovered All resources successfully discovered} {NamespaceDeletionGroupVersionParsingFailure False 2025-09-30 13:43:21 +0530 IST ParsedGroupVersions All legacy kube types successfully parsed} {NamespaceDeletionContentFailure False 2025-09-30 13:43:25 +0530 IST ContentDeleted All content successfully deleted, may be waiting on finalization} {NamespaceContentRemaining True 2025-09-30 13:43:21 +0530 IST SomeResourcesRemain Some resources are remaining: cnsnodevmattachments.cns.vmware.com has 1 resource instances, persistentvolumeclaims. has 1 resource instances, zones.topology.tanzu.vmware.com has 1 resource instances} {NamespaceFinalizersRemaining True 2025-09-30 13:43:21 +0530 IST SomeFinalizersRemain Some content in the namespace has finalizers remaining: cns.vmware.com in 1 resource instances, cns.vmware.com/pvc-protection in 1 resource instances, tanzu-topology.vmware.com/zone in 1 resource instances}]} (7m20.222430709s)&#xA;I0930 13:50:31.440992 67684 util.go:3890] Namespace csi-1613 found and status={Terminating [{NamespaceDeletionDiscoveryFailure False 2025-09-30 13:43:21 +0530 IST ResourcesDiscovered All resources successfully discovered} {NamespaceDeletionGroupVersionParsingFailure False 2025-09-30 13:43:21 +0530 IST ParsedGroupVersions All legacy kube types successfully parsed} {NamespaceDeletionContentFailure False 2025-09-30 13:43:25 +0530 IST ContentDeleted All content successfully deleted, may be waiting on finalization} {NamespaceContentRemaining True 2025-09-30 13:43:21 +0530 IST SomeResourcesRemain Some resources are remaining: cnsnodevmattachments.cns.vmware.com has 1 resource instances, persistentvolumeclaims. has 1 resource instances, zones.topology.tanzu.vmware.com has 1 resource instances} {NamespaceFinalizersRemaining True 2025-09-30 13:43:21 +0530 IST SomeFinalizersRemain Some content in the namespace has finalizers remaining: cns.vmware.com in 1 resource instances, cns.vmware.com/pvc-protection in 1 resource instances, tanzu-topology.vmware.com/zone in 1 resource instances}]} (7m22.458640792s)&#xA;I0930 13:50:33.683695 67684 util.go:3890] Namespace csi-1613 found and status={Terminating [{NamespaceDeletionDiscoveryFailure False 2025-09-30 13:43:21 +0530 IST ResourcesDiscovered All resources successfully discovered} {NamespaceDeletionGroupVersionParsingFailure False 2025-09-30 13:43:21 +0530 IST ParsedGroupVersions All legacy kube types successfully parsed} {NamespaceDeletionContentFailure False 2025-09-30 13:43:25 +0530 IST ContentDeleted All content successfully deleted, may be waiting on finalization} {NamespaceContentRemaining True 2025-09-30 13:43:21 +0530 IST SomeResourcesRemain Some resources are remaining: cnsnodevmattachments.cns.vmware.com has 1 resource instances, persistentvolumeclaims. has 1 resource instances, zones.topology.tanzu.vmware.com has 1 resource instances} {NamespaceFinalizersRemaining True 2025-09-30 13:43:21 +0530 IST SomeFinalizersRemain Some content in the namespace has finalizers remaining: cns.vmware.com in 1 resource instances, cns.vmware.com/pvc-protection in 1 resource instances, tanzu-topology.vmware.com/zone in 1 resource instances}]} (7m24.701277417s)&#xA;I0930 13:50:35.925096 67684 util.go:3890] Namespace csi-1613 found and status={Terminating [{NamespaceDeletionDiscoveryFailure False 2025-09-30 13:43:21 +0530 IST ResourcesDiscovered All resources successfully discovered} {NamespaceDeletionGroupVersionParsingFailure False 2025-09-30 13:43:21 +0530 IST ParsedGroupVersions All legacy kube types successfully parsed} {NamespaceDeletionContentFailure False 2025-09-30 13:43:25 +0530 IST ContentDeleted All content successfully deleted, may be waiting on finalization} {NamespaceContentRemaining True 2025-09-30 13:43:21 +0530 IST SomeResourcesRemain Some resources are remaining: cnsnodevmattachments.cns.vmware.com has 1 resource instances, persistentvolumeclaims. has 1 resource instances, zones.topology.tanzu.vmware.com has 1 resource instances} {NamespaceFinalizersRemaining True 2025-09-30 13:43:21 +0530 IST SomeFinalizersRemain Some content in the namespace has finalizers remaining: cns.vmware.com in 1 resource instances, cns.vmware.com/pvc-protection in 1 resource instances, tanzu-topology.vmware.com/zone in 1 resource instances}]} (7m26.942651084s)&#xA;I0930 13:50:38.159283 67684 util.go:3890] Namespace csi-1613 found and status={Terminating [{NamespaceDeletionDiscoveryFailure False 2025-09-30 13:43:21 +0530 IST ResourcesDiscovered All resources successfully discovered} {NamespaceDeletionGroupVersionParsingFailure False 2025-09-30 13:43:21 +0530 IST ParsedGroupVersions All legacy kube types successfully parsed} {NamespaceDeletionContentFailure False 2025-09-30 13:43:25 +0530 IST ContentDeleted All content successfully deleted, may be waiting on finalization} {NamespaceContentRemaining True 2025-09-30 13:43:21 +0530 IST SomeResourcesRemain Some resources are remaining: cnsnodevmattachments.cns.vmware.com has 1 resource instances, persistentvolumeclaims. has 1 resource instances, zones.topology.tanzu.vmware.com has 1 resource instances} {NamespaceFinalizersRemaining True 2025-09-30 13:43:21 +0530 IST SomeFinalizersRemain Some content in the namespace has finalizers remaining: cns.vmware.com in 1 resource instances, cns.vmware.com/pvc-protection in 1 resource instances, tanzu-topology.vmware.com/zone in 1 resource instances}]} (7m29.176868334s)&#xA;I0930 13:50:40.395881 67684 util.go:3890] Namespace csi-1613 found and status={Terminating [{NamespaceDeletionDiscoveryFailure False 2025-09-30 13:43:21 +0530 IST ResourcesDiscovered All resources successfully discovered} {NamespaceDeletionGroupVersionParsingFailure False 2025-09-30 13:43:21 +0530 IST ParsedGroupVersions All legacy kube types successfully parsed} {NamespaceDeletionContentFailure False 2025-09-30 13:43:25 +0530 IST ContentDeleted All content successfully deleted, may be waiting on finalization} {NamespaceContentRemaining True 2025-09-30 13:43:21 +0530 IST SomeResourcesRemain Some resources are remaining: cnsnodevmattachments.cns.vmware.com has 1 resource instances, persistentvolumeclaims. has 1 resource instances, zones.topology.tanzu.vmware.com has 1 resource instances} {NamespaceFinalizersRemaining True 2025-09-30 13:43:21 +0530 IST SomeFinalizersRemain Some content in the namespace has finalizers remaining: cns.vmware.com in 1 resource instances, cns.vmware.com/pvc-protection in 1 resource instances, tanzu-topology.vmware.com/zone in 1 resource instances}]} (7m31.413457042s)&#xA;I0930 13:50:42.631507 67684 util.go:3890] Namespace csi-1613 found and status={Terminating [{NamespaceDeletionDiscoveryFailure False 2025-09-30 13:43:21 +0530 IST ResourcesDiscovered All resources successfully discovered} {NamespaceDeletionGroupVersionParsingFailure False 2025-09-30 13:43:21 +0530 IST ParsedGroupVersions All legacy kube types successfully parsed} {NamespaceDeletionContentFailure False 2025-09-30 13:43:25 +0530 IST ContentDeleted All content successfully deleted, may be waiting on finalization} {NamespaceContentRemaining True 2025-09-30 13:43:21 +0530 IST SomeResourcesRemain Some resources are remaining: cnsnodevmattachments.cns.vmware.com has 1 resource instances, persistentvolumeclaims. has 1 resource instances, zones.topology.tanzu.vmware.com has 1 resource instances} {NamespaceFinalizersRemaining True 2025-09-30 13:43:21 +0530 IST SomeFinalizersRemain Some content in the namespace has finalizers remaining: cns.vmware.com in 1 resource instances, cns.vmware.com/pvc-protection in 1 resource instances, tanzu-topology.vmware.com/zone in 1 resource instances}]} (7m33.64914325s)&#xA;I0930 13:50:44.898019 67684 util.go:3890] Namespace csi-1613 found and status={Terminating [{NamespaceDeletionDiscoveryFailure False 2025-09-30 13:43:21 +0530 IST ResourcesDiscovered All resources successfully discovered} {NamespaceDeletionGroupVersionParsingFailure False 2025-09-30 13:43:21 +0530 IST ParsedGroupVersions All legacy kube types successfully parsed} {NamespaceDeletionContentFailure False 2025-09-30 13:43:25 +0530 IST ContentDeleted All content successfully deleted, may be waiting on finalization} {NamespaceContentRemaining True 2025-09-30 13:43:21 +0530 IST SomeResourcesRemain Some resources are remaining: cnsnodevmattachments.cns.vmware.com has 1 resource instances, persistentvolumeclaims. has 1 resource instances, zones.topology.tanzu.vmware.com has 1 resource instances} {NamespaceFinalizersRemaining True 2025-09-30 13:43:21 +0530 IST SomeFinalizersRemain Some content in the namespace has finalizers remaining: cns.vmware.com in 1 resource instances, cns.vmware.com/pvc-protection in 1 resource instances, tanzu-topology.vmware.com/zone in 1 resource instances}]} (7m35.915591375s)&#xA;I0930 13:50:47.133778 67684 util.go:3890] Namespace csi-1613 found and status={Terminating [{NamespaceDeletionDiscoveryFailure False 2025-09-30 13:43:21 +0530 IST ResourcesDiscovered All resources successfully discovered} {NamespaceDeletionGroupVersionParsingFailure False 2025-09-30 13:43:21 +0530 IST ParsedGroupVersions All legacy kube types successfully parsed} {NamespaceDeletionContentFailure False 2025-09-30 13:43:25 +0530 IST ContentDeleted All content successfully deleted, may be waiting on finalization} {NamespaceContentRemaining True 2025-09-30 13:43:21 +0530 IST SomeResourcesRemain Some resources are remaining: cnsnodevmattachments.cns.vmware.com has 1 resource instances, persistentvolumeclaims. has 1 resource instances, zones.topology.tanzu.vmware.com has 1 resource instances} {NamespaceFinalizersRemaining True 2025-09-30 13:43:21 +0530 IST SomeFinalizersRemain Some content in the namespace has finalizers remaining: cns.vmware.com in 1 resource instances, cns.vmware.com/pvc-protection in 1 resource instances, tanzu-topology.vmware.com/zone in 1 resource instances}]} (7m38.151288125s)&#xA;I0930 13:50:49.365444 67684 util.go:3890] Namespace csi-1613 found and status={Terminating [{NamespaceDeletionDiscoveryFailure False 2025-09-30 13:43:21 +0530 IST ResourcesDiscovered All resources successfully discovered} {NamespaceDeletionGroupVersionParsingFailure False 2025-09-30 13:43:21 +0530 IST ParsedGroupVersions All legacy kube types successfully parsed} {NamespaceDeletionContentFailure False 2025-09-30 13:43:25 +0530 IST ContentDeleted All content successfully deleted, may be waiting on finalization} {NamespaceContentRemaining True 2025-09-30 13:43:21 +0530 IST SomeResourcesRemain Some resources are remaining: cnsnodevmattachments.cns.vmware.com has 1 resource instances, persistentvolumeclaims. has 1 resource instances, zones.topology.tanzu.vmware.com has 1 resource instances} {NamespaceFinalizersRemaining True 2025-09-30 13:43:21 +0530 IST SomeFinalizersRemain Some content in the namespace has finalizers remaining: cns.vmware.com in 1 resource instances, cns.vmware.com/pvc-protection in 1 resource instances, tanzu-topology.vmware.com/zone in 1 resource instances}]} (7m40.383006334s)&#xA;I0930 13:50:51.597132 67684 util.go:3890] Namespace csi-1613 found and status={Terminating [{NamespaceDeletionDiscoveryFailure False 2025-09-30 13:43:21 +0530 IST ResourcesDiscovered All resources successfully discovered} {NamespaceDeletionGroupVersionParsingFailure False 2025-09-30 13:43:21 +0530 IST ParsedGroupVersions All legacy kube types successfully parsed} {NamespaceDeletionContentFailure False 2025-09-30 13:43:25 +0530 IST ContentDeleted All content successfully deleted, may be waiting on finalization} {NamespaceContentRemaining True 2025-09-30 13:43:21 +0530 IST SomeResourcesRemain Some resources are remaining: cnsnodevmattachments.cns.vmware.com has 1 resource instances, persistentvolumeclaims. has 1 resource instances, zones.topology.tanzu.vmware.com has 1 resource instances} {NamespaceFinalizersRemaining True 2025-09-30 13:43:21 +0530 IST SomeFinalizersRemain Some content in the namespace has finalizers remaining: cns.vmware.com in 1 resource instances, cns.vmware.com/pvc-protection in 1 resource instances, tanzu-topology.vmware.com/zone in 1 resource instances}]} (7m42.61468625s)&#xA;I0930 13:50:53.826596 67684 util.go:3890] Namespace csi-1613 found and status={Terminating [{NamespaceDeletionDiscoveryFailure False 2025-09-30 13:43:21 +0530 IST ResourcesDiscovered All resources successfully discovered} {NamespaceDeletionGroupVersionParsingFailure False 2025-09-30 13:43:21 +0530 IST ParsedGroupVersions All legacy kube types successfully parsed} {NamespaceDeletionContentFailure False 2025-09-30 13:43:25 +0530 IST ContentDeleted All content successfully deleted, may be waiting on finalization} {NamespaceContentRemaining True 2025-09-30 13:43:21 +0530 IST SomeResourcesRemain Some resources are remaining: cnsnodevmattachments.cns.vmware.com has 1 resource instances, persistentvolumeclaims. has 1 resource instances, zones.topology.tanzu.vmware.com has 1 resource instances} {NamespaceFinalizersRemaining True 2025-09-30 13:43:21 +0530 IST SomeFinalizersRemain Some content in the namespace has finalizers remaining: cns.vmware.com in 1 resource instances, cns.vmware.com/pvc-protection in 1 resource instances, tanzu-topology.vmware.com/zone in 1 resource instances}]} (7m44.844176625s)&#xA;I0930 13:50:56.960596 67684 util.go:3890] Namespace csi-1613 found and status={Terminating [{NamespaceDeletionDiscoveryFailure False 2025-09-30 13:43:21 +0530 IST ResourcesDiscovered All resources successfully discovered} {NamespaceDeletionGroupVersionParsingFailure False 2025-09-30 13:43:21 +0530 IST ParsedGroupVersions All legacy kube types successfully parsed} {NamespaceDeletionContentFailure False 2025-09-30 13:43:25 +0530 IST ContentDeleted All content successfully deleted, may be waiting on finalization} {NamespaceContentRemaining True 2025-09-30 13:43:21 +0530 IST SomeResourcesRemain Some resources are remaining: cnsnodevmattachments.cns.vmware.com has 1 resource instances, persistentvolumeclaims. has 1 resource instances, zones.topology.tanzu.vmware.com has 1 resource instances} {NamespaceFinalizersRemaining True 2025-09-30 13:43:21 +0530 IST SomeFinalizersRemain Some content in the namespace has finalizers remaining: cns.vmware.com in 1 resource instances, cns.vmware.com/pvc-protection in 1 resource instances, tanzu-topology.vmware.com/zone in 1 resource instances}]} (7m47.97807675s)&#xA;I0930 13:50:59.195016 67684 util.go:3890] Namespace csi-1613 found and status={Terminating [{NamespaceDeletionDiscoveryFailure False 2025-09-30 13:43:21 +0530 IST ResourcesDiscovered All resources successfully discovered} {NamespaceDeletionGroupVersionParsingFailure False 2025-09-30 13:43:21 +0530 IST ParsedGroupVersions All legacy kube types successfully parsed} {NamespaceDeletionContentFailure False 2025-09-30 13:43:25 +0530 IST ContentDeleted All content successfully deleted, may be waiting on finalization} {NamespaceContentRemaining True 2025-09-30 13:43:21 +0530 IST SomeResourcesRemain Some resources are remaining: cnsnodevmattachments.cns.vmware.com has 1 resource instances, persistentvolumeclaims. has 1 resource instances, zones.topology.tanzu.vmware.com has 1 resource instances} {NamespaceFinalizersRemaining True 2025-09-30 13:43:21 +0530 IST SomeFinalizersRemain Some content in the namespace has finalizers remaining: cns.vmware.com in 1 resource instances, cns.vmware.com/pvc-protection in 1 resource instances, tanzu-topology.vmware.com/zone in 1 resource instances}]} (7m50.212627542s)&#xA;I0930 13:51:01.428760 67684 util.go:3890] Namespace csi-1613 found and status={Terminating [{NamespaceDeletionDiscoveryFailure False 2025-09-30 13:43:21 +0530 IST ResourcesDiscovered All resources successfully discovered} {NamespaceDeletionGroupVersionParsingFailure False 2025-09-30 13:43:21 +0530 IST ParsedGroupVersions All legacy kube types successfully parsed} {NamespaceDeletionContentFailure False 2025-09-30 13:43:25 +0530 IST ContentDeleted All content successfully deleted, may be waiting on finalization} {NamespaceContentRemaining True 2025-09-30 13:43:21 +0530 IST SomeResourcesRemain Some resources are remaining: cnsnodevmattachments.cns.vmware.com has 1 resource instances, persistentvolumeclaims. has 1 resource instances, zones.topology.tanzu.vmware.com has 1 resource instances} {NamespaceFinalizersRemaining True 2025-09-30 13:43:21 +0530 IST SomeFinalizersRemain Some content in the namespace has finalizers remaining: cns.vmware.com in 1 resource instances, cns.vmware.com/pvc-protection in 1 resource instances, tanzu-topology.vmware.com/zone in 1 resource instances}]} (7m52.446415834s)&#xA;I0930 13:51:03.660576 67684 util.go:3890] Namespace csi-1613 found and status={Terminating [{NamespaceDeletionDiscoveryFailure False 2025-09-30 13:43:21 +0530 IST ResourcesDiscovered All resources successfully discovered} {NamespaceDeletionGroupVersionParsingFailure False 2025-09-30 13:43:21 +0530 IST ParsedGroupVersions All legacy kube types successfully parsed} {NamespaceDeletionContentFailure False 2025-09-30 13:43:25 +0530 IST ContentDeleted All content successfully deleted, may be waiting on finalization} {NamespaceContentRemaining True 2025-09-30 13:43:21 +0530 IST SomeResourcesRemain Some resources are remaining: cnsnodevmattachments.cns.vmware.com has 1 resource instances, persistentvolumeclaims. has 1 resource instances, zones.topology.tanzu.vmware.com has 1 resource instances} {NamespaceFinalizersRemaining True 2025-09-30 13:43:21 +0530 IST SomeFinalizersRemain Some content in the namespace has finalizers remaining: cns.vmware.com in 1 resource instances, cns.vmware.com/pvc-protection in 1 resource instances, tanzu-topology.vmware.com/zone in 1 resource instances}]} (7m54.6780875s)&#xA;I0930 13:51:05.893984 67684 util.go:3890] Namespace csi-1613 found and status={Terminating [{NamespaceDeletionDiscoveryFailure False 2025-09-30 13:43:21 +0530 IST ResourcesDiscovered All resources successfully discovered} {NamespaceDeletionGroupVersionParsingFailure False 2025-09-30 13:43:21 +0530 IST ParsedGroupVersions All legacy kube types successfully parsed} {NamespaceDeletionContentFailure False 2025-09-30 13:43:25 +0530 IST ContentDeleted All content successfully deleted, may be waiting on finalization} {NamespaceContentRemaining True 2025-09-30 13:43:21 +0530 IST SomeResourcesRemain Some resources are remaining: cnsnodevmattachments.cns.vmware.com has 1 resource instances, persistentvolumeclaims. has 1 resource instances, zones.topology.tanzu.vmware.com has 1 resource instances} {NamespaceFinalizersRemaining True 2025-09-30 13:43:21 +0530 IST SomeFinalizersRemain Some content in the namespace has finalizers remaining: cns.vmware.com in 1 resource instances, cns.vmware.com/pvc-protection in 1 resource instances, tanzu-topology.vmware.com/zone in 1 resource instances}]} (7m56.911558459s)&#xA;I0930 13:51:08.137437 67684 util.go:3890] Namespace csi-1613 found and status={Terminating [{NamespaceDeletionDiscoveryFailure False 2025-09-30 13:43:21 +0530 IST ResourcesDiscovered All resources successfully discovered} {NamespaceDeletionGroupVersionParsingFailure False 2025-09-30 13:43:21 +0530 IST ParsedGroupVersions All legacy kube types successfully parsed} {NamespaceDeletionContentFailure False 2025-09-30 13:43:25 +0530 IST ContentDeleted All content successfully deleted, may be waiting on finalization} {NamespaceContentRemaining True 2025-09-30 13:43:21 +0530 IST SomeResourcesRemain Some resources are remaining: cnsnodevmattachments.cns.vmware.com has 1 resource instances, persistentvolumeclaims. has 1 resource instances, zones.topology.tanzu.vmware.com has 1 resource instances} {NamespaceFinalizersRemaining True 2025-09-30 13:43:21 +0530 IST SomeFinalizersRemain Some content in the namespace has finalizers remaining: cns.vmware.com in 1 resource instances, cns.vmware.com/pvc-protection in 1 resource instances, tanzu-topology.vmware.com/zone in 1 resource instances}]} (7m59.155066042s)&#xA;I0930 13:51:10.371135 67684 util.go:3890] Namespace csi-1613 found and status={Terminating [{NamespaceDeletionDiscoveryFailure False 2025-09-30 13:43:21 +0530 IST ResourcesDiscovered All resources successfully discovered} {NamespaceDeletionGroupVersionParsingFailure False 2025-09-30 13:43:21 +0530 IST ParsedGroupVersions All legacy kube types successfully parsed} {NamespaceDeletionContentFailure False 2025-09-30 13:43:25 +0530 IST ContentDeleted All content successfully deleted, may be waiting on finalization} {NamespaceContentRemaining True 2025-09-30 13:43:21 +0530 IST SomeResourcesRemain Some resources are remaining: cnsnodevmattachments.cns.vmware.com has 1 resource instances, persistentvolumeclaims. has 1 resource instances, zones.topology.tanzu.vmware.com has 1 resource instances} {NamespaceFinalizersRemaining True 2025-09-30 13:43:21 +0530 IST SomeFinalizersRemain Some content in the namespace has finalizers remaining: cns.vmware.com in 1 resource instances, cns.vmware.com/pvc-protection in 1 resource instances, tanzu-topology.vmware.com/zone in 1 resource instances}]} (8m1.388756292s)&#xA;I0930 13:51:12.631185 67684 util.go:3890] Namespace csi-1613 found and status={Terminating [{NamespaceDeletionDiscoveryFailure False 2025-09-30 13:43:21 +0530 IST ResourcesDiscovered All resources successfully discovered} {NamespaceDeletionGroupVersionParsingFailure False 2025-09-30 13:43:21 +0530 IST ParsedGroupVersions All legacy kube types successfully parsed} {NamespaceDeletionContentFailure False 2025-09-30 13:43:25 +0530 IST ContentDeleted All content successfully deleted, may be waiting on finalization} {NamespaceContentRemaining True 2025-09-30 13:43:21 +0530 IST SomeResourcesRemain Some resources are remaining: cnsnodevmattachments.cns.vmware.com has 1 resource instances, persistentvolumeclaims. has 1 resource instances, zones.topology.tanzu.vmware.com has 1 resource instances} {NamespaceFinalizersRemaining True 2025-09-30 13:43:21 +0530 IST SomeFinalizersRemain Some content in the namespace has finalizers remaining: cns.vmware.com in 1 resource instances, cns.vmware.com/pvc-protection in 1 resource instances, tanzu-topology.vmware.com/zone in 1 resource instances}]} (8m3.648831792s)&#xA;I0930 13:51:14.868353 67684 util.go:3890] Namespace csi-1613 found and status={Terminating [{NamespaceDeletionDiscoveryFailure False 2025-09-30 13:43:21 +0530 IST ResourcesDiscovered All resources successfully discovered} {NamespaceDeletionGroupVersionParsingFailure False 2025-09-30 13:43:21 +0530 IST ParsedGroupVersions All legacy kube types successfully parsed} {NamespaceDeletionContentFailure False 2025-09-30 13:43:25 +0530 IST ContentDeleted All content successfully deleted, may be waiting on finalization} {NamespaceContentRemaining True 2025-09-30 13:43:21 +0530 IST SomeResourcesRemain Some resources are remaining: cnsnodevmattachments.cns.vmware.com has 1 resource instances, persistentvolumeclaims. has 1 resource instances, zones.topology.tanzu.vmware.com has 1 resource instances} {NamespaceFinalizersRemaining True 2025-09-30 13:43:21 +0530 IST SomeFinalizersRemain Some content in the namespace has finalizers remaining: cns.vmware.com in 1 resource instances, cns.vmware.com/pvc-protection in 1 resource instances, tanzu-topology.vmware.com/zone in 1 resource instances}]} (8m5.885927625s)&#xA;I0930 13:51:17.097066 67684 util.go:3890] Namespace csi-1613 found and status={Terminating [{NamespaceDeletionDiscoveryFailure False 2025-09-30 13:43:21 +0530 IST ResourcesDiscovered All resources successfully discovered} {NamespaceDeletionGroupVersionParsingFailure False 2025-09-30 13:43:21 +0530 IST ParsedGroupVersions All legacy kube types successfully parsed} {NamespaceDeletionContentFailure False 2025-09-30 13:43:25 +0530 IST ContentDeleted All content successfully deleted, may be waiting on finalization} {NamespaceContentRemaining True 2025-09-30 13:43:21 +0530 IST SomeResourcesRemain Some resources are remaining: cnsnodevmattachments.cns.vmware.com has 1 resource instances, persistentvolumeclaims. has 1 resource instances, zones.topology.tanzu.vmware.com has 1 resource instances} {NamespaceFinalizersRemaining True 2025-09-30 13:43:21 +0530 IST SomeFinalizersRemain Some content in the namespace has finalizers remaining: cns.vmware.com in 1 resource instances, cns.vmware.com/pvc-protection in 1 resource instances, tanzu-topology.vmware.com/zone in 1 resource instances}]} (8m8.114704375s)&#xA;I0930 13:51:19.327951 67684 util.go:3890] Namespace csi-1613 found and status={Terminating [{NamespaceDeletionDiscoveryFailure False 2025-09-30 13:43:21 +0530 IST ResourcesDiscovered All resources successfully discovered} {NamespaceDeletionGroupVersionParsingFailure False 2025-09-30 13:43:21 +0530 IST ParsedGroupVersions All legacy kube types successfully parsed} {NamespaceDeletionContentFailure False 2025-09-30 13:43:25 +0530 IST ContentDeleted All content successfully deleted, may be waiting on finalization} {NamespaceContentRemaining True 2025-09-30 13:43:21 +0530 IST SomeResourcesRemain Some resources are remaining: cnsnodevmattachments.cns.vmware.com has 1 resource instances, persistentvolumeclaims. has 1 resource instances, zones.topology.tanzu.vmware.com has 1 resource instances} {NamespaceFinalizersRemaining True 2025-09-30 13:43:21 +0530 IST SomeFinalizersRemain Some content in the namespace has finalizers remaining: cns.vmware.com in 1 resource instances, cns.vmware.com/pvc-protection in 1 resource instances, tanzu-topology.vmware.com/zone in 1 resource instances}]} (8m10.345541167s)&#xA;I0930 13:51:21.562292 67684 util.go:3890] Namespace csi-1613 found and status={Terminating [{NamespaceDeletionDiscoveryFailure False 2025-09-30 13:43:21 +0530 IST ResourcesDiscovered All resources successfully discovered} {NamespaceDeletionGroupVersionParsingFailure False 2025-09-30 13:43:21 +0530 IST ParsedGroupVersions All legacy kube types successfully parsed} {NamespaceDeletionContentFailure False 2025-09-30 13:43:25 +0530 IST ContentDeleted All content successfully deleted, may be waiting on finalization} {NamespaceContentRemaining True 2025-09-30 13:43:21 +0530 IST SomeResourcesRemain Some resources are remaining: cnsnodevmattachments.cns.vmware.com has 1 resource instances, persistentvolumeclaims. has 1 resource instances, zones.topology.tanzu.vmware.com has 1 resource instances} {NamespaceFinalizersRemaining True 2025-09-30 13:43:21 +0530 IST SomeFinalizersRemain Some content in the namespace has finalizers remaining: cns.vmware.com in 1 resource instances, cns.vmware.com/pvc-protection in 1 resource instances, tanzu-topology.vmware.com/zone in 1 resource instances}]} (8m12.580004042s)&#xA;I0930 13:51:23.805789 67684 util.go:3890] Namespace csi-1613 found and status={Terminating [{NamespaceDeletionDiscoveryFailure False 2025-09-30 13:43:21 +0530 IST ResourcesDiscovered All resources successfully discovered} {NamespaceDeletionGroupVersionParsingFailure False 2025-09-30 13:43:21 +0530 IST ParsedGroupVersions All legacy kube types successfully parsed} {NamespaceDeletionContentFailure False 2025-09-30 13:43:25 +0530 IST ContentDeleted All content successfully deleted, may be waiting on finalization} {NamespaceContentRemaining True 2025-09-30 13:43:21 +0530 IST SomeResourcesRemain Some resources are remaining: cnsnodevmattachments.cns.vmware.com has 1 resource instances, persistentvolumeclaims. has 1 resource instances, zones.topology.tanzu.vmware.com has 1 resource instances} {NamespaceFinalizersRemaining True 2025-09-30 13:43:21 +0530 IST SomeFinalizersRemain Some content in the namespace has finalizers remaining: cns.vmware.com in 1 resource instances, cns.vmware.com/pvc-protection in 1 resource instances, tanzu-topology.vmware.com/zone in 1 resource instances}]} (8m14.823392209s)&#xA;I0930 13:51:26.040547 67684 util.go:3890] Namespace csi-1613 found and status={Terminating [{NamespaceDeletionDiscoveryFailure False 2025-09-30 13:43:21 +0530 IST ResourcesDiscovered All resources successfully discovered} {NamespaceDeletionGroupVersionParsingFailure False 2025-09-30 13:43:21 +0530 IST ParsedGroupVersions All legacy kube types successfully parsed} {NamespaceDeletionContentFailure False 2025-09-30 13:43:25 +0530 IST ContentDeleted All content successfully deleted, may be waiting on finalization} {NamespaceContentRemaining True 2025-09-30 13:43:21 +0530 IST SomeResourcesRemain Some resources are remaining: cnsnodevmattachments.cns.vmware.com has 1 resource instances, persistentvolumeclaims. has 1 resource instances, zones.topology.tanzu.vmware.com has 1 resource instances} {NamespaceFinalizersRemaining True 2025-09-30 13:43:21 +0530 IST SomeFinalizersRemain Some content in the namespace has finalizers remaining: cns.vmware.com in 1 resource instances, cns.vmware.com/pvc-protection in 1 resource instances, tanzu-topology.vmware.com/zone in 1 resource instances}]} (8m17.058258334s)&#xA;I0930 13:51:28.290171 67684 util.go:3890] Namespace csi-1613 found and status={Terminating [{NamespaceDeletionDiscoveryFailure False 2025-09-30 13:43:21 +0530 IST ResourcesDiscovered All resources successfully discovered} {NamespaceDeletionGroupVersionParsingFailure False 2025-09-30 13:43:21 +0530 IST ParsedGroupVersions All legacy kube types successfully parsed} {NamespaceDeletionContentFailure False 2025-09-30 13:43:25 +0530 IST ContentDeleted All content successfully deleted, may be waiting on finalization} {NamespaceContentRemaining True 2025-09-30 13:43:21 +0530 IST SomeResourcesRemain Some resources are remaining: cnsnodevmattachments.cns.vmware.com has 1 resource instances, persistentvolumeclaims. has 1 resource instances, zones.topology.tanzu.vmware.com has 1 resource instances} {NamespaceFinalizersRemaining True 2025-09-30 13:43:21 +0530 IST SomeFinalizersRemain Some content in the namespace has finalizers remaining: cns.vmware.com in 1 resource instances, cns.vmware.com/pvc-protection in 1 resource instances, tanzu-topology.vmware.com/zone in 1 resource instances}]} (8m19.307905084s)&#xA;I0930 13:51:30.527123 67684 util.go:3890] Namespace csi-1613 found and status={Terminating [{NamespaceDeletionDiscoveryFailure False 2025-09-30 13:43:21 +0530 IST ResourcesDiscovered All resources successfully discovered} {NamespaceDeletionGroupVersionParsingFailure False 2025-09-30 13:43:21 +0530 IST ParsedGroupVersions All legacy kube types successfully parsed} {NamespaceDeletionContentFailure False 2025-09-30 13:43:25 +0530 IST ContentDeleted All content successfully deleted, may be waiting on finalization} {NamespaceContentRemaining True 2025-09-30 13:43:21 +0530 IST SomeResourcesRemain Some resources are remaining: cnsnodevmattachments.cns.vmware.com has 1 resource instances, persistentvolumeclaims. has 1 resource instances, zones.topology.tanzu.vmware.com has 1 resource instances} {NamespaceFinalizersRemaining True 2025-09-30 13:43:21 +0530 IST SomeFinalizersRemain Some content in the namespace has finalizers remaining: cns.vmware.com in 1 resource instances, cns.vmware.com/pvc-protection in 1 resource instances, tanzu-topology.vmware.com/zone in 1 resource instances}]} (8m21.54479675s)&#xA;I0930 13:51:32.777100 67684 util.go:3890] Namespace csi-1613 found and status={Terminating [{NamespaceDeletionDiscoveryFailure False 2025-09-30 13:43:21 +0530 IST ResourcesDiscovered All resources successfully discovered} {NamespaceDeletionGroupVersionParsingFailure False 2025-09-30 13:43:21 +0530 IST ParsedGroupVersions All legacy kube types successfully parsed} {NamespaceDeletionContentFailure False 2025-09-30 13:43:25 +0530 IST ContentDeleted All content successfully deleted, may be waiting on finalization} {NamespaceContentRemaining True 2025-09-30 13:43:21 +0530 IST SomeResourcesRemain Some resources are remaining: cnsnodevmattachments.cns.vmware.com has 1 resource instances, persistentvolumeclaims. has 1 resource instances, zones.topology.tanzu.vmware.com has 1 resource instances} {NamespaceFinalizersRemaining True 2025-09-30 13:43:21 +0530 IST SomeFinalizersRemain Some content in the namespace has finalizers remaining: cns.vmware.com in 1 resource instances, cns.vmware.com/pvc-protection in 1 resource instances, tanzu-topology.vmware.com/zone in 1 resource instances}]} (8m23.794781s)&#xA;I0930 13:51:35.011724 67684 util.go:3890] Namespace csi-1613 found and status={Terminating [{NamespaceDeletionDiscoveryFailure False 2025-09-30 13:43:21 +0530 IST ResourcesDiscovered All resources successfully discovered} {NamespaceDeletionGroupVersionParsingFailure False 2025-09-30 13:43:21 +0530 IST ParsedGroupVersions All legacy kube types successfully parsed} {NamespaceDeletionContentFailure False 2025-09-30 13:43:25 +0530 IST ContentDeleted All content successfully deleted, may be waiting on finalization} {NamespaceContentRemaining True 2025-09-30 13:43:21 +0530 IST SomeResourcesRemain Some resources are remaining: cnsnodevmattachments.cns.vmware.com has 1 resource instances, persistentvolumeclaims. has 1 resource instances, zones.topology.tanzu.vmware.com has 1 resource instances} {NamespaceFinalizersRemaining True 2025-09-30 13:43:21 +0530 IST SomeFinalizersRemain Some content in the namespace has finalizers remaining: cns.vmware.com in 1 resource instances, cns.vmware.com/pvc-protection in 1 resource instances, tanzu-topology.vmware.com/zone in 1 resource instances}]} (8m26.029472917s)&#xA;I0930 13:51:37.264435 67684 util.go:3890] Namespace csi-1613 found and status={Terminating [{NamespaceDeletionDiscoveryFailure False 2025-09-30 13:43:21 +0530 IST ResourcesDiscovered All resources successfully discovered} {NamespaceDeletionGroupVersionParsingFailure False 2025-09-30 13:43:21 +0530 IST ParsedGroupVersions All legacy kube types successfully parsed} {NamespaceDeletionContentFailure False 2025-09-30 13:43:25 +0530 IST ContentDeleted All content successfully deleted, may be waiting on finalization} {NamespaceContentRemaining True 2025-09-30 13:43:21 +0530 IST SomeResourcesRemain Some resources are remaining: cnsnodevmattachments.cns.vmware.com has 1 resource instances, persistentvolumeclaims. has 1 resource instances, zones.topology.tanzu.vmware.com has 1 resource instances} {NamespaceFinalizersRemaining True 2025-09-30 13:43:21 +0530 IST SomeFinalizersRemain Some content in the namespace has finalizers remaining: cns.vmware.com in 1 resource instances, cns.vmware.com/pvc-protection in 1 resource instances, tanzu-topology.vmware.com/zone in 1 resource instances}]} (8m28.281919417s)&#xA;I0930 13:51:39.501655 67684 util.go:3890] Namespace csi-1613 found and status={Terminating [{NamespaceDeletionDiscoveryFailure False 2025-09-30 13:43:21 +0530 IST ResourcesDiscovered All resources successfully discovered} {NamespaceDeletionGroupVersionParsingFailure False 2025-09-30 13:43:21 +0530 IST ParsedGroupVersions All legacy kube types successfully parsed} {NamespaceDeletionContentFailure False 2025-09-30 13:43:25 +0530 IST ContentDeleted All content successfully deleted, may be waiting on finalization} {NamespaceContentRemaining True 2025-09-30 13:43:21 +0530 IST SomeResourcesRemain Some resources are remaining: cnsnodevmattachments.cns.vmware.com has 1 resource instances, persistentvolumeclaims. has 1 resource instances, zones.topology.tanzu.vmware.com has 1 resource instances} {NamespaceFinalizersRemaining True 2025-09-30 13:43:21 +0530 IST SomeFinalizersRemain Some content in the namespace has finalizers remaining: cns.vmware.com in 1 resource instances, cns.vmware.com/pvc-protection in 1 resource instances, tanzu-topology.vmware.com/zone in 1 resource instances}]} (8m30.519377334s)&#xA;I0930 13:51:41.734982 67684 util.go:3890] Namespace csi-1613 found and status={Terminating [{NamespaceDeletionDiscoveryFailure False 2025-09-30 13:43:21 +0530 IST ResourcesDiscovered All resources successfully discovered} {NamespaceDeletionGroupVersionParsingFailure False 2025-09-30 13:43:21 +0530 IST ParsedGroupVersions All legacy kube types successfully parsed} {NamespaceDeletionContentFailure False 2025-09-30 13:43:25 +0530 IST ContentDeleted All content successfully deleted, may be waiting on finalization} {NamespaceContentRemaining True 2025-09-30 13:43:21 +0530 IST SomeResourcesRemain Some resources are remaining: cnsnodevmattachments.cns.vmware.com has 1 resource instances, persistentvolumeclaims. has 1 resource instances, zones.topology.tanzu.vmware.com has 1 resource instances} {NamespaceFinalizersRemaining True 2025-09-30 13:43:21 +0530 IST SomeFinalizersRemain Some content in the namespace has finalizers remaining: cns.vmware.com in 1 resource instances, cns.vmware.com/pvc-protection in 1 resource instances, tanzu-topology.vmware.com/zone in 1 resource instances}]} (8m32.752693167s)&#xA;I0930 13:51:43.970447 67684 util.go:3890] Namespace csi-1613 found and status={Terminating [{NamespaceDeletionDiscoveryFailure False 2025-09-30 13:43:21 +0530 IST ResourcesDiscovered All resources successfully discovered} {NamespaceDeletionGroupVersionParsingFailure False 2025-09-30 13:43:21 +0530 IST ParsedGroupVersions All legacy kube types successfully parsed} {NamespaceDeletionContentFailure False 2025-09-30 13:43:25 +0530 IST ContentDeleted All content successfully deleted, may be waiting on finalization} {NamespaceContentRemaining True 2025-09-30 13:43:21 +0530 IST SomeResourcesRemain Some resources are remaining: cnsnodevmattachments.cns.vmware.com has 1 resource instances, persistentvolumeclaims. has 1 resource instances, zones.topology.tanzu.vmware.com has 1 resource instances} {NamespaceFinalizersRemaining True 2025-09-30 13:43:21 +0530 IST SomeFinalizersRemain Some content in the namespace has finalizers remaining: cns.vmware.com in 1 resource instances, cns.vmware.com/pvc-protection in 1 resource instances, tanzu-topology.vmware.com/zone in 1 resource instances}]} (8m34.988222s)&#xA;I0930 13:51:46.207406 67684 util.go:3890] Namespace csi-1613 found and status={Terminating [{NamespaceDeletionDiscoveryFailure False 2025-09-30 13:43:21 +0530 IST ResourcesDiscovered All resources successfully discovered} {NamespaceDeletionGroupVersionParsingFailure False 2025-09-30 13:43:21 +0530 IST ParsedGroupVersions All legacy kube types successfully parsed} {NamespaceDeletionContentFailure False 2025-09-30 13:43:25 +0530 IST ContentDeleted All content successfully deleted, may be waiting on finalization} {NamespaceContentRemaining True 2025-09-30 13:43:21 +0530 IST SomeResourcesRemain Some resources are remaining: cnsnodevmattachments.cns.vmware.com has 1 resource instances, persistentvolumeclaims. has 1 resource instances, zones.topology.tanzu.vmware.com has 1 resource instances} {NamespaceFinalizersRemaining True 2025-09-30 13:43:21 +0530 IST SomeFinalizersRemain Some content in the namespace has finalizers remaining: cns.vmware.com in 1 resource instances, cns.vmware.com/pvc-protection in 1 resource instances, tanzu-topology.vmware.com/zone in 1 resource instances}]} (8m37.225164167s)&#xA;I0930 13:51:48.443122 67684 util.go:3890] Namespace csi-1613 found and status={Terminating [{NamespaceDeletionDiscoveryFailure False 2025-09-30 13:43:21 +0530 IST ResourcesDiscovered All resources successfully discovered} {NamespaceDeletionGroupVersionParsingFailure False 2025-09-30 13:43:21 +0530 IST ParsedGroupVersions All legacy kube types successfully parsed} {NamespaceDeletionContentFailure False 2025-09-30 13:43:25 +0530 IST ContentDeleted All content successfully deleted, may be waiting on finalization} {NamespaceContentRemaining True 2025-09-30 13:43:21 +0530 IST SomeResourcesRemain Some resources are remaining: cnsnodevmattachments.cns.vmware.com has 1 resource instances, persistentvolumeclaims. has 1 resource instances, zones.topology.tanzu.vmware.com has 1 resource instances} {NamespaceFinalizersRemaining True 2025-09-30 13:43:21 +0530 IST SomeFinalizersRemain Some content in the namespace has finalizers remaining: cns.vmware.com in 1 resource instances, cns.vmware.com/pvc-protection in 1 resource instances, tanzu-topology.vmware.com/zone in 1 resource instances}]} (8m39.460885292s)&#xA;I0930 13:51:50.672649 67684 util.go:3890] Namespace csi-1613 found and status={Terminating [{NamespaceDeletionDiscoveryFailure False 2025-09-30 13:43:21 +0530 IST ResourcesDiscovered All resources successfully discovered} {NamespaceDeletionGroupVersionParsingFailure False 2025-09-30 13:43:21 +0530 IST ParsedGroupVersions All legacy kube types successfully parsed} {NamespaceDeletionContentFailure False 2025-09-30 13:43:25 +0530 IST ContentDeleted All content successfully deleted, may be waiting on finalization} {NamespaceContentRemaining True 2025-09-30 13:43:21 +0530 IST SomeResourcesRemain Some resources are remaining: cnsnodevmattachments.cns.vmware.com has 1 resource instances, persistentvolumeclaims. has 1 resource instances, zones.topology.tanzu.vmware.com has 1 resource instances} {NamespaceFinalizersRemaining True 2025-09-30 13:43:21 +0530 IST SomeFinalizersRemain Some content in the namespace has finalizers remaining: cns.vmware.com in 1 resource instances, cns.vmware.com/pvc-protection in 1 resource instances, tanzu-topology.vmware.com/zone in 1 resource instances}]} (8m41.690465709s)&#xA;I0930 13:51:52.901519 67684 util.go:3890] Namespace csi-1613 found and status={Terminating [{NamespaceDeletionDiscoveryFailure False 2025-09-30 13:43:21 +0530 IST ResourcesDiscovered All resources successfully discovered} {NamespaceDeletionGroupVersionParsingFailure False 2025-09-30 13:43:21 +0530 IST ParsedGroupVersions All legacy kube types successfully parsed} {NamespaceDeletionContentFailure False 2025-09-30 13:43:25 +0530 IST ContentDeleted All content successfully deleted, may be waiting on finalization} {NamespaceContentRemaining True 2025-09-30 13:43:21 +0530 IST SomeResourcesRemain Some resources are remaining: cnsnodevmattachments.cns.vmware.com has 1 resource instances, persistentvolumeclaims. has 1 resource instances, zones.topology.tanzu.vmware.com has 1 resource instances} {NamespaceFinalizersRemaining True 2025-09-30 13:43:21 +0530 IST SomeFinalizersRemain Some content in the namespace has finalizers remaining: cns.vmware.com in 1 resource instances, cns.vmware.com/pvc-protection in 1 resource instances, tanzu-topology.vmware.com/zone in 1 resource instances}]} (8m43.9193335s)&#xA;I0930 13:51:55.135564 67684 util.go:3890] Namespace csi-1613 found and status={Terminating [{NamespaceDeletionDiscoveryFailure False 2025-09-30 13:43:21 +0530 IST ResourcesDiscovered All resources successfully discovered} {NamespaceDeletionGroupVersionParsingFailure False 2025-09-30 13:43:21 +0530 IST ParsedGroupVersions All legacy kube types successfully parsed} {NamespaceDeletionContentFailure False 2025-09-30 13:43:25 +0530 IST ContentDeleted All content successfully deleted, may be waiting on finalization} {NamespaceContentRemaining True 2025-09-30 13:43:21 +0530 IST SomeResourcesRemain Some resources are remaining: cnsnodevmattachments.cns.vmware.com has 1 resource instances, persistentvolumeclaims. has 1 resource instances, zones.topology.tanzu.vmware.com has 1 resource instances} {NamespaceFinalizersRemaining True 2025-09-30 13:43:21 +0530 IST SomeFinalizersRemain Some content in the namespace has finalizers remaining: cns.vmware.com in 1 resource instances, cns.vmware.com/pvc-protection in 1 resource instances, tanzu-topology.vmware.com/zone in 1 resource instances}]} (8m46.153377959s)&#xA;I0930 13:51:57.368505 67684 util.go:3890] Namespace csi-1613 found and status={Terminating [{NamespaceDeletionDiscoveryFailure False 2025-09-30 13:43:21 +0530 IST ResourcesDiscovered All resources successfully discovered} {NamespaceDeletionGroupVersionParsingFailure False 2025-09-30 13:43:21 +0530 IST ParsedGroupVersions All legacy kube types successfully parsed} {NamespaceDeletionContentFailure False 2025-09-30 13:43:25 +0530 IST ContentDeleted All content successfully deleted, may be waiting on finalization} {NamespaceContentRemaining True 2025-09-30 13:43:21 +0530 IST SomeResourcesRemain Some resources are remaining: cnsnodevmattachments.cns.vmware.com has 1 resource instances, persistentvolumeclaims. has 1 resource instances, zones.topology.tanzu.vmware.com has 1 resource instances} {NamespaceFinalizersRemaining True 2025-09-30 13:43:21 +0530 IST SomeFinalizersRemain Some content in the namespace has finalizers remaining: cns.vmware.com in 1 resource instances, cns.vmware.com/pvc-protection in 1 resource instances, tanzu-topology.vmware.com/zone in 1 resource instances}]} (8m48.386275667s)&#xA;I0930 13:51:59.607393 67684 util.go:3890] Namespace csi-1613 found and status={Terminating [{NamespaceDeletionDiscoveryFailure False 2025-09-30 13:43:21 +0530 IST ResourcesDiscovered All resources successfully discovered} {NamespaceDeletionGroupVersionParsingFailure False 2025-09-30 13:43:21 +0530 IST ParsedGroupVersions All legacy kube types successfully parsed} {NamespaceDeletionContentFailure False 2025-09-30 13:43:25 +0530 IST ContentDeleted All content successfully deleted, may be waiting on finalization} {NamespaceContentRemaining True 2025-09-30 13:43:21 +0530 IST SomeResourcesRemain Some resources are remaining: cnsnodevmattachments.cns.vmware.com has 1 resource instances, persistentvolumeclaims. has 1 resource instances, zones.topology.tanzu.vmware.com has 1 resource instances} {NamespaceFinalizersRemaining True 2025-09-30 13:43:21 +0530 IST SomeFinalizersRemain Some content in the namespace has finalizers remaining: cns.vmware.com in 1 resource instances, cns.vmware.com/pvc-protection in 1 resource instances, tanzu-topology.vmware.com/zone in 1 resource instances}]} (8m50.62516975s)&#xA;I0930 13:52:01.837863 67684 util.go:3890] Namespace csi-1613 found and status={Terminating [{NamespaceDeletionDiscoveryFailure False 2025-09-30 13:43:21 +0530 IST ResourcesDiscovered All resources successfully discovered} {NamespaceDeletionGroupVersionParsingFailure False 2025-09-30 13:43:21 +0530 IST ParsedGroupVersions All legacy kube types successfully parsed} {NamespaceDeletionContentFailure False 2025-09-30 13:43:25 +0530 IST ContentDeleted All content successfully deleted, may be waiting on finalization} {NamespaceContentRemaining True 2025-09-30 13:43:21 +0530 IST SomeResourcesRemain Some resources are remaining: cnsnodevmattachments.cns.vmware.com has 1 resource instances, persistentvolumeclaims. has 1 resource instances, zones.topology.tanzu.vmware.com has 1 resource instances} {NamespaceFinalizersRemaining True 2025-09-30 13:43:21 +0530 IST SomeFinalizersRemain Some content in the namespace has finalizers remaining: cns.vmware.com in 1 resource instances, cns.vmware.com/pvc-protection in 1 resource instances, tanzu-topology.vmware.com/zone in 1 resource instances}]} (8m52.855617125s)&#xA;I0930 13:52:04.076559 67684 util.go:3890] Namespace csi-1613 found and status={Terminating [{NamespaceDeletionDiscoveryFailure False 2025-09-30 13:43:21 +0530 IST ResourcesDiscovered All resources successfully discovered} {NamespaceDeletionGroupVersionParsingFailure False 2025-09-30 13:43:21 +0530 IST ParsedGroupVersions All legacy kube types successfully parsed} {NamespaceDeletionContentFailure False 2025-09-30 13:43:25 +0530 IST ContentDeleted All content successfully deleted, may be waiting on finalization} {NamespaceContentRemaining True 2025-09-30 13:43:21 +0530 IST SomeResourcesRemain Some resources are remaining: cnsnodevmattachments.cns.vmware.com has 1 resource instances, persistentvolumeclaims. has 1 resource instances, zones.topology.tanzu.vmware.com has 1 resource instances} {NamespaceFinalizersRemaining True 2025-09-30 13:43:21 +0530 IST SomeFinalizersRemain Some content in the namespace has finalizers remaining: cns.vmware.com in 1 resource instances, cns.vmware.com/pvc-protection in 1 resource instances, tanzu-topology.vmware.com/zone in 1 resource instances}]} (8m55.094376417s)&#xA;I0930 13:52:06.309791 67684 util.go:3890] Namespace csi-1613 found and status={Terminating [{NamespaceDeletionDiscoveryFailure False 2025-09-30 13:43:21 +0530 IST ResourcesDiscovered All resources successfully discovered} {NamespaceDeletionGroupVersionParsingFailure False 2025-09-30 13:43:21 +0530 IST ParsedGroupVersions All legacy kube types successfully parsed} {NamespaceDeletionContentFailure False 2025-09-30 13:43:25 +0530 IST ContentDeleted All content successfully deleted, may be waiting on finalization} {NamespaceContentRemaining True 2025-09-30 13:43:21 +0530 IST SomeResourcesRemain Some resources are remaining: cnsnodevmattachments.cns.vmware.com has 1 resource instances, persistentvolumeclaims. has 1 resource instances, zones.topology.tanzu.vmware.com has 1 resource instances} {NamespaceFinalizersRemaining True 2025-09-30 13:43:21 +0530 IST SomeFinalizersRemain Some content in the namespace has finalizers remaining: cns.vmware.com in 1 resource instances, cns.vmware.com/pvc-protection in 1 resource instances, tanzu-topology.vmware.com/zone in 1 resource instances}]} (8m57.327596625s)&#xA;I0930 13:52:08.545519 67684 util.go:3890] Namespace csi-1613 found and status={Terminating [{NamespaceDeletionDiscoveryFailure False 2025-09-30 13:43:21 +0530 IST ResourcesDiscovered All resources successfully discovered} {NamespaceDeletionGroupVersionParsingFailure False 2025-09-30 13:43:21 +0530 IST ParsedGroupVersions All legacy kube types successfully parsed} {NamespaceDeletionContentFailure False 2025-09-30 13:43:25 +0530 IST ContentDeleted All content successfully deleted, may be waiting on finalization} {NamespaceContentRemaining True 2025-09-30 13:43:21 +0530 IST SomeResourcesRemain Some resources are remaining: cnsnodevmattachments.cns.vmware.com has 1 resource instances, persistentvolumeclaims. has 1 resource instances, zones.topology.tanzu.vmware.com has 1 resource instances} {NamespaceFinalizersRemaining True 2025-09-30 13:43:21 +0530 IST SomeFinalizersRemain Some content in the namespace has finalizers remaining: cns.vmware.com in 1 resource instances, cns.vmware.com/pvc-protection in 1 resource instances, tanzu-topology.vmware.com/zone in 1 resource instances}]} (8m59.563316584s)&#xA;I0930 13:52:10.787037 67684 util.go:3890] Namespace csi-1613 found and status={Terminating [{NamespaceDeletionDiscoveryFailure False 2025-09-30 13:43:21 +0530 IST ResourcesDiscovered All resources successfully discovered} {NamespaceDeletionGroupVersionParsingFailure False 2025-09-30 13:43:21 +0530 IST ParsedGroupVersions All legacy kube types successfully parsed} {NamespaceDeletionContentFailure False 2025-09-30 13:43:25 +0530 IST ContentDeleted All content successfully deleted, may be waiting on finalization} {NamespaceContentRemaining True 2025-09-30 13:43:21 +0530 IST SomeResourcesRemain Some resources are remaining: cnsnodevmattachments.cns.vmware.com has 1 resource instances, persistentvolumeclaims. has 1 resource instances, zones.topology.tanzu.vmware.com has 1 resource instances} {NamespaceFinalizersRemaining True 2025-09-30 13:43:21 +0530 IST SomeFinalizersRemain Some content in the namespace has finalizers remaining: cns.vmware.com in 1 resource instances, cns.vmware.com/pvc-protection in 1 resource instances, tanzu-topology.vmware.com/zone in 1 resource instances}]} (9m1.804890292s)&#xA;I0930 13:52:13.021157 67684 util.go:3890] Namespace csi-1613 found and status={Terminating [{NamespaceDeletionDiscoveryFailure False 2025-09-30 13:43:21 +0530 IST ResourcesDiscovered All resources successfully discovered} {NamespaceDeletionGroupVersionParsingFailure False 2025-09-30 13:43:21 +0530 IST ParsedGroupVersions All legacy kube types successfully parsed} {NamespaceDeletionContentFailure False 2025-09-30 13:43:25 +0530 IST ContentDeleted All content successfully deleted, may be waiting on finalization} {NamespaceContentRemaining True 2025-09-30 13:43:21 +0530 IST SomeResourcesRemain Some resources are remaining: cnsnodevmattachments.cns.vmware.com has 1 resource instances, persistentvolumeclaims. has 1 resource instances, zones.topology.tanzu.vmware.com has 1 resource instances} {NamespaceFinalizersRemaining True 2025-09-30 13:43:21 +0530 IST SomeFinalizersRemain Some content in the namespace has finalizers remaining: cns.vmware.com in 1 resource instances, cns.vmware.com/pvc-protection in 1 resource instances, tanzu-topology.vmware.com/zone in 1 resource instances}]} (9m4.038926s)&#xA;I0930 13:52:15.251215 67684 util.go:3890] Namespace csi-1613 found and status={Terminating [{NamespaceDeletionDiscoveryFailure False 2025-09-30 13:43:21 +0530 IST ResourcesDiscovered All resources successfully discovered} {NamespaceDeletionGroupVersionParsingFailure False 2025-09-30 13:43:21 +0530 IST ParsedGroupVersions All legacy kube types successfully parsed} {NamespaceDeletionContentFailure False 2025-09-30 13:43:25 +0530 IST ContentDeleted All content successfully deleted, may be waiting on finalization} {NamespaceContentRemaining True 2025-09-30 13:43:21 +0530 IST SomeResourcesRemain Some resources are remaining: cnsnodevmattachments.cns.vmware.com has 1 resource instances, persistentvolumeclaims. has 1 resource instances, zones.topology.tanzu.vmware.com has 1 resource instances} {NamespaceFinalizersRemaining True 2025-09-30 13:43:21 +0530 IST SomeFinalizersRemain Some content in the namespace has finalizers remaining: cns.vmware.com in 1 resource instances, cns.vmware.com/pvc-protection in 1 resource instances, tanzu-topology.vmware.com/zone in 1 resource instances}]} (9m6.269041459s)&#xA;I0930 13:52:17.545453 67684 util.go:3890] Namespace csi-1613 found and status={Terminating [{NamespaceDeletionDiscoveryFailure False 2025-09-30 13:43:21 +0530 IST ResourcesDiscovered All resources successfully discovered} {NamespaceDeletionGroupVersionParsingFailure False 2025-09-30 13:43:21 +0530 IST ParsedGroupVersions All legacy kube types successfully parsed} {NamespaceDeletionContentFailure False 2025-09-30 13:43:25 +0530 IST ContentDeleted All content successfully deleted, may be waiting on finalization} {NamespaceContentRemaining True 2025-09-30 13:43:21 +0530 IST SomeResourcesRemain Some resources are remaining: cnsnodevmattachments.cns.vmware.com has 1 resource instances, persistentvolumeclaims. has 1 resource instances, zones.topology.tanzu.vmware.com has 1 resource instances} {NamespaceFinalizersRemaining True 2025-09-30 13:43:21 +0530 IST SomeFinalizersRemain Some content in the namespace has finalizers remaining: cns.vmware.com in 1 resource instances, cns.vmware.com/pvc-protection in 1 resource instances, tanzu-topology.vmware.com/zone in 1 resource instances}]} (9m8.563326459s)&#xA;I0930 13:52:19.789474 67684 util.go:3890] Namespace csi-1613 found and status={Terminating [{NamespaceDeletionDiscoveryFailure False 2025-09-30 13:43:21 +0530 IST ResourcesDiscovered All resources successfully discovered} {NamespaceDeletionGroupVersionParsingFailure False 2025-09-30 13:43:21 +0530 IST ParsedGroupVersions All legacy kube types successfully parsed} {NamespaceDeletionContentFailure False 2025-09-30 13:43:25 +0530 IST ContentDeleted All content successfully deleted, may be waiting on finalization} {NamespaceContentRemaining True 2025-09-30 13:43:21 +0530 IST SomeResourcesRemain Some resources are remaining: cnsnodevmattachments.cns.vmware.com has 1 resource instances, persistentvolumeclaims. has 1 resource instances, zones.topology.tanzu.vmware.com has 1 resource instances} {NamespaceFinalizersRemaining True 2025-09-30 13:43:21 +0530 IST SomeFinalizersRemain Some content in the namespace has finalizers remaining: cns.vmware.com in 1 resource instances, cns.vmware.com/pvc-protection in 1 resource instances, tanzu-topology.vmware.com/zone in 1 resource instances}]} (9m10.807333917s)&#xA;I0930 13:52:22.027384 67684 util.go:3890] Namespace csi-1613 found and status={Terminating [{NamespaceDeletionDiscoveryFailure False 2025-09-30 13:43:21 +0530 IST ResourcesDiscovered All resources successfully discovered} {NamespaceDeletionGroupVersionParsingFailure False 2025-09-30 13:43:21 +0530 IST ParsedGroupVersions All legacy kube types successfully parsed} {NamespaceDeletionContentFailure False 2025-09-30 13:43:25 +0530 IST ContentDeleted All content successfully deleted, may be waiting on finalization} {NamespaceContentRemaining True 2025-09-30 13:43:21 +0530 IST SomeResourcesRemain Some resources are remaining: cnsnodevmattachments.cns.vmware.com has 1 resource instances, persistentvolumeclaims. has 1 resource instances, zones.topology.tanzu.vmware.com has 1 resource instances} {NamespaceFinalizersRemaining True 2025-09-30 13:43:21 +0530 IST SomeFinalizersRemain Some content in the namespace has finalizers remaining: cns.vmware.com in 1 resource instances, cns.vmware.com/pvc-protection in 1 resource instances, tanzu-topology.vmware.com/zone in 1 resource instances}]} (9m13.045226s)&#xA;I0930 13:52:24.257946 67684 util.go:3890] Namespace csi-1613 found and status={Terminating [{NamespaceDeletionDiscoveryFailure False 2025-09-30 13:43:21 +0530 IST ResourcesDiscovered All resources successfully discovered} {NamespaceDeletionGroupVersionParsingFailure False 2025-09-30 13:43:21 +0530 IST ParsedGroupVersions All legacy kube types successfully parsed} {NamespaceDeletionContentFailure False 2025-09-30 13:43:25 +0530 IST ContentDeleted All content successfully deleted, may be waiting on finalization} {NamespaceContentRemaining True 2025-09-30 13:43:21 +0530 IST SomeResourcesRemain Some resources are remaining: cnsnodevmattachments.cns.vmware.com has 1 resource instances, persistentvolumeclaims. has 1 resource instances, zones.topology.tanzu.vmware.com has 1 resource instances} {NamespaceFinalizersRemaining True 2025-09-30 13:43:21 +0530 IST SomeFinalizersRemain Some content in the namespace has finalizers remaining: cns.vmware.com in 1 resource instances, cns.vmware.com/pvc-protection in 1 resource instances, tanzu-topology.vmware.com/zone in 1 resource instances}]} (9m15.275795667s)&#xA;I0930 13:52:26.530538 67684 util.go:3890] Namespace csi-1613 found and status={Terminating [{NamespaceDeletionDiscoveryFailure False 2025-09-30 13:43:21 +0530 IST ResourcesDiscovered All resources successfully discovered} {NamespaceDeletionGroupVersionParsingFailure False 2025-09-30 13:43:21 +0530 IST ParsedGroupVersions All legacy kube types successfully parsed} {NamespaceDeletionContentFailure False 2025-09-30 13:43:25 +0530 IST ContentDeleted All content successfully deleted, may be waiting on finalization} {NamespaceContentRemaining True 2025-09-30 13:43:21 +0530 IST SomeResourcesRemain Some resources are remaining: cnsnodevmattachments.cns.vmware.com has 1 resource instances, persistentvolumeclaims. has 1 resource instances, zones.topology.tanzu.vmware.com has 1 resource instances} {NamespaceFinalizersRemaining True 2025-09-30 13:43:21 +0530 IST SomeFinalizersRemain Some content in the namespace has finalizers remaining: cns.vmware.com in 1 resource instances, cns.vmware.com/pvc-protection in 1 resource instances, tanzu-topology.vmware.com/zone in 1 resource instances}]} (9m17.548416334s)&#xA;I0930 13:52:28.767476 67684 util.go:3890] Namespace csi-1613 found and status={Terminating [{NamespaceDeletionDiscoveryFailure False 2025-09-30 13:43:21 +0530 IST ResourcesDiscovered All resources successfully discovered} {NamespaceDeletionGroupVersionParsingFailure False 2025-09-30 13:43:21 +0530 IST ParsedGroupVersions All legacy kube types successfully parsed} {NamespaceDeletionContentFailure False 2025-09-30 13:43:25 +0530 IST ContentDeleted All content successfully deleted, may be waiting on finalization} {NamespaceContentRemaining True 2025-09-30 13:43:21 +0530 IST SomeResourcesRemain Some resources are remaining: cnsnodevmattachments.cns.vmware.com has 1 resource instances, persistentvolumeclaims. has 1 resource instances, zones.topology.tanzu.vmware.com has 1 resource instances} {NamespaceFinalizersRemaining True 2025-09-30 13:43:21 +0530 IST SomeFinalizersRemain Some content in the namespace has finalizers remaining: cns.vmware.com in 1 resource instances, cns.vmware.com/pvc-protection in 1 resource instances, tanzu-topology.vmware.com/zone in 1 resource instances}]} (9m19.78493275s)&#xA;I0930 13:52:30.998785 67684 util.go:3890] Namespace csi-1613 found and status={Terminating [{NamespaceDeletionDiscoveryFailure False 2025-09-30 13:43:21 +0530 IST ResourcesDiscovered All resources successfully discovered} {NamespaceDeletionGroupVersionParsingFailure False 2025-09-30 13:43:21 +0530 IST ParsedGroupVersions All legacy kube types successfully parsed} {NamespaceDeletionContentFailure False 2025-09-30 13:43:25 +0530 IST ContentDeleted All content successfully deleted, may be waiting on finalization} {NamespaceContentRemaining True 2025-09-30 13:43:21 +0530 IST SomeResourcesRemain Some resources are remaining: cnsnodevmattachments.cns.vmware.com has 1 resource instances, persistentvolumeclaims. has 1 resource instances, zones.topology.tanzu.vmware.com has 1 resource instances} {NamespaceFinalizersRemaining True 2025-09-30 13:43:21 +0530 IST SomeFinalizersRemain Some content in the namespace has finalizers remaining: cns.vmware.com in 1 resource instances, cns.vmware.com/pvc-protection in 1 resource instances, tanzu-topology.vmware.com/zone in 1 resource instances}]} (9m22.016682334s)&#xA;I0930 13:52:33.228890 67684 util.go:3890] Namespace csi-1613 found and status={Terminating [{NamespaceDeletionDiscoveryFailure False 2025-09-30 13:43:21 +0530 IST ResourcesDiscovered All resources successfully discovered} {NamespaceDeletionGroupVersionParsingFailure False 2025-09-30 13:43:21 +0530 IST ParsedGroupVersions All legacy kube types successfully parsed} {NamespaceDeletionContentFailure False 2025-09-30 13:43:25 +0530 IST ContentDeleted All content successfully deleted, may be waiting on finalization} {NamespaceContentRemaining True 2025-09-30 13:43:21 +0530 IST SomeResourcesRemain Some resources are remaining: cnsnodevmattachments.cns.vmware.com has 1 resource instances, persistentvolumeclaims. has 1 resource instances, zones.topology.tanzu.vmware.com has 1 resource instances} {NamespaceFinalizersRemaining True 2025-09-30 13:43:21 +0530 IST SomeFinalizersRemain Some content in the namespace has finalizers remaining: cns.vmware.com in 1 resource instances, cns.vmware.com/pvc-protection in 1 resource instances, tanzu-topology.vmware.com/zone in 1 resource instances}]} (9m24.246650625s)&#xA;I0930 13:52:35.465969 67684 util.go:3890] Namespace csi-1613 found and status={Terminating [{NamespaceDeletionDiscoveryFailure False 2025-09-30 13:43:21 +0530 IST ResourcesDiscovered All resources successfully discovered} {NamespaceDeletionGroupVersionParsingFailure False 2025-09-30 13:43:21 +0530 IST ParsedGroupVersions All legacy kube types successfully parsed} {NamespaceDeletionContentFailure False 2025-09-30 13:43:25 +0530 IST ContentDeleted All content successfully deleted, may be waiting on finalization} {NamespaceContentRemaining True 2025-09-30 13:43:21 +0530 IST SomeResourcesRemain Some resources are remaining: cnsnodevmattachments.cns.vmware.com has 1 resource instances, persistentvolumeclaims. has 1 resource instances, zones.topology.tanzu.vmware.com has 1 resource instances} {NamespaceFinalizersRemaining True 2025-09-30 13:43:21 +0530 IST SomeFinalizersRemain Some content in the namespace has finalizers remaining: cns.vmware.com in 1 resource instances, cns.vmware.com/pvc-protection in 1 resource instances, tanzu-topology.vmware.com/zone in 1 resource instances}]} (9m26.483949792s)&#xA;I0930 13:52:37.706339 67684 util.go:3890] Namespace csi-1613 found and status={Terminating [{NamespaceDeletionDiscoveryFailure False 2025-09-30 13:43:21 +0530 IST ResourcesDiscovered All resources successfully discovered} {NamespaceDeletionGroupVersionParsingFailure False 2025-09-30 13:43:21 +0530 IST ParsedGroupVersions All legacy kube types successfully parsed} {NamespaceDeletionContentFailure False 2025-09-30 13:43:25 +0530 IST ContentDeleted All content successfully deleted, may be waiting on finalization} {NamespaceContentRemaining True 2025-09-30 13:43:21 +0530 IST SomeResourcesRemain Some resources are remaining: cnsnodevmattachments.cns.vmware.com has 1 resource instances, persistentvolumeclaims. has 1 resource instances, zones.topology.tanzu.vmware.com has 1 resource instances} {NamespaceFinalizersRemaining True 2025-09-30 13:43:21 +0530 IST SomeFinalizersRemain Some content in the namespace has finalizers remaining: cns.vmware.com in 1 resource instances, cns.vmware.com/pvc-protection in 1 resource instances, tanzu-topology.vmware.com/zone in 1 resource instances}]} (9m28.72427225s)&#xA;I0930 13:52:39.938277 67684 util.go:3890] Namespace csi-1613 found and status={Terminating [{NamespaceDeletionDiscoveryFailure False 2025-09-30 13:43:21 +0530 IST ResourcesDiscovered All resources successfully discovered} {NamespaceDeletionGroupVersionParsingFailure False 2025-09-30 13:43:21 +0530 IST ParsedGroupVersions All legacy kube types successfully parsed} {NamespaceDeletionContentFailure False 2025-09-30 13:43:25 +0530 IST ContentDeleted All content successfully deleted, may be waiting on finalization} {NamespaceContentRemaining True 2025-09-30 13:43:21 +0530 IST SomeResourcesRemain Some resources are remaining: cnsnodevmattachments.cns.vmware.com has 1 resource instances, persistentvolumeclaims. has 1 resource instances, zones.topology.tanzu.vmware.com has 1 resource instances} {NamespaceFinalizersRemaining True 2025-09-30 13:43:21 +0530 IST SomeFinalizersRemain Some content in the namespace has finalizers remaining: cns.vmware.com in 1 resource instances, cns.vmware.com/pvc-protection in 1 resource instances, tanzu-topology.vmware.com/zone in 1 resource instances}]} (9m30.956221125s)&#xA;I0930 13:52:42.171682 67684 util.go:3890] Namespace csi-1613 found and status={Terminating [{NamespaceDeletionDiscoveryFailure False 2025-09-30 13:43:21 +0530 IST ResourcesDiscovered All resources successfully discovered} {NamespaceDeletionGroupVersionParsingFailure False 2025-09-30 13:43:21 +0530 IST ParsedGroupVersions All legacy kube types successfully parsed} {NamespaceDeletionContentFailure False 2025-09-30 13:43:25 +0530 IST ContentDeleted All content successfully deleted, may be waiting on finalization} {NamespaceContentRemaining True 2025-09-30 13:43:21 +0530 IST SomeResourcesRemain Some resources are remaining: cnsnodevmattachments.cns.vmware.com has 1 resource instances, persistentvolumeclaims. has 1 resource instances, zones.topology.tanzu.vmware.com has 1 resource instances} {NamespaceFinalizersRemaining True 2025-09-30 13:43:21 +0530 IST SomeFinalizersRemain Some content in the namespace has finalizers remaining: cns.vmware.com in 1 resource instances, cns.vmware.com/pvc-protection in 1 resource instances, tanzu-topology.vmware.com/zone in 1 resource instances}]} (9m33.189634209s)&#xA;I0930 13:52:44.400417 67684 util.go:3890] Namespace csi-1613 found and status={Terminating [{NamespaceDeletionDiscoveryFailure False 2025-09-30 13:43:21 +0530 IST ResourcesDiscovered All resources successfully discovered} {NamespaceDeletionGroupVersionParsingFailure False 2025-09-30 13:43:21 +0530 IST ParsedGroupVersions All legacy kube types successfully parsed} {NamespaceDeletionContentFailure False 2025-09-30 13:43:25 +0530 IST ContentDeleted All content successfully deleted, may be waiting on finalization} {NamespaceContentRemaining True 2025-09-30 13:43:21 +0530 IST SomeResourcesRemain Some resources are remaining: cnsnodevmattachments.cns.vmware.com has 1 resource instances, persistentvolumeclaims. has 1 resource instances, zones.topology.tanzu.vmware.com has 1 resource instances} {NamespaceFinalizersRemaining True 2025-09-30 13:43:21 +0530 IST SomeFinalizersRemain Some content in the namespace has finalizers remaining: cns.vmware.com in 1 resource instances, cns.vmware.com/pvc-protection in 1 resource instances, tanzu-topology.vmware.com/zone in 1 resource instances}]} (9m35.418361625s)&#xA;I0930 13:52:46.634981 67684 util.go:3890] Namespace csi-1613 found and status={Terminating [{NamespaceDeletionDiscoveryFailure False 2025-09-30 13:43:21 +0530 IST ResourcesDiscovered All resources successfully discovered} {NamespaceDeletionGroupVersionParsingFailure False 2025-09-30 13:43:21 +0530 IST ParsedGroupVersions All legacy kube types successfully parsed} {NamespaceDeletionContentFailure False 2025-09-30 13:43:25 +0530 IST ContentDeleted All content successfully deleted, may be waiting on finalization} {NamespaceContentRemaining True 2025-09-30 13:43:21 +0530 IST SomeResourcesRemain Some resources are remaining: cnsnodevmattachments.cns.vmware.com has 1 resource instances, persistentvolumeclaims. has 1 resource instances, zones.topology.tanzu.vmware.com has 1 resource instances} {NamespaceFinalizersRemaining True 2025-09-30 13:43:21 +0530 IST SomeFinalizersRemain Some content in the namespace has finalizers remaining: cns.vmware.com in 1 resource instances, cns.vmware.com/pvc-protection in 1 resource instances, tanzu-topology.vmware.com/zone in 1 resource instances}]} (9m37.65293375s)&#xA;I0930 13:52:48.883791 67684 util.go:3890] Namespace csi-1613 found and status={Terminating [{NamespaceDeletionDiscoveryFailure False 2025-09-30 13:43:21 +0530 IST ResourcesDiscovered All resources successfully discovered} {NamespaceDeletionGroupVersionParsingFailure False 2025-09-30 13:43:21 +0530 IST ParsedGroupVersions All legacy kube types successfully parsed} {NamespaceDeletionContentFailure False 2025-09-30 13:43:25 +0530 IST ContentDeleted All content successfully deleted, may be waiting on finalization} {NamespaceContentRemaining True 2025-09-30 13:43:21 +0530 IST SomeResourcesRemain Some resources are remaining: cnsnodevmattachments.cns.vmware.com has 1 resource instances, persistentvolumeclaims. has 1 resource instances, zones.topology.tanzu.vmware.com has 1 resource instances} {NamespaceFinalizersRemaining True 2025-09-30 13:43:21 +0530 IST SomeFinalizersRemain Some content in the namespace has finalizers remaining: cns.vmware.com in 1 resource instances, cns.vmware.com/pvc-protection in 1 resource instances, tanzu-topology.vmware.com/zone in 1 resource instances}]} (9m39.901815709s)&#xA;I0930 13:52:51.120037 67684 util.go:3890] Namespace csi-1613 found and status={Terminating [{NamespaceDeletionDiscoveryFailure False 2025-09-30 13:43:21 +0530 IST ResourcesDiscovered All resources successfully discovered} {NamespaceDeletionGroupVersionParsingFailure False 2025-09-30 13:43:21 +0530 IST ParsedGroupVersions All legacy kube types successfully parsed} {NamespaceDeletionContentFailure False 2025-09-30 13:43:25 +0530 IST ContentDeleted All content successfully deleted, may be waiting on finalization} {NamespaceContentRemaining True 2025-09-30 13:43:21 +0530 IST SomeResourcesRemain Some resources are remaining: cnsnodevmattachments.cns.vmware.com has 1 resource instances, persistentvolumeclaims. has 1 resource instances, zones.topology.tanzu.vmware.com has 1 resource instances} {NamespaceFinalizersRemaining True 2025-09-30 13:43:21 +0530 IST SomeFinalizersRemain Some content in the namespace has finalizers remaining: cns.vmware.com in 1 resource instances, cns.vmware.com/pvc-protection in 1 resource instances, tanzu-topology.vmware.com/zone in 1 resource instances}]} (9m42.138027084s)&#xA;I0930 13:52:53.350867 67684 util.go:3890] Namespace csi-1613 found and status={Terminating [{NamespaceDeletionDiscoveryFailure False 2025-09-30 13:43:21 +0530 IST ResourcesDiscovered All resources successfully discovered} {NamespaceDeletionGroupVersionParsingFailure False 2025-09-30 13:43:21 +0530 IST ParsedGroupVersions All legacy kube types successfully parsed} {NamespaceDeletionContentFailure False 2025-09-30 13:43:25 +0530 IST ContentDeleted All content successfully deleted, may be waiting on finalization} {NamespaceContentRemaining True 2025-09-30 13:43:21 +0530 IST SomeResourcesRemain Some resources are remaining: cnsnodevmattachments.cns.vmware.com has 1 resource instances, persistentvolumeclaims. has 1 resource instances, zones.topology.tanzu.vmware.com has 1 resource instances} {NamespaceFinalizersRemaining True 2025-09-30 13:43:21 +0530 IST SomeFinalizersRemain Some content in the namespace has finalizers remaining: cns.vmware.com in 1 resource instances, cns.vmware.com/pvc-protection in 1 resource instances, tanzu-topology.vmware.com/zone in 1 resource instances}]} (9m44.36885375s)&#xA;I0930 13:52:55.580069 67684 util.go:3890] Namespace csi-1613 found and status={Terminating [{NamespaceDeletionDiscoveryFailure False 2025-09-30 13:43:21 +0530 IST ResourcesDiscovered All resources successfully discovered} {NamespaceDeletionGroupVersionParsingFailure False 2025-09-30 13:43:21 +0530 IST ParsedGroupVersions All legacy kube types successfully parsed} {NamespaceDeletionContentFailure False 2025-09-30 13:43:25 +0530 IST ContentDeleted All content successfully deleted, may be waiting on finalization} {NamespaceContentRemaining True 2025-09-30 13:43:21 +0530 IST SomeResourcesRemain Some resources are remaining: cnsnodevmattachments.cns.vmware.com has 1 resource instances, persistentvolumeclaims. has 1 resource instances, zones.topology.tanzu.vmware.com has 1 resource instances} {NamespaceFinalizersRemaining True 2025-09-30 13:43:21 +0530 IST SomeFinalizersRemain Some content in the namespace has finalizers remaining: cns.vmware.com in 1 resource instances, cns.vmware.com/pvc-protection in 1 resource instances, tanzu-topology.vmware.com/zone in 1 resource instances}]} (9m46.598083292s)&#xA;I0930 13:52:57.830430 67684 util.go:3890] Namespace csi-1613 found and status={Terminating [{NamespaceDeletionDiscoveryFailure False 2025-09-30 13:43:21 +0530 IST ResourcesDiscovered All resources successfully discovered} {NamespaceDeletionGroupVersionParsingFailure False 2025-09-30 13:43:21 +0530 IST ParsedGroupVersions All legacy kube types successfully parsed} {NamespaceDeletionContentFailure False 2025-09-30 13:43:25 +0530 IST ContentDeleted All content successfully deleted, may be waiting on finalization} {NamespaceContentRemaining True 2025-09-30 13:43:21 +0530 IST SomeResourcesRemain Some resources are remaining: cnsnodevmattachments.cns.vmware.com has 1 resource instances, persistentvolumeclaims. has 1 resource instances, zones.topology.tanzu.vmware.com has 1 resource instances} {NamespaceFinalizersRemaining True 2025-09-30 13:43:21 +0530 IST SomeFinalizersRemain Some content in the namespace has finalizers remaining: cns.vmware.com in 1 resource instances, cns.vmware.com/pvc-protection in 1 resource instances, tanzu-topology.vmware.com/zone in 1 resource instances}]} (9m48.848487459s)&#xA;I0930 13:53:00.069675 67684 util.go:3890] Namespace csi-1613 found and status={Terminating [{NamespaceDeletionDiscoveryFailure False 2025-09-30 13:43:21 +0530 IST ResourcesDiscovered All resources successfully discovered} {NamespaceDeletionGroupVersionParsingFailure False 2025-09-30 13:43:21 +0530 IST ParsedGroupVersions All legacy kube types successfully parsed} {NamespaceDeletionContentFailure False 2025-09-30 13:43:25 +0530 IST ContentDeleted All content successfully deleted, may be waiting on finalization} {NamespaceContentRemaining True 2025-09-30 13:43:21 +0530 IST SomeResourcesRemain Some resources are remaining: cnsnodevmattachments.cns.vmware.com has 1 resource instances, persistentvolumeclaims. has 1 resource instances, zones.topology.tanzu.vmware.com has 1 resource instances} {NamespaceFinalizersRemaining True 2025-09-30 13:43:21 +0530 IST SomeFinalizersRemain Some content in the namespace has finalizers remaining: cns.vmware.com in 1 resource instances, cns.vmware.com/pvc-protection in 1 resource instances, tanzu-topology.vmware.com/zone in 1 resource instances}]} (9m51.087650792s)&#xA;I0930 13:53:02.306188 67684 util.go:3890] Namespace csi-1613 found and status={Terminating [{NamespaceDeletionDiscoveryFailure False 2025-09-30 13:43:21 +0530 IST ResourcesDiscovered All resources successfully discovered} {NamespaceDeletionGroupVersionParsingFailure False 2025-09-30 13:43:21 +0530 IST ParsedGroupVersions All legacy kube types successfully parsed} {NamespaceDeletionContentFailure False 2025-09-30 13:43:25 +0530 IST ContentDeleted All content successfully deleted, may be waiting on finalization} {NamespaceContentRemaining True 2025-09-30 13:43:21 +0530 IST SomeResourcesRemain Some resources are remaining: cnsnodevmattachments.cns.vmware.com has 1 resource instances, persistentvolumeclaims. has 1 resource instances, zones.topology.tanzu.vmware.com has 1 resource instances} {NamespaceFinalizersRemaining True 2025-09-30 13:43:21 +0530 IST SomeFinalizersRemain Some content in the namespace has finalizers remaining: cns.vmware.com in 1 resource instances, cns.vmware.com/pvc-protection in 1 resource instances, tanzu-topology.vmware.com/zone in 1 resource instances}]} (9m53.324275125s)&#xA;I0930 13:53:04.562032 67684 util.go:3890] Namespace csi-1613 found and status={Terminating [{NamespaceDeletionDiscoveryFailure False 2025-09-30 13:43:21 +0530 IST ResourcesDiscovered All resources successfully discovered} {NamespaceDeletionGroupVersionParsingFailure False 2025-09-30 13:43:21 +0530 IST ParsedGroupVersions All legacy kube types successfully parsed} {NamespaceDeletionContentFailure False 2025-09-30 13:43:25 +0530 IST ContentDeleted All content successfully deleted, may be waiting on finalization} {NamespaceContentRemaining True 2025-09-30 13:43:21 +0530 IST SomeResourcesRemain Some resources are remaining: cnsnodevmattachments.cns.vmware.com has 1 resource instances, persistentvolumeclaims. has 1 resource instances, zones.topology.tanzu.vmware.com has 1 resource instances} {NamespaceFinalizersRemaining True 2025-09-30 13:43:21 +0530 IST SomeFinalizersRemain Some content in the namespace has finalizers remaining: cns.vmware.com in 1 resource instances, cns.vmware.com/pvc-protection in 1 resource instances, tanzu-topology.vmware.com/zone in 1 resource instances}]} (9m55.580149292s)&#xA;I0930 13:53:06.810444 67684 util.go:3890] Namespace csi-1613 found and status={Terminating [{NamespaceDeletionDiscoveryFailure False 2025-09-30 13:43:21 +0530 IST ResourcesDiscovered All resources successfully discovered} {NamespaceDeletionGroupVersionParsingFailure False 2025-09-30 13:43:21 +0530 IST ParsedGroupVersions All legacy kube types successfully parsed} {NamespaceDeletionContentFailure False 2025-09-30 13:43:25 +0530 IST ContentDeleted All content successfully deleted, may be waiting on finalization} {NamespaceContentRemaining True 2025-09-30 13:43:21 +0530 IST SomeResourcesRemain Some resources are remaining: cnsnodevmattachments.cns.vmware.com has 1 resource instances, persistentvolumeclaims. has 1 resource instances, zones.topology.tanzu.vmware.com has 1 resource instances} {NamespaceFinalizersRemaining True 2025-09-30 13:43:21 +0530 IST SomeFinalizersRemain Some content in the namespace has finalizers remaining: cns.vmware.com in 1 resource instances, cns.vmware.com/pvc-protection in 1 resource instances, tanzu-topology.vmware.com/zone in 1 resource instances}]} (9m57.828473917s)&#xA;I0930 13:53:09.052305 67684 util.go:3890] Namespace csi-1613 found and status={Terminating [{NamespaceDeletionDiscoveryFailure False 2025-09-30 13:43:21 +0530 IST ResourcesDiscovered All resources successfully discovered} {NamespaceDeletionGroupVersionParsingFailure False 2025-09-30 13:43:21 +0530 IST ParsedGroupVersions All legacy kube types successfully parsed} {NamespaceDeletionContentFailure False 2025-09-30 13:43:25 +0530 IST ContentDeleted All content successfully deleted, may be waiting on finalization} {NamespaceContentRemaining True 2025-09-30 13:43:21 +0530 IST SomeResourcesRemain Some resources are remaining: cnsnodevmattachments.cns.vmware.com has 1 resource instances, persistentvolumeclaims. has 1 resource instances, zones.topology.tanzu.vmware.com has 1 resource instances} {NamespaceFinalizersRemaining True 2025-09-30 13:43:21 +0530 IST SomeFinalizersRemain Some content in the namespace has finalizers remaining: cns.vmware.com in 1 resource instances, cns.vmware.com/pvc-protection in 1 resource instances, tanzu-topology.vmware.com/zone in 1 resource instances}]} (10m0.070341375s)&#xA;[FAILED] Expected success, but got an error:&#xA;    &lt;*errors.errorString | 0x14000b88d50&gt;: &#xA;    namespace csi-1613 still exists within 10m0s&#xA;    {&#xA;        s: &#34;namespace csi-1613 still exists within 10m0s&#34;,&#xA;    }&#xA;In [AfterEach] at: /Users/nayakb/vsphere-csi-driver/tests/e2e/restore_on_target_ds/restore_on_target_ds_vms_tests.go:153 @ 09/30/25 13:53:11.054&#xA;&lt; Exit [AfterEach] [restore-on-target-ds-vms-p0] restore-on-target-ds-vms-p0 - /Users/nayakb/vsphere-csi-driver/tests/e2e/restore_on_target_ds/restore_on_target_ds_vms_tests.go:139 @ 09/30/25 13:53:11.055 (10m3.729s)&#xA;&gt; Enter [DeferCleanup (Each)] [restore-on-target-ds-vms-p0] restore-on-target-ds-vms-p0 - dump namespaces | framework.go:218 @ 09/30/25 13:53:11.055&#xA;STEP: dump namespace information after failure - /Users/nayakb/vsphere-csi-driver/vendor/k8s.io/kubernetes/test/e2e/framework/framework.go:297 @ 09/30/25 13:53:11.055&#xA;END STEP: dump namespace information after failure - /Users/nayakb/vsphere-csi-driver/vendor/k8s.io/kubernetes/test/e2e/framework/framework.go:297 @ 09/30/25 13:53:11.055 (0s)&#xA;&lt; Exit [DeferCleanup (Each)] [restore-on-target-ds-vms-p0] restore-on-target-ds-vms-p0 - dump namespaces | framework.go:218 @ 09/30/25 13:53:11.055 (0s)&#xA;&gt; Enter [DeferCleanup (Each)] [restore-on-target-ds-vms-p0] restore-on-target-ds-vms-p0 - tear down framework | framework.go:215 @ 09/30/25 13:53:11.055&#xA;&lt; Exit [DeferCleanup (Each)] [restore-on-target-ds-vms-p0] restore-on-target-ds-vms-p0 - tear down framework | framework.go:215 @ 09/30/25 13:53:11.055 (0s)&#xA;</system-err>
          </testcase>
          <testcase name="[It] [restore-on-target-ds-vms-p0] restore-on-target-ds-vms-p0 Attach VM to restored PVC with detaching original PVC [p0, vc901]" classname="End-to-End-Creating-Disk-From-Snapshot-On-Target-Datastore" status="skipped" time="0">
              <skipped message="skipped"></skipped>
          </testcase>
          <testcase name="[It] [restore-on-target-ds-vms-p0] restore-on-target-ds-vms-p0 Create a PVC from a snapshot on a different datastore, verify the data integrity [p0, vc901]" classname="End-to-End-Creating-Disk-From-Snapshot-On-Target-Datastore" status="skipped" time="0">
              <skipped message="skipped"></skipped>
          </testcase>
          <testcase name="[It] [sig-storage] Projected configMap should be consumable from pods in volume [NodeConformance] [Conformance] [sig-storage, NodeConformance, Conformance]" classname="End-to-End-Creating-Disk-From-Snapshot-On-Target-Datastore" status="skipped" time="0">
              <skipped message="skipped"></skipped>
          </testcase>
          <testcase name="[It] [sig-storage] Projected configMap should be consumable from pods in volume with defaultMode set [LinuxOnly] [NodeConformance] [Conformance] [sig-storage, NodeConformance, Conformance]" classname="End-to-End-Creating-Disk-From-Snapshot-On-Target-Datastore" status="skipped" time="0">
              <skipped message="skipped"></skipped>
          </testcase>
          <testcase name="[It] [sig-storage] Projected configMap should be consumable from pods in volume as non-root with defaultMode and fsGroup set [LinuxOnly] [sig-storage]" classname="End-to-End-Creating-Disk-From-Snapshot-On-Target-Datastore" status="skipped" time="0">
              <skipped message="skipped"></skipped>
          </testcase>
          <testcase name="[It] [sig-storage] Projected configMap should be consumable from pods in volume as non-root [NodeConformance] [Conformance] [sig-storage, NodeConformance, Conformance]" classname="End-to-End-Creating-Disk-From-Snapshot-On-Target-Datastore" status="skipped" time="0">
              <skipped message="skipped"></skipped>
          </testcase>
          <testcase name="[It] [sig-storage] Projected configMap should be consumable from pods in volume as non-root with FSGroup [LinuxOnly] [sig-storage]" classname="End-to-End-Creating-Disk-From-Snapshot-On-Target-Datastore" status="skipped" time="0">
              <skipped message="skipped"></skipped>
          </testcase>
          <testcase name="[It] [sig-storage] Projected configMap should be consumable from pods in volume with mappings [NodeConformance] [Conformance] [sig-storage, NodeConformance, Conformance]" classname="End-to-End-Creating-Disk-From-Snapshot-On-Target-Datastore" status="skipped" time="0">
              <skipped message="skipped"></skipped>
          </testcase>
          <testcase name="[It] [sig-storage] Projected configMap should be consumable from pods in volume with mappings and Item mode set [LinuxOnly] [NodeConformance] [Conformance] [sig-storage, NodeConformance, Conformance]" classname="End-to-End-Creating-Disk-From-Snapshot-On-Target-Datastore" status="skipped" time="0">
              <skipped message="skipped"></skipped>
          </testcase>
          <testcase name="[It] [sig-storage] Projected configMap should be consumable from pods in volume with mappings as non-root [NodeConformance] [Conformance] [sig-storage, NodeConformance, Conformance]" classname="End-to-End-Creating-Disk-From-Snapshot-On-Target-Datastore" status="skipped" time="0">
              <skipped message="skipped"></skipped>
          </testcase>
          <testcase name="[It] [sig-storage] Projected configMap should be consumable from pods in volume with mappings as non-root with FSGroup [LinuxOnly] [sig-storage]" classname="End-to-End-Creating-Disk-From-Snapshot-On-Target-Datastore" status="skipped" time="0">
              <skipped message="skipped"></skipped>
          </testcase>
          <testcase name="[It] [sig-storage] Projected configMap updates should be reflected in volume [NodeConformance] [Conformance] [sig-storage, NodeConformance, Conformance]" classname="End-to-End-Creating-Disk-From-Snapshot-On-Target-Datastore" status="skipped" time="0">
              <skipped message="skipped"></skipped>
          </testcase>
          <testcase name="[It] [sig-storage] Projected configMap optional updates should be reflected in volume [NodeConformance] [Conformance] [sig-storage, NodeConformance, Conformance]" classname="End-to-End-Creating-Disk-From-Snapshot-On-Target-Datastore" status="skipped" time="0">
              <skipped message="skipped"></skipped>
          </testcase>
          <testcase name="[It] [sig-storage] Projected configMap should be consumable in multiple volumes in the same pod [NodeConformance] [Conformance] [sig-storage, NodeConformance, Conformance]" classname="End-to-End-Creating-Disk-From-Snapshot-On-Target-Datastore" status="skipped" time="0">
              <skipped message="skipped"></skipped>
          </testcase>
          <testcase name="[It] [sig-storage] Projected configMap Should fail non-optional pod creation due to configMap object does not exist [Slow] [sig-storage, Slow]" classname="End-to-End-Creating-Disk-From-Snapshot-On-Target-Datastore" status="skipped" time="0">
              <skipped message="skipped"></skipped>
          </testcase>
          <testcase name="[It] [sig-storage] Projected configMap Should fail non-optional pod creation due to the key in the configMap object does not exist [Slow] [sig-storage, Slow]" classname="End-to-End-Creating-Disk-From-Snapshot-On-Target-Datastore" status="skipped" time="0">
              <skipped message="skipped"></skipped>
          </testcase>
          <testcase name="[It] [sig-node] Lifecycle sleep action zero value when create a pod with lifecycle hook using sleep action with a duration of zero seconds prestop hook using sleep action with zero duration [sig-node]" classname="End-to-End-Creating-Disk-From-Snapshot-On-Target-Datastore" status="skipped" time="0">
              <skipped message="skipped"></skipped>
          </testcase>
          <testcase name="[It] [sig-node] PodTemplates should run the lifecycle of PodTemplates [Conformance] [sig-node, Conformance]" classname="End-to-End-Creating-Disk-From-Snapshot-On-Target-Datastore" status="skipped" time="0">
              <skipped message="skipped"></skipped>
          </testcase>
          <testcase name="[It] [sig-node] PodTemplates should delete a collection of pod templates [Conformance] [sig-node, Conformance]" classname="End-to-End-Creating-Disk-From-Snapshot-On-Target-Datastore" status="skipped" time="0">
              <skipped message="skipped"></skipped>
          </testcase>
          <testcase name="[It] [sig-node] PodTemplates should replace a pod template [Conformance] [sig-node, Conformance]" classname="End-to-End-Creating-Disk-From-Snapshot-On-Target-Datastore" status="skipped" time="0">
              <skipped message="skipped"></skipped>
          </testcase>
          <testcase name="[It] [sig-network] Networking Granular Checks: Pods should function for intra-pod communication: http [NodeConformance] [Conformance] [sig-network, NodeConformance, Conformance]" classname="End-to-End-Creating-Disk-From-Snapshot-On-Target-Datastore" status="skipped" time="0">
              <skipped message="skipped"></skipped>
          </testcase>
          <testcase name="[It] [sig-network] Networking Granular Checks: Pods should function for intra-pod communication: udp [NodeConformance] [Conformance] [sig-network, NodeConformance, Conformance]" classname="End-to-End-Creating-Disk-From-Snapshot-On-Target-Datastore" status="skipped" time="0">
              <skipped message="skipped"></skipped>
          </testcase>
          <testcase name="[It] [sig-network] Networking Granular Checks: Pods should function for node-pod communication: http [LinuxOnly] [NodeConformance] [Conformance] [sig-network, NodeConformance, Conformance]" classname="End-to-End-Creating-Disk-From-Snapshot-On-Target-Datastore" status="skipped" time="0">
              <skipped message="skipped"></skipped>
          </testcase>
          <testcase name="[It] [sig-network] Networking Granular Checks: Pods should function for node-pod communication: udp [LinuxOnly] [NodeConformance] [Conformance] [sig-network, NodeConformance, Conformance]" classname="End-to-End-Creating-Disk-From-Snapshot-On-Target-Datastore" status="skipped" time="0">
              <skipped message="skipped"></skipped>
          </testcase>
          <testcase name="[It] [sig-network] Networking Granular Checks: Pods should function for intra-pod communication: sctp [LinuxOnly] [Feature:SCTPConnectivity] [sig-network, Feature:SCTPConnectivity]" classname="End-to-End-Creating-Disk-From-Snapshot-On-Target-Datastore" status="skipped" time="0">
              <skipped message="skipped"></skipped>
          </testcase>
          <testcase name="[It] [sig-network] Networking Granular Checks: Pods should function for node-pod communication: sctp [LinuxOnly] [Feature:SCTPConnectivity] [sig-network, Feature:SCTPConnectivity]" classname="End-to-End-Creating-Disk-From-Snapshot-On-Target-Datastore" status="skipped" time="0">
              <skipped message="skipped"></skipped>
          </testcase>
          <testcase name="[It] [sig-node] Container Runtime blackbox test when starting a container that exits should run with the expected status [NodeConformance] [Conformance] [sig-node, NodeConformance, Conformance]" classname="End-to-End-Creating-Disk-From-Snapshot-On-Target-Datastore" status="skipped" time="0">
              <skipped message="skipped"></skipped>
          </testcase>
          <testcase name="[It] [sig-node] Container Runtime blackbox test on terminated container should report termination message if TerminationMessagePath is set [NodeConformance] [sig-node, NodeConformance]" classname="End-to-End-Creating-Disk-From-Snapshot-On-Target-Datastore" status="skipped" time="0">
              <skipped message="skipped"></skipped>
          </testcase>
          <testcase name="[It] [sig-node] Container Runtime blackbox test on terminated container should report termination message if TerminationMessagePath is set as non-root user and at a non-default path [NodeConformance] [Conformance] [sig-node, NodeConformance, Conformance]" classname="End-to-End-Creating-Disk-From-Snapshot-On-Target-Datastore" status="skipped" time="0">
              <skipped message="skipped"></skipped>
          </testcase>
          <testcase name="[It] [sig-node] Container Runtime blackbox test on terminated container should report termination message from log output if TerminationMessagePolicy FallbackToLogsOnError is set [NodeConformance] [Conformance] [sig-node, NodeConformance, Conformance]" classname="End-to-End-Creating-Disk-From-Snapshot-On-Target-Datastore" status="skipped" time="0">
              <skipped message="skipped"></skipped>
          </testcase>
          <testcase name="[It] [sig-node] Container Runtime blackbox test on terminated container should report termination message as empty when pod succeeds and TerminationMessagePolicy FallbackToLogsOnError is set [NodeConformance] [Conformance] [sig-node, NodeConformance, Conformance]" classname="End-to-End-Creating-Disk-From-Snapshot-On-Target-Datastore" status="skipped" time="0">
              <skipped message="skipped"></skipped>
          </testcase>
          <testcase name="[It] [sig-node] Container Runtime blackbox test on terminated container should report termination message from file when pod succeeds and TerminationMessagePolicy FallbackToLogsOnError is set [NodeConformance] [Conformance] [sig-node, NodeConformance, Conformance]" classname="End-to-End-Creating-Disk-From-Snapshot-On-Target-Datastore" status="skipped" time="0">
              <skipped message="skipped"></skipped>
          </testcase>
          <testcase name="[It] [sig-node] Container Runtime blackbox test when running a container with a new image should not be able to pull image from invalid registry [NodeConformance] [sig-node, NodeConformance]" classname="End-to-End-Creating-Disk-From-Snapshot-On-Target-Datastore" status="skipped" time="0">
              <skipped message="skipped"></skipped>
          </testcase>
          <testcase name="[It] [sig-node] Container Runtime blackbox test when running a container with a new image should be able to pull image [NodeConformance] [sig-node, NodeConformance]" classname="End-to-End-Creating-Disk-From-Snapshot-On-Target-Datastore" status="skipped" time="0">
              <skipped message="skipped"></skipped>
          </testcase>
          <testcase name="[It] [sig-node] Container Runtime blackbox test when running a container with a new image should not be able to pull from private registry without secret [NodeConformance] [sig-node, NodeConformance]" classname="End-to-End-Creating-Disk-From-Snapshot-On-Target-Datastore" status="skipped" time="0">
              <skipped message="skipped"></skipped>
          </testcase>
          <testcase name="[It] [sig-node] Secrets should be consumable from pods in env vars [NodeConformance] [Conformance] [sig-node, NodeConformance, Conformance]" classname="End-to-End-Creating-Disk-From-Snapshot-On-Target-Datastore" status="skipped" time="0">
              <skipped message="skipped"></skipped>
          </testcase>
          <testcase name="[It] [sig-node] Secrets should be consumable via the environment [NodeConformance] [Conformance] [sig-node, NodeConformance, Conformance]" classname="End-to-End-Creating-Disk-From-Snapshot-On-Target-Datastore" status="skipped" time="0">
              <skipped message="skipped"></skipped>
          </testcase>
          <testcase name="[It] [sig-node] Secrets should fail to create secret due to empty secret key [Conformance] [sig-node, Conformance]" classname="End-to-End-Creating-Disk-From-Snapshot-On-Target-Datastore" status="skipped" time="0">
              <skipped message="skipped"></skipped>
          </testcase>
          <testcase name="[It] [sig-node] Secrets should patch a secret [Conformance] [sig-node, Conformance]" classname="End-to-End-Creating-Disk-From-Snapshot-On-Target-Datastore" status="skipped" time="0">
              <skipped message="skipped"></skipped>
          </testcase>
          <testcase name="[It] [sig-node] Secrets should be consumable as environment variable names variable names with various prefixes [Conformance] [sig-node, Conformance]" classname="End-to-End-Creating-Disk-From-Snapshot-On-Target-Datastore" status="skipped" time="0">
              <skipped message="skipped"></skipped>
          </testcase>
          <testcase name="[It] [sig-node] Override hostname of Pod [FeatureGate:HostnameOverride] [Alpha] [Feature:OffByDefault] a pod has hostnameOverride field with value that is a valid DNS subdomain. [sig-node, FeatureGate:HostnameOverride, Alpha, Feature:OffByDefault]" classname="End-to-End-Creating-Disk-From-Snapshot-On-Target-Datastore" status="skipped" time="0">
              <skipped message="skipped"></skipped>
          </testcase>
          <testcase name="[It] [sig-node] Override hostname of Pod [FeatureGate:HostnameOverride] [Alpha] [Feature:OffByDefault] a pod with hostname and hostnameOverride fields will have hostnameOverride as hostname [sig-node, FeatureGate:HostnameOverride, Alpha, Feature:OffByDefault]" classname="End-to-End-Creating-Disk-From-Snapshot-On-Target-Datastore" status="skipped" time="0">
              <skipped message="skipped"></skipped>
          </testcase>
          <testcase name="[It] [sig-node] Override hostname of Pod [FeatureGate:HostnameOverride] [Alpha] [Feature:OffByDefault] a pod with only hostnameOverride field will have hostnameOverride as hostname [sig-node, FeatureGate:HostnameOverride, Alpha, Feature:OffByDefault]" classname="End-to-End-Creating-Disk-From-Snapshot-On-Target-Datastore" status="skipped" time="0">
              <skipped message="skipped"></skipped>
          </testcase>
          <testcase name="[It] [sig-node] Override hostname of Pod [FeatureGate:HostnameOverride] [Alpha] [Feature:OffByDefault] a pod with subdomain and hostnameOverride fields will have hostnameOverride as hostname [sig-node, FeatureGate:HostnameOverride, Alpha, Feature:OffByDefault]" classname="End-to-End-Creating-Disk-From-Snapshot-On-Target-Datastore" status="skipped" time="0">
              <skipped message="skipped"></skipped>
          </testcase>
          <testcase name="[It] [sig-node] Override hostname of Pod [FeatureGate:HostnameOverride] [Alpha] [Feature:OffByDefault] a pod with setHostnameAsFQDN and hostnameOverride fields will fail to be created [sig-node, FeatureGate:HostnameOverride, Alpha, Feature:OffByDefault]" classname="End-to-End-Creating-Disk-From-Snapshot-On-Target-Datastore" status="skipped" time="0">
              <skipped message="skipped"></skipped>
          </testcase>
          <testcase name="[It] [sig-node] Override hostname of Pod [FeatureGate:HostnameOverride] [Alpha] [Feature:OffByDefault] a pod with hostNetwork and hostnameOverride fields will fail to be created [sig-node, FeatureGate:HostnameOverride, Alpha, Feature:OffByDefault]" classname="End-to-End-Creating-Disk-From-Snapshot-On-Target-Datastore" status="skipped" time="0">
              <skipped message="skipped"></skipped>
          </testcase>
          <testcase name="[It] [sig-node] Override hostname of Pod [FeatureGate:HostnameOverride] [Alpha] [Feature:OffByDefault] a pod with non-RFC1123 subdomain string for hostnameOverride field will fail to be created [sig-node, FeatureGate:HostnameOverride, Alpha, Feature:OffByDefault]" classname="End-to-End-Creating-Disk-From-Snapshot-On-Target-Datastore" status="skipped" time="0">
              <skipped message="skipped"></skipped>
          </testcase>
      </testsuite>
  </testsuites>