<?xml version="1.0" encoding="UTF-8"?>
  <testsuites tests="358" disabled="357" errors="0" failures="1" time="88.7471365">
      <testsuite name="CNS-CSI-Driver-End-to-End-Transaction-Support-Tests" package="/Users/nhemanth/WS/CSI_WS/vsphere-csi-driver/tests/e2e/provisioning/transactionsupport" tests="358" disabled="0" skipped="357" errors="0" failures="1" time="88.7471365" timestamp="2025-09-22T20:06:07">
          <properties>
              <property name="SuiteSucceeded" value="false"></property>
              <property name="SuiteHasProgrammaticFocus" value="false"></property>
              <property name="SpecialSuiteFailureReason" value=""></property>
              <property name="SuiteLabels" value="[]"></property>
              <property name="RandomSeed" value="1758551767"></property>
              <property name="RandomizeAllSpecs" value="false"></property>
              <property name="LabelFilter" value=""></property>
              <property name="FocusStrings" value="Transaction_Support_Create_Volume,Transaction_Support_Create_Volume"></property>
              <property name="SkipStrings" value="ttt,--ginkgo.progress,ttt,--ginkgo.progress"></property>
              <property name="FocusFiles" value=""></property>
              <property name="SkipFiles" value=""></property>
              <property name="FailOnPending" value="false"></property>
              <property name="FailOnEmpty" value="false"></property>
              <property name="FailFast" value="false"></property>
              <property name="FlakeAttempts" value="0"></property>
              <property name="DryRun" value="false"></property>
              <property name="ParallelTotal" value="1"></property>
              <property name="OutputInterceptorMode" value=""></property>
          </properties>
          <testcase name="[It] [sig-node] Kubelet when scheduling a busybox command in a pod should print the output to logs [NodeConformance] [Conformance] [sig-node, NodeConformance, Conformance]" classname="CNS-CSI-Driver-End-to-End-Transaction-Support-Tests" status="skipped" time="0">
              <skipped message="skipped"></skipped>
          </testcase>
          <testcase name="[It] [sig-node] Kubelet when scheduling a busybox command that always fails in a pod should have an terminated reason [NodeConformance] [Conformance] [sig-node, NodeConformance, Conformance]" classname="CNS-CSI-Driver-End-to-End-Transaction-Support-Tests" status="skipped" time="0">
              <skipped message="skipped"></skipped>
          </testcase>
          <testcase name="[It] [sig-node] Kubelet when scheduling a busybox command that always fails in a pod should be possible to delete [NodeConformance] [Conformance] [sig-node, NodeConformance, Conformance]" classname="CNS-CSI-Driver-End-to-End-Transaction-Support-Tests" status="skipped" time="0">
              <skipped message="skipped"></skipped>
          </testcase>
          <testcase name="[It] [sig-node] Kubelet when scheduling an agnhost Pod with hostAliases should write entries to /etc/hosts [NodeConformance] [Conformance] [sig-node, NodeConformance, Conformance]" classname="CNS-CSI-Driver-End-to-End-Transaction-Support-Tests" status="skipped" time="0">
              <skipped message="skipped"></skipped>
          </testcase>
          <testcase name="[It] [sig-node] Kubelet when scheduling a read only busybox container should not write to root filesystem [LinuxOnly] [NodeConformance] [Conformance] [sig-node, NodeConformance, Conformance]" classname="CNS-CSI-Driver-End-to-End-Transaction-Support-Tests" status="skipped" time="0">
              <skipped message="skipped"></skipped>
          </testcase>
          <testcase name="[It] [sig-storage] Projected configMap should be consumable from pods in volume [NodeConformance] [Conformance] [sig-storage, NodeConformance, Conformance]" classname="CNS-CSI-Driver-End-to-End-Transaction-Support-Tests" status="skipped" time="0">
              <skipped message="skipped"></skipped>
          </testcase>
          <testcase name="[It] [sig-storage] Projected configMap should be consumable from pods in volume with defaultMode set [LinuxOnly] [NodeConformance] [Conformance] [sig-storage, NodeConformance, Conformance]" classname="CNS-CSI-Driver-End-to-End-Transaction-Support-Tests" status="skipped" time="0">
              <skipped message="skipped"></skipped>
          </testcase>
          <testcase name="[It] [sig-storage] Projected configMap should be consumable from pods in volume as non-root with defaultMode and fsGroup set [LinuxOnly] [sig-storage]" classname="CNS-CSI-Driver-End-to-End-Transaction-Support-Tests" status="skipped" time="0">
              <skipped message="skipped"></skipped>
          </testcase>
          <testcase name="[It] [sig-storage] Projected configMap should be consumable from pods in volume as non-root [NodeConformance] [Conformance] [sig-storage, NodeConformance, Conformance]" classname="CNS-CSI-Driver-End-to-End-Transaction-Support-Tests" status="skipped" time="0">
              <skipped message="skipped"></skipped>
          </testcase>
          <testcase name="[It] [sig-storage] Projected configMap should be consumable from pods in volume as non-root with FSGroup [LinuxOnly] [sig-storage]" classname="CNS-CSI-Driver-End-to-End-Transaction-Support-Tests" status="skipped" time="0">
              <skipped message="skipped"></skipped>
          </testcase>
          <testcase name="[It] [sig-storage] Projected configMap should be consumable from pods in volume with mappings [NodeConformance] [Conformance] [sig-storage, NodeConformance, Conformance]" classname="CNS-CSI-Driver-End-to-End-Transaction-Support-Tests" status="skipped" time="0">
              <skipped message="skipped"></skipped>
          </testcase>
          <testcase name="[It] [sig-storage] Projected configMap should be consumable from pods in volume with mappings and Item mode set [LinuxOnly] [NodeConformance] [Conformance] [sig-storage, NodeConformance, Conformance]" classname="CNS-CSI-Driver-End-to-End-Transaction-Support-Tests" status="skipped" time="0">
              <skipped message="skipped"></skipped>
          </testcase>
          <testcase name="[It] [sig-storage] Projected configMap should be consumable from pods in volume with mappings as non-root [NodeConformance] [Conformance] [sig-storage, NodeConformance, Conformance]" classname="CNS-CSI-Driver-End-to-End-Transaction-Support-Tests" status="skipped" time="0">
              <skipped message="skipped"></skipped>
          </testcase>
          <testcase name="[It] [sig-storage] Projected configMap should be consumable from pods in volume with mappings as non-root with FSGroup [LinuxOnly] [sig-storage]" classname="CNS-CSI-Driver-End-to-End-Transaction-Support-Tests" status="skipped" time="0">
              <skipped message="skipped"></skipped>
          </testcase>
          <testcase name="[It] [sig-storage] Projected configMap updates should be reflected in volume [NodeConformance] [Conformance] [sig-storage, NodeConformance, Conformance]" classname="CNS-CSI-Driver-End-to-End-Transaction-Support-Tests" status="skipped" time="0">
              <skipped message="skipped"></skipped>
          </testcase>
          <testcase name="[It] [sig-storage] Projected configMap optional updates should be reflected in volume [NodeConformance] [Conformance] [sig-storage, NodeConformance, Conformance]" classname="CNS-CSI-Driver-End-to-End-Transaction-Support-Tests" status="skipped" time="0">
              <skipped message="skipped"></skipped>
          </testcase>
          <testcase name="[It] [sig-storage] Projected configMap should be consumable in multiple volumes in the same pod [NodeConformance] [Conformance] [sig-storage, NodeConformance, Conformance]" classname="CNS-CSI-Driver-End-to-End-Transaction-Support-Tests" status="skipped" time="0">
              <skipped message="skipped"></skipped>
          </testcase>
          <testcase name="[It] [sig-storage] Projected configMap Should fail non-optional pod creation due to configMap object does not exist [Slow] [sig-storage, Slow]" classname="CNS-CSI-Driver-End-to-End-Transaction-Support-Tests" status="skipped" time="0">
              <skipped message="skipped"></skipped>
          </testcase>
          <testcase name="[It] [sig-storage] Projected configMap Should fail non-optional pod creation due to the key in the configMap object does not exist [Slow] [sig-storage, Slow]" classname="CNS-CSI-Driver-End-to-End-Transaction-Support-Tests" status="skipped" time="0">
              <skipped message="skipped"></skipped>
          </testcase>
          <testcase name="[It] [sig-node] [Feature:SidecarContainers] Probing restartable init container with readiness probe should not be ready before initial delay and never restart [sig-node, Feature:SidecarContainers]" classname="CNS-CSI-Driver-End-to-End-Transaction-Support-Tests" status="skipped" time="0">
              <skipped message="skipped"></skipped>
          </testcase>
          <testcase name="[It] [sig-node] [Feature:SidecarContainers] Probing restartable init container with readiness probe that fails should never be ready and never restart [sig-node, Feature:SidecarContainers]" classname="CNS-CSI-Driver-End-to-End-Transaction-Support-Tests" status="skipped" time="0">
              <skipped message="skipped"></skipped>
          </testcase>
          <testcase name="[It] [sig-node] [Feature:SidecarContainers] Probing restartable init container should be restarted with a exec &#34;cat /tmp/health&#34; liveness probe [sig-node, Feature:SidecarContainers]" classname="CNS-CSI-Driver-End-to-End-Transaction-Support-Tests" status="skipped" time="0">
              <skipped message="skipped"></skipped>
          </testcase>
          <testcase name="[It] [sig-node] [Feature:SidecarContainers] Probing restartable init container should *not* be restarted with a exec &#34;cat /tmp/health&#34; liveness probe [sig-node, Feature:SidecarContainers]" classname="CNS-CSI-Driver-End-to-End-Transaction-Support-Tests" status="skipped" time="0">
              <skipped message="skipped"></skipped>
          </testcase>
          <testcase name="[It] [sig-node] [Feature:SidecarContainers] Probing restartable init container should be restarted with a /healthz http liveness probe [sig-node, Feature:SidecarContainers]" classname="CNS-CSI-Driver-End-to-End-Transaction-Support-Tests" status="skipped" time="0">
              <skipped message="skipped"></skipped>
          </testcase>
          <testcase name="[It] [sig-node] [Feature:SidecarContainers] Probing restartable init container should *not* be restarted with a tcp:8080 liveness probe [sig-node, Feature:SidecarContainers]" classname="CNS-CSI-Driver-End-to-End-Transaction-Support-Tests" status="skipped" time="0">
              <skipped message="skipped"></skipped>
          </testcase>
          <testcase name="[It] [sig-node] [Feature:SidecarContainers] Probing restartable init container should have monotonically increasing restart count [sig-node, Feature:SidecarContainers]" classname="CNS-CSI-Driver-End-to-End-Transaction-Support-Tests" status="skipped" time="0">
              <skipped message="skipped"></skipped>
          </testcase>
          <testcase name="[It] [sig-node] [Feature:SidecarContainers] Probing restartable init container should *not* be restarted with a /healthz http liveness probe [sig-node, Feature:SidecarContainers]" classname="CNS-CSI-Driver-End-to-End-Transaction-Support-Tests" status="skipped" time="0">
              <skipped message="skipped"></skipped>
          </testcase>
          <testcase name="[It] [sig-node] [Feature:SidecarContainers] Probing restartable init container should be restarted with an exec liveness probe with timeout [MinimumKubeletVersion:1.20] [sig-node, Feature:SidecarContainers]" classname="CNS-CSI-Driver-End-to-End-Transaction-Support-Tests" status="skipped" time="0">
              <skipped message="skipped"></skipped>
          </testcase>
          <testcase name="[It] [sig-node] [Feature:SidecarContainers] Probing restartable init container should not be ready with an exec readiness probe timeout [MinimumKubeletVersion:1.20] [sig-node, Feature:SidecarContainers]" classname="CNS-CSI-Driver-End-to-End-Transaction-Support-Tests" status="skipped" time="0">
              <skipped message="skipped"></skipped>
          </testcase>
          <testcase name="[It] [sig-node] [Feature:SidecarContainers] Probing restartable init container should be restarted with a failing exec liveness probe that took longer than the timeout [sig-node, Feature:SidecarContainers]" classname="CNS-CSI-Driver-End-to-End-Transaction-Support-Tests" status="skipped" time="0">
              <skipped message="skipped"></skipped>
          </testcase>
          <testcase name="[It] [sig-node] [Feature:SidecarContainers] Probing restartable init container should be restarted with a local redirect http liveness probe [sig-node, Feature:SidecarContainers]" classname="CNS-CSI-Driver-End-to-End-Transaction-Support-Tests" status="skipped" time="0">
              <skipped message="skipped"></skipped>
          </testcase>
          <testcase name="[It] [sig-node] [Feature:SidecarContainers] Probing restartable init container should *not* be restarted with a non-local redirect http liveness probe [sig-node, Feature:SidecarContainers]" classname="CNS-CSI-Driver-End-to-End-Transaction-Support-Tests" status="skipped" time="0">
              <skipped message="skipped"></skipped>
          </testcase>
          <testcase name="[It] [sig-node] [Feature:SidecarContainers] Probing restartable init container should be restarted startup probe fails [sig-node, Feature:SidecarContainers]" classname="CNS-CSI-Driver-End-to-End-Transaction-Support-Tests" status="skipped" time="0">
              <skipped message="skipped"></skipped>
          </testcase>
          <testcase name="[It] [sig-node] [Feature:SidecarContainers] Probing restartable init container should *not* be restarted by liveness probe because startup probe delays it [sig-node, Feature:SidecarContainers]" classname="CNS-CSI-Driver-End-to-End-Transaction-Support-Tests" status="skipped" time="0">
              <skipped message="skipped"></skipped>
          </testcase>
          <testcase name="[It] [sig-node] [Feature:SidecarContainers] Probing restartable init container should be restarted by liveness probe after startup probe enables it [sig-node, Feature:SidecarContainers]" classname="CNS-CSI-Driver-End-to-End-Transaction-Support-Tests" status="skipped" time="0">
              <skipped message="skipped"></skipped>
          </testcase>
          <testcase name="[It] [sig-node] [Feature:SidecarContainers] Probing restartable init container should be ready immediately after startupProbe succeeds [sig-node, Feature:SidecarContainers]" classname="CNS-CSI-Driver-End-to-End-Transaction-Support-Tests" status="skipped" time="0">
              <skipped message="skipped"></skipped>
          </testcase>
          <testcase name="[It] [sig-node] [Feature:SidecarContainers] Probing restartable init container should override timeoutGracePeriodSeconds when LivenessProbe field is set [sig-node, Feature:SidecarContainers]" classname="CNS-CSI-Driver-End-to-End-Transaction-Support-Tests" status="skipped" time="0">
              <skipped message="skipped"></skipped>
          </testcase>
          <testcase name="[It] [sig-node] [Feature:SidecarContainers] Probing restartable init container should override timeoutGracePeriodSeconds when StartupProbe field is set [sig-node, Feature:SidecarContainers]" classname="CNS-CSI-Driver-End-to-End-Transaction-Support-Tests" status="skipped" time="0">
              <skipped message="skipped"></skipped>
          </testcase>
          <testcase name="[It] [sig-node] [Feature:SidecarContainers] Probing restartable init container should *not* be restarted with a GRPC liveness probe [sig-node, Feature:SidecarContainers]" classname="CNS-CSI-Driver-End-to-End-Transaction-Support-Tests" status="skipped" time="0">
              <skipped message="skipped"></skipped>
          </testcase>
          <testcase name="[It] [sig-node] [Feature:SidecarContainers] Probing restartable init container should be restarted with a GRPC liveness probe [sig-node, Feature:SidecarContainers]" classname="CNS-CSI-Driver-End-to-End-Transaction-Support-Tests" status="skipped" time="0">
              <skipped message="skipped"></skipped>
          </testcase>
          <testcase name="[It] [sig-node] [Feature:SidecarContainers] Probing restartable init container should mark readiness on pods to false while pod is in progress of terminating when a pod has a readiness probe [sig-node, Feature:SidecarContainers]" classname="CNS-CSI-Driver-End-to-End-Transaction-Support-Tests" status="skipped" time="0">
              <skipped message="skipped"></skipped>
          </testcase>
          <testcase name="[It] [sig-node] [Feature:SidecarContainers] Probing restartable init container should mark readiness on pods to false and disable liveness probes while pod is in progress of terminating [sig-node, Feature:SidecarContainers]" classname="CNS-CSI-Driver-End-to-End-Transaction-Support-Tests" status="skipped" time="0">
              <skipped message="skipped"></skipped>
          </testcase>
          <testcase name="[It] [sig-node] Probing container with readiness probe should not be ready before initial delay and never restart [NodeConformance] [Conformance] [sig-node, NodeConformance, Conformance]" classname="CNS-CSI-Driver-End-to-End-Transaction-Support-Tests" status="skipped" time="0">
              <skipped message="skipped"></skipped>
          </testcase>
          <testcase name="[It] [sig-node] Probing container with readiness probe that fails should never be ready and never restart [NodeConformance] [Conformance] [sig-node, NodeConformance, Conformance]" classname="CNS-CSI-Driver-End-to-End-Transaction-Support-Tests" status="skipped" time="0">
              <skipped message="skipped"></skipped>
          </testcase>
          <testcase name="[It] [sig-node] Probing container should be restarted with a exec &#34;cat /tmp/health&#34; liveness probe [NodeConformance] [Conformance] [sig-node, NodeConformance, Conformance]" classname="CNS-CSI-Driver-End-to-End-Transaction-Support-Tests" status="skipped" time="0">
              <skipped message="skipped"></skipped>
          </testcase>
          <testcase name="[It] [sig-node] Probing container should *not* be restarted with a exec &#34;cat /tmp/health&#34; liveness probe [NodeConformance] [Conformance] [sig-node, NodeConformance, Conformance]" classname="CNS-CSI-Driver-End-to-End-Transaction-Support-Tests" status="skipped" time="0">
              <skipped message="skipped"></skipped>
          </testcase>
          <testcase name="[It] [sig-node] Probing container should be restarted with a /healthz http liveness probe [NodeConformance] [Conformance] [sig-node, NodeConformance, Conformance]" classname="CNS-CSI-Driver-End-to-End-Transaction-Support-Tests" status="skipped" time="0">
              <skipped message="skipped"></skipped>
          </testcase>
          <testcase name="[It] [sig-node] Probing container should *not* be restarted with a tcp:8080 liveness probe [NodeConformance] [Conformance] [sig-node, NodeConformance, Conformance]" classname="CNS-CSI-Driver-End-to-End-Transaction-Support-Tests" status="skipped" time="0">
              <skipped message="skipped"></skipped>
          </testcase>
          <testcase name="[It] [sig-node] Probing container should have monotonically increasing restart count [NodeConformance] [Conformance] [sig-node, NodeConformance, Conformance]" classname="CNS-CSI-Driver-End-to-End-Transaction-Support-Tests" status="skipped" time="0">
              <skipped message="skipped"></skipped>
          </testcase>
          <testcase name="[It] [sig-node] Probing container should *not* be restarted with a /healthz http liveness probe [NodeConformance] [Conformance] [sig-node, NodeConformance, Conformance]" classname="CNS-CSI-Driver-End-to-End-Transaction-Support-Tests" status="skipped" time="0">
              <skipped message="skipped"></skipped>
          </testcase>
          <testcase name="[It] [sig-node] Probing container should be restarted with an exec liveness probe with timeout [MinimumKubeletVersion:1.20] [NodeConformance] [sig-node, NodeConformance]" classname="CNS-CSI-Driver-End-to-End-Transaction-Support-Tests" status="skipped" time="0">
              <skipped message="skipped"></skipped>
          </testcase>
          <testcase name="[It] [sig-node] Probing container should not be ready with an exec readiness probe timeout [MinimumKubeletVersion:1.20] [NodeConformance] [sig-node, NodeConformance]" classname="CNS-CSI-Driver-End-to-End-Transaction-Support-Tests" status="skipped" time="0">
              <skipped message="skipped"></skipped>
          </testcase>
          <testcase name="[It] [sig-node] Probing container should be restarted with a failing exec liveness probe that took longer than the timeout [sig-node]" classname="CNS-CSI-Driver-End-to-End-Transaction-Support-Tests" status="skipped" time="0">
              <skipped message="skipped"></skipped>
          </testcase>
          <testcase name="[It] [sig-node] Probing container should be restarted with a local redirect http liveness probe [sig-node]" classname="CNS-CSI-Driver-End-to-End-Transaction-Support-Tests" status="skipped" time="0">
              <skipped message="skipped"></skipped>
          </testcase>
          <testcase name="[It] [sig-node] Probing container should *not* be restarted with a non-local redirect http liveness probe [sig-node]" classname="CNS-CSI-Driver-End-to-End-Transaction-Support-Tests" status="skipped" time="0">
              <skipped message="skipped"></skipped>
          </testcase>
          <testcase name="[It] [sig-node] Probing container should be restarted startup probe fails [sig-node]" classname="CNS-CSI-Driver-End-to-End-Transaction-Support-Tests" status="skipped" time="0">
              <skipped message="skipped"></skipped>
          </testcase>
          <testcase name="[It] [sig-node] Probing container should *not* be restarted by liveness probe because startup probe delays it [sig-node]" classname="CNS-CSI-Driver-End-to-End-Transaction-Support-Tests" status="skipped" time="0">
              <skipped message="skipped"></skipped>
          </testcase>
          <testcase name="[It] [sig-node] Probing container should be restarted by liveness probe after startup probe enables it [sig-node]" classname="CNS-CSI-Driver-End-to-End-Transaction-Support-Tests" status="skipped" time="0">
              <skipped message="skipped"></skipped>
          </testcase>
          <testcase name="[It] [sig-node] Probing container should be ready immediately after startupProbe succeeds [sig-node]" classname="CNS-CSI-Driver-End-to-End-Transaction-Support-Tests" status="skipped" time="0">
              <skipped message="skipped"></skipped>
          </testcase>
          <testcase name="[It] [sig-node] Probing container should override timeoutGracePeriodSeconds when LivenessProbe field is set [NodeConformance] [sig-node, NodeConformance]" classname="CNS-CSI-Driver-End-to-End-Transaction-Support-Tests" status="skipped" time="0">
              <skipped message="skipped"></skipped>
          </testcase>
          <testcase name="[It] [sig-node] Probing container should override timeoutGracePeriodSeconds when StartupProbe field is set [NodeConformance] [sig-node, NodeConformance]" classname="CNS-CSI-Driver-End-to-End-Transaction-Support-Tests" status="skipped" time="0">
              <skipped message="skipped"></skipped>
          </testcase>
          <testcase name="[It] [sig-node] Probing container should *not* be restarted with a GRPC liveness probe [NodeConformance] [Conformance] [sig-node, NodeConformance, Conformance]" classname="CNS-CSI-Driver-End-to-End-Transaction-Support-Tests" status="skipped" time="0">
              <skipped message="skipped"></skipped>
          </testcase>
          <testcase name="[It] [sig-node] Probing container should be restarted with a GRPC liveness probe [NodeConformance] [Conformance] [sig-node, NodeConformance, Conformance]" classname="CNS-CSI-Driver-End-to-End-Transaction-Support-Tests" status="skipped" time="0">
              <skipped message="skipped"></skipped>
          </testcase>
          <testcase name="[It] [sig-node] Probing container should mark readiness on pods to false while pod is in progress of terminating when a pod has a readiness probe [sig-node]" classname="CNS-CSI-Driver-End-to-End-Transaction-Support-Tests" status="skipped" time="0">
              <skipped message="skipped"></skipped>
          </testcase>
          <testcase name="[It] [sig-node] Probing container should mark readiness on pods to false and disable liveness probes while pod is in progress of terminating [sig-node]" classname="CNS-CSI-Driver-End-to-End-Transaction-Support-Tests" status="skipped" time="0">
              <skipped message="skipped"></skipped>
          </testcase>
          <testcase name="[It] [sig-node] KubeletManagedEtcHosts should test kubelet managed /etc/hosts file [NodeConformance] [Conformance] [sig-node, NodeConformance, Conformance]" classname="CNS-CSI-Driver-End-to-End-Transaction-Support-Tests" status="skipped" time="0">
              <skipped message="skipped"></skipped>
          </testcase>
          <testcase name="[It] Transaction_Support_LC Transaction_Support_Table_Tests CSI-Service-Down [csi-block-vanilla] [csi-guest] [csi-supervisor] Veify Create Linked Clone With Transaction Support During Service Down-APD-vSAN-Partitioning [p0, disruptive, block, windows, wcp, tkg, vanilla, vc91]" classname="CNS-CSI-Driver-End-to-End-Transaction-Support-Tests" status="skipped" time="0">
              <skipped message="skipped"></skipped>
          </testcase>
          <testcase name="[It] Transaction_Support_LC Transaction_Support_Table_Tests Datastore-APD [csi-block-vanilla] [csi-guest] [csi-supervisor] Veify Create Linked Clone With Transaction Support During Service Down-APD-vSAN-Partitioning [p0, disruptive, block, windows, wcp, tkg, vanilla, vc91]" classname="CNS-CSI-Driver-End-to-End-Transaction-Support-Tests" status="skipped" time="0">
              <skipped message="skipped"></skipped>
          </testcase>
          <testcase name="[It] [sig-storage] Volumes NFSv4 should be mountable for NFSv4 [sig-storage]" classname="CNS-CSI-Driver-End-to-End-Transaction-Support-Tests" status="skipped" time="0">
              <skipped message="skipped"></skipped>
          </testcase>
          <testcase name="[It] [sig-storage] Volumes NFSv3 should be mountable for NFSv3 [sig-storage]" classname="CNS-CSI-Driver-End-to-End-Transaction-Support-Tests" status="skipped" time="0">
              <skipped message="skipped"></skipped>
          </testcase>
          <testcase name="[It] [sig-node] Sysctls [LinuxOnly] [NodeConformance] should support sysctls [MinimumKubeletVersion:1.21] [Environment:NotInUserNS] [Conformance] [sig-node, NodeConformance, Environment:NotInUserNS, Conformance]" classname="CNS-CSI-Driver-End-to-End-Transaction-Support-Tests" status="skipped" time="0">
              <skipped message="skipped"></skipped>
          </testcase>
          <testcase name="[It] [sig-node] Sysctls [LinuxOnly] [NodeConformance] should reject invalid sysctls [MinimumKubeletVersion:1.21] [Conformance] [sig-node, NodeConformance, Conformance]" classname="CNS-CSI-Driver-End-to-End-Transaction-Support-Tests" status="skipped" time="0">
              <skipped message="skipped"></skipped>
          </testcase>
          <testcase name="[It] [sig-node] Sysctls [LinuxOnly] [NodeConformance] should not launch unsafe, but not explicitly enabled sysctls on the node [MinimumKubeletVersion:1.21] [sig-node, NodeConformance]" classname="CNS-CSI-Driver-End-to-End-Transaction-Support-Tests" status="skipped" time="0">
              <skipped message="skipped"></skipped>
          </testcase>
          <testcase name="[It] [sig-node] Sysctls [LinuxOnly] [NodeConformance] should support sysctls with slashes as separator [MinimumKubeletVersion:1.23] [Environment:NotInUserNS] [sig-node, NodeConformance, Environment:NotInUserNS]" classname="CNS-CSI-Driver-End-to-End-Transaction-Support-Tests" status="skipped" time="0">
              <skipped message="skipped"></skipped>
          </testcase>
          <testcase name="[It] [sig-node] Secrets should be consumable from pods in env vars [NodeConformance] [Conformance] [sig-node, NodeConformance, Conformance]" classname="CNS-CSI-Driver-End-to-End-Transaction-Support-Tests" status="skipped" time="0">
              <skipped message="skipped"></skipped>
          </testcase>
          <testcase name="[It] [sig-node] Secrets should be consumable via the environment [NodeConformance] [Conformance] [sig-node, NodeConformance, Conformance]" classname="CNS-CSI-Driver-End-to-End-Transaction-Support-Tests" status="skipped" time="0">
              <skipped message="skipped"></skipped>
          </testcase>
          <testcase name="[It] [sig-node] Secrets should fail to create secret due to empty secret key [Conformance] [sig-node, Conformance]" classname="CNS-CSI-Driver-End-to-End-Transaction-Support-Tests" status="skipped" time="0">
              <skipped message="skipped"></skipped>
          </testcase>
          <testcase name="[It] [sig-node] Secrets should patch a secret [Conformance] [sig-node, Conformance]" classname="CNS-CSI-Driver-End-to-End-Transaction-Support-Tests" status="skipped" time="0">
              <skipped message="skipped"></skipped>
          </testcase>
          <testcase name="[It] [sig-node] Secrets should be consumable as environment variable names when secret keys start with a digit [Feature:RelaxedEnvironmentVariableValidation] [sig-node, Feature:RelaxedEnvironmentVariableValidation]" classname="CNS-CSI-Driver-End-to-End-Transaction-Support-Tests" status="skipped" time="0">
              <skipped message="skipped"></skipped>
          </testcase>
          <testcase name="[It] [sig-node] Ephemeral Containers [NodeConformance] will start an ephemeral container in an existing pod [Conformance] [sig-node, NodeConformance, Conformance]" classname="CNS-CSI-Driver-End-to-End-Transaction-Support-Tests" status="skipped" time="0">
              <skipped message="skipped"></skipped>
          </testcase>
          <testcase name="[It] [sig-node] Ephemeral Containers [NodeConformance] should update the ephemeral containers in an existing pod [Conformance] [sig-node, NodeConformance, Conformance]" classname="CNS-CSI-Driver-End-to-End-Transaction-Support-Tests" status="skipped" time="0">
              <skipped message="skipped"></skipped>
          </testcase>
          <testcase name="[It] [sig-node] Container Lifecycle Hook when create a pod with lifecycle hook should execute poststart exec hook properly [NodeConformance] [Conformance] [sig-node, NodeConformance, Conformance]" classname="CNS-CSI-Driver-End-to-End-Transaction-Support-Tests" status="skipped" time="0">
              <skipped message="skipped"></skipped>
          </testcase>
          <testcase name="[It] [sig-node] Container Lifecycle Hook when create a pod with lifecycle hook should execute prestop exec hook properly [NodeConformance] [Conformance] [sig-node, NodeConformance, Conformance]" classname="CNS-CSI-Driver-End-to-End-Transaction-Support-Tests" status="skipped" time="0">
              <skipped message="skipped"></skipped>
          </testcase>
          <testcase name="[It] [sig-node] Container Lifecycle Hook when create a pod with lifecycle hook should execute poststart http hook properly [NodeConformance] [Conformance] [sig-node, NodeConformance, Conformance]" classname="CNS-CSI-Driver-End-to-End-Transaction-Support-Tests" status="skipped" time="0">
              <skipped message="skipped"></skipped>
          </testcase>
          <testcase name="[It] [sig-node] Container Lifecycle Hook when create a pod with lifecycle hook should execute poststart https hook properly [MinimumKubeletVersion:1.23] [NodeConformance] [sig-node, NodeConformance]" classname="CNS-CSI-Driver-End-to-End-Transaction-Support-Tests" status="skipped" time="0">
              <skipped message="skipped"></skipped>
          </testcase>
          <testcase name="[It] [sig-node] Container Lifecycle Hook when create a pod with lifecycle hook should execute prestop http hook properly [NodeConformance] [Conformance] [sig-node, NodeConformance, Conformance]" classname="CNS-CSI-Driver-End-to-End-Transaction-Support-Tests" status="skipped" time="0">
              <skipped message="skipped"></skipped>
          </testcase>
          <testcase name="[It] [sig-node] Container Lifecycle Hook when create a pod with lifecycle hook should execute prestop https hook properly [MinimumKubeletVersion:1.23] [NodeConformance] [sig-node, NodeConformance]" classname="CNS-CSI-Driver-End-to-End-Transaction-Support-Tests" status="skipped" time="0">
              <skipped message="skipped"></skipped>
          </testcase>
          <testcase name="[It] [sig-node] Downward API [Serial] [Disruptive] [Feature:DownwardAPIHugePages] Downward API tests for hugepages should provide container&#39;s limits.hugepages-&lt;pagesize&gt; and requests.hugepages-&lt;pagesize&gt; as env vars [sig-node, Serial, Disruptive, Feature:DownwardAPIHugePages]" classname="CNS-CSI-Driver-End-to-End-Transaction-Support-Tests" status="skipped" time="0">
              <skipped message="skipped"></skipped>
          </testcase>
          <testcase name="[It] [sig-node] Downward API [Serial] [Disruptive] [Feature:DownwardAPIHugePages] Downward API tests for hugepages should provide default limits.hugepages-&lt;pagesize&gt; from node allocatable [sig-node, Serial, Disruptive, Feature:DownwardAPIHugePages]" classname="CNS-CSI-Driver-End-to-End-Transaction-Support-Tests" status="skipped" time="0">
              <skipped message="skipped"></skipped>
          </testcase>
          <testcase name="[It] [sig-node] [Feature:PodLifecycleSleepAction] when create a pod with lifecycle hook using sleep action valid prestop hook using sleep action [sig-node, Feature:PodLifecycleSleepAction]" classname="CNS-CSI-Driver-End-to-End-Transaction-Support-Tests" status="skipped" time="0">
              <skipped message="skipped"></skipped>
          </testcase>
          <testcase name="[It] [sig-node] [Feature:PodLifecycleSleepAction] when create a pod with lifecycle hook using sleep action reduce GracePeriodSeconds during runtime [sig-node, Feature:PodLifecycleSleepAction]" classname="CNS-CSI-Driver-End-to-End-Transaction-Support-Tests" status="skipped" time="0">
              <skipped message="skipped"></skipped>
          </testcase>
          <testcase name="[It] [sig-node] [Feature:PodLifecycleSleepAction] when create a pod with lifecycle hook using sleep action ignore terminated container [sig-node, Feature:PodLifecycleSleepAction]" classname="CNS-CSI-Driver-End-to-End-Transaction-Support-Tests" status="skipped" time="0">
              <skipped message="skipped"></skipped>
          </testcase>
          <testcase name="[It] [sig-node] [Feature:PodLifecycleSleepActionAllowZero] when create a pod with lifecycle hook using sleep action with a duration of zero seconds prestop hook using sleep action with zero duration [sig-node, Feature:PodLifecycleSleepActionAllowZero]" classname="CNS-CSI-Driver-End-to-End-Transaction-Support-Tests" status="skipped" time="0">
              <skipped message="skipped"></skipped>
          </testcase>
          <testcase name="[It] [sig-network] Networking Granular Checks: Pods should function for intra-pod communication: http [NodeConformance] [Conformance] [sig-network, NodeConformance, Conformance]" classname="CNS-CSI-Driver-End-to-End-Transaction-Support-Tests" status="skipped" time="0">
              <skipped message="skipped"></skipped>
          </testcase>
          <testcase name="[It] [sig-network] Networking Granular Checks: Pods should function for intra-pod communication: udp [NodeConformance] [Conformance] [sig-network, NodeConformance, Conformance]" classname="CNS-CSI-Driver-End-to-End-Transaction-Support-Tests" status="skipped" time="0">
              <skipped message="skipped"></skipped>
          </testcase>
          <testcase name="[It] [sig-network] Networking Granular Checks: Pods should function for node-pod communication: http [LinuxOnly] [NodeConformance] [Conformance] [sig-network, NodeConformance, Conformance]" classname="CNS-CSI-Driver-End-to-End-Transaction-Support-Tests" status="skipped" time="0">
              <skipped message="skipped"></skipped>
          </testcase>
          <testcase name="[It] [sig-network] Networking Granular Checks: Pods should function for node-pod communication: udp [LinuxOnly] [NodeConformance] [Conformance] [sig-network, NodeConformance, Conformance]" classname="CNS-CSI-Driver-End-to-End-Transaction-Support-Tests" status="skipped" time="0">
              <skipped message="skipped"></skipped>
          </testcase>
          <testcase name="[It] [sig-network] Networking Granular Checks: Pods should function for intra-pod communication: sctp [LinuxOnly] [Feature:SCTPConnectivity] [sig-network, Feature:SCTPConnectivity]" classname="CNS-CSI-Driver-End-to-End-Transaction-Support-Tests" status="skipped" time="0">
              <skipped message="skipped"></skipped>
          </testcase>
          <testcase name="[It] [sig-network] Networking Granular Checks: Pods should function for node-pod communication: sctp [LinuxOnly] [Feature:SCTPConnectivity] [sig-network, Feature:SCTPConnectivity]" classname="CNS-CSI-Driver-End-to-End-Transaction-Support-Tests" status="skipped" time="0">
              <skipped message="skipped"></skipped>
          </testcase>
          <testcase name="[It] [sig-storage] HostPath should give a volume the correct mode [LinuxOnly] [NodeConformance] [sig-storage, NodeConformance]" classname="CNS-CSI-Driver-End-to-End-Transaction-Support-Tests" status="skipped" time="0">
              <skipped message="skipped"></skipped>
          </testcase>
          <testcase name="[It] [sig-storage] HostPath should support r/w [NodeConformance] [sig-storage, NodeConformance]" classname="CNS-CSI-Driver-End-to-End-Transaction-Support-Tests" status="skipped" time="0">
              <skipped message="skipped"></skipped>
          </testcase>
          <testcase name="[It] [sig-storage] HostPath should support subPath [NodeConformance] [sig-storage, NodeConformance]" classname="CNS-CSI-Driver-End-to-End-Transaction-Support-Tests" status="skipped" time="0">
              <skipped message="skipped"></skipped>
          </testcase>
          <testcase name="[It] [sig-storage] Secrets should be consumable from pods in volume [NodeConformance] [Conformance] [sig-storage, NodeConformance, Conformance]" classname="CNS-CSI-Driver-End-to-End-Transaction-Support-Tests" status="skipped" time="0">
              <skipped message="skipped"></skipped>
          </testcase>
          <testcase name="[It] [sig-storage] Secrets should be consumable from pods in volume with defaultMode set [LinuxOnly] [NodeConformance] [Conformance] [sig-storage, NodeConformance, Conformance]" classname="CNS-CSI-Driver-End-to-End-Transaction-Support-Tests" status="skipped" time="0">
              <skipped message="skipped"></skipped>
          </testcase>
          <testcase name="[It] [sig-storage] Secrets should be consumable from pods in volume as non-root with defaultMode and fsGroup set [LinuxOnly] [NodeConformance] [Conformance] [sig-storage, NodeConformance, Conformance]" classname="CNS-CSI-Driver-End-to-End-Transaction-Support-Tests" status="skipped" time="0">
              <skipped message="skipped"></skipped>
          </testcase>
          <testcase name="[It] [sig-storage] Secrets should be consumable from pods in volume with mappings [NodeConformance] [Conformance] [sig-storage, NodeConformance, Conformance]" classname="CNS-CSI-Driver-End-to-End-Transaction-Support-Tests" status="skipped" time="0">
              <skipped message="skipped"></skipped>
          </testcase>
          <testcase name="[It] [sig-storage] Secrets should be consumable from pods in volume with mappings and Item Mode set [LinuxOnly] [NodeConformance] [Conformance] [sig-storage, NodeConformance, Conformance]" classname="CNS-CSI-Driver-End-to-End-Transaction-Support-Tests" status="skipped" time="0">
              <skipped message="skipped"></skipped>
          </testcase>
          <testcase name="[It] [sig-storage] Secrets should be able to mount in a volume regardless of a different secret existing with same name in different namespace [NodeConformance] [Conformance] [sig-storage, NodeConformance, Conformance]" classname="CNS-CSI-Driver-End-to-End-Transaction-Support-Tests" status="skipped" time="0">
              <skipped message="skipped"></skipped>
          </testcase>
          <testcase name="[It] [sig-storage] Secrets should be consumable in multiple volumes in a pod [NodeConformance] [Conformance] [sig-storage, NodeConformance, Conformance]" classname="CNS-CSI-Driver-End-to-End-Transaction-Support-Tests" status="skipped" time="0">
              <skipped message="skipped"></skipped>
          </testcase>
          <testcase name="[It] [sig-storage] Secrets optional updates should be reflected in volume [NodeConformance] [Conformance] [sig-storage, NodeConformance, Conformance]" classname="CNS-CSI-Driver-End-to-End-Transaction-Support-Tests" status="skipped" time="0">
              <skipped message="skipped"></skipped>
          </testcase>
          <testcase name="[It] [sig-storage] Secrets should be immutable if `immutable` field is set [Conformance] [sig-storage, Conformance]" classname="CNS-CSI-Driver-End-to-End-Transaction-Support-Tests" status="skipped" time="0">
              <skipped message="skipped"></skipped>
          </testcase>
          <testcase name="[It] [sig-storage] Secrets Should fail non-optional pod creation due to secret object does not exist [Slow] [sig-storage, Slow]" classname="CNS-CSI-Driver-End-to-End-Transaction-Support-Tests" status="skipped" time="0">
              <skipped message="skipped"></skipped>
          </testcase>
          <testcase name="[It] [sig-storage] Secrets Should fail non-optional pod creation due to the key in the secret object does not exist [Slow] [sig-storage, Slow]" classname="CNS-CSI-Driver-End-to-End-Transaction-Support-Tests" status="skipped" time="0">
              <skipped message="skipped"></skipped>
          </testcase>
          <testcase name="[It] [sig-node] ConfigMap should be consumable via environment variable [NodeConformance] [Conformance] [sig-node, NodeConformance, Conformance]" classname="CNS-CSI-Driver-End-to-End-Transaction-Support-Tests" status="skipped" time="0">
              <skipped message="skipped"></skipped>
          </testcase>
          <testcase name="[It] [sig-node] ConfigMap should be consumable via the environment [NodeConformance] [Conformance] [sig-node, NodeConformance, Conformance]" classname="CNS-CSI-Driver-End-to-End-Transaction-Support-Tests" status="skipped" time="0">
              <skipped message="skipped"></skipped>
          </testcase>
          <testcase name="[It] [sig-node] ConfigMap should fail to create ConfigMap with empty key [Conformance] [sig-node, Conformance]" classname="CNS-CSI-Driver-End-to-End-Transaction-Support-Tests" status="skipped" time="0">
              <skipped message="skipped"></skipped>
          </testcase>
          <testcase name="[It] [sig-node] ConfigMap should update ConfigMap successfully [sig-node]" classname="CNS-CSI-Driver-End-to-End-Transaction-Support-Tests" status="skipped" time="0">
              <skipped message="skipped"></skipped>
          </testcase>
          <testcase name="[It] [sig-node] ConfigMap should run through a ConfigMap lifecycle [Conformance] [sig-node, Conformance]" classname="CNS-CSI-Driver-End-to-End-Transaction-Support-Tests" status="skipped" time="0">
              <skipped message="skipped"></skipped>
          </testcase>
          <testcase name="[It] [sig-node] ConfigMap should be consumable as environment variable names when configmap keys start with a digit [Feature:RelaxedEnvironmentVariableValidation] [sig-node, Feature:RelaxedEnvironmentVariableValidation]" classname="CNS-CSI-Driver-End-to-End-Transaction-Support-Tests" status="skipped" time="0">
              <skipped message="skipped"></skipped>
          </testcase>
          <testcase name="[It] [sig-node] Container Runtime blackbox test when starting a container that exits should run with the expected status [NodeConformance] [Conformance] [sig-node, NodeConformance, Conformance]" classname="CNS-CSI-Driver-End-to-End-Transaction-Support-Tests" status="skipped" time="0">
              <skipped message="skipped"></skipped>
          </testcase>
          <testcase name="[It] [sig-node] Container Runtime blackbox test on terminated container should report termination message if TerminationMessagePath is set [NodeConformance] [sig-node, NodeConformance]" classname="CNS-CSI-Driver-End-to-End-Transaction-Support-Tests" status="skipped" time="0">
              <skipped message="skipped"></skipped>
          </testcase>
          <testcase name="[It] [sig-node] Container Runtime blackbox test on terminated container should report termination message if TerminationMessagePath is set as non-root user and at a non-default path [NodeConformance] [Conformance] [sig-node, NodeConformance, Conformance]" classname="CNS-CSI-Driver-End-to-End-Transaction-Support-Tests" status="skipped" time="0">
              <skipped message="skipped"></skipped>
          </testcase>
          <testcase name="[It] [sig-node] Container Runtime blackbox test on terminated container should report termination message from log output if TerminationMessagePolicy FallbackToLogsOnError is set [NodeConformance] [Conformance] [sig-node, NodeConformance, Conformance]" classname="CNS-CSI-Driver-End-to-End-Transaction-Support-Tests" status="skipped" time="0">
              <skipped message="skipped"></skipped>
          </testcase>
          <testcase name="[It] [sig-node] Container Runtime blackbox test on terminated container should report termination message as empty when pod succeeds and TerminationMessagePolicy FallbackToLogsOnError is set [NodeConformance] [Conformance] [sig-node, NodeConformance, Conformance]" classname="CNS-CSI-Driver-End-to-End-Transaction-Support-Tests" status="skipped" time="0">
              <skipped message="skipped"></skipped>
          </testcase>
          <testcase name="[It] [sig-node] Container Runtime blackbox test on terminated container should report termination message from file when pod succeeds and TerminationMessagePolicy FallbackToLogsOnError is set [NodeConformance] [Conformance] [sig-node, NodeConformance, Conformance]" classname="CNS-CSI-Driver-End-to-End-Transaction-Support-Tests" status="skipped" time="0">
              <skipped message="skipped"></skipped>
          </testcase>
          <testcase name="[It] [sig-node] Container Runtime blackbox test when running a container with a new image should not be able to pull image from invalid registry [NodeConformance] [sig-node, NodeConformance]" classname="CNS-CSI-Driver-End-to-End-Transaction-Support-Tests" status="skipped" time="0">
              <skipped message="skipped"></skipped>
          </testcase>
          <testcase name="[It] [sig-node] Container Runtime blackbox test when running a container with a new image should be able to pull image [NodeConformance] [sig-node, NodeConformance]" classname="CNS-CSI-Driver-End-to-End-Transaction-Support-Tests" status="skipped" time="0">
              <skipped message="skipped"></skipped>
          </testcase>
          <testcase name="[It] [sig-node] Container Runtime blackbox test when running a container with a new image should not be able to pull from private registry without secret [NodeConformance] [sig-node, NodeConformance]" classname="CNS-CSI-Driver-End-to-End-Transaction-Support-Tests" status="skipped" time="0">
              <skipped message="skipped"></skipped>
          </testcase>
          <testcase name="[It] [sig-node] Container Runtime blackbox test when running a container with a new image should be able to pull from private registry with secret [NodeConformance] [sig-node, NodeConformance]" classname="CNS-CSI-Driver-End-to-End-Transaction-Support-Tests" status="skipped" time="0">
              <skipped message="skipped"></skipped>
          </testcase>
          <testcase name="[It] [sig-node] RuntimeClass should reject a Pod requesting a non-existent RuntimeClass [NodeConformance] [Conformance] [sig-node, NodeConformance, Conformance]" classname="CNS-CSI-Driver-End-to-End-Transaction-Support-Tests" status="skipped" time="0">
              <skipped message="skipped"></skipped>
          </testcase>
          <testcase name="[It] [sig-node] RuntimeClass should reject a Pod requesting a RuntimeClass with an unconfigured handler [Feature:RuntimeHandler] [sig-node, Feature:RuntimeHandler]" classname="CNS-CSI-Driver-End-to-End-Transaction-Support-Tests" status="skipped" time="0">
              <skipped message="skipped"></skipped>
          </testcase>
          <testcase name="[It] [sig-node] RuntimeClass should run a Pod requesting a RuntimeClass with a configured handler [Feature:RuntimeHandler] [sig-node, Feature:RuntimeHandler]" classname="CNS-CSI-Driver-End-to-End-Transaction-Support-Tests" status="skipped" time="0">
              <skipped message="skipped"></skipped>
          </testcase>
          <testcase name="[It] [sig-node] RuntimeClass should schedule a Pod requesting a RuntimeClass without PodOverhead [NodeConformance] [Conformance] [sig-node, NodeConformance, Conformance]" classname="CNS-CSI-Driver-End-to-End-Transaction-Support-Tests" status="skipped" time="0">
              <skipped message="skipped"></skipped>
          </testcase>
          <testcase name="[It] [sig-node] RuntimeClass should schedule a Pod requesting a RuntimeClass and initialize its Overhead [NodeConformance] [Conformance] [sig-node, NodeConformance, Conformance]" classname="CNS-CSI-Driver-End-to-End-Transaction-Support-Tests" status="skipped" time="0">
              <skipped message="skipped"></skipped>
          </testcase>
          <testcase name="[It] [sig-node] RuntimeClass should reject a Pod requesting a deleted RuntimeClass [NodeConformance] [Conformance] [sig-node, NodeConformance, Conformance]" classname="CNS-CSI-Driver-End-to-End-Transaction-Support-Tests" status="skipped" time="0">
              <skipped message="skipped"></skipped>
          </testcase>
          <testcase name="[It] [sig-node] RuntimeClass should support RuntimeClasses API operations [Conformance] [sig-node, Conformance]" classname="CNS-CSI-Driver-End-to-End-Transaction-Support-Tests" status="skipped" time="0">
              <skipped message="skipped"></skipped>
          </testcase>
          <testcase name="[It] [sig-storage] Projected secret should be consumable from pods in volume [NodeConformance] [Conformance] [sig-storage, NodeConformance, Conformance]" classname="CNS-CSI-Driver-End-to-End-Transaction-Support-Tests" status="skipped" time="0">
              <skipped message="skipped"></skipped>
          </testcase>
          <testcase name="[It] [sig-storage] Projected secret should be consumable from pods in volume with defaultMode set [LinuxOnly] [NodeConformance] [Conformance] [sig-storage, NodeConformance, Conformance]" classname="CNS-CSI-Driver-End-to-End-Transaction-Support-Tests" status="skipped" time="0">
              <skipped message="skipped"></skipped>
          </testcase>
          <testcase name="[It] [sig-storage] Projected secret should be consumable from pods in volume as non-root with defaultMode and fsGroup set [LinuxOnly] [NodeConformance] [Conformance] [sig-storage, NodeConformance, Conformance]" classname="CNS-CSI-Driver-End-to-End-Transaction-Support-Tests" status="skipped" time="0">
              <skipped message="skipped"></skipped>
          </testcase>
          <testcase name="[It] [sig-storage] Projected secret should be consumable from pods in volume with mappings [NodeConformance] [Conformance] [sig-storage, NodeConformance, Conformance]" classname="CNS-CSI-Driver-End-to-End-Transaction-Support-Tests" status="skipped" time="0">
              <skipped message="skipped"></skipped>
          </testcase>
          <testcase name="[It] [sig-storage] Projected secret should be consumable from pods in volume with mappings and Item Mode set [LinuxOnly] [NodeConformance] [Conformance] [sig-storage, NodeConformance, Conformance]" classname="CNS-CSI-Driver-End-to-End-Transaction-Support-Tests" status="skipped" time="0">
              <skipped message="skipped"></skipped>
          </testcase>
          <testcase name="[It] [sig-storage] Projected secret should be able to mount in a volume regardless of a different secret existing with same name in different namespace [NodeConformance] [sig-storage, NodeConformance]" classname="CNS-CSI-Driver-End-to-End-Transaction-Support-Tests" status="skipped" time="0">
              <skipped message="skipped"></skipped>
          </testcase>
          <testcase name="[It] [sig-storage] Projected secret should be consumable in multiple volumes in a pod [NodeConformance] [Conformance] [sig-storage, NodeConformance, Conformance]" classname="CNS-CSI-Driver-End-to-End-Transaction-Support-Tests" status="skipped" time="0">
              <skipped message="skipped"></skipped>
          </testcase>
          <testcase name="[It] [sig-storage] Projected secret optional updates should be reflected in volume [NodeConformance] [Conformance] [sig-storage, NodeConformance, Conformance]" classname="CNS-CSI-Driver-End-to-End-Transaction-Support-Tests" status="skipped" time="0">
              <skipped message="skipped"></skipped>
          </testcase>
          <testcase name="[It] [sig-storage] Projected secret Should fail non-optional pod creation due to secret object does not exist [Slow] [sig-storage, Slow]" classname="CNS-CSI-Driver-End-to-End-Transaction-Support-Tests" status="skipped" time="0">
              <skipped message="skipped"></skipped>
          </testcase>
          <testcase name="[It] [sig-storage] Projected secret Should fail non-optional pod creation due to the key in the secret object does not exist [Slow] [sig-storage, Slow]" classname="CNS-CSI-Driver-End-to-End-Transaction-Support-Tests" status="skipped" time="0">
              <skipped message="skipped"></skipped>
          </testcase>
          <testcase name="[It] [sig-storage] Projected combined should project all components that make up the projection API [Projection] [NodeConformance] [Conformance] [sig-storage, NodeConformance, Conformance]" classname="CNS-CSI-Driver-End-to-End-Transaction-Support-Tests" status="skipped" time="0">
              <skipped message="skipped"></skipped>
          </testcase>
          <testcase name="[It] Transaction_Support_CreateSnapshot Transaction_Support_Table_Tests CSI-Service-Down [csi-block-vanilla] [csi-guest] [csi-supervisor] Veify Create Snapshot With Transaction Support During Service Down-APD-vSAN-Partitioning [p0, disruptive, block, windows, wcp, tkg, vanilla, vc91]" classname="CNS-CSI-Driver-End-to-End-Transaction-Support-Tests" status="skipped" time="0">
              <skipped message="skipped"></skipped>
          </testcase>
          <testcase name="[It] Transaction_Support_CreateSnapshot Transaction_Support_Table_Tests Datastore-APD [csi-block-vanilla] [csi-guest] [csi-supervisor] Veify Create Snapshot With Transaction Support During Service Down-APD-vSAN-Partitioning [p0, disruptive, block, windows, wcp, tkg, vanilla, vc91]" classname="CNS-CSI-Driver-End-to-End-Transaction-Support-Tests" status="skipped" time="0">
              <skipped message="skipped"></skipped>
          </testcase>
          <testcase name="[It] [sig-node] Pod Level Resources [Serial] [Feature:PodLevelResources] Burstable QoS pod with container resources [sig-node, Serial, Feature:PodLevelResources]" classname="CNS-CSI-Driver-End-to-End-Transaction-Support-Tests" status="skipped" time="0">
              <skipped message="skipped"></skipped>
          </testcase>
          <testcase name="[It] [sig-node] Pod Level Resources [Serial] [Feature:PodLevelResources] Burstable QoS pod, 1 container with resources [sig-node, Serial, Feature:PodLevelResources]" classname="CNS-CSI-Driver-End-to-End-Transaction-Support-Tests" status="skipped" time="0">
              <skipped message="skipped"></skipped>
          </testcase>
          <testcase name="[It] [sig-node] Pod Level Resources [Serial] [Feature:PodLevelResources] Burstable QoS pod, no container resources [sig-node, Serial, Feature:PodLevelResources]" classname="CNS-CSI-Driver-End-to-End-Transaction-Support-Tests" status="skipped" time="0">
              <skipped message="skipped"></skipped>
          </testcase>
          <testcase name="[It] [sig-node] Pod Level Resources [Serial] [Feature:PodLevelResources] Guaranteed QoS pod with container resources [sig-node, Serial, Feature:PodLevelResources]" classname="CNS-CSI-Driver-End-to-End-Transaction-Support-Tests" status="skipped" time="0">
              <skipped message="skipped"></skipped>
          </testcase>
          <testcase name="[It] [sig-node] Pod Level Resources [Serial] [Feature:PodLevelResources] Guaranteed QoS pod with container resources [sig-node, Serial, Feature:PodLevelResources]" classname="CNS-CSI-Driver-End-to-End-Transaction-Support-Tests" status="skipped" time="0">
              <skipped message="skipped"></skipped>
          </testcase>
          <testcase name="[It] [sig-node] Pod Level Resources [Serial] [Feature:PodLevelResources] Guaranteed QoS pod, 1 container with resources [sig-node, Serial, Feature:PodLevelResources]" classname="CNS-CSI-Driver-End-to-End-Transaction-Support-Tests" status="skipped" time="0">
              <skipped message="skipped"></skipped>
          </testcase>
          <testcase name="[It] [sig-node] Pod Level Resources [Serial] [Feature:PodLevelResources] Guaranteed QoS pod, no container resources [sig-node, Serial, Feature:PodLevelResources]" classname="CNS-CSI-Driver-End-to-End-Transaction-Support-Tests" status="skipped" time="0">
              <skipped message="skipped"></skipped>
          </testcase>
          <testcase name="[It] [sig-node] Kubelet with pods in a privileged namespace when scheduling an agnhost Pod with hostAliases and hostNetwork should write entries to /etc/hosts when hostNetwork is enabled [NodeConformance] [sig-node, NodeConformance]" classname="CNS-CSI-Driver-End-to-End-Transaction-Support-Tests" status="skipped" time="0">
              <skipped message="skipped"></skipped>
          </testcase>
          <testcase name="[It] [sig-node] Pod InPlace Resize Container [FeatureGate:InPlacePodVerticalScaling] [Beta] BestEffort QoS pod - empty resize [sig-node, FeatureGate:InPlacePodVerticalScaling, Beta]" classname="CNS-CSI-Driver-End-to-End-Transaction-Support-Tests" status="skipped" time="0">
              <skipped message="skipped"></skipped>
          </testcase>
          <testcase name="[It] [sig-node] Pod InPlace Resize Container [FeatureGate:InPlacePodVerticalScaling] [Beta] Burstable QoS pod, mixed containers - add limits [sig-node, FeatureGate:InPlacePodVerticalScaling, Beta]" classname="CNS-CSI-Driver-End-to-End-Transaction-Support-Tests" status="skipped" time="0">
              <skipped message="skipped"></skipped>
          </testcase>
          <testcase name="[It] [sig-node] Pod InPlace Resize Container [FeatureGate:InPlacePodVerticalScaling] [Beta] Burstable QoS pod, mixed containers - add requests [sig-node, FeatureGate:InPlacePodVerticalScaling, Beta]" classname="CNS-CSI-Driver-End-to-End-Transaction-Support-Tests" status="skipped" time="0">
              <skipped message="skipped"></skipped>
          </testcase>
          <testcase name="[It] [sig-node] Pod InPlace Resize Container [FeatureGate:InPlacePodVerticalScaling] [Beta] Burstable QoS pod, mixed containers - scale up cpu and memory [sig-node, FeatureGate:InPlacePodVerticalScaling, Beta]" classname="CNS-CSI-Driver-End-to-End-Transaction-Support-Tests" status="skipped" time="0">
              <skipped message="skipped"></skipped>
          </testcase>
          <testcase name="[It] [sig-node] Pod InPlace Resize Container [FeatureGate:InPlacePodVerticalScaling] [Beta] Burstable QoS pod, one container - decrease CPU (NotRequired) &amp; memory (RestartContainer) [sig-node, FeatureGate:InPlacePodVerticalScaling, Beta]" classname="CNS-CSI-Driver-End-to-End-Transaction-Support-Tests" status="skipped" time="0">
              <skipped message="skipped"></skipped>
          </testcase>
          <testcase name="[It] [sig-node] Pod InPlace Resize Container [FeatureGate:InPlacePodVerticalScaling] [Beta] Burstable QoS pod, one container - decrease memory request (RestartContainer memory resize policy) [sig-node, FeatureGate:InPlacePodVerticalScaling, Beta]" classname="CNS-CSI-Driver-End-to-End-Transaction-Support-Tests" status="skipped" time="0">
              <skipped message="skipped"></skipped>
          </testcase>
          <testcase name="[It] [sig-node] Pod InPlace Resize Container [FeatureGate:InPlacePodVerticalScaling] [Beta] Burstable QoS pod, one container - increase memory request (NoRestart memory resize policy) [sig-node, FeatureGate:InPlacePodVerticalScaling, Beta]" classname="CNS-CSI-Driver-End-to-End-Transaction-Support-Tests" status="skipped" time="0">
              <skipped message="skipped"></skipped>
          </testcase>
          <testcase name="[It] [sig-node] Pod InPlace Resize Container [FeatureGate:InPlacePodVerticalScaling] [Beta] Burstable QoS pod, one container with cpu &amp; memory requests + limits - decrease CPU limits only [sig-node, FeatureGate:InPlacePodVerticalScaling, Beta]" classname="CNS-CSI-Driver-End-to-End-Transaction-Support-Tests" status="skipped" time="0">
              <skipped message="skipped"></skipped>
          </testcase>
          <testcase name="[It] [sig-node] Pod InPlace Resize Container [FeatureGate:InPlacePodVerticalScaling] [Beta] Burstable QoS pod, one container with cpu &amp; memory requests + limits - decrease CPU requests and increase CPU limits [sig-node, FeatureGate:InPlacePodVerticalScaling, Beta]" classname="CNS-CSI-Driver-End-to-End-Transaction-Support-Tests" status="skipped" time="0">
              <skipped message="skipped"></skipped>
          </testcase>
          <testcase name="[It] [sig-node] Pod InPlace Resize Container [FeatureGate:InPlacePodVerticalScaling] [Beta] Burstable QoS pod, one container with cpu &amp; memory requests + limits - decrease CPU requests and increase memory limits [sig-node, FeatureGate:InPlacePodVerticalScaling, Beta]" classname="CNS-CSI-Driver-End-to-End-Transaction-Support-Tests" status="skipped" time="0">
              <skipped message="skipped"></skipped>
          </testcase>
          <testcase name="[It] [sig-node] Pod InPlace Resize Container [FeatureGate:InPlacePodVerticalScaling] [Beta] Burstable QoS pod, one container with cpu &amp; memory requests + limits - decrease CPU requests and limits [sig-node, FeatureGate:InPlacePodVerticalScaling, Beta]" classname="CNS-CSI-Driver-End-to-End-Transaction-Support-Tests" status="skipped" time="0">
              <skipped message="skipped"></skipped>
          </testcase>
          <testcase name="[It] [sig-node] Pod InPlace Resize Container [FeatureGate:InPlacePodVerticalScaling] [Beta] Burstable QoS pod, one container with cpu &amp; memory requests + limits - decrease CPU requests only [sig-node, FeatureGate:InPlacePodVerticalScaling, Beta]" classname="CNS-CSI-Driver-End-to-End-Transaction-Support-Tests" status="skipped" time="0">
              <skipped message="skipped"></skipped>
          </testcase>
          <testcase name="[It] [sig-node] Pod InPlace Resize Container [FeatureGate:InPlacePodVerticalScaling] [Beta] Burstable QoS pod, one container with cpu &amp; memory requests + limits - decrease memory requests and increase CPU limits [sig-node, FeatureGate:InPlacePodVerticalScaling, Beta]" classname="CNS-CSI-Driver-End-to-End-Transaction-Support-Tests" status="skipped" time="0">
              <skipped message="skipped"></skipped>
          </testcase>
          <testcase name="[It] [sig-node] Pod InPlace Resize Container [FeatureGate:InPlacePodVerticalScaling] [Beta] Burstable QoS pod, one container with cpu &amp; memory requests + limits - decrease memory requests and increase memory limits [sig-node, FeatureGate:InPlacePodVerticalScaling, Beta]" classname="CNS-CSI-Driver-End-to-End-Transaction-Support-Tests" status="skipped" time="0">
              <skipped message="skipped"></skipped>
          </testcase>
          <testcase name="[It] [sig-node] Pod InPlace Resize Container [FeatureGate:InPlacePodVerticalScaling] [Beta] Burstable QoS pod, one container with cpu &amp; memory requests + limits - decrease memory requests only [sig-node, FeatureGate:InPlacePodVerticalScaling, Beta]" classname="CNS-CSI-Driver-End-to-End-Transaction-Support-Tests" status="skipped" time="0">
              <skipped message="skipped"></skipped>
          </testcase>
          <testcase name="[It] [sig-node] Pod InPlace Resize Container [FeatureGate:InPlacePodVerticalScaling] [Beta] Burstable QoS pod, one container with cpu &amp; memory requests + limits - increase CPU limits only [sig-node, FeatureGate:InPlacePodVerticalScaling, Beta]" classname="CNS-CSI-Driver-End-to-End-Transaction-Support-Tests" status="skipped" time="0">
              <skipped message="skipped"></skipped>
          </testcase>
          <testcase name="[It] [sig-node] Pod InPlace Resize Container [FeatureGate:InPlacePodVerticalScaling] [Beta] Burstable QoS pod, one container with cpu &amp; memory requests + limits - increase CPU requests and decrease CPU limits [sig-node, FeatureGate:InPlacePodVerticalScaling, Beta]" classname="CNS-CSI-Driver-End-to-End-Transaction-Support-Tests" status="skipped" time="0">
              <skipped message="skipped"></skipped>
          </testcase>
          <testcase name="[It] [sig-node] Pod InPlace Resize Container [FeatureGate:InPlacePodVerticalScaling] [Beta] Burstable QoS pod, one container with cpu &amp; memory requests + limits - increase CPU requests and limits [sig-node, FeatureGate:InPlacePodVerticalScaling, Beta]" classname="CNS-CSI-Driver-End-to-End-Transaction-Support-Tests" status="skipped" time="0">
              <skipped message="skipped"></skipped>
          </testcase>
          <testcase name="[It] [sig-node] Pod InPlace Resize Container [FeatureGate:InPlacePodVerticalScaling] [Beta] Burstable QoS pod, one container with cpu &amp; memory requests + limits - increase CPU requests only [sig-node, FeatureGate:InPlacePodVerticalScaling, Beta]" classname="CNS-CSI-Driver-End-to-End-Transaction-Support-Tests" status="skipped" time="0">
              <skipped message="skipped"></skipped>
          </testcase>
          <testcase name="[It] [sig-node] Pod InPlace Resize Container [FeatureGate:InPlacePodVerticalScaling] [Beta] Burstable QoS pod, one container with cpu &amp; memory requests + limits - increase memory limits only [sig-node, FeatureGate:InPlacePodVerticalScaling, Beta]" classname="CNS-CSI-Driver-End-to-End-Transaction-Support-Tests" status="skipped" time="0">
              <skipped message="skipped"></skipped>
          </testcase>
          <testcase name="[It] [sig-node] Pod InPlace Resize Container [FeatureGate:InPlacePodVerticalScaling] [Beta] Burstable QoS pod, one container with cpu &amp; memory requests + limits - increase memory requests and decrease CPU limits [sig-node, FeatureGate:InPlacePodVerticalScaling, Beta]" classname="CNS-CSI-Driver-End-to-End-Transaction-Support-Tests" status="skipped" time="0">
              <skipped message="skipped"></skipped>
          </testcase>
          <testcase name="[It] [sig-node] Pod InPlace Resize Container [FeatureGate:InPlacePodVerticalScaling] [Beta] Burstable QoS pod, one container with cpu &amp; memory requests + limits - increase memory requests and limits [sig-node, FeatureGate:InPlacePodVerticalScaling, Beta]" classname="CNS-CSI-Driver-End-to-End-Transaction-Support-Tests" status="skipped" time="0">
              <skipped message="skipped"></skipped>
          </testcase>
          <testcase name="[It] [sig-node] Pod InPlace Resize Container [FeatureGate:InPlacePodVerticalScaling] [Beta] Burstable QoS pod, one container with cpu &amp; memory requests + limits - increase memory requests only [sig-node, FeatureGate:InPlacePodVerticalScaling, Beta]" classname="CNS-CSI-Driver-End-to-End-Transaction-Support-Tests" status="skipped" time="0">
              <skipped message="skipped"></skipped>
          </testcase>
          <testcase name="[It] [sig-node] Pod InPlace Resize Container [FeatureGate:InPlacePodVerticalScaling] [Beta] Burstable QoS pod, one container with cpu &amp; memory requests - decrease memory request [sig-node, FeatureGate:InPlacePodVerticalScaling, Beta]" classname="CNS-CSI-Driver-End-to-End-Transaction-Support-Tests" status="skipped" time="0">
              <skipped message="skipped"></skipped>
          </testcase>
          <testcase name="[It] [sig-node] Pod InPlace Resize Container [FeatureGate:InPlacePodVerticalScaling] [Beta] Burstable QoS pod, one container with cpu &amp; memory requests - increase cpu request [sig-node, FeatureGate:InPlacePodVerticalScaling, Beta]" classname="CNS-CSI-Driver-End-to-End-Transaction-Support-Tests" status="skipped" time="0">
              <skipped message="skipped"></skipped>
          </testcase>
          <testcase name="[It] [sig-node] Pod InPlace Resize Container [FeatureGate:InPlacePodVerticalScaling] [Beta] Burstable QoS pod, one container with cpu requests and limits - resize with equivalents [sig-node, FeatureGate:InPlacePodVerticalScaling, Beta]" classname="CNS-CSI-Driver-End-to-End-Transaction-Support-Tests" status="skipped" time="0">
              <skipped message="skipped"></skipped>
          </testcase>
          <testcase name="[It] [sig-node] Pod InPlace Resize Container [FeatureGate:InPlacePodVerticalScaling] [Beta] Burstable QoS pod, one container, one restartable init container - decrease init container CPU only [sig-node, FeatureGate:InPlacePodVerticalScaling, Beta]" classname="CNS-CSI-Driver-End-to-End-Transaction-Support-Tests" status="skipped" time="0">
              <skipped message="skipped"></skipped>
          </testcase>
          <testcase name="[It] [sig-node] Pod InPlace Resize Container [FeatureGate:InPlacePodVerticalScaling] [Beta] Burstable QoS pod, one container, one restartable init container - decrease init container memory requests only [sig-node, FeatureGate:InPlacePodVerticalScaling, Beta]" classname="CNS-CSI-Driver-End-to-End-Transaction-Support-Tests" status="skipped" time="0">
              <skipped message="skipped"></skipped>
          </testcase>
          <testcase name="[It] [sig-node] Pod InPlace Resize Container [FeatureGate:InPlacePodVerticalScaling] [Beta] Burstable QoS pod, one container, one restartable init container - increase init container CPU &amp; memory [sig-node, FeatureGate:InPlacePodVerticalScaling, Beta]" classname="CNS-CSI-Driver-End-to-End-Transaction-Support-Tests" status="skipped" time="0">
              <skipped message="skipped"></skipped>
          </testcase>
          <testcase name="[It] [sig-node] Pod InPlace Resize Container [FeatureGate:InPlacePodVerticalScaling] [Beta] Burstable QoS pod, one container, one restartable init container - increase init container CPU only [sig-node, FeatureGate:InPlacePodVerticalScaling, Beta]" classname="CNS-CSI-Driver-End-to-End-Transaction-Support-Tests" status="skipped" time="0">
              <skipped message="skipped"></skipped>
          </testcase>
          <testcase name="[It] [sig-node] Pod InPlace Resize Container [FeatureGate:InPlacePodVerticalScaling] [Beta] Burstable QoS pod, one container, one restartable init container - increase init container memory only [sig-node, FeatureGate:InPlacePodVerticalScaling, Beta]" classname="CNS-CSI-Driver-End-to-End-Transaction-Support-Tests" status="skipped" time="0">
              <skipped message="skipped"></skipped>
          </testcase>
          <testcase name="[It] [sig-node] Pod InPlace Resize Container [FeatureGate:InPlacePodVerticalScaling] [Beta] Burstable QoS pod, three containers - decrease c1 resources, increase c2 resources, no change for c3 (net increase for pod) [sig-node, FeatureGate:InPlacePodVerticalScaling, Beta]" classname="CNS-CSI-Driver-End-to-End-Transaction-Support-Tests" status="skipped" time="0">
              <skipped message="skipped"></skipped>
          </testcase>
          <testcase name="[It] [sig-node] Pod InPlace Resize Container [FeatureGate:InPlacePodVerticalScaling] [Beta] Burstable QoS pod, three containers - increase c1 resources, no change for c2, decrease c3 resources (no net change for pod) [sig-node, FeatureGate:InPlacePodVerticalScaling, Beta]" classname="CNS-CSI-Driver-End-to-End-Transaction-Support-Tests" status="skipped" time="0">
              <skipped message="skipped"></skipped>
          </testcase>
          <testcase name="[It] [sig-node] Pod InPlace Resize Container [FeatureGate:InPlacePodVerticalScaling] [Beta] Burstable QoS pod, three containers - no change for c1, increase c2 resources, decrease c3 (net decrease for pod) [sig-node, FeatureGate:InPlacePodVerticalScaling, Beta]" classname="CNS-CSI-Driver-End-to-End-Transaction-Support-Tests" status="skipped" time="0">
              <skipped message="skipped"></skipped>
          </testcase>
          <testcase name="[It] [sig-node] Pod InPlace Resize Container [FeatureGate:InPlacePodVerticalScaling] [Beta] Guaranteed QoS pod, one container - decrease CPU only [sig-node, FeatureGate:InPlacePodVerticalScaling, Beta]" classname="CNS-CSI-Driver-End-to-End-Transaction-Support-Tests" status="skipped" time="0">
              <skipped message="skipped"></skipped>
          </testcase>
          <testcase name="[It] [sig-node] Pod InPlace Resize Container [FeatureGate:InPlacePodVerticalScaling] [Beta] Guaranteed QoS pod, one container - increase CPU &amp; memory [sig-node, FeatureGate:InPlacePodVerticalScaling, Beta]" classname="CNS-CSI-Driver-End-to-End-Transaction-Support-Tests" status="skipped" time="0">
              <skipped message="skipped"></skipped>
          </testcase>
          <testcase name="[It] [sig-node] Pod InPlace Resize Container [FeatureGate:InPlacePodVerticalScaling] [Beta] Guaranteed QoS pod, one container - increase CPU &amp; memory with an extended resource [sig-node, FeatureGate:InPlacePodVerticalScaling, Beta]" classname="CNS-CSI-Driver-End-to-End-Transaction-Support-Tests" status="skipped" time="0">
              <skipped message="skipped"></skipped>
          </testcase>
          <testcase name="[It] [sig-node] Pod InPlace Resize Container [FeatureGate:InPlacePodVerticalScaling] [Beta] Guaranteed QoS pod, one container - increase CPU (NotRequired) &amp; memory (RestartContainer) [sig-node, FeatureGate:InPlacePodVerticalScaling, Beta]" classname="CNS-CSI-Driver-End-to-End-Transaction-Support-Tests" status="skipped" time="0">
              <skipped message="skipped"></skipped>
          </testcase>
          <testcase name="[It] [sig-node] Pod InPlace Resize Container [FeatureGate:InPlacePodVerticalScaling] [Beta] Guaranteed QoS pod, one container, one restartable init container - decrease init container CPU [sig-node, FeatureGate:InPlacePodVerticalScaling, Beta]" classname="CNS-CSI-Driver-End-to-End-Transaction-Support-Tests" status="skipped" time="0">
              <skipped message="skipped"></skipped>
          </testcase>
          <testcase name="[It] [sig-node] Pod InPlace Resize Container [FeatureGate:InPlacePodVerticalScaling] [Beta] Guaranteed QoS pod, one restartable init container - decrease CPU &amp; increase memory [sig-node, FeatureGate:InPlacePodVerticalScaling, Beta]" classname="CNS-CSI-Driver-End-to-End-Transaction-Support-Tests" status="skipped" time="0">
              <skipped message="skipped"></skipped>
          </testcase>
          <testcase name="[It] [sig-node] Pod InPlace Resize Container [FeatureGate:InPlacePodVerticalScaling] [Beta] Guaranteed QoS pod, one restartable init container - increase CPU &amp; memory [sig-node, FeatureGate:InPlacePodVerticalScaling, Beta]" classname="CNS-CSI-Driver-End-to-End-Transaction-Support-Tests" status="skipped" time="0">
              <skipped message="skipped"></skipped>
          </testcase>
          <testcase name="[It] [sig-node] Pod InPlace Resize Container [FeatureGate:InPlacePodVerticalScaling] [Beta] Guaranteed QoS pod, three containers (c1, c2, c3) - increase: CPU (c1,c3), memory (c2, c3) ; decrease: CPU (c2) [sig-node, FeatureGate:InPlacePodVerticalScaling, Beta]" classname="CNS-CSI-Driver-End-to-End-Transaction-Support-Tests" status="skipped" time="0">
              <skipped message="skipped"></skipped>
          </testcase>
          <testcase name="[It] [sig-node] Pod InPlace Resize Container [FeatureGate:InPlacePodVerticalScaling] [Beta] BestEffort pod - try requesting memory, expect error [sig-node, FeatureGate:InPlacePodVerticalScaling, Beta]" classname="CNS-CSI-Driver-End-to-End-Transaction-Support-Tests" status="skipped" time="0">
              <skipped message="skipped"></skipped>
          </testcase>
          <testcase name="[It] [sig-node] Pod InPlace Resize Container [FeatureGate:InPlacePodVerticalScaling] [Beta] Burstable QoS pod with memory requests + limits - decrease memory limit [sig-node, FeatureGate:InPlacePodVerticalScaling, Beta]" classname="CNS-CSI-Driver-End-to-End-Transaction-Support-Tests" status="skipped" time="0">
              <skipped message="skipped"></skipped>
          </testcase>
          <testcase name="[It] [sig-node] Pod InPlace Resize Container [FeatureGate:InPlacePodVerticalScaling] [Beta] Burstable QoS pod, one container with CPU requests + limits, cpu requests - remove memory requests [sig-node, FeatureGate:InPlacePodVerticalScaling, Beta]" classname="CNS-CSI-Driver-End-to-End-Transaction-Support-Tests" status="skipped" time="0">
              <skipped message="skipped"></skipped>
          </testcase>
          <testcase name="[It] [sig-node] Pod InPlace Resize Container [FeatureGate:InPlacePodVerticalScaling] [Beta] Burstable QoS pod, one container with cpu &amp; memory requests + limits - remove CPU limits [sig-node, FeatureGate:InPlacePodVerticalScaling, Beta]" classname="CNS-CSI-Driver-End-to-End-Transaction-Support-Tests" status="skipped" time="0">
              <skipped message="skipped"></skipped>
          </testcase>
          <testcase name="[It] [sig-node] Pod InPlace Resize Container [FeatureGate:InPlacePodVerticalScaling] [Beta] Burstable QoS pod, one container with cpu &amp; memory requests + limits - remove memory limits [sig-node, FeatureGate:InPlacePodVerticalScaling, Beta]" classname="CNS-CSI-Driver-End-to-End-Transaction-Support-Tests" status="skipped" time="0">
              <skipped message="skipped"></skipped>
          </testcase>
          <testcase name="[It] [sig-node] Pod InPlace Resize Container [FeatureGate:InPlacePodVerticalScaling] [Beta] Burstable QoS pod, one container with memory requests + limits, cpu requests - remove CPU requests [sig-node, FeatureGate:InPlacePodVerticalScaling, Beta]" classname="CNS-CSI-Driver-End-to-End-Transaction-Support-Tests" status="skipped" time="0">
              <skipped message="skipped"></skipped>
          </testcase>
          <testcase name="[It] [sig-node] Pod InPlace Resize Container [FeatureGate:InPlacePodVerticalScaling] [Beta] Burstable QoS pod, two containers with cpu &amp; memory requests + limits - reorder containers [sig-node, FeatureGate:InPlacePodVerticalScaling, Beta]" classname="CNS-CSI-Driver-End-to-End-Transaction-Support-Tests" status="skipped" time="0">
              <skipped message="skipped"></skipped>
          </testcase>
          <testcase name="[It] [sig-node] InitContainer [NodeConformance] should invoke init containers on a RestartNever pod [Conformance] [sig-node, NodeConformance, Conformance]" classname="CNS-CSI-Driver-End-to-End-Transaction-Support-Tests" status="skipped" time="0">
              <skipped message="skipped"></skipped>
          </testcase>
          <testcase name="[It] [sig-node] InitContainer [NodeConformance] should invoke init containers on a RestartAlways pod [Conformance] [sig-node, NodeConformance, Conformance]" classname="CNS-CSI-Driver-End-to-End-Transaction-Support-Tests" status="skipped" time="0">
              <skipped message="skipped"></skipped>
          </testcase>
          <testcase name="[It] [sig-node] InitContainer [NodeConformance] should not start app containers if init containers fail on a RestartAlways pod [Conformance] [sig-node, NodeConformance, Conformance]" classname="CNS-CSI-Driver-End-to-End-Transaction-Support-Tests" status="skipped" time="0">
              <skipped message="skipped"></skipped>
          </testcase>
          <testcase name="[It] [sig-node] InitContainer [NodeConformance] should not start app containers and fail the pod if init containers fail on a RestartNever pod [Conformance] [sig-node, NodeConformance, Conformance]" classname="CNS-CSI-Driver-End-to-End-Transaction-Support-Tests" status="skipped" time="0">
              <skipped message="skipped"></skipped>
          </testcase>
          <testcase name="[It] [sig-node] NodeLease NodeLease the kubelet should create and update a lease in the kube-node-lease namespace [sig-node]" classname="CNS-CSI-Driver-End-to-End-Transaction-Support-Tests" status="skipped" time="0">
              <skipped message="skipped"></skipped>
          </testcase>
          <testcase name="[It] [sig-node] NodeLease NodeLease should have OwnerReferences set [sig-node]" classname="CNS-CSI-Driver-End-to-End-Transaction-Support-Tests" status="skipped" time="0">
              <skipped message="skipped"></skipped>
          </testcase>
          <testcase name="[It] [sig-node] NodeLease NodeLease the kubelet should report node status infrequently [sig-node]" classname="CNS-CSI-Driver-End-to-End-Transaction-Support-Tests" status="skipped" time="0">
              <skipped message="skipped"></skipped>
          </testcase>
          <testcase name="[It] [sig-node] PodTemplates should run the lifecycle of PodTemplates [Conformance] [sig-node, Conformance]" classname="CNS-CSI-Driver-End-to-End-Transaction-Support-Tests" status="skipped" time="0">
              <skipped message="skipped"></skipped>
          </testcase>
          <testcase name="[It] [sig-node] PodTemplates should delete a collection of pod templates [Conformance] [sig-node, Conformance]" classname="CNS-CSI-Driver-End-to-End-Transaction-Support-Tests" status="skipped" time="0">
              <skipped message="skipped"></skipped>
          </testcase>
          <testcase name="[It] [sig-node] PodTemplates should replace a pod template [Conformance] [sig-node, Conformance]" classname="CNS-CSI-Driver-End-to-End-Transaction-Support-Tests" status="skipped" time="0">
              <skipped message="skipped"></skipped>
          </testcase>
          <testcase name="[It] [sig-storage] Downward API volume should provide podname only [NodeConformance] [Conformance] [sig-storage, NodeConformance, Conformance]" classname="CNS-CSI-Driver-End-to-End-Transaction-Support-Tests" status="skipped" time="0">
              <skipped message="skipped"></skipped>
          </testcase>
          <testcase name="[It] [sig-storage] Downward API volume should set DefaultMode on files [LinuxOnly] [NodeConformance] [Conformance] [sig-storage, NodeConformance, Conformance]" classname="CNS-CSI-Driver-End-to-End-Transaction-Support-Tests" status="skipped" time="0">
              <skipped message="skipped"></skipped>
          </testcase>
          <testcase name="[It] [sig-storage] Downward API volume should set mode on item file [LinuxOnly] [NodeConformance] [Conformance] [sig-storage, NodeConformance, Conformance]" classname="CNS-CSI-Driver-End-to-End-Transaction-Support-Tests" status="skipped" time="0">
              <skipped message="skipped"></skipped>
          </testcase>
          <testcase name="[It] [sig-storage] Downward API volume should provide podname as non-root with fsgroup [LinuxOnly] [sig-storage]" classname="CNS-CSI-Driver-End-to-End-Transaction-Support-Tests" status="skipped" time="0">
              <skipped message="skipped"></skipped>
          </testcase>
          <testcase name="[It] [sig-storage] Downward API volume should provide podname as non-root with fsgroup and defaultMode [LinuxOnly] [sig-storage]" classname="CNS-CSI-Driver-End-to-End-Transaction-Support-Tests" status="skipped" time="0">
              <skipped message="skipped"></skipped>
          </testcase>
          <testcase name="[It] [sig-storage] Downward API volume should update labels on modification [NodeConformance] [Conformance] [sig-storage, NodeConformance, Conformance]" classname="CNS-CSI-Driver-End-to-End-Transaction-Support-Tests" status="skipped" time="0">
              <skipped message="skipped"></skipped>
          </testcase>
          <testcase name="[It] [sig-storage] Downward API volume should update annotations on modification [NodeConformance] [Conformance] [sig-storage, NodeConformance, Conformance]" classname="CNS-CSI-Driver-End-to-End-Transaction-Support-Tests" status="skipped" time="0">
              <skipped message="skipped"></skipped>
          </testcase>
          <testcase name="[It] [sig-storage] Downward API volume should provide container&#39;s cpu limit [NodeConformance] [Conformance] [sig-storage, NodeConformance, Conformance]" classname="CNS-CSI-Driver-End-to-End-Transaction-Support-Tests" status="skipped" time="0">
              <skipped message="skipped"></skipped>
          </testcase>
          <testcase name="[It] [sig-storage] Downward API volume should provide container&#39;s memory limit [NodeConformance] [Conformance] [sig-storage, NodeConformance, Conformance]" classname="CNS-CSI-Driver-End-to-End-Transaction-Support-Tests" status="skipped" time="0">
              <skipped message="skipped"></skipped>
          </testcase>
          <testcase name="[It] [sig-storage] Downward API volume should provide container&#39;s cpu request [NodeConformance] [Conformance] [sig-storage, NodeConformance, Conformance]" classname="CNS-CSI-Driver-End-to-End-Transaction-Support-Tests" status="skipped" time="0">
              <skipped message="skipped"></skipped>
          </testcase>
          <testcase name="[It] [sig-storage] Downward API volume should provide container&#39;s memory request [NodeConformance] [Conformance] [sig-storage, NodeConformance, Conformance]" classname="CNS-CSI-Driver-End-to-End-Transaction-Support-Tests" status="skipped" time="0">
              <skipped message="skipped"></skipped>
          </testcase>
          <testcase name="[It] [sig-storage] Downward API volume should provide node allocatable (cpu) as default cpu limit if the limit is not set [NodeConformance] [Conformance] [sig-storage, NodeConformance, Conformance]" classname="CNS-CSI-Driver-End-to-End-Transaction-Support-Tests" status="skipped" time="0">
              <skipped message="skipped"></skipped>
          </testcase>
          <testcase name="[It] [sig-storage] Downward API volume should provide node allocatable (memory) as default memory limit if the limit is not set [NodeConformance] [Conformance] [sig-storage, NodeConformance, Conformance]" classname="CNS-CSI-Driver-End-to-End-Transaction-Support-Tests" status="skipped" time="0">
              <skipped message="skipped"></skipped>
          </testcase>
          <testcase name="[It] [sig-storage] Downward API [Serial] [Disruptive] [Feature:EphemeralStorage] Downward API tests for local ephemeral storage should provide container&#39;s limits.ephemeral-storage and requests.ephemeral-storage as env vars [sig-storage, Serial, Disruptive, Feature:EphemeralStorage]" classname="CNS-CSI-Driver-End-to-End-Transaction-Support-Tests" status="skipped" time="0">
              <skipped message="skipped"></skipped>
          </testcase>
          <testcase name="[It] [sig-storage] Downward API [Serial] [Disruptive] [Feature:EphemeralStorage] Downward API tests for local ephemeral storage should provide default limits.ephemeral-storage from node allocatable [sig-storage, Serial, Disruptive, Feature:EphemeralStorage]" classname="CNS-CSI-Driver-End-to-End-Transaction-Support-Tests" status="skipped" time="0">
              <skipped message="skipped"></skipped>
          </testcase>
          <testcase name="[It] Transaction_Support_DeleteSnapshot Transaction_Support_Table_Tests CSI-Service-Down [csi-block-vanilla] [csi-guest] [csi-supervisor] Veify Delete Volume Snapshot With Transaction Support During Service Down-APD-vSAN-Partitioning [p0, disruptive, block, windows, wcp, tkg, vanilla, vc91]" classname="CNS-CSI-Driver-End-to-End-Transaction-Support-Tests" status="skipped" time="0">
              <skipped message="skipped"></skipped>
          </testcase>
          <testcase name="[It] Transaction_Support_DeleteSnapshot Transaction_Support_Table_Tests Datastore-APD [csi-block-vanilla] [csi-guest] [csi-supervisor] Veify Delete Volume Snapshot With Transaction Support During Service Down-APD-vSAN-Partitioning [p0, disruptive, block, windows, wcp, tkg, vanilla, vc91]" classname="CNS-CSI-Driver-End-to-End-Transaction-Support-Tests" status="skipped" time="0">
              <skipped message="skipped"></skipped>
          </testcase>
          <testcase name="[It] [sig-storage] EmptyDir volumes when FSGroup is specified [LinuxOnly] new files should be created with FSGroup ownership when container is root [sig-storage]" classname="CNS-CSI-Driver-End-to-End-Transaction-Support-Tests" status="skipped" time="0">
              <skipped message="skipped"></skipped>
          </testcase>
          <testcase name="[It] [sig-storage] EmptyDir volumes when FSGroup is specified [LinuxOnly] new files should be created with FSGroup ownership when container is non-root [sig-storage]" classname="CNS-CSI-Driver-End-to-End-Transaction-Support-Tests" status="skipped" time="0">
              <skipped message="skipped"></skipped>
          </testcase>
          <testcase name="[It] [sig-storage] EmptyDir volumes when FSGroup is specified [LinuxOnly] nonexistent volume subPath should have the correct mode and owner using FSGroup [sig-storage]" classname="CNS-CSI-Driver-End-to-End-Transaction-Support-Tests" status="skipped" time="0">
              <skipped message="skipped"></skipped>
          </testcase>
          <testcase name="[It] [sig-storage] EmptyDir volumes when FSGroup is specified [LinuxOnly] files with FSGroup ownership should support (root,0644,tmpfs) [sig-storage]" classname="CNS-CSI-Driver-End-to-End-Transaction-Support-Tests" status="skipped" time="0">
              <skipped message="skipped"></skipped>
          </testcase>
          <testcase name="[It] [sig-storage] EmptyDir volumes when FSGroup is specified [LinuxOnly] volume on default medium should have the correct mode using FSGroup [sig-storage]" classname="CNS-CSI-Driver-End-to-End-Transaction-Support-Tests" status="skipped" time="0">
              <skipped message="skipped"></skipped>
          </testcase>
          <testcase name="[It] [sig-storage] EmptyDir volumes when FSGroup is specified [LinuxOnly] volume on tmpfs should have the correct mode using FSGroup [sig-storage]" classname="CNS-CSI-Driver-End-to-End-Transaction-Support-Tests" status="skipped" time="0">
              <skipped message="skipped"></skipped>
          </testcase>
          <testcase name="[It] [sig-storage] EmptyDir volumes volume on tmpfs should have the correct mode [LinuxOnly] [NodeConformance] [Conformance] [sig-storage, NodeConformance, Conformance]" classname="CNS-CSI-Driver-End-to-End-Transaction-Support-Tests" status="skipped" time="0">
              <skipped message="skipped"></skipped>
          </testcase>
          <testcase name="[It] [sig-storage] EmptyDir volumes should support (root,0644,tmpfs) [LinuxOnly] [NodeConformance] [Conformance] [sig-storage, NodeConformance, Conformance]" classname="CNS-CSI-Driver-End-to-End-Transaction-Support-Tests" status="skipped" time="0">
              <skipped message="skipped"></skipped>
          </testcase>
          <testcase name="[It] [sig-storage] EmptyDir volumes should support (root,0666,tmpfs) [LinuxOnly] [NodeConformance] [Conformance] [sig-storage, NodeConformance, Conformance]" classname="CNS-CSI-Driver-End-to-End-Transaction-Support-Tests" status="skipped" time="0">
              <skipped message="skipped"></skipped>
          </testcase>
          <testcase name="[It] [sig-storage] EmptyDir volumes should support (root,0777,tmpfs) [LinuxOnly] [NodeConformance] [Conformance] [sig-storage, NodeConformance, Conformance]" classname="CNS-CSI-Driver-End-to-End-Transaction-Support-Tests" status="skipped" time="0">
              <skipped message="skipped"></skipped>
          </testcase>
          <testcase name="[It] [sig-storage] EmptyDir volumes should support (non-root,0644,tmpfs) [LinuxOnly] [NodeConformance] [Conformance] [sig-storage, NodeConformance, Conformance]" classname="CNS-CSI-Driver-End-to-End-Transaction-Support-Tests" status="skipped" time="0">
              <skipped message="skipped"></skipped>
          </testcase>
          <testcase name="[It] [sig-storage] EmptyDir volumes should support (non-root,0666,tmpfs) [LinuxOnly] [NodeConformance] [Conformance] [sig-storage, NodeConformance, Conformance]" classname="CNS-CSI-Driver-End-to-End-Transaction-Support-Tests" status="skipped" time="0">
              <skipped message="skipped"></skipped>
          </testcase>
          <testcase name="[It] [sig-storage] EmptyDir volumes should support (non-root,0777,tmpfs) [LinuxOnly] [NodeConformance] [Conformance] [sig-storage, NodeConformance, Conformance]" classname="CNS-CSI-Driver-End-to-End-Transaction-Support-Tests" status="skipped" time="0">
              <skipped message="skipped"></skipped>
          </testcase>
          <testcase name="[It] [sig-storage] EmptyDir volumes volume on default medium should have the correct mode [LinuxOnly] [NodeConformance] [Conformance] [sig-storage, NodeConformance, Conformance]" classname="CNS-CSI-Driver-End-to-End-Transaction-Support-Tests" status="skipped" time="0">
              <skipped message="skipped"></skipped>
          </testcase>
          <testcase name="[It] [sig-storage] EmptyDir volumes should support (root,0644,default) [LinuxOnly] [NodeConformance] [Conformance] [sig-storage, NodeConformance, Conformance]" classname="CNS-CSI-Driver-End-to-End-Transaction-Support-Tests" status="skipped" time="0">
              <skipped message="skipped"></skipped>
          </testcase>
          <testcase name="[It] [sig-storage] EmptyDir volumes should support (root,0666,default) [LinuxOnly] [NodeConformance] [Conformance] [sig-storage, NodeConformance, Conformance]" classname="CNS-CSI-Driver-End-to-End-Transaction-Support-Tests" status="skipped" time="0">
              <skipped message="skipped"></skipped>
          </testcase>
          <testcase name="[It] [sig-storage] EmptyDir volumes should support (root,0777,default) [LinuxOnly] [NodeConformance] [Conformance] [sig-storage, NodeConformance, Conformance]" classname="CNS-CSI-Driver-End-to-End-Transaction-Support-Tests" status="skipped" time="0">
              <skipped message="skipped"></skipped>
          </testcase>
          <testcase name="[It] [sig-storage] EmptyDir volumes should support (non-root,0644,default) [LinuxOnly] [NodeConformance] [Conformance] [sig-storage, NodeConformance, Conformance]" classname="CNS-CSI-Driver-End-to-End-Transaction-Support-Tests" status="skipped" time="0">
              <skipped message="skipped"></skipped>
          </testcase>
          <testcase name="[It] [sig-storage] EmptyDir volumes should support (non-root,0666,default) [LinuxOnly] [NodeConformance] [Conformance] [sig-storage, NodeConformance, Conformance]" classname="CNS-CSI-Driver-End-to-End-Transaction-Support-Tests" status="skipped" time="0">
              <skipped message="skipped"></skipped>
          </testcase>
          <testcase name="[It] [sig-storage] EmptyDir volumes should support (non-root,0777,default) [LinuxOnly] [NodeConformance] [Conformance] [sig-storage, NodeConformance, Conformance]" classname="CNS-CSI-Driver-End-to-End-Transaction-Support-Tests" status="skipped" time="0">
              <skipped message="skipped"></skipped>
          </testcase>
          <testcase name="[It] [sig-storage] EmptyDir volumes pod should support shared volumes between containers [Conformance] [sig-storage, Conformance]" classname="CNS-CSI-Driver-End-to-End-Transaction-Support-Tests" status="skipped" time="0">
              <skipped message="skipped"></skipped>
          </testcase>
          <testcase name="[It] [sig-storage] EmptyDir volumes pod should support memory backed volumes of specified size [sig-storage]" classname="CNS-CSI-Driver-End-to-End-Transaction-Support-Tests" status="skipped" time="0">
              <skipped message="skipped"></skipped>
          </testcase>
          <testcase name="[It] [sig-node] Lease lease API should be available [Conformance] [sig-node, Conformance]" classname="CNS-CSI-Driver-End-to-End-Transaction-Support-Tests" status="skipped" time="0">
              <skipped message="skipped"></skipped>
          </testcase>
          <testcase name="[It] [sig-node] Pods should get a host IP [NodeConformance] [Conformance] [sig-node, NodeConformance, Conformance]" classname="CNS-CSI-Driver-End-to-End-Transaction-Support-Tests" status="skipped" time="0">
              <skipped message="skipped"></skipped>
          </testcase>
          <testcase name="[It] [sig-node] Pods should be submitted and removed [NodeConformance] [Conformance] [sig-node, NodeConformance, Conformance]" classname="CNS-CSI-Driver-End-to-End-Transaction-Support-Tests" status="skipped" time="0">
              <skipped message="skipped"></skipped>
          </testcase>
          <testcase name="[It] [sig-node] Pods should be updated [NodeConformance] [Conformance] [sig-node, NodeConformance, Conformance]" classname="CNS-CSI-Driver-End-to-End-Transaction-Support-Tests" status="skipped" time="0">
              <skipped message="skipped"></skipped>
          </testcase>
          <testcase name="[It] [sig-node] Pods should allow activeDeadlineSeconds to be updated [NodeConformance] [Conformance] [sig-node, NodeConformance, Conformance]" classname="CNS-CSI-Driver-End-to-End-Transaction-Support-Tests" status="skipped" time="0">
              <skipped message="skipped"></skipped>
          </testcase>
          <testcase name="[It] [sig-node] Pods should contain environment variables for services [NodeConformance] [Conformance] [sig-node, NodeConformance, Conformance]" classname="CNS-CSI-Driver-End-to-End-Transaction-Support-Tests" status="skipped" time="0">
              <skipped message="skipped"></skipped>
          </testcase>
          <testcase name="[It] [sig-node] Pods should support remote command execution over websockets [NodeConformance] [Conformance] [sig-node, NodeConformance, Conformance]" classname="CNS-CSI-Driver-End-to-End-Transaction-Support-Tests" status="skipped" time="0">
              <skipped message="skipped"></skipped>
          </testcase>
          <testcase name="[It] [sig-node] Pods should support retrieving logs from the container over websockets [NodeConformance] [Conformance] [sig-node, NodeConformance, Conformance]" classname="CNS-CSI-Driver-End-to-End-Transaction-Support-Tests" status="skipped" time="0">
              <skipped message="skipped"></skipped>
          </testcase>
          <testcase name="[It] [sig-node] Pods should have their auto-restart back-off timer reset on image update [Slow] [NodeConformance] [sig-node, Slow, NodeConformance]" classname="CNS-CSI-Driver-End-to-End-Transaction-Support-Tests" status="skipped" time="0">
              <skipped message="skipped"></skipped>
          </testcase>
          <testcase name="[It] [sig-node] Pods should cap back-off at MaxContainerBackOff [Slow] [NodeConformance] [sig-node, Slow, NodeConformance]" classname="CNS-CSI-Driver-End-to-End-Transaction-Support-Tests" status="skipped" time="0">
              <skipped message="skipped"></skipped>
          </testcase>
          <testcase name="[It] [sig-node] Pods should support pod readiness gates [NodeConformance] [sig-node, NodeConformance]" classname="CNS-CSI-Driver-End-to-End-Transaction-Support-Tests" status="skipped" time="0">
              <skipped message="skipped"></skipped>
          </testcase>
          <testcase name="[It] [sig-node] Pods should delete a collection of pods [Conformance] [sig-node, Conformance]" classname="CNS-CSI-Driver-End-to-End-Transaction-Support-Tests" status="skipped" time="0">
              <skipped message="skipped"></skipped>
          </testcase>
          <testcase name="[It] [sig-node] Pods should run through the lifecycle of Pods and PodStatus [Conformance] [sig-node, Conformance]" classname="CNS-CSI-Driver-End-to-End-Transaction-Support-Tests" status="skipped" time="0">
              <skipped message="skipped"></skipped>
          </testcase>
          <testcase name="[It] [sig-node] Pods should patch a pod status [Conformance] [sig-node, Conformance]" classname="CNS-CSI-Driver-End-to-End-Transaction-Support-Tests" status="skipped" time="0">
              <skipped message="skipped"></skipped>
          </testcase>
          <testcase name="[It] [sig-node] Containers should use the image defaults if command and args are blank [NodeConformance] [Conformance] [sig-node, NodeConformance, Conformance]" classname="CNS-CSI-Driver-End-to-End-Transaction-Support-Tests" status="skipped" time="0">
              <skipped message="skipped"></skipped>
          </testcase>
          <testcase name="[It] [sig-node] Containers should be able to override the image&#39;s default arguments (container cmd) [NodeConformance] [Conformance] [sig-node, NodeConformance, Conformance]" classname="CNS-CSI-Driver-End-to-End-Transaction-Support-Tests" status="skipped" time="0">
              <skipped message="skipped"></skipped>
          </testcase>
          <testcase name="[It] [sig-node] Containers should be able to override the image&#39;s default command (container entrypoint) [NodeConformance] [Conformance] [sig-node, NodeConformance, Conformance]" classname="CNS-CSI-Driver-End-to-End-Transaction-Support-Tests" status="skipped" time="0">
              <skipped message="skipped"></skipped>
          </testcase>
          <testcase name="[It] [sig-node] Containers should be able to override the image&#39;s default command and arguments [NodeConformance] [Conformance] [sig-node, NodeConformance, Conformance]" classname="CNS-CSI-Driver-End-to-End-Transaction-Support-Tests" status="skipped" time="0">
              <skipped message="skipped"></skipped>
          </testcase>
          <testcase name="[It] [sig-node] ImageCredentialProvider [Feature:KubeletCredentialProviders] should be able to create pod with image credentials fetched from external credential provider  [sig-node, Feature:KubeletCredentialProviders]" classname="CNS-CSI-Driver-End-to-End-Transaction-Support-Tests" status="skipped" time="0">
              <skipped message="skipped"></skipped>
          </testcase>
          <testcase name="[It] [sig-node] Variable Expansion should allow composing env vars into new env vars [NodeConformance] [Conformance] [sig-node, NodeConformance, Conformance]" classname="CNS-CSI-Driver-End-to-End-Transaction-Support-Tests" status="skipped" time="0">
              <skipped message="skipped"></skipped>
          </testcase>
          <testcase name="[It] [sig-node] Variable Expansion should allow substituting values in a container&#39;s command [NodeConformance] [Conformance] [sig-node, NodeConformance, Conformance]" classname="CNS-CSI-Driver-End-to-End-Transaction-Support-Tests" status="skipped" time="0">
              <skipped message="skipped"></skipped>
          </testcase>
          <testcase name="[It] [sig-node] Variable Expansion should allow substituting values in a container&#39;s args [NodeConformance] [Conformance] [sig-node, NodeConformance, Conformance]" classname="CNS-CSI-Driver-End-to-End-Transaction-Support-Tests" status="skipped" time="0">
              <skipped message="skipped"></skipped>
          </testcase>
          <testcase name="[It] [sig-node] Variable Expansion should allow substituting values in a volume subpath [Conformance] [sig-node, Conformance]" classname="CNS-CSI-Driver-End-to-End-Transaction-Support-Tests" status="skipped" time="0">
              <skipped message="skipped"></skipped>
          </testcase>
          <testcase name="[It] [sig-node] Variable Expansion should fail substituting values in a volume subpath with backticks [Conformance] [sig-node, Conformance]" classname="CNS-CSI-Driver-End-to-End-Transaction-Support-Tests" status="skipped" time="0">
              <skipped message="skipped"></skipped>
          </testcase>
          <testcase name="[It] [sig-node] Variable Expansion should fail substituting values in a volume subpath with absolute path [Conformance] [sig-node, Conformance]" classname="CNS-CSI-Driver-End-to-End-Transaction-Support-Tests" status="skipped" time="0">
              <skipped message="skipped"></skipped>
          </testcase>
          <testcase name="[It] [sig-node] Variable Expansion should verify that a failing subpath expansion can be modified during the lifecycle of a container [Slow] [Conformance] [sig-node, Slow, Conformance]" classname="CNS-CSI-Driver-End-to-End-Transaction-Support-Tests" status="skipped" time="0">
              <skipped message="skipped"></skipped>
          </testcase>
          <testcase name="[It] [sig-node] Variable Expansion should succeed in writing subpaths in container [Conformance] [sig-node, Conformance]" classname="CNS-CSI-Driver-End-to-End-Transaction-Support-Tests" status="skipped" time="0">
              <skipped message="skipped"></skipped>
          </testcase>
          <testcase name="[It] [sig-node] Variable Expansion allow almost all printable ASCII characters as environment variable names [Feature:RelaxedEnvironmentVariableValidation] [sig-node, Feature:RelaxedEnvironmentVariableValidation]" classname="CNS-CSI-Driver-End-to-End-Transaction-Support-Tests" status="skipped" time="0">
              <skipped message="skipped"></skipped>
          </testcase>
          <testcase name="[It] [sig-node] Downward API should provide pod name, namespace and IP address as env vars [NodeConformance] [Conformance] [sig-node, NodeConformance, Conformance]" classname="CNS-CSI-Driver-End-to-End-Transaction-Support-Tests" status="skipped" time="0">
              <skipped message="skipped"></skipped>
          </testcase>
          <testcase name="[It] [sig-node] Downward API should provide host IP as an env var [NodeConformance] [Conformance] [sig-node, NodeConformance, Conformance]" classname="CNS-CSI-Driver-End-to-End-Transaction-Support-Tests" status="skipped" time="0">
              <skipped message="skipped"></skipped>
          </testcase>
          <testcase name="[It] [sig-node] Downward API should provide hostIPs as an env var [NodeConformance] [Conformance] [sig-node, NodeConformance, Conformance]" classname="CNS-CSI-Driver-End-to-End-Transaction-Support-Tests" status="skipped" time="0">
              <skipped message="skipped"></skipped>
          </testcase>
          <testcase name="[It] [sig-node] Downward API should provide host IP and pod IP as an env var if pod uses host network [LinuxOnly] [sig-node]" classname="CNS-CSI-Driver-End-to-End-Transaction-Support-Tests" status="skipped" time="0">
              <skipped message="skipped"></skipped>
          </testcase>
          <testcase name="[It] [sig-node] Downward API should provide container&#39;s limits.cpu/memory and requests.cpu/memory as env vars [NodeConformance] [Conformance] [sig-node, NodeConformance, Conformance]" classname="CNS-CSI-Driver-End-to-End-Transaction-Support-Tests" status="skipped" time="0">
              <skipped message="skipped"></skipped>
          </testcase>
          <testcase name="[It] [sig-node] Downward API should provide default limits.cpu/memory from node allocatable [NodeConformance] [Conformance] [sig-node, NodeConformance, Conformance]" classname="CNS-CSI-Driver-End-to-End-Transaction-Support-Tests" status="skipped" time="0">
              <skipped message="skipped"></skipped>
          </testcase>
          <testcase name="[It] [sig-node] Downward API should provide pod UID as env vars [NodeConformance] [Conformance] [sig-node, NodeConformance, Conformance]" classname="CNS-CSI-Driver-End-to-End-Transaction-Support-Tests" status="skipped" time="0">
              <skipped message="skipped"></skipped>
          </testcase>
          <testcase name="[It] Transaction_Support_CreateVolumeFromSnapshot Transaction_Support_Table_Tests CSI-Service-Down [csi-block-vanilla] [csi-guest] [csi-supervisor] Veify Create Volume From Snapshot With Transaction Support During Service Down-APD-vSAN-Partitioning [p0, disruptive, block, windows, wcp, tkg, vanilla, vc91]" classname="CNS-CSI-Driver-End-to-End-Transaction-Support-Tests" status="skipped" time="0">
              <skipped message="skipped"></skipped>
          </testcase>
          <testcase name="[It] Transaction_Support_CreateVolumeFromSnapshot Transaction_Support_Table_Tests Datastore-APD [csi-block-vanilla] [csi-guest] [csi-supervisor] Veify Create Volume From Snapshot With Transaction Support During Service Down-APD-vSAN-Partitioning [p0, disruptive, block, windows, wcp, tkg, vanilla, vc91]" classname="CNS-CSI-Driver-End-to-End-Transaction-Support-Tests" status="skipped" time="0">
              <skipped message="skipped"></skipped>
          </testcase>
          <testcase name="[It] [sig-storage] Projected downwardAPI should provide podname only [NodeConformance] [Conformance] [sig-storage, NodeConformance, Conformance]" classname="CNS-CSI-Driver-End-to-End-Transaction-Support-Tests" status="skipped" time="0">
              <skipped message="skipped"></skipped>
          </testcase>
          <testcase name="[It] [sig-storage] Projected downwardAPI should set DefaultMode on files [LinuxOnly] [NodeConformance] [Conformance] [sig-storage, NodeConformance, Conformance]" classname="CNS-CSI-Driver-End-to-End-Transaction-Support-Tests" status="skipped" time="0">
              <skipped message="skipped"></skipped>
          </testcase>
          <testcase name="[It] [sig-storage] Projected downwardAPI should set mode on item file [LinuxOnly] [NodeConformance] [Conformance] [sig-storage, NodeConformance, Conformance]" classname="CNS-CSI-Driver-End-to-End-Transaction-Support-Tests" status="skipped" time="0">
              <skipped message="skipped"></skipped>
          </testcase>
          <testcase name="[It] [sig-storage] Projected downwardAPI should provide podname as non-root with fsgroup [LinuxOnly] [sig-storage]" classname="CNS-CSI-Driver-End-to-End-Transaction-Support-Tests" status="skipped" time="0">
              <skipped message="skipped"></skipped>
          </testcase>
          <testcase name="[It] [sig-storage] Projected downwardAPI should provide podname as non-root with fsgroup and defaultMode [LinuxOnly] [sig-storage]" classname="CNS-CSI-Driver-End-to-End-Transaction-Support-Tests" status="skipped" time="0">
              <skipped message="skipped"></skipped>
          </testcase>
          <testcase name="[It] [sig-storage] Projected downwardAPI should update labels on modification [NodeConformance] [Conformance] [sig-storage, NodeConformance, Conformance]" classname="CNS-CSI-Driver-End-to-End-Transaction-Support-Tests" status="skipped" time="0">
              <skipped message="skipped"></skipped>
          </testcase>
          <testcase name="[It] [sig-storage] Projected downwardAPI should update annotations on modification [NodeConformance] [Conformance] [sig-storage, NodeConformance, Conformance]" classname="CNS-CSI-Driver-End-to-End-Transaction-Support-Tests" status="skipped" time="0">
              <skipped message="skipped"></skipped>
          </testcase>
          <testcase name="[It] [sig-storage] Projected downwardAPI should provide container&#39;s cpu limit [NodeConformance] [Conformance] [sig-storage, NodeConformance, Conformance]" classname="CNS-CSI-Driver-End-to-End-Transaction-Support-Tests" status="skipped" time="0">
              <skipped message="skipped"></skipped>
          </testcase>
          <testcase name="[It] [sig-storage] Projected downwardAPI should provide container&#39;s memory limit [NodeConformance] [Conformance] [sig-storage, NodeConformance, Conformance]" classname="CNS-CSI-Driver-End-to-End-Transaction-Support-Tests" status="skipped" time="0">
              <skipped message="skipped"></skipped>
          </testcase>
          <testcase name="[It] [sig-storage] Projected downwardAPI should provide container&#39;s cpu request [NodeConformance] [Conformance] [sig-storage, NodeConformance, Conformance]" classname="CNS-CSI-Driver-End-to-End-Transaction-Support-Tests" status="skipped" time="0">
              <skipped message="skipped"></skipped>
          </testcase>
          <testcase name="[It] [sig-storage] Projected downwardAPI should provide container&#39;s memory request [NodeConformance] [Conformance] [sig-storage, NodeConformance, Conformance]" classname="CNS-CSI-Driver-End-to-End-Transaction-Support-Tests" status="skipped" time="0">
              <skipped message="skipped"></skipped>
          </testcase>
          <testcase name="[It] [sig-storage] Projected downwardAPI should provide node allocatable (cpu) as default cpu limit if the limit is not set [NodeConformance] [Conformance] [sig-storage, NodeConformance, Conformance]" classname="CNS-CSI-Driver-End-to-End-Transaction-Support-Tests" status="skipped" time="0">
              <skipped message="skipped"></skipped>
          </testcase>
          <testcase name="[It] [sig-storage] Projected downwardAPI should provide node allocatable (memory) as default memory limit if the limit is not set [NodeConformance] [Conformance] [sig-storage, NodeConformance, Conformance]" classname="CNS-CSI-Driver-End-to-End-Transaction-Support-Tests" status="skipped" time="0">
              <skipped message="skipped"></skipped>
          </testcase>
          <testcase name="[It] [sig-node] User Namespaces for Pod Security Standards [LinuxOnly] with UserNamespacesSupport and UserNamespacesPodSecurityStandards enabled should allow pod [Feature:UserNamespacesPodSecurityStandards] [sig-node, Feature:UserNamespacesPodSecurityStandards]" classname="CNS-CSI-Driver-End-to-End-Transaction-Support-Tests" status="skipped" time="0">
              <skipped message="skipped"></skipped>
          </testcase>
          <testcase name="[It] [sig-node] Security Context When creating a pod with HostUsers must create the user namespace if set to false [LinuxOnly] [Feature:UserNamespacesSupport] [sig-node, Feature:UserNamespacesSupport]" classname="CNS-CSI-Driver-End-to-End-Transaction-Support-Tests" status="skipped" time="0">
              <skipped message="skipped"></skipped>
          </testcase>
          <testcase name="[It] [sig-node] Security Context When creating a pod with HostUsers must create the user namespace in the configured hostUID/hostGID range [LinuxOnly] [Feature:UserNamespacesSupport] [sig-node, Feature:UserNamespacesSupport]" classname="CNS-CSI-Driver-End-to-End-Transaction-Support-Tests" status="skipped" time="0">
              <skipped message="skipped"></skipped>
          </testcase>
          <testcase name="[It] [sig-node] Security Context When creating a pod with HostUsers must not create the user namespace if set to true [LinuxOnly] [Feature:UserNamespacesSupport] [sig-node, Feature:UserNamespacesSupport]" classname="CNS-CSI-Driver-End-to-End-Transaction-Support-Tests" status="skipped" time="0">
              <skipped message="skipped"></skipped>
          </testcase>
          <testcase name="[It] [sig-node] Security Context When creating a pod with HostUsers should mount all volumes with proper permissions with hostUsers=false [LinuxOnly] [Feature:UserNamespacesSupport] [sig-node, Feature:UserNamespacesSupport]" classname="CNS-CSI-Driver-End-to-End-Transaction-Support-Tests" status="skipped" time="0">
              <skipped message="skipped"></skipped>
          </testcase>
          <testcase name="[It] [sig-node] Security Context When creating a pod with HostUsers should set FSGroup to user inside the container with hostUsers=false [LinuxOnly] [Feature:UserNamespacesSupport] [sig-node, Feature:UserNamespacesSupport]" classname="CNS-CSI-Driver-End-to-End-Transaction-Support-Tests" status="skipped" time="0">
              <skipped message="skipped"></skipped>
          </testcase>
          <testcase name="[It] [sig-node] Security Context When creating a container with runAsUser should run the container with uid 65534 [LinuxOnly] [NodeConformance] [Conformance] [sig-node, NodeConformance, Conformance]" classname="CNS-CSI-Driver-End-to-End-Transaction-Support-Tests" status="skipped" time="0">
              <skipped message="skipped"></skipped>
          </testcase>
          <testcase name="[It] [sig-node] Security Context When creating a container with runAsUser should run the container with uid 0 [LinuxOnly] [NodeConformance] [sig-node, NodeConformance]" classname="CNS-CSI-Driver-End-to-End-Transaction-Support-Tests" status="skipped" time="0">
              <skipped message="skipped"></skipped>
          </testcase>
          <testcase name="[It] [sig-node] Security Context When creating a container with runAsNonRoot should run with an explicit non-root user ID [LinuxOnly] [sig-node]" classname="CNS-CSI-Driver-End-to-End-Transaction-Support-Tests" status="skipped" time="0">
              <skipped message="skipped"></skipped>
          </testcase>
          <testcase name="[It] [sig-node] Security Context When creating a container with runAsNonRoot should not run with an explicit root user ID [LinuxOnly] [sig-node]" classname="CNS-CSI-Driver-End-to-End-Transaction-Support-Tests" status="skipped" time="0">
              <skipped message="skipped"></skipped>
          </testcase>
          <testcase name="[It] [sig-node] Security Context When creating a container with runAsNonRoot should run with an image specified user ID [sig-node]" classname="CNS-CSI-Driver-End-to-End-Transaction-Support-Tests" status="skipped" time="0">
              <skipped message="skipped"></skipped>
          </testcase>
          <testcase name="[It] [sig-node] Security Context When creating a container with runAsNonRoot should not run without a specified user ID [sig-node]" classname="CNS-CSI-Driver-End-to-End-Transaction-Support-Tests" status="skipped" time="0">
              <skipped message="skipped"></skipped>
          </testcase>
          <testcase name="[It] [sig-node] Security Context When creating a pod with readOnlyRootFilesystem should run the container with readonly rootfs when readOnlyRootFilesystem=true [LinuxOnly] [NodeConformance] [sig-node, NodeConformance]" classname="CNS-CSI-Driver-End-to-End-Transaction-Support-Tests" status="skipped" time="0">
              <skipped message="skipped"></skipped>
          </testcase>
          <testcase name="[It] [sig-node] Security Context When creating a pod with readOnlyRootFilesystem should run the container with writable rootfs when readOnlyRootFilesystem=false [NodeConformance] [Conformance] [sig-node, NodeConformance, Conformance]" classname="CNS-CSI-Driver-End-to-End-Transaction-Support-Tests" status="skipped" time="0">
              <skipped message="skipped"></skipped>
          </testcase>
          <testcase name="[It] [sig-node] Security Context When creating a pod with privileged should run the container as unprivileged when false [LinuxOnly] [NodeConformance] [Conformance] [sig-node, NodeConformance, Conformance]" classname="CNS-CSI-Driver-End-to-End-Transaction-Support-Tests" status="skipped" time="0">
              <skipped message="skipped"></skipped>
          </testcase>
          <testcase name="[It] [sig-node] Security Context When creating a pod with privileged should run the container as privileged when true [LinuxOnly] [Feature:HostAccess] [sig-node, Feature:HostAccess]" classname="CNS-CSI-Driver-End-to-End-Transaction-Support-Tests" status="skipped" time="0">
              <skipped message="skipped"></skipped>
          </testcase>
          <testcase name="[It] [sig-node] Security Context when creating containers with AllowPrivilegeEscalation should allow privilege escalation when not explicitly set and uid != 0 [LinuxOnly] [NodeConformance] [sig-node, NodeConformance]" classname="CNS-CSI-Driver-End-to-End-Transaction-Support-Tests" status="skipped" time="0">
              <skipped message="skipped"></skipped>
          </testcase>
          <testcase name="[It] [sig-node] Security Context when creating containers with AllowPrivilegeEscalation should not allow privilege escalation when false [LinuxOnly] [NodeConformance] [Conformance] [sig-node, NodeConformance, Conformance]" classname="CNS-CSI-Driver-End-to-End-Transaction-Support-Tests" status="skipped" time="0">
              <skipped message="skipped"></skipped>
          </testcase>
          <testcase name="[It] [sig-node] Security Context when creating containers with AllowPrivilegeEscalation should allow privilege escalation when true [LinuxOnly] [NodeConformance] [sig-node, NodeConformance]" classname="CNS-CSI-Driver-End-to-End-Transaction-Support-Tests" status="skipped" time="0">
              <skipped message="skipped"></skipped>
          </testcase>
          <testcase name="[It] [sig-node] Security Context SupplementalGroupsPolicy [LinuxOnly] [Feature:SupplementalGroupsPolicy] [FeatureGate:SupplementalGroupsPolicy] [Beta] when SupplementalGroupsPolicy nil in SecurityContext when if the container&#39;s primary UID belongs to some groups in the image when scheduled node does not support SupplementalGroupsPolicy it should add SupplementalGroups to them [LinuxOnly] [sig-node, Feature:SupplementalGroupsPolicy, FeatureGate:SupplementalGroupsPolicy, Beta]" classname="CNS-CSI-Driver-End-to-End-Transaction-Support-Tests" status="skipped" time="0">
              <skipped message="skipped"></skipped>
          </testcase>
          <testcase name="[It] [sig-node] Security Context SupplementalGroupsPolicy [LinuxOnly] [Feature:SupplementalGroupsPolicy] [FeatureGate:SupplementalGroupsPolicy] [Beta] when SupplementalGroupsPolicy nil in SecurityContext when if the container&#39;s primary UID belongs to some groups in the image when scheduled node supports SupplementalGroupsPolicy it should add SupplementalGroups to them [LinuxOnly] [sig-node, Feature:SupplementalGroupsPolicy, FeatureGate:SupplementalGroupsPolicy, Beta]" classname="CNS-CSI-Driver-End-to-End-Transaction-Support-Tests" status="skipped" time="0">
              <skipped message="skipped"></skipped>
          </testcase>
          <testcase name="[It] [sig-node] Security Context SupplementalGroupsPolicy [LinuxOnly] [Feature:SupplementalGroupsPolicy] [FeatureGate:SupplementalGroupsPolicy] [Beta] when SupplementalGroupsPolicy was set to Merge in PodSpec when the container&#39;s primary UID belongs to some groups in the image when scheduled node does not support SupplementalGroupsPolicy it should add SupplementalGroups to them [LinuxOnly] [sig-node, Feature:SupplementalGroupsPolicy, FeatureGate:SupplementalGroupsPolicy, Beta]" classname="CNS-CSI-Driver-End-to-End-Transaction-Support-Tests" status="skipped" time="0">
              <skipped message="skipped"></skipped>
          </testcase>
          <testcase name="[It] [sig-node] Security Context SupplementalGroupsPolicy [LinuxOnly] [Feature:SupplementalGroupsPolicy] [FeatureGate:SupplementalGroupsPolicy] [Beta] when SupplementalGroupsPolicy was set to Merge in PodSpec when the container&#39;s primary UID belongs to some groups in the image when scheduled node supports SupplementalGroupsPolicy it should add SupplementalGroups to them [LinuxOnly] [sig-node, Feature:SupplementalGroupsPolicy, FeatureGate:SupplementalGroupsPolicy, Beta]" classname="CNS-CSI-Driver-End-to-End-Transaction-Support-Tests" status="skipped" time="0">
              <skipped message="skipped"></skipped>
          </testcase>
          <testcase name="[It] [sig-node] Security Context SupplementalGroupsPolicy [LinuxOnly] [Feature:SupplementalGroupsPolicy] [FeatureGate:SupplementalGroupsPolicy] [Beta] when SupplementalGroupsPolicy was set to Strict in PodSpec when the container&#39;s primary UID belongs to some groups in the image when scheduled node does not support SupplementalGroupsPolicy it should reject the pod [LinuxOnly] [sig-node, Feature:SupplementalGroupsPolicy, FeatureGate:SupplementalGroupsPolicy, Beta]" classname="CNS-CSI-Driver-End-to-End-Transaction-Support-Tests" status="skipped" time="0">
              <skipped message="skipped"></skipped>
          </testcase>
          <testcase name="[It] [sig-node] Security Context SupplementalGroupsPolicy [LinuxOnly] [Feature:SupplementalGroupsPolicy] [FeatureGate:SupplementalGroupsPolicy] [Beta] when SupplementalGroupsPolicy was set to Strict in PodSpec when the container&#39;s primary UID belongs to some groups in the image when scheduled node supports SupplementalGroupsPolicy it should NOT add SupplementalGroups to them [LinuxOnly] [sig-node, Feature:SupplementalGroupsPolicy, FeatureGate:SupplementalGroupsPolicy, Beta]" classname="CNS-CSI-Driver-End-to-End-Transaction-Support-Tests" status="skipped" time="0">
              <skipped message="skipped"></skipped>
          </testcase>
          <testcase name="[It] [sig-node] PrivilegedPod [NodeConformance] should enable privileged commands [LinuxOnly] [sig-node, NodeConformance]" classname="CNS-CSI-Driver-End-to-End-Transaction-Support-Tests" status="skipped" time="0">
              <skipped message="skipped"></skipped>
          </testcase>
          <testcase name="[It] [sig-node] PodOSRejection [NodeConformance] Kubelet [LinuxOnly] should reject pod when the node OS doesn&#39;t match pod&#39;s OS [sig-node, NodeConformance]" classname="CNS-CSI-Driver-End-to-End-Transaction-Support-Tests" status="skipped" time="0">
              <skipped message="skipped"></skipped>
          </testcase>
          <testcase name="[It] [sig-node] [Feature:SidecarContainers] Restartable Init Container Lifecycle Hook when create a pod with lifecycle hook should execute poststart exec hook properly [sig-node, Feature:SidecarContainers]" classname="CNS-CSI-Driver-End-to-End-Transaction-Support-Tests" status="skipped" time="0">
              <skipped message="skipped"></skipped>
          </testcase>
          <testcase name="[It] [sig-node] [Feature:SidecarContainers] Restartable Init Container Lifecycle Hook when create a pod with lifecycle hook should execute prestop exec hook properly [sig-node, Feature:SidecarContainers]" classname="CNS-CSI-Driver-End-to-End-Transaction-Support-Tests" status="skipped" time="0">
              <skipped message="skipped"></skipped>
          </testcase>
          <testcase name="[It] [sig-node] [Feature:SidecarContainers] Restartable Init Container Lifecycle Hook when create a pod with lifecycle hook should execute poststart http hook properly [sig-node, Feature:SidecarContainers]" classname="CNS-CSI-Driver-End-to-End-Transaction-Support-Tests" status="skipped" time="0">
              <skipped message="skipped"></skipped>
          </testcase>
          <testcase name="[It] [sig-node] [Feature:SidecarContainers] Restartable Init Container Lifecycle Hook when create a pod with lifecycle hook should execute poststart https hook properly [MinimumKubeletVersion:1.23] [sig-node, Feature:SidecarContainers]" classname="CNS-CSI-Driver-End-to-End-Transaction-Support-Tests" status="skipped" time="0">
              <skipped message="skipped"></skipped>
          </testcase>
          <testcase name="[It] [sig-node] [Feature:SidecarContainers] Restartable Init Container Lifecycle Hook when create a pod with lifecycle hook should execute prestop http hook properly [sig-node, Feature:SidecarContainers]" classname="CNS-CSI-Driver-End-to-End-Transaction-Support-Tests" status="skipped" time="0">
              <skipped message="skipped"></skipped>
          </testcase>
          <testcase name="[It] [sig-node] [Feature:SidecarContainers] Restartable Init Container Lifecycle Hook when create a pod with lifecycle hook should execute prestop https hook properly [MinimumKubeletVersion:1.23] [sig-node, Feature:SidecarContainers]" classname="CNS-CSI-Driver-End-to-End-Transaction-Support-Tests" status="skipped" time="0">
              <skipped message="skipped"></skipped>
          </testcase>
          <testcase name="[It] [sig-storage] ConfigMap should be consumable from pods in volume [NodeConformance] [Conformance] [sig-storage, NodeConformance, Conformance]" classname="CNS-CSI-Driver-End-to-End-Transaction-Support-Tests" status="skipped" time="0">
              <skipped message="skipped"></skipped>
          </testcase>
          <testcase name="[It] [sig-storage] ConfigMap should be consumable from pods in volume with defaultMode set [LinuxOnly] [NodeConformance] [Conformance] [sig-storage, NodeConformance, Conformance]" classname="CNS-CSI-Driver-End-to-End-Transaction-Support-Tests" status="skipped" time="0">
              <skipped message="skipped"></skipped>
          </testcase>
          <testcase name="[It] [sig-storage] ConfigMap should be consumable from pods in volume as non-root with defaultMode and fsGroup set [LinuxOnly] [sig-storage]" classname="CNS-CSI-Driver-End-to-End-Transaction-Support-Tests" status="skipped" time="0">
              <skipped message="skipped"></skipped>
          </testcase>
          <testcase name="[It] [sig-storage] ConfigMap should be consumable from pods in volume as non-root [NodeConformance] [Conformance] [sig-storage, NodeConformance, Conformance]" classname="CNS-CSI-Driver-End-to-End-Transaction-Support-Tests" status="skipped" time="0">
              <skipped message="skipped"></skipped>
          </testcase>
          <testcase name="[It] [sig-storage] ConfigMap should be consumable from pods in volume as non-root with FSGroup [LinuxOnly] [sig-storage]" classname="CNS-CSI-Driver-End-to-End-Transaction-Support-Tests" status="skipped" time="0">
              <skipped message="skipped"></skipped>
          </testcase>
          <testcase name="[It] [sig-storage] ConfigMap should be consumable from pods in volume with mappings [NodeConformance] [Conformance] [sig-storage, NodeConformance, Conformance]" classname="CNS-CSI-Driver-End-to-End-Transaction-Support-Tests" status="skipped" time="0">
              <skipped message="skipped"></skipped>
          </testcase>
          <testcase name="[It] [sig-storage] ConfigMap should be consumable from pods in volume with mappings and Item mode set [LinuxOnly] [NodeConformance] [Conformance] [sig-storage, NodeConformance, Conformance]" classname="CNS-CSI-Driver-End-to-End-Transaction-Support-Tests" status="skipped" time="0">
              <skipped message="skipped"></skipped>
          </testcase>
          <testcase name="[It] [sig-storage] ConfigMap should be consumable from pods in volume with mappings as non-root [NodeConformance] [Conformance] [sig-storage, NodeConformance, Conformance]" classname="CNS-CSI-Driver-End-to-End-Transaction-Support-Tests" status="skipped" time="0">
              <skipped message="skipped"></skipped>
          </testcase>
          <testcase name="[It] [sig-storage] ConfigMap should be consumable from pods in volume with mappings as non-root with FSGroup [LinuxOnly] [sig-storage]" classname="CNS-CSI-Driver-End-to-End-Transaction-Support-Tests" status="skipped" time="0">
              <skipped message="skipped"></skipped>
          </testcase>
          <testcase name="[It] [sig-storage] ConfigMap updates should be reflected in volume [NodeConformance] [Conformance] [sig-storage, NodeConformance, Conformance]" classname="CNS-CSI-Driver-End-to-End-Transaction-Support-Tests" status="skipped" time="0">
              <skipped message="skipped"></skipped>
          </testcase>
          <testcase name="[It] [sig-storage] ConfigMap binary data should be reflected in volume [NodeConformance] [Conformance] [sig-storage, NodeConformance, Conformance]" classname="CNS-CSI-Driver-End-to-End-Transaction-Support-Tests" status="skipped" time="0">
              <skipped message="skipped"></skipped>
          </testcase>
          <testcase name="[It] [sig-storage] ConfigMap optional updates should be reflected in volume [NodeConformance] [Conformance] [sig-storage, NodeConformance, Conformance]" classname="CNS-CSI-Driver-End-to-End-Transaction-Support-Tests" status="skipped" time="0">
              <skipped message="skipped"></skipped>
          </testcase>
          <testcase name="[It] [sig-storage] ConfigMap should be consumable in multiple volumes in the same pod [NodeConformance] [Conformance] [sig-storage, NodeConformance, Conformance]" classname="CNS-CSI-Driver-End-to-End-Transaction-Support-Tests" status="skipped" time="0">
              <skipped message="skipped"></skipped>
          </testcase>
          <testcase name="[It] [sig-storage] ConfigMap should be immutable if `immutable` field is set [Conformance] [sig-storage, Conformance]" classname="CNS-CSI-Driver-End-to-End-Transaction-Support-Tests" status="skipped" time="0">
              <skipped message="skipped"></skipped>
          </testcase>
          <testcase name="[It] [sig-storage] ConfigMap Should fail non-optional pod creation due to configMap object does not exist [Slow] [sig-storage, Slow]" classname="CNS-CSI-Driver-End-to-End-Transaction-Support-Tests" status="skipped" time="0">
              <skipped message="skipped"></skipped>
          </testcase>
          <testcase name="[It] [sig-storage] ConfigMap Should fail non-optional pod creation due to the key in the configMap object does not exist [Slow] [sig-storage, Slow]" classname="CNS-CSI-Driver-End-to-End-Transaction-Support-Tests" status="skipped" time="0">
              <skipped message="skipped"></skipped>
          </testcase>
          <testcase name="[It] Transaction_Support_Create_Volume Transaction_Support_Table_Tests Datastore-APD [csi-block-vanilla] [csi-guest] [csi-supervisor] Veify Create Volume With Transaction Support During Service Down-APD-vSAN-Partitioning [p0, disruptive, block, windows, wcp, tkg, vanilla, vc91]" classname="CNS-CSI-Driver-End-to-End-Transaction-Support-Tests" status="failed" time="88.742482208">
              <failure message="Unexpected error:&#xA;    &lt;*errors.StatusError | 0x14000fb6640&gt;: &#xA;    storagepolicyquotas.cns.vmware.com &#34;transaction-support-profile-large-storagepolicyquota&#34; not found&#xA;    {&#xA;        ErrStatus: &#xA;            code: 404&#xA;            details:&#xA;              group: cns.vmware.com&#xA;              kind: storagepolicyquotas&#xA;              name: transaction-support-profile-large-storagepolicyquota&#xA;            message: storagepolicyquotas.cns.vmware.com &#34;transaction-support-profile-large-storagepolicyquota&#34;&#xA;              not found&#xA;            metadata: {}&#xA;            reason: NotFound&#xA;            status: Failure,&#xA;    }&#xA;occurred" type="failed">[FAILED] Unexpected error:&#xA;    &lt;*errors.StatusError | 0x14000fb6640&gt;: &#xA;    storagepolicyquotas.cns.vmware.com &#34;transaction-support-profile-large-storagepolicyquota&#34; not found&#xA;    {&#xA;        ErrStatus: &#xA;            code: 404&#xA;            details:&#xA;              group: cns.vmware.com&#xA;              kind: storagepolicyquotas&#xA;              name: transaction-support-profile-large-storagepolicyquota&#xA;            message: storagepolicyquotas.cns.vmware.com &#34;transaction-support-profile-large-storagepolicyquota&#34;&#xA;              not found&#xA;            metadata: {}&#xA;            reason: NotFound&#xA;            status: Failure,&#xA;    }&#xA;occurred&#xA;In [It] at: /Users/nhemanth/WS/CSI_WS/vsphere-csi-driver/tests/e2e/k8testutil/util.go:6838 @ 09/22/25 20:07:05.071&#xA;&#xA;There were additional failures detected after the initial failure. These are visible in the timeline&#xA;</failure>
              <system-err>&gt; Enter [BeforeEach] Transaction_Support_Create_Volume - set up framework | framework.go:200 @ 09/22/25 20:06:07.992&#xA;STEP: Creating a kubernetes client - /Users/nhemanth/go/pkg/mod/k8s.io/kubernetes@v1.33.0/test/e2e/framework/framework.go:220 @ 09/22/25 20:06:07.992&#xA;I0922 20:06:07.992553 23039 util.go:453] &gt;&gt;&gt; kubeConfig: /Users/nhemanth/.kube/config&#xA;STEP: Building a namespace api object, basename transaction-support - /Users/nhemanth/go/pkg/mod/k8s.io/kubernetes@v1.33.0/test/e2e/framework/framework.go:259 @ 09/22/25 20:06:07.995&#xA;I0922 20:06:08.942746 23039 framework.go:275] Skipping waiting for service account&#xA;&lt; Exit [BeforeEach] Transaction_Support_Create_Volume - set up framework | framework.go:200 @ 09/22/25 20:06:08.942 (951ms)&#xA;&gt; Enter [BeforeEach] Datastore-APD - /Users/nhemanth/WS/CSI_WS/vsphere-csi-driver/tests/e2e/provisioning/transactionsupport/verify_transaction_support_create_volume_during_service_down_scenarios.go:71 @ 09/22/25 20:06:08.942&#xA;I0922 20:06:10.822016 23039 verify_transaction_support_create_volume_during_service_down_scenarios.go:104] VOLUME_OPS_SCALE is set to 1&#xA;&lt; Exit [BeforeEach] Datastore-APD - /Users/nhemanth/WS/CSI_WS/vsphere-csi-driver/tests/e2e/provisioning/transactionsupport/verify_transaction_support_create_volume_during_service_down_scenarios.go:71 @ 09/22/25 20:06:11.057 (2.115s)&#xA;&gt; Enter [It] [csi-block-vanilla] [csi-guest] [csi-supervisor] Veify Create Volume With Transaction Support During Service Down-APD-vSAN-Partitioning - /Users/nhemanth/WS/CSI_WS/vsphere-csi-driver/tests/e2e/provisioning/transactionsupport/verify_transaction_support_create_volume_during_service_down_scenarios.go:215 @ 09/22/25 20:06:11.057&#xA;STEP: `Invoking Test for create volume when` [APD] goes down - /Users/nhemanth/WS/CSI_WS/vsphere-csi-driver/tests/e2e/provisioning/transactionsupport/verify_transaction_support_create_volume_during_service_down_scenarios.go:308 @ 09/22/25 20:07:03.883&#xA;STEP: CNS_TEST: Running for WCP setup - /Users/nhemanth/WS/CSI_WS/vsphere-csi-driver/tests/e2e/provisioning/transactionsupport/transaction_support_util.go:409 @ 09/22/25 20:07:03.884&#xA;I0922 20:07:04.611924 23039 vc_util.go:597] storage policy id: b29341cf-9222-450c-82db-5efcd7106a2a for storage policy name is: transaction-support-profile-large&#xA;[FAILED] Unexpected error:&#xA;    &lt;*errors.StatusError | 0x14000fb6640&gt;: &#xA;    storagepolicyquotas.cns.vmware.com &#34;transaction-support-profile-large-storagepolicyquota&#34; not found&#xA;    {&#xA;        ErrStatus: &#xA;            code: 404&#xA;            details:&#xA;              group: cns.vmware.com&#xA;              kind: storagepolicyquotas&#xA;              name: transaction-support-profile-large-storagepolicyquota&#xA;            message: storagepolicyquotas.cns.vmware.com &#34;transaction-support-profile-large-storagepolicyquota&#34;&#xA;              not found&#xA;            metadata: {}&#xA;            reason: NotFound&#xA;            status: Failure,&#xA;    }&#xA;occurred&#xA;In [It] at: /Users/nhemanth/WS/CSI_WS/vsphere-csi-driver/tests/e2e/k8testutil/util.go:6838 @ 09/22/25 20:07:05.071&#xA;&lt; Exit [It] [csi-block-vanilla] [csi-guest] [csi-supervisor] Veify Create Volume With Transaction Support During Service Down-APD-vSAN-Partitioning - /Users/nhemanth/WS/CSI_WS/vsphere-csi-driver/tests/e2e/provisioning/transactionsupport/verify_transaction_support_create_volume_during_service_down_scenarios.go:215 @ 09/22/25 20:07:05.071 (54.013s)&#xA;&gt; Enter [AfterEach] Datastore-APD - /Users/nhemanth/WS/CSI_WS/vsphere-csi-driver/tests/e2e/provisioning/transactionsupport/verify_transaction_support_create_volume_during_service_down_scenarios.go:132 @ 09/22/25 20:07:05.071&#xA;STEP: Starting APD on the vCenter host - /Users/nhemanth/WS/CSI_WS/vsphere-csi-driver/tests/e2e/provisioning/transactionsupport/verify_transaction_support_create_volume_during_service_down_scenarios.go:164 @ 09/22/25 20:07:05.071&#xA;I0922 20:07:05.071310 23039 vc_util.go:2305] Invoking command service-control --start APD on vCenter host 10.167.43.174:22&#xA;I0922 20:07:28.363581 23039 ssh.go:363] ssh root@10.167.43.174:22: command:   service-control --start APD&#xA;I0922 20:07:28.363771 23039 ssh.go:364] ssh root@10.167.43.174:22: stdout:    &#34;&#34;&#xA;I0922 20:07:28.363792 23039 ssh.go:365] ssh root@10.167.43.174:22: stderr:    &#34;&#34;&#xA;I0922 20:07:28.363808 23039 ssh.go:366] ssh root@10.167.43.174:22: exit code: 0&#xA;[FAILED] Unexpected error:&#xA;    &lt;*errors.errorString | 0x14000c58cf0&gt;: &#xA;    couldn&#39;t execute command: service-control --start APD on vCenter host 10.167.43.174:22: error getting SSH client to root@10.167.43.174:22: context deadline exceeded&#xA;    {&#xA;        s: &#34;couldn&#39;t execute command: service-control --start APD on vCenter host 10.167.43.174:22: error getting SSH client to root@10.167.43.174:22: context deadline exceeded&#34;,&#xA;    }&#xA;occurred&#xA;In [AfterEach] at: /Users/nhemanth/WS/CSI_WS/vsphere-csi-driver/tests/e2e/provisioning/transactionsupport/verify_transaction_support_create_volume_during_service_down_scenarios.go:166 @ 09/22/25 20:07:28.364&#xA;&lt; Exit [AfterEach] Datastore-APD - /Users/nhemanth/WS/CSI_WS/vsphere-csi-driver/tests/e2e/provisioning/transactionsupport/verify_transaction_support_create_volume_during_service_down_scenarios.go:132 @ 09/22/25 20:07:28.364 (23.293s)&#xA;&gt; Enter [DeferCleanup (Each)] Transaction_Support_Create_Volume - dump namespaces | framework.go:218 @ 09/22/25 20:07:28.364&#xA;STEP: dump namespace information after failure - /Users/nhemanth/go/pkg/mod/k8s.io/kubernetes@v1.33.0/test/e2e/framework/framework.go:297 @ 09/22/25 20:07:28.364&#xA;STEP: Collecting events from namespace &#34;transaction-support-1211&#34;. - /Users/nhemanth/go/pkg/mod/k8s.io/kubernetes@v1.33.0/test/e2e/framework/debug/dump.go:42 @ 09/22/25 20:07:28.364&#xA;STEP: Found 0 events. - /Users/nhemanth/go/pkg/mod/k8s.io/kubernetes@v1.33.0/test/e2e/framework/debug/dump.go:46 @ 09/22/25 20:07:28.593&#xA;I0922 20:07:28.825669 23039 resource.go:168] POD  NODE  PHASE  GRACE  CONDITIONS&#xA;I0922 20:07:28.825958 23039 resource.go:178] &#xA;I0922 20:07:29.297791 23039 dump.go:109] &#xA;Logging node info for node 42377754866b2c0381b3e38dfb4c0918&#xA;I0922 20:07:29.533969 23039 dump.go:114] Node Info: &amp;Node{ObjectMeta:{42377754866b2c0381b3e38dfb4c0918    079b0673-1314-40e7-85a5-ffa25dd2826a 231098 0 2025-09-22 13:51:03 +0530 IST &lt;nil&gt; &lt;nil&gt; map[beta.kubernetes.io/arch:amd64 beta.kubernetes.io/os:linux kubernetes.io/arch:amd64 kubernetes.io/hostname:42377754866b2c0381b3e38dfb4c0918 kubernetes.io/os:linux node-role.kubernetes.io/control-plane: node-role.kubernetes.io/master: node.kubernetes.io/exclude-from-external-load-balancers: node.kubernetes.io/version:v1.31.11_vmware.5-fips] map[kubeadm.alpha.kubernetes.io/cri-socket:unix:///run/containerd/containerd.sock node.alpha.kubernetes.io/ttl:0 vmware-system-workload-ip-configured: volumes.kubernetes.io/controller-managed-attach-detach:true] [] [] [{kubelet Update v1 2025-09-22 13:51:03 +0530 IST FieldsV1 {&#34;f:metadata&#34;:{&#34;f:annotations&#34;:{&#34;.&#34;:{},&#34;f:volumes.kubernetes.io/controller-managed-attach-detach&#34;:{}},&#34;f:labels&#34;:{&#34;.&#34;:{},&#34;f:beta.kubernetes.io/arch&#34;:{},&#34;f:beta.kubernetes.io/os&#34;:{},&#34;f:kubernetes.io/arch&#34;:{},&#34;f:kubernetes.io/hostname&#34;:{},&#34;f:kubernetes.io/os&#34;:{}}}} } {kubeadm Update v1 2025-09-22 13:51:08 +0530 IST FieldsV1 {&#34;f:metadata&#34;:{&#34;f:annotations&#34;:{&#34;f:kubeadm.alpha.kubernetes.io/cri-socket&#34;:{}},&#34;f:labels&#34;:{&#34;f:node-role.kubernetes.io/control-plane&#34;:{},&#34;f:node.kubernetes.io/exclude-from-external-load-balancers&#34;:{}}}} } {kube-controller-manager Update v1 2025-09-22 13:51:11 +0530 IST FieldsV1 {&#34;f:metadata&#34;:{&#34;f:annotations&#34;:{&#34;f:node.alpha.kubernetes.io/ttl&#34;:{}}},&#34;f:spec&#34;:{&#34;f:taints&#34;:{}}} } {kubectl-label Update v1 2025-09-22 13:51:21 +0530 IST FieldsV1 {&#34;f:metadata&#34;:{&#34;f:labels&#34;:{&#34;f:node-role.kubernetes.io/master&#34;:{},&#34;f:node.kubernetes.io/version&#34;:{}}}} } {kubectl-annotate Update v1 2025-09-22 13:52:38 +0530 IST FieldsV1 {&#34;f:metadata&#34;:{&#34;f:annotations&#34;:{&#34;f:vmware-system-workload-ip-configured&#34;:{}}}} } {kubelet Update v1 2025-09-22 20:03:54 +0530 IST FieldsV1 {&#34;f:status&#34;:{&#34;f:addresses&#34;:{&#34;k:{\&#34;type\&#34;:\&#34;InternalIP\&#34;}&#34;:{&#34;f:address&#34;:{}}},&#34;f:conditions&#34;:{&#34;k:{\&#34;type\&#34;:\&#34;DiskPressure\&#34;}&#34;:{&#34;f:lastHeartbeatTime&#34;:{}},&#34;k:{\&#34;type\&#34;:\&#34;MemoryPressure\&#34;}&#34;:{&#34;f:lastHeartbeatTime&#34;:{}},&#34;k:{\&#34;type\&#34;:\&#34;PIDPressure\&#34;}&#34;:{&#34;f:lastHeartbeatTime&#34;:{}},&#34;k:{\&#34;type\&#34;:\&#34;Ready\&#34;}&#34;:{&#34;f:lastHeartbeatTime&#34;:{},&#34;f:lastTransitionTime&#34;:{},&#34;f:message&#34;:{},&#34;f:reason&#34;:{},&#34;f:status&#34;:{}}},&#34;f:images&#34;:{}}} status}]},Spec:NodeSpec{PodCIDR:,DoNotUseExternalID:,ProviderID:,Unschedulable:false,Taints:[]Taint{Taint{Key:node-role.kubernetes.io/control-plane,Value:,Effect:NoSchedule,TimeAdded:&lt;nil&gt;,},},ConfigSource:nil,PodCIDRs:[],},Status:NodeStatus{Capacity:ResourceList{cpu: {{4 0} {&lt;nil&gt;} 4 DecimalSI},ephemeral-storage: {{2941767680 0} {&lt;nil&gt;} 2872820Ki BinarySI},hugepages-1Gi: {{0 0} {&lt;nil&gt;} 0 DecimalSI},hugepages-2Mi: {{0 0} {&lt;nil&gt;} 0 DecimalSI},memory: {{16726974464 0} {&lt;nil&gt;}  BinarySI},pods: {{110 0} {&lt;nil&gt;} 110 DecimalSI},},Allocatable:ResourceList{cpu: {{4 0} {&lt;nil&gt;} 4 DecimalSI},ephemeral-storage: {{2941767680 0} {&lt;nil&gt;} 2872820Ki BinarySI},hugepages-1Gi: {{0 0} {&lt;nil&gt;} 0 DecimalSI},hugepages-2Mi: {{0 0} {&lt;nil&gt;} 0 DecimalSI},memory: {{16726974464 0} {&lt;nil&gt;}  BinarySI},pods: {{110 0} {&lt;nil&gt;} 110 DecimalSI},},Phase:,Conditions:[]NodeCondition{NodeCondition{Type:MemoryPressure,Status:False,LastHeartbeatTime:2025-09-22 20:03:54 +0530 IST,LastTransitionTime:2025-09-22 13:51:01 +0530 IST,Reason:KubeletHasSufficientMemory,Message:kubelet has sufficient memory available,},NodeCondition{Type:DiskPressure,Status:False,LastHeartbeatTime:2025-09-22 20:03:54 +0530 IST,LastTransitionTime:2025-09-22 13:51:01 +0530 IST,Reason:KubeletHasNoDiskPressure,Message:kubelet has no disk pressure,},NodeCondition{Type:PIDPressure,Status:False,LastHeartbeatTime:2025-09-22 20:03:54 +0530 IST,LastTransitionTime:2025-09-22 13:51:01 +0530 IST,Reason:KubeletHasSufficientPID,Message:kubelet has sufficient PID available,},NodeCondition{Type:Ready,Status:True,LastHeartbeatTime:2025-09-22 20:03:54 +0530 IST,LastTransitionTime:2025-09-22 13:51:08 +0530 IST,Reason:KubeletReady,Message:kubelet is posting ready status,},},Addresses:[]NodeAddress{NodeAddress{Type:InternalIP,Address:192.168.128.0,},NodeAddress{Type:Hostname,Address:42377754866b2c0381b3e38dfb4c0918,},},DaemonEndpoints:NodeDaemonEndpoints{KubeletEndpoint:DaemonEndpoint{Port:10250,},},NodeInfo:NodeSystemInfo{MachineID:48b631a6d6f14b6887bf592618b20a7a,SystemUUID:54773742-6b86-032c-81b3-e38dfb4c0918,BootID:9ee9fd0c-549c-4d7d-ad62-8431b7d8f735,KernelVersion:6.1.143-3.ph5,OSImage:VMware Photon OS/Linux,ContainerRuntimeVersion:containerd://1.7.25+vmware.2-fips,KubeletVersion:v1.31.11+vmware.5-fips,KubeProxyVersion:v1.31.11+vmware.5-fips,OperatingSystem:linux,Architecture:amd64,Swap:nil,},Images:[]ContainerImage{ContainerImage{Names:[localhost:5000/vmware/kubectl-plugin-vsphere@sha256:c312c947b9cbdb0aa89bbf9fff04856899d723154538348a5c2902acb6ea300e docker.io/vmware/kubectl-plugin-vsphere:9.1.0.0.24963574 localhost:5000/vmware/kubectl-plugin-vsphere:9.1.0.0.24963574],SizeBytes:279916917,},ContainerImage{Names:[localhost:5000/vmware/kapp-controller@sha256:093f41c92a8694e510408a4f4497f29405183eb904cc39804ae5ed73811c0093],SizeBytes:188006970,},ContainerImage{Names:[docker.io/vmware/wcp-fip:0.1],SizeBytes:159512728,},ContainerImage{Names:[docker.io/vmware/kube-apiserver:v1.29.14],SizeBytes:150088058,},ContainerImage{Names:[docker.io/vmware/kube-controller-manager:v1.29.14],SizeBytes:145243867,},ContainerImage{Names:[docker.io/vmware/kube-apiserver:v1.30.14],SizeBytes:138652026,},ContainerImage{Names:[localhost:5000/vmware/wcp-appplatform-operator-v1alpha2@sha256:1d5eee753c6d48b40eff7bb98be286df594e6121837861d3c914a22ccbdd6ff0 localhost:5000/vmware/wcp-appplatform-operator-v1alpha2:2b61027],SizeBytes:138010102,},ContainerImage{Names:[docker.io/vmware/kube-controller-manager:v1.30.14],SizeBytes:133611736,},ContainerImage{Names:[localhost:5000/vmware/psp-operator@sha256:3ff0aa3353814c3375d7f25c58dc48c5fecbc3e72ba8d2cf379a636499dd7941 localhost:5000/vmware/psp-operator:9.1.0.0.24968579],SizeBytes:124417091,},ContainerImage{Names:[docker.io/library/etcd:v3.5.22_vmware.2-fips],SizeBytes:117101571,},ContainerImage{Names:[docker.io/vmware/kube-apiserver:v1.31.11],SizeBytes:116666233,},ContainerImage{Names:[docker.io/vmware/kube-controller-manager:v1.31.11],SizeBytes:110851802,},ContainerImage{Names:[docker.io/vmware/kube-scheduler:v1.31.11],SizeBytes:90452698,},ContainerImage{Names:[docker.io/vmware/wcp-schedext:9.1.0.0.24963574 docker.io/vmware/wcp-schedext:v1.31.11],SizeBytes:89196234,},ContainerImage{Names:[docker.io/vmware/kube-scheduler:v1.30.14],SizeBytes:84673242,},ContainerImage{Names:[docker.io/vmware/kube-scheduler:v1.29.14],SizeBytes:82525914,},ContainerImage{Names:[localhost:5000/vmware/telegraf@sha256:23032d9698f55e7ec17b713b46a914696eccaf1308bae2bf070f84f2eec10af7 localhost:5000/vmware/telegraf:1.34.4-ad7398e],SizeBytes:80750464,},ContainerImage{Names:[localhost:5000/vmware/vsphere-csi@sha256:cbc56553ca30a3baf3a348d697d0cf665f05855c30032cf244885903a44e0b05 localhost:5000/vmware/vsphere-csi:vsphere9u1-77afa25f],SizeBytes:76453008,},ContainerImage{Names:[localhost:5000/vmware/syncer@sha256:c2ffa8764defec442e04e90695c2a5d5753074457eb9b3625bc08729deaef728 localhost:5000/vmware/syncer:vsphere9u1-77afa25f],SizeBytes:63198177,},ContainerImage{Names:[docker-registry.kube-system.svc:5000/tkg-svs/package/tkg-service@sha256:0b17242d11f0a0dbcbde8d0d2bfcfb9308f866b2bec40e8447f26c96877ec4b3],SizeBytes:62687694,},ContainerImage{Names:[docker-registry.kube-system.svc:5000/velero-vsphere/package/velero-vsphere@sha256:a82891ea811a7d01ad2e820b7712e7d8a31f37d85246ae3d07c13c5f5cf44ce9],SizeBytes:51109597,},ContainerImage{Names:[localhost:5000/vmware/cert-manager-controller@sha256:472e8b84e4319098cf22c6fb9bccb39a0e3bda3fb172a544ad0da7000ad5f0d9 localhost:5000/vmware/cert-manager-controller:v1.18.2_vmware.2],SizeBytes:49542033,},ContainerImage{Names:[localhost:5000/vmware/vmop@sha256:3e9e7c3dad35d81008da7be663da4ed27f37df8723b846f1605975098a262e35 localhost:5000/vmware/vmop:0.1.0-212a905-1.9.0-6b08a63a-24967171],SizeBytes:49337539,},ContainerImage{Names:[localhost:5000/vmware/cert-manager-webhook@sha256:01c860dcf0709cada527aceefa554349e3c755c6ce7b1cbfca81d2bc15470491 localhost:5000/vmware/cert-manager-webhook:v1.18.2_vmware.2],SizeBytes:46298672,},ContainerImage{Names:[docker-registry.kube-system.svc:5000/tkg-svs/package/tkg-service@sha256:5f13394004290ba64b0d8078ccb02b321afa6e30e216a119bc960af8423d2f2e],SizeBytes:46113944,},ContainerImage{Names:[docker-registry.kube-system.svc:5000/tkg-svs/package/tkg-service@sha256:9bc2361866093e60871a900485a6e1b762914328d0ccafa38bbfe51862ed433a],SizeBytes:43319020,},ContainerImage{Names:[localhost:5000/vmware/cert-manager-cainjector@sha256:4913013707b403dcc7c2423cfc5ba41dd3b36bc80fce03c22d086d5a50e03be5 localhost:5000/vmware/cert-manager-cainjector:v1.18.2_vmware.2],SizeBytes:43179355,},ContainerImage{Names:[docker-registry.kube-system.svc:5000/tkg-svs/package/tkg-service@sha256:af6df9c9e4c21c98b62786a7a8f52e9a6b44d83984e28b01560fb77ca4af6ba8],SizeBytes:42436779,},ContainerImage{Names:[docker-registry.kube-system.svc:5000/tkg-svs/package/tkg-service@sha256:d0b2f4c850bce0b9e6ab15a8704f9b7f2eee945981640218e638154b9490f5e2],SizeBytes:41171726,},ContainerImage{Names:[docker-registry.kube-system.svc:5000/tkg-svs/package/tkg-service@sha256:2d9e270d915b688497cbceb6d5ba4dd856149e33fecfa7fe0b07a72de3345592],SizeBytes:40612532,},ContainerImage{Names:[localhost:5000/vmware/image-controller@sha256:8348bdb816636dcbc2aabfc12dc88a589fa8e6566789cbab3d63899d0d95ae2e localhost:5000/vmware/image-controller:9.1.0.0.24963574],SizeBytes:38511069,},ContainerImage{Names:[localhost:5000/vmware/netop@sha256:4671424c55593ef1840f70357756e68cf26606f0fef6e966f86af05656e2c303 localhost:5000/vmware/netop:9.1.0.0.24968579],SizeBytes:37636521,},ContainerImage{Names:[localhost:5000/vmware/secretgen-controller@sha256:a6ebc1ea7464cf7044a591821a98536dd5091dad122f6f4c7678f6bdab1b1be5],SizeBytes:37192767,},ContainerImage{Names:[localhost:5000/vmware/tmc-agent-installer@sha256:f8adf47a9f370893452019955b73de73ac6e63e0edc881d4b14428e179a96c0b localhost:5000/vmware/tmc-agent-installer:1.0],SizeBytes:36512147,},ContainerImage{Names:[localhost:5000/vmware/wcp-zone-operator@sha256:dbb1e06857d1a55ba868588f02ca53b8ac6726cfdacc7132682aaf21df961b9e localhost:5000/vmware/wcp-zone-operator:9.1.0.0.24968579],SizeBytes:36464184,},ContainerImage{Names:[localhost:5000/vmware/wcp-go-authproxy@sha256:7aeb07c2d61cf1f3880dc927f728b38404d505c827642ae55821750c9873199f localhost:5000/vmware/wcp-go-authproxy:9.1.0.0.24968579],SizeBytes:36029179,},ContainerImage{Names:[docker-registry.kube-system.svc:5000/tkg-svs/package/tkg-service@sha256:15753ea804e3ea0aaf3034c73443a300592ba6b64792bda1a4735a57c29bf79c],SizeBytes:34918623,},ContainerImage{Names:[docker-registry.kube-system.svc:5000/kube-state-metrics/package/kube-state-metrics@sha256:cd196d2302a2e4ce98067810f7a54ac3551f39a4476e206f29a5f33dca589c21],SizeBytes:34911778,},ContainerImage{Names:[localhost:5000/vmware/kube-rbac-proxy@sha256:f6d3d87586cf73e63782adf2f06aaa10ea2eb8afa31d33fed408af487015f000 localhost:5000/vmware/kube-rbac-proxy:0.0.1 localhost:5000/vmware/kube-rbac-proxy:v0.18.2],SizeBytes:34911770,},ContainerImage{Names:[localhost:5000/vmware.io/pinniped@sha256:18f5cfb45e1f3c23f3b3e18ab2b179e6e958314dd1a8fd70523fb3d9fd7f6ace localhost:5000/vmware.io/pinniped:v0.41.0_vmware.1],SizeBytes:32001170,},ContainerImage{Names:[localhost:5000/vmware.io/csi-attacher@sha256:9a86dedbffdbb668f69687c9a344582ad89b83a33e8c47384d85b103a4a7c471 localhost:5000/vmware.io/csi-attacher:v4.7.0_vmware.1],SizeBytes:31837442,},ContainerImage{Names:[localhost:5000/vmware.io/csi-snapshotter@sha256:dbc6af7cae4410926700e9d061b1f0d0e52009e9ac5eaf3be33e1b2fd4e281ba localhost:5000/vmware.io/csi-snapshotter:v8.2.0_vmware.1],SizeBytes:31795832,},ContainerImage{Names:[localhost:5000/vmware/kubernetes-csi_external-resizer/kubernetes-csi_external-resizer@sha256:e30a79d1e3a5944570168479ff1e040797db63d3206f31dbc12d918912eb1bbc localhost:5000/vmware/kubernetes-csi_external-resizer/kubernetes-csi_external-resizer:v1.12.0_vmware.1],SizeBytes:31743587,},ContainerImage{Names:[localhost:5000/vmware/csi-provisioner/csi-provisioner@sha256:22e135c696d3d2f891e1f1777077128869bd22c75ebce201460e8766ea5a1979 localhost:5000/vmware/csi-provisioner/csi-provisioner:v5.0.2_vmware.9],SizeBytes:31723689,},ContainerImage{Names:[localhost:5000/vmware.io/storage-quota-webhook@sha256:e27c584c791cab1a8d7266f82e470ba61203acc569beb469135ac42727c5cb00 localhost:5000/vmware.io/storage-quota-webhook:9.1.0.0.24968579],SizeBytes:31697871,},ContainerImage{Names:[localhost:5000/vmware.io/cns-storage-quota-extension@sha256:c3487c7c3ac101da1d65a8b92af12cd9152b38ad01f8230316c2bacd28f75327 localhost:5000/vmware.io/cns-storage-quota-extension:9.1.0.0.24968579],SizeBytes:31362230,},ContainerImage{Names:[localhost:5000/vmware/kube-proxy:active localhost:5002/vmware/kube-proxy:v1.31.11],SizeBytes:31353143,},ContainerImage{Names:[localhost:5000/vmware.io/snapshot-controller@sha256:3e35ed56c482eeda224b8224d426e3c2279dd8dd26d2c208ecd2ef7fd9019d33 localhost:5000/vmware.io/snapshot-controller:v8.2.0_vmware.1],SizeBytes:30715640,},ContainerImage{Names:[docker-registry.kube-system.svc:5000/tkg-svs/package/tkg-service@sha256:d42d3d2b06326e61392a45f9bb01197e4391ecd50f26e65a9f524f5e07c25152],SizeBytes:29916412,},ContainerImage{Names:[docker-registry.kube-system.svc:5000/tkg-svs/package/tkg-service@sha256:fdb3a966b67a04d087f46627411cfbec937044fe25678889b8ab6e81b752d773],SizeBytes:28655257,},},VolumesInUse:[],VolumesAttached:[]AttachedVolume{},Config:nil,RuntimeHandlers:[]NodeRuntimeHandler{},Features:nil,},}&#xA;I0922 20:07:29.534005 23039 dump.go:116] &#xA;Logging kubelet events for node 42377754866b2c0381b3e38dfb4c0918&#xA;I0922 20:07:29.762776 23039 dump.go:121] &#xA;Logging pods the kubelet thinks are on node 42377754866b2c0381b3e38dfb4c0918&#xA;I0922 20:07:30.981111 23039 dump.go:128] vmware-system-monitoring/vmware-system-observability-controller-manager-67bcd85677-kjckh started at 2025-09-22 13:54:24 +0530 IST (0+1 container statuses recorded)&#xA;I0922 20:07:30.981147 23039 dump.go:134] &#x9;Container manager ready: true, restart count 0&#xA;I0922 20:07:30.981156 23039 dump.go:128] svc-tkg-2g4zd/capi-controller-manager-fb5746487-h5lwn started at 2025-09-22 13:59:54 +0530 IST (0+1 container statuses recorded)&#xA;I0922 20:07:30.981163 23039 dump.go:134] &#x9;Container manager ready: true, restart count 0&#xA;I0922 20:07:30.981172 23039 dump.go:128] vmware-system-imageregistry/vmware-system-imageregistry-controller-manager-56f88b649f-p8hwq started at 2025-09-22 14:00:10 +0530 IST (0+2 container statuses recorded)&#xA;I0922 20:07:30.981179 23039 dump.go:134] &#x9;Container kube-rbac-proxy ready: true, restart count 0&#xA;I0922 20:07:30.981185 23039 dump.go:134] &#x9;Container manager ready: true, restart count 0&#xA;I0922 20:07:30.981192 23039 dump.go:128] svc-tkg-2g4zd/vmware-system-tkg-webhook-67cd677f87-pwc8z started at 2025-09-22 14:01:26 +0530 IST (0+1 container statuses recorded)&#xA;I0922 20:07:30.981198 23039 dump.go:134] &#x9;Container manager ready: true, restart count 0&#xA;I0922 20:07:30.981205 23039 dump.go:128] vmware-system-kubeimage/image-controller-767b47f849-qzrmg started at 2025-09-22 13:51:44 +0530 IST (0+1 container statuses recorded)&#xA;I0922 20:07:30.981216 23039 dump.go:134] &#x9;Container image-controller ready: true, restart count 0&#xA;I0922 20:07:30.981225 23039 dump.go:128] vmware-system-appplatform-operator-system/secretgen-controller-b854bc5c5-bf9nd started at 2025-09-22 13:52:04 +0530 IST (0+1 container statuses recorded)&#xA;I0922 20:07:30.981232 23039 dump.go:134] &#x9;Container secretgen-controller ready: true, restart count 0&#xA;I0922 20:07:30.981240 23039 dump.go:128] svc-tkg-2g4zd/vmware-system-tkg-state-metrics-866bb6cfb-n2qxv started at 2025-09-22 14:01:26 +0530 IST (0+1 container statuses recorded)&#xA;I0922 20:07:30.981246 23039 dump.go:134] &#x9;Container manager ready: true, restart count 0&#xA;I0922 20:07:30.981253 23039 dump.go:128] svc-tkg-2g4zd/vmware-system-tkg-controller-manager-67bcf54c88-w7x2r started at 2025-09-22 14:01:35 +0530 IST (0+1 container statuses recorded)&#xA;I0922 20:07:30.981259 23039 dump.go:134] &#x9;Container manager ready: true, restart count 0&#xA;I0922 20:07:30.981266 23039 dump.go:128] svc-tkg-2g4zd/tkgs-plugin-server-d8479d74b-mhgrc started at 2025-09-22 14:00:33 +0530 IST (0+1 container statuses recorded)&#xA;I0922 20:07:30.981272 23039 dump.go:134] &#x9;Container manager ready: true, restart count 0&#xA;I0922 20:07:30.981279 23039 dump.go:128] vmware-system-appplatform-operator-system/vmware-system-appplatform-lifecycle-mgr-mg8rr started at 2025-09-22 13:55:10 +0530 IST (0+1 container statuses recorded)&#xA;I0922 20:07:30.981291 23039 dump.go:134] &#x9;Container manager ready: true, restart count 0&#xA;I0922 20:07:30.981312 23039 dump.go:128] vmware-system-mobility-operator/vmware-system-mobility-operator-controller-manager-585f9d92rjvt started at 2025-09-22 13:54:24 +0530 IST (0+2 container statuses recorded)&#xA;I0922 20:07:30.981320 23039 dump.go:134] &#x9;Container kube-rbac-proxy ready: true, restart count 0&#xA;I0922 20:07:30.981329 23039 dump.go:134] &#x9;Container manager ready: true, restart count 0&#xA;I0922 20:07:30.981337 23039 dump.go:128] vmware-system-appplatform-operator-system/vmware-system-appplatform-operator-mgr-0 started at 2025-09-22 13:55:00 +0530 IST (0+1 container statuses recorded)&#xA;I0922 20:07:30.981344 23039 dump.go:134] &#x9;Container manager ready: true, restart count 0&#xA;I0922 20:07:30.981351 23039 dump.go:128] vmware-system-appplatform-operator-system/kapp-controller-6fbc64d8fc-gg5b4 started at 2025-09-22 13:54:43 +0530 IST (0+2 container statuses recorded)&#xA;I0922 20:07:30.981357 23039 dump.go:134] &#x9;Container kapp-controller ready: true, restart count 0&#xA;I0922 20:07:30.981363 23039 dump.go:134] &#x9;Container kapp-controller-sidecarexec ready: true, restart count 0&#xA;I0922 20:07:30.981372 23039 dump.go:128] svc-tkg-2g4zd/tkr-status-controller-manager-748466b66c-wr5hg started at 2025-09-22 13:59:35 +0530 IST (0+1 container statuses recorded)&#xA;I0922 20:07:30.981379 23039 dump.go:134] &#x9;Container manager ready: true, restart count 0&#xA;I0922 20:07:30.981386 23039 dump.go:128] kube-system/cns-storage-quota-extension-564867984d-5pspm started at 2025-09-22 13:52:22 +0530 IST (0+1 container statuses recorded)&#xA;I0922 20:07:30.981393 23039 dump.go:134] &#x9;Container cns-storage-quota-extension ready: true, restart count 0&#xA;I0922 20:07:30.981400 23039 dump.go:128] vmware-system-csi/vsphere-csi-controller-6b77b85fbc-b4lbc started at 2025-09-22 13:52:26 +0530 IST (0+7 container statuses recorded)&#xA;I0922 20:07:30.981406 23039 dump.go:134] &#x9;Container csi-attacher ready: false, restart count 17&#xA;I0922 20:07:30.981412 23039 dump.go:134] &#x9;Container csi-provisioner ready: true, restart count 4&#xA;I0922 20:07:30.981418 23039 dump.go:134] &#x9;Container csi-resizer ready: true, restart count 4&#xA;I0922 20:07:30.981425 23039 dump.go:134] &#x9;Container csi-snapshotter ready: false, restart count 19&#xA;I0922 20:07:30.981431 23039 dump.go:134] &#x9;Container liveness-probe ready: true, restart count 0&#xA;I0922 20:07:30.981438 23039 dump.go:134] &#x9;Container vsphere-csi-controller ready: false, restart count 20&#xA;I0922 20:07:30.981444 23039 dump.go:134] &#x9;Container vsphere-syncer ready: true, restart count 5&#xA;I0922 20:07:30.981452 23039 dump.go:128] vmware-system-monitoring/telegraf-deploy-55fdcb67c4-69p8r started at 2025-09-22 13:54:24 +0530 IST (0+2 container statuses recorded)&#xA;I0922 20:07:30.981482 23039 dump.go:134] &#x9;Container kube-rbac-proxy-monitoring ready: true, restart count 0&#xA;I0922 20:07:30.981492 23039 dump.go:134] &#x9;Container telegraf ready: true, restart count 0&#xA;I0922 20:07:30.981500 23039 dump.go:128] kube-system/wcp-fip-42377754866b2c0381b3e38dfb4c0918 started at 2025-09-22 13:52:38 +0530 IST (0+1 container statuses recorded)&#xA;I0922 20:07:30.981506 23039 dump.go:134] &#x9;Container wcp-fip ready: true, restart count 0&#xA;I0922 20:07:30.981529 23039 dump.go:128] vmware-system-pinniped/pinniped-concierge-kube-cert-agent-68fc77b795-kwzq4 started at 2025-09-22 13:55:42 +0530 IST (0+1 container statuses recorded)&#xA;I0922 20:07:30.981539 23039 dump.go:134] &#x9;Container sleeper ready: true, restart count 0&#xA;I0922 20:07:30.981547 23039 dump.go:128] svc-tkg-2g4zd/runtime-extension-controller-manager-7bf465f596-jxx5q started at 2025-09-22 14:00:20 +0530 IST (0+1 container statuses recorded)&#xA;I0922 20:07:30.981554 23039 dump.go:134] &#x9;Container manager ready: true, restart count 0&#xA;I0922 20:07:30.981561 23039 dump.go:128] vmware-system-netop/vmware-system-netop-controller-manager-85dc89d557-5jsh4 started at 2025-09-22 13:52:04 +0530 IST (0+2 container statuses recorded)&#xA;I0922 20:07:30.981567 23039 dump.go:134] &#x9;Container kube-rbac-proxy ready: true, restart count 0&#xA;I0922 20:07:30.981589 23039 dump.go:134] &#x9;Container manager ready: true, restart count 3&#xA;I0922 20:07:30.981598 23039 dump.go:128] kube-system/kube-controller-manager-42377754866b2c0381b3e38dfb4c0918 started at 2025-09-22 13:52:38 +0530 IST (0+1 container statuses recorded)&#xA;I0922 20:07:30.981617 23039 dump.go:134] &#x9;Container kube-controller-manager ready: true, restart count 1&#xA;I0922 20:07:30.981625 23039 dump.go:128] kube-system/docker-registry-42377754866b2c0381b3e38dfb4c0918 started at 2025-09-22 13:52:38 +0530 IST (0+1 container statuses recorded)&#xA;I0922 20:07:30.981631 23039 dump.go:134] &#x9;Container docker-registry ready: true, restart count 0&#xA;I0922 20:07:30.981638 23039 dump.go:128] vmware-system-cert-manager/cert-manager-webhook-7c9df7785f-f7gs7 started at 2025-09-22 13:51:48 +0530 IST (0+1 container statuses recorded)&#xA;I0922 20:07:30.981644 23039 dump.go:134] &#x9;Container cert-manager-webhook ready: true, restart count 0&#xA;I0922 20:07:30.981651 23039 dump.go:128] svc-velero-73qej/velero-vsphere-operator-68574485f9-dnmpd started at 2025-09-22 13:59:31 +0530 IST (0+1 container statuses recorded)&#xA;I0922 20:07:30.981657 23039 dump.go:134] &#x9;Container manager ready: true, restart count 0&#xA;I0922 20:07:30.981664 23039 dump.go:128] vmware-system-pinniped/pinniped-concierge-69768f5485-rd4th started at 2025-09-22 13:55:36 +0530 IST (0+1 container statuses recorded)&#xA;I0922 20:07:30.981671 23039 dump.go:134] &#x9;Container pinniped-concierge ready: true, restart count 0&#xA;I0922 20:07:30.981726 23039 dump.go:128] svc-tkg-2g4zd/tanzu-auth-controller-manager-75fcc85cd5-m5km4 started at 2025-09-22 13:59:40 +0530 IST (0+1 container statuses recorded)&#xA;I0922 20:07:30.981753 23039 dump.go:134] &#x9;Container tanzu-auth-controller-manager ready: true, restart count 0&#xA;I0922 20:07:30.981766 23039 dump.go:128] kube-system/kube-apiserver-42377754866b2c0381b3e38dfb4c0918 started at 2025-09-22 13:52:38 +0530 IST (0+1 container statuses recorded)&#xA;I0922 20:07:30.981775 23039 dump.go:134] &#x9;Container kube-apiserver ready: true, restart count 1&#xA;I0922 20:07:30.981785 23039 dump.go:128] vmware-system-appplatform-operator-system/vmware-system-psp-operator-mgr-67465d7c6c-mj9lk started at 2025-09-22 13:55:12 +0530 IST (0+1 container statuses recorded)&#xA;I0922 20:07:30.981795 23039 dump.go:134] &#x9;Container manager ready: true, restart count 4&#xA;I0922 20:07:30.981805 23039 dump.go:128] vmware-system-logging/fluentbit-js5ts started at 2025-09-22 13:51:49 +0530 IST (0+1 container statuses recorded)&#xA;I0922 20:07:30.981814 23039 dump.go:134] &#x9;Container fluentbit ready: true, restart count 0&#xA;I0922 20:07:30.981827 23039 dump.go:128] kube-system/coredns-554f9686-vqf5n started at 2025-09-22 13:51:50 +0530 IST (0+1 container statuses recorded)&#xA;I0922 20:07:30.981836 23039 dump.go:134] &#x9;Container coredns ready: true, restart count 6&#xA;I0922 20:07:30.981850 23039 dump.go:128] vmware-system-lbapi/vmware-system-lbapi-lbapi-controller-manager-75cc7bbb7-h4z58 started at 2025-09-22 13:52:05 +0530 IST (0+2 container statuses recorded)&#xA;I0922 20:07:30.981859 23039 dump.go:134] &#x9;Container kube-rbac-proxy ready: true, restart count 0&#xA;I0922 20:07:30.981867 23039 dump.go:134] &#x9;Container manager ready: true, restart count 4&#xA;I0922 20:07:30.981878 23039 dump.go:128] kube-system/kube-proxy-s2r5g started at 2025-09-22 13:52:40 +0530 IST (0+1 container statuses recorded)&#xA;I0922 20:07:30.981886 23039 dump.go:134] &#x9;Container kube-proxy ready: true, restart count 0&#xA;I0922 20:07:30.981898 23039 dump.go:128] svc-tkg-2g4zd/machine-agent-server-55d865d7f5-cm84s started at 2025-09-22 14:00:20 +0530 IST (0+1 container statuses recorded)&#xA;I0922 20:07:30.981907 23039 dump.go:134] &#x9;Container server-container ready: true, restart count 0&#xA;I0922 20:07:30.981916 23039 dump.go:128] kube-system/kube-scheduler-42377754866b2c0381b3e38dfb4c0918 started at 2025-09-22 13:52:38 +0530 IST (0+2 container statuses recorded)&#xA;I0922 20:07:30.981925 23039 dump.go:134] &#x9;Container kube-scheduler ready: true, restart count 1&#xA;I0922 20:07:30.981933 23039 dump.go:134] &#x9;Container wcp-schedext ready: true, restart count 0&#xA;I0922 20:07:30.981942 23039 dump.go:128] vmware-system-vmop/vmware-system-vmop-web-console-validator-7d766fb7cc-cxntk started at 2025-09-22 13:52:09 +0530 IST (0+1 container statuses recorded)&#xA;I0922 20:07:30.981950 23039 dump.go:134] &#x9;Container web-console-validator ready: true, restart count 0&#xA;I0922 20:07:30.981961 23039 dump.go:128] kube-system/storage-quota-webhook-8455477cbd-fvmch started at 2025-09-22 13:52:18 +0530 IST (0+1 container statuses recorded)&#xA;I0922 20:07:30.981969 23039 dump.go:134] &#x9;Container manager ready: true, restart count 4&#xA;I0922 20:07:30.981978 23039 dump.go:128] kube-state-metrics-domain-c52/kube-state-metrics-7bcb88d7cd-kfxjp started at 2025-09-22 13:55:45 +0530 IST (0+2 container statuses recorded)&#xA;I0922 20:07:30.981986 23039 dump.go:134] &#x9;Container kube-rbac-proxy ready: true, restart count 0&#xA;I0922 20:07:30.981994 23039 dump.go:134] &#x9;Container kube-state-metrics ready: true, restart count 0&#xA;I0922 20:07:30.982003 23039 dump.go:128] svc-tkg-2g4zd/tkr-resolver-cluster-webhook-manager-556bf7dd9-2wlb8 started at 2025-09-22 13:59:44 +0530 IST (0+1 container statuses recorded)&#xA;I0922 20:07:30.982012 23039 dump.go:134] &#x9;Container manager ready: true, restart count 0&#xA;I0922 20:07:30.982021 23039 dump.go:128] svc-tkg-2g4zd/upgrade-compatibility-service-54588564bf-mpsqz started at 2025-09-22 14:01:14 +0530 IST (0+2 container statuses recorded)&#xA;I0922 20:07:30.982030 23039 dump.go:134] &#x9;Container kube-rbac-proxy ready: true, restart count 0&#xA;I0922 20:07:30.982038 23039 dump.go:134] &#x9;Container ucs ready: true, restart count 0&#xA;I0922 20:07:30.982048 23039 dump.go:128] kube-system/etcd-42377754866b2c0381b3e38dfb4c0918 started at 2025-09-22 13:52:38 +0530 IST (0+1 container statuses recorded)&#xA;I0922 20:07:30.982058 23039 dump.go:134] &#x9;Container etcd ready: true, restart count 0&#xA;I0922 20:07:30.982069 23039 dump.go:128] svc-tkg-2g4zd/capi-kubeadm-bootstrap-controller-manager-8f48c4cf9-78cv9 started at 2025-09-22 13:59:46 +0530 IST (0+1 container statuses recorded)&#xA;I0922 20:07:30.982078 23039 dump.go:134] &#x9;Container manager ready: true, restart count 0&#xA;I0922 20:07:30.982087 23039 dump.go:128] svc-tkg-2g4zd/tanzu-addons-controller-manager-55c759dffb-k96lb started at 2025-09-22 14:00:35 +0530 IST (0+1 container statuses recorded)&#xA;I0922 20:07:30.982096 23039 dump.go:134] &#x9;Container tanzu-addons-controller ready: true, restart count 0&#xA;I0922 20:07:30.982105 23039 dump.go:128] svc-tkg-2g4zd/tkr-conversion-webhook-manager-75ffc5795f-n6mjz started at 2025-09-22 13:59:44 +0530 IST (0+1 container statuses recorded)&#xA;I0922 20:07:30.982118 23039 dump.go:134] &#x9;Container manager ready: true, restart count 0&#xA;I0922 20:07:30.982128 23039 dump.go:128] vmware-system-pinniped/pinniped-supervisor-5f7458dbd8-2pcqt started at 2025-09-22 13:55:30 +0530 IST (0+1 container statuses recorded)&#xA;I0922 20:07:30.982137 23039 dump.go:134] &#x9;Container pinniped-supervisor ready: true, restart count 0&#xA;I0922 20:07:30.982168 23039 dump.go:128] vmware-system-vmop/vmware-system-vmop-controller-manager-b86f647bf-p9w6s started at 2025-09-22 13:59:32 +0530 IST (0+2 container statuses recorded)&#xA;I0922 20:07:30.982197 23039 dump.go:134] &#x9;Container kube-rbac-proxy ready: true, restart count 0&#xA;I0922 20:07:30.982206 23039 dump.go:134] &#x9;Container manager ready: true, restart count 0&#xA;I0922 20:07:30.982216 23039 dump.go:128] svc-tkg-2g4zd/capi-kubeadm-control-plane-controller-manager-5f85f79f59-hw86m started at 2025-09-22 13:59:47 +0530 IST (0+1 container statuses recorded)&#xA;I0922 20:07:30.982226 23039 dump.go:134] &#x9;Container manager ready: true, restart count 0&#xA;I0922 20:07:30.982234 23039 dump.go:128] svc-tkg-2g4zd/masterproxy-tkgs-plugin-8nlf4 started at 2025-09-22 14:01:02 +0530 IST (0+1 container statuses recorded)&#xA;I0922 20:07:30.982240 23039 dump.go:134] &#x9;Container nginx ready: true, restart count 0&#xA;I0922 20:07:30.982247 23039 dump.go:128] vmware-system-cert-manager/cert-manager-5b9c5944fd-fn6qx started at 2025-09-22 13:51:47 +0530 IST (0+1 container statuses recorded)&#xA;I0922 20:07:30.982253 23039 dump.go:134] &#x9;Container cert-manager-controller ready: true, restart count 1&#xA;I0922 20:07:30.982261 23039 dump.go:128] vmware-system-nsop/vmware-system-nsop-controller-manager-54b85c7788-jxk46 started at 2025-09-22 13:52:29 +0530 IST (0+1 container statuses recorded)&#xA;I0922 20:07:30.982266 23039 dump.go:134] &#x9;Container manager ready: true, restart count 0&#xA;I0922 20:07:30.982275 23039 dump.go:128] kube-system/supervisor-authz-service-controller-manager-5c89dcc465-b5ppl started at 2025-09-22 13:56:22 +0530 IST (0+1 container statuses recorded)&#xA;I0922 20:07:30.982283 23039 dump.go:134] &#x9;Container manager ready: true, restart count 0&#xA;I0922 20:07:30.982289 23039 dump.go:128] svc-tmc-c52/tmc-agent-installer-29309197-f25cj started at 2025-09-22 20:07:00 +0530 IST (0+1 container statuses recorded)&#xA;I0922 20:07:30.982295 23039 dump.go:134] &#x9;Container tmc-agent-installer ready: false, restart count 0&#xA;I0922 20:07:30.982302 23039 dump.go:128] vmware-system-csi/vsphere-csi-webhook-7fb7645ccf-4bs9r started at 2025-09-22 13:52:26 +0530 IST (0+1 container statuses recorded)&#xA;I0922 20:07:30.982308 23039 dump.go:134] &#x9;Container vsphere-webhook ready: true, restart count 0&#xA;I0922 20:07:30.982315 23039 dump.go:128] vmware-system-zoneop/zone-operator-5b88d9549d-gcm8r started at 2025-09-22 13:54:24 +0530 IST (0+1 container statuses recorded)&#xA;I0922 20:07:30.982321 23039 dump.go:134] &#x9;Container zone-operator ready: true, restart count 0&#xA;I0922 20:07:30.982328 23039 dump.go:128] kube-system/wcp-authproxy-rgp7m started at 2025-09-22 13:54:24 +0530 IST (0+2 container statuses recorded)&#xA;I0922 20:07:30.982334 23039 dump.go:134] &#x9;Container wcp-apiserver-proxy ready: true, restart count 1&#xA;I0922 20:07:30.982339 23039 dump.go:134] &#x9;Container wcp-authproxy ready: true, restart count 1&#xA;I0922 20:07:30.982346 23039 dump.go:128] vmware-system-monitoring/telegraf-wmdxf started at 2025-09-22 13:54:24 +0530 IST (0+2 container statuses recorded)&#xA;I0922 20:07:30.982351 23039 dump.go:134] &#x9;Container kube-rbac-proxy-monitoring ready: true, restart count 0&#xA;I0922 20:07:30.982364 23039 dump.go:134] &#x9;Container telegraf ready: true, restart count 0&#xA;I0922 20:07:30.982371 23039 dump.go:128] svc-velero-73qej/velero-vsphere-operator-webhook-595c48db96-dxdxn started at 2025-09-22 13:59:31 +0530 IST (0+1 container statuses recorded)&#xA;I0922 20:07:30.982377 23039 dump.go:134] &#x9;Container manager ready: true, restart count 0&#xA;I0922 20:07:30.982384 23039 dump.go:128] svc-tkg-2g4zd/capv-controller-manager-6d76d78468-6vlsz started at 2025-09-22 13:59:46 +0530 IST (0+1 container statuses recorded)&#xA;I0922 20:07:30.982391 23039 dump.go:134] &#x9;Container manager ready: true, restart count 0&#xA;I0922 20:07:30.982398 23039 dump.go:128] kube-system/snapshot-controller-576bd689df-wnbjb started at 2025-09-22 13:52:12 +0530 IST (0+1 container statuses recorded)&#xA;I0922 20:07:30.982420 23039 dump.go:134] &#x9;Container snapshot-controller ready: true, restart count 1&#xA;I0922 20:07:30.982429 23039 dump.go:128] vmware-system-cert-manager/cert-manager-cainjector-6585469798-c92tr started at 2025-09-22 13:51:47 +0530 IST (0+1 container statuses recorded)&#xA;I0922 20:07:30.982436 23039 dump.go:134] &#x9;Container cert-manager-cainjector ready: true, restart count 3&#xA;I0922 20:07:30.982444 23039 dump.go:128] kube-system/kubectl-plugin-vsphere-42377754866b2c0381b3e38dfb4c0918 started at 2025-09-22 13:52:38 +0530 IST (0+1 container statuses recorded)&#xA;I0922 20:07:30.982450 23039 dump.go:134] &#x9;Container kubectl-plugin-vsphere ready: true, restart count 2&#xA;I0922 20:07:31.809311 23039 kubelet_metrics.go:206] &#xA;Latency metrics for node 42377754866b2c0381b3e38dfb4c0918&#xA;I0922 20:07:31.809359 23039 dump.go:109] &#xA;Logging node info for node lvn-dvm-10-167-43-94.dvm.lvn.broadcom.net&#xA;I0922 20:07:32.042026 23039 dump.go:114] Node Info: &amp;Node{ObjectMeta:{lvn-dvm-10-167-43-94.dvm.lvn.broadcom.net    a50dc340-be89-427e-ae0c-7b162a4f8112 233152 0 2025-09-22 14:00:49 +0530 IST &lt;nil&gt; &lt;nil&gt; map[beta.kubernetes.io/arch:amd64 beta.kubernetes.io/os:CRX kubernetes.io/arch:amd64 kubernetes.io/hostname:lvn-dvm-10-167-43-94.dvm.lvn.broadcom.net kubernetes.io/os:CRX node-role.kubernetes.io/agent:agent node.kubernetes.io/role:agent topology.kubernetes.io/zone:domain-c52 type:virtual-kubelet] map[ncp/transport_node: node.alpha.kubernetes.io/ttl:0 vmware-system-esxi-node-moid:host-15 vmware-system/csi-create-csinode-object:true volumes.kubernetes.io/controller-managed-attach-detach:true] [] [] [{kube-controller-manager Update v1 2025-09-22 14:00:49 +0530 IST FieldsV1 {&#34;f:metadata&#34;:{&#34;f:annotations&#34;:{&#34;f:node.alpha.kubernetes.io/ttl&#34;:{}},&#34;f:labels&#34;:{&#34;f:beta.kubernetes.io/arch&#34;:{},&#34;f:beta.kubernetes.io/os&#34;:{}}}} } {spherelet Update v1 2025-09-22 14:00:49 +0530 IST FieldsV1 {&#34;f:metadata&#34;:{&#34;f:annotations&#34;:{&#34;.&#34;:{},&#34;f:ncp/transport_node&#34;:{},&#34;f:vmware-system/csi-create-csinode-object&#34;:{}},&#34;f:labels&#34;:{&#34;.&#34;:{},&#34;f:kubernetes.io/arch&#34;:{},&#34;f:kubernetes.io/hostname&#34;:{},&#34;f:kubernetes.io/os&#34;:{},&#34;f:node.kubernetes.io/role&#34;:{},&#34;f:type&#34;:{}}}} } {wcpsvc Update v1 2025-09-22 14:00:49 +0530 IST FieldsV1 {&#34;f:metadata&#34;:{&#34;f:annotations&#34;:{&#34;f:vmware-system-esxi-node-moid&#34;:{},&#34;f:volumes.kubernetes.io/controller-managed-attach-detach&#34;:{}},&#34;f:labels&#34;:{&#34;f:node-role.kubernetes.io/agent&#34;:{},&#34;f:topology.kubernetes.io/zone&#34;:{}}}} } {spherelet Update v1 2025-09-22 20:07:31 +0530 IST FieldsV1 {&#34;f:status&#34;:{&#34;f:allocatable&#34;:{&#34;f:cpu&#34;:{},&#34;f:memory&#34;:{}},&#34;f:conditions&#34;:{&#34;k:{\&#34;type\&#34;:\&#34;Ready\&#34;}&#34;:{&#34;f:lastHeartbeatTime&#34;:{},&#34;f:lastTransitionTime&#34;:{}}}}} status}]},Spec:NodeSpec{PodCIDR:,DoNotUseExternalID:,ProviderID:,Unschedulable:false,Taints:[]Taint{},ConfigSource:nil,PodCIDRs:[],},Status:NodeStatus{Capacity:ResourceList{cpu: {{6 0} {&lt;nil&gt;} 6 DecimalSI},memory: {{34358616064 0} {&lt;nil&gt;}  BinarySI},pods: {{168 0} {&lt;nil&gt;} 168 DecimalSI},},Allocatable:ResourceList{cpu: {{4370 -3} {&lt;nil&gt;} 4370m DecimalSI},memory: {{25991053312 0} {&lt;nil&gt;} 24787Mi BinarySI},pods: {{168 0} {&lt;nil&gt;} 168 DecimalSI},},Phase:,Conditions:[]NodeCondition{NodeCondition{Type:Ready,Status:True,LastHeartbeatTime:2025-09-22 20:07:31 +0530 IST,LastTransitionTime:2025-09-22 20:07:31 +0530 IST,Reason:KubeletReady,Message:Spherelet is ready.,},},Addresses:[]NodeAddress{NodeAddress{Type:Hostname,Address:lvn-dvm-10-167-43-94.dvm.lvn.broadcom.net,},NodeAddress{Type:InternalIP,Address:10.167.43.94,},},DaemonEndpoints:NodeDaemonEndpoints{KubeletEndpoint:DaemonEndpoint{Port:10250,},},NodeInfo:NodeSystemInfo{MachineID:,SystemUUID:,BootID:,KernelVersion:,OSImage:,ContainerRuntimeVersion:,KubeletVersion:v1.31.6-sph-18d500a,KubeProxyVersion:,OperatingSystem:ESXi,Architecture:amd64,Swap:nil,},Images:[]ContainerImage{},VolumesInUse:[],VolumesAttached:[]AttachedVolume{},Config:nil,RuntimeHandlers:[]NodeRuntimeHandler{},Features:nil,},}&#xA;I0922 20:07:32.042127 23039 dump.go:116] &#xA;Logging kubelet events for node lvn-dvm-10-167-43-94.dvm.lvn.broadcom.net&#xA;I0922 20:07:32.271472 23039 dump.go:121] &#xA;Logging pods the kubelet thinks are on node lvn-dvm-10-167-43-94.dvm.lvn.broadcom.net&#xA;I0922 20:07:33.637819 23039 kubelet_metrics.go:206] &#xA;Latency metrics for node lvn-dvm-10-167-43-94.dvm.lvn.broadcom.net&#xA;I0922 20:07:33.638050 23039 dump.go:109] &#xA;Logging node info for node lvn-dvm-10-167-45-246.dvm.lvn.broadcom.net&#xA;I0922 20:07:33.912332 23039 dump.go:114] Node Info: &amp;Node{ObjectMeta:{lvn-dvm-10-167-45-246.dvm.lvn.broadcom.net    4688da20-3afe-4ce0-93d7-aded22dd2e01 233166 0 2025-09-22 13:59:18 +0530 IST &lt;nil&gt; &lt;nil&gt; map[beta.kubernetes.io/arch:amd64 beta.kubernetes.io/os:CRX kubernetes.io/arch:amd64 kubernetes.io/hostname:lvn-dvm-10-167-45-246.dvm.lvn.broadcom.net kubernetes.io/os:CRX node-role.kubernetes.io/agent:agent node.kubernetes.io/role:agent topology.kubernetes.io/zone:domain-c52 type:virtual-kubelet] map[ncp/transport_node: node.alpha.kubernetes.io/ttl:0 vmware-system-esxi-node-moid:host-18 vmware-system/csi-create-csinode-object:true volumes.kubernetes.io/controller-managed-attach-detach:true] [] [] [{kube-controller-manager Update v1 2025-09-22 13:59:18 +0530 IST FieldsV1 {&#34;f:metadata&#34;:{&#34;f:annotations&#34;:{&#34;f:node.alpha.kubernetes.io/ttl&#34;:{}},&#34;f:labels&#34;:{&#34;f:beta.kubernetes.io/arch&#34;:{},&#34;f:beta.kubernetes.io/os&#34;:{}}}} } {spherelet Update v1 2025-09-22 13:59:18 +0530 IST FieldsV1 {&#34;f:metadata&#34;:{&#34;f:annotations&#34;:{&#34;.&#34;:{},&#34;f:ncp/transport_node&#34;:{},&#34;f:vmware-system/csi-create-csinode-object&#34;:{}},&#34;f:labels&#34;:{&#34;.&#34;:{},&#34;f:kubernetes.io/arch&#34;:{},&#34;f:kubernetes.io/hostname&#34;:{},&#34;f:kubernetes.io/os&#34;:{},&#34;f:node.kubernetes.io/role&#34;:{},&#34;f:type&#34;:{}}}} } {wcpsvc Update v1 2025-09-22 13:59:18 +0530 IST FieldsV1 {&#34;f:metadata&#34;:{&#34;f:annotations&#34;:{&#34;f:vmware-system-esxi-node-moid&#34;:{},&#34;f:volumes.kubernetes.io/controller-managed-attach-detach&#34;:{}},&#34;f:labels&#34;:{&#34;f:node-role.kubernetes.io/agent&#34;:{},&#34;f:topology.kubernetes.io/zone&#34;:{}}}} } {spherelet Update v1 2025-09-22 20:07:33 +0530 IST FieldsV1 {&#34;f:status&#34;:{&#34;f:allocatable&#34;:{&#34;f:cpu&#34;:{},&#34;f:memory&#34;:{}},&#34;f:conditions&#34;:{&#34;k:{\&#34;type\&#34;:\&#34;Ready\&#34;}&#34;:{&#34;f:lastHeartbeatTime&#34;:{},&#34;f:lastTransitionTime&#34;:{}}}}} status}]},Spec:NodeSpec{PodCIDR:,DoNotUseExternalID:,ProviderID:,Unschedulable:false,Taints:[]Taint{},ConfigSource:nil,PodCIDRs:[],},Status:NodeStatus{Capacity:ResourceList{cpu: {{6 0} {&lt;nil&gt;} 6 DecimalSI},memory: {{34358616064 0} {&lt;nil&gt;}  BinarySI},pods: {{168 0} {&lt;nil&gt;} 168 DecimalSI},},Allocatable:ResourceList{cpu: {{4370 -3} {&lt;nil&gt;} 4370m DecimalSI},memory: {{25992101888 0} {&lt;nil&gt;} 24788Mi BinarySI},pods: {{168 0} {&lt;nil&gt;} 168 DecimalSI},},Phase:,Conditions:[]NodeCondition{NodeCondition{Type:Ready,Status:True,LastHeartbeatTime:2025-09-22 20:07:33 +0530 IST,LastTransitionTime:2025-09-22 20:07:33 +0530 IST,Reason:KubeletReady,Message:Spherelet is ready.,},},Addresses:[]NodeAddress{NodeAddress{Type:Hostname,Address:lvn-dvm-10-167-45-246.dvm.lvn.broadcom.net,},NodeAddress{Type:InternalIP,Address:10.167.45.246,},},DaemonEndpoints:NodeDaemonEndpoints{KubeletEndpoint:DaemonEndpoint{Port:10250,},},NodeInfo:NodeSystemInfo{MachineID:,SystemUUID:,BootID:,KernelVersion:,OSImage:,ContainerRuntimeVersion:,KubeletVersion:v1.31.6-sph-18d500a,KubeProxyVersion:,OperatingSystem:ESXi,Architecture:amd64,Swap:nil,},Images:[]ContainerImage{},VolumesInUse:[],VolumesAttached:[]AttachedVolume{},Config:nil,RuntimeHandlers:[]NodeRuntimeHandler{},Features:nil,},}&#xA;I0922 20:07:33.912503 23039 dump.go:116] &#xA;Logging kubelet events for node lvn-dvm-10-167-45-246.dvm.lvn.broadcom.net&#xA;I0922 20:07:34.141574 23039 dump.go:121] &#xA;Logging pods the kubelet thinks are on node lvn-dvm-10-167-45-246.dvm.lvn.broadcom.net&#xA;I0922 20:07:35.097668 23039 kubelet_metrics.go:206] &#xA;Latency metrics for node lvn-dvm-10-167-45-246.dvm.lvn.broadcom.net&#xA;I0922 20:07:35.097797 23039 dump.go:109] &#xA;Logging node info for node lvn-dvm-10-167-47-173.dvm.lvn.broadcom.net&#xA;I0922 20:07:35.331728 23039 dump.go:114] Node Info: &amp;Node{ObjectMeta:{lvn-dvm-10-167-47-173.dvm.lvn.broadcom.net    36fb80c7-d50c-4678-ba8a-fcd02989d2e9 233172 0 2025-09-22 13:57:53 +0530 IST &lt;nil&gt; &lt;nil&gt; map[beta.kubernetes.io/arch:amd64 beta.kubernetes.io/os:CRX kubernetes.io/arch:amd64 kubernetes.io/hostname:lvn-dvm-10-167-47-173.dvm.lvn.broadcom.net kubernetes.io/os:CRX node-role.kubernetes.io/agent:agent node.kubernetes.io/role:agent topology.kubernetes.io/zone:domain-c52 type:virtual-kubelet] map[ncp/transport_node: node.alpha.kubernetes.io/ttl:0 vmware-system-esxi-node-moid:host-23 vmware-system/csi-create-csinode-object:true volumes.kubernetes.io/controller-managed-attach-detach:true] [] [] [{kube-controller-manager Update v1 2025-09-22 13:57:53 +0530 IST FieldsV1 {&#34;f:metadata&#34;:{&#34;f:annotations&#34;:{&#34;f:node.alpha.kubernetes.io/ttl&#34;:{}},&#34;f:labels&#34;:{&#34;f:beta.kubernetes.io/arch&#34;:{},&#34;f:beta.kubernetes.io/os&#34;:{}}}} } {spherelet Update v1 2025-09-22 13:57:53 +0530 IST FieldsV1 {&#34;f:metadata&#34;:{&#34;f:annotations&#34;:{&#34;.&#34;:{},&#34;f:ncp/transport_node&#34;:{},&#34;f:vmware-system/csi-create-csinode-object&#34;:{}},&#34;f:labels&#34;:{&#34;.&#34;:{},&#34;f:kubernetes.io/arch&#34;:{},&#34;f:kubernetes.io/hostname&#34;:{},&#34;f:kubernetes.io/os&#34;:{},&#34;f:node.kubernetes.io/role&#34;:{},&#34;f:type&#34;:{}}}} } {wcpsvc Update v1 2025-09-22 13:57:53 +0530 IST FieldsV1 {&#34;f:metadata&#34;:{&#34;f:annotations&#34;:{&#34;f:vmware-system-esxi-node-moid&#34;:{},&#34;f:volumes.kubernetes.io/controller-managed-attach-detach&#34;:{}},&#34;f:labels&#34;:{&#34;f:node-role.kubernetes.io/agent&#34;:{},&#34;f:topology.kubernetes.io/zone&#34;:{}}}} } {spherelet Update v1 2025-09-22 20:07:33 +0530 IST FieldsV1 {&#34;f:status&#34;:{&#34;f:allocatable&#34;:{&#34;f:cpu&#34;:{},&#34;f:memory&#34;:{}},&#34;f:conditions&#34;:{&#34;k:{\&#34;type\&#34;:\&#34;Ready\&#34;}&#34;:{&#34;f:lastHeartbeatTime&#34;:{},&#34;f:lastTransitionTime&#34;:{}}}}} status}]},Spec:NodeSpec{PodCIDR:,DoNotUseExternalID:,ProviderID:,Unschedulable:false,Taints:[]Taint{},ConfigSource:nil,PodCIDRs:[],},Status:NodeStatus{Capacity:ResourceList{cpu: {{6 0} {&lt;nil&gt;} 6 DecimalSI},memory: {{34358616064 0} {&lt;nil&gt;}  BinarySI},pods: {{168 0} {&lt;nil&gt;} 168 DecimalSI},},Allocatable:ResourceList{cpu: {{4370 -3} {&lt;nil&gt;} 4370m DecimalSI},memory: {{25962741760 0} {&lt;nil&gt;}  BinarySI},pods: {{168 0} {&lt;nil&gt;} 168 DecimalSI},},Phase:,Conditions:[]NodeCondition{NodeCondition{Type:Ready,Status:True,LastHeartbeatTime:2025-09-22 20:07:33 +0530 IST,LastTransitionTime:2025-09-22 20:07:33 +0530 IST,Reason:KubeletReady,Message:Spherelet is ready.,},},Addresses:[]NodeAddress{NodeAddress{Type:Hostname,Address:lvn-dvm-10-167-47-173.dvm.lvn.broadcom.net,},NodeAddress{Type:InternalIP,Address:10.167.47.173,},},DaemonEndpoints:NodeDaemonEndpoints{KubeletEndpoint:DaemonEndpoint{Port:10250,},},NodeInfo:NodeSystemInfo{MachineID:,SystemUUID:,BootID:,KernelVersion:,OSImage:,ContainerRuntimeVersion:,KubeletVersion:v1.31.6-sph-18d500a,KubeProxyVersion:,OperatingSystem:ESXi,Architecture:amd64,Swap:nil,},Images:[]ContainerImage{},VolumesInUse:[],VolumesAttached:[]AttachedVolume{},Config:nil,RuntimeHandlers:[]NodeRuntimeHandler{},Features:nil,},}&#xA;I0922 20:07:35.331885 23039 dump.go:116] &#xA;Logging kubelet events for node lvn-dvm-10-167-47-173.dvm.lvn.broadcom.net&#xA;I0922 20:07:35.560270 23039 dump.go:121] &#xA;Logging pods the kubelet thinks are on node lvn-dvm-10-167-47-173.dvm.lvn.broadcom.net&#xA;I0922 20:07:36.500490 23039 kubelet_metrics.go:206] &#xA;Latency metrics for node lvn-dvm-10-167-47-173.dvm.lvn.broadcom.net&#xA;END STEP: dump namespace information after failure - /Users/nhemanth/go/pkg/mod/k8s.io/kubernetes@v1.33.0/test/e2e/framework/framework.go:297 @ 09/22/25 20:07:36.502 (8.138s)&#xA;&lt; Exit [DeferCleanup (Each)] Transaction_Support_Create_Volume - dump namespaces | framework.go:218 @ 09/22/25 20:07:36.502 (8.138s)&#xA;&gt; Enter [DeferCleanup (Each)] Transaction_Support_Create_Volume - tear down framework | framework.go:215 @ 09/22/25 20:07:36.502&#xA;STEP: Destroying namespace &#34;transaction-support-1211&#34; for this suite. - /Users/nhemanth/go/pkg/mod/k8s.io/kubernetes@v1.33.0/test/e2e/framework/framework.go:360 @ 09/22/25 20:07:36.502&#xA;&lt; Exit [DeferCleanup (Each)] Transaction_Support_Create_Volume - tear down framework | framework.go:215 @ 09/22/25 20:07:36.734 (232ms)&#xA;</system-err>
          </testcase>
          <testcase name="[It] Transaction_Support_DeleteVolume Transaction_Support_Table_Tests CSI-Service-Down [csi-block-vanilla] [csi-guest] [csi-supervisor] Veify Delete Volume With Transaction Support During Service Down-APD-vSAN-Partitioning [p0, disruptive, block, windows, wcp, tkg, vanilla, vc91]" classname="CNS-CSI-Driver-End-to-End-Transaction-Support-Tests" status="skipped" time="0">
              <skipped message="skipped"></skipped>
          </testcase>
          <testcase name="[It] Transaction_Support_DeleteVolume Transaction_Support_Table_Tests Datastore-APD [csi-block-vanilla] [csi-guest] [csi-supervisor] Veify Delete Volume With Transaction Support During Service Down-APD-vSAN-Partitioning [p0, disruptive, block, windows, wcp, tkg, vanilla, vc91]" classname="CNS-CSI-Driver-End-to-End-Transaction-Support-Tests" status="skipped" time="0">
              <skipped message="skipped"></skipped>
          </testcase>
          <testcase name="[It] [sig-node] [Feature:ContainerStopSignals] when create a pod with a StopSignal lifecycle StopSignal defined with pod.OS [sig-node, Feature:ContainerStopSignals]" classname="CNS-CSI-Driver-End-to-End-Transaction-Support-Tests" status="skipped" time="0">
              <skipped message="skipped"></skipped>
          </testcase>
      </testsuite>
  </testsuites>